[2022-03-10 22:30:10] - 상품 구매 통계(accumul_stats_sales) - stats_sales is No data
[2022-03-10 22:30:10] - 매출 구매 통계(accumul_sales_mdstats) - sales_mdstats is No data
[2022-03-10 22:30:10] - 환불 구매 통계(accumul_sales_refund) - sales_refund is No data
[2022-03-10 22:30:10] - 카테고리/브랜드 구매 통계(accumul_sales_category) - sales_category is No data
[2022-03-10 22:30:10] - 장바구니 구매 통계(accumul_cart_stats)
[2022-03-10 22:30:10] - 카테고리/브랜드 구매 통계(accumul_sales_category)
[2022-03-10 22:30:10] - 환불 구매 통계(accumul_sales_refund)
[2022-03-10 22:30:10] - 매출 구매 통계(accumul_sales_mdstats)
[2022-03-10 22:30:10] - 상품 구매 통계(accumul_stats_sales)
[2022-03-11 22:30:10] - 상품 구매 통계(accumul_stats_sales) - stats_sales is No data
[2022-03-11 22:30:10] - 매출 구매 통계(accumul_sales_mdstats) - sales_mdstats is No data
[2022-03-11 22:30:10] - 환불 구매 통계(accumul_sales_refund) - sales_refund is No data
[2022-03-11 22:30:10] - 카테고리/브랜드 구매 통계(accumul_sales_category) - sales_category is No data
[2022-03-11 22:30:10] - 장바구니 구매 통계(accumul_cart_stats)
[2022-03-11 22:30:10] - 카테고리/브랜드 구매 통계(accumul_sales_category)
[2022-03-11 22:30:10] - 환불 구매 통계(accumul_sales_refund)
[2022-03-11 22:30:10] - 매출 구매 통계(accumul_sales_mdstats)
[2022-03-11 22:30:10] - 상품 구매 통계(accumul_stats_sales)
[2022-03-12 22:30:13] - 상품 구매 통계(accumul_stats_sales) - stats_sales is No data
[2022-03-12 22:30:13] - 매출 구매 통계(accumul_sales_mdstats) - sales_mdstats is No data
[2022-03-12 22:30:13] - 환불 구매 통계(accumul_sales_refund) - sales_refund is No data
[2022-03-12 22:30:13] - 카테고리/브랜드 구매 통계(accumul_sales_category) - sales_category is No data
[2022-03-12 22:30:13] - 장바구니 구매 통계(accumul_cart_stats)
[2022-03-12 22:30:13] - 카테고리/브랜드 구매 통계(accumul_sales_category)
[2022-03-12 22:30:13] - 환불 구매 통계(accumul_sales_refund)
[2022-03-12 22:30:13] - 매출 구매 통계(accumul_sales_mdstats)
[2022-03-12 22:30:13] - 상품 구매 통계(accumul_stats_sales)
[2022-03-13 22:30:13] - 상품 구매 통계(accumul_stats_sales) - stats_sales is No data
[2022-03-13 22:30:13] - 매출 구매 통계(accumul_sales_mdstats) - sales_mdstats is No data
[2022-03-13 22:30:13] - 환불 구매 통계(accumul_sales_refund) - sales_refund is No data
[2022-03-13 22:30:13] - 카테고리/브랜드 구매 통계(accumul_sales_category) - sales_category is No data
[2022-03-13 22:30:13] - 장바구니 구매 통계(accumul_cart_stats)
[2022-03-13 22:30:13] - 카테고리/브랜드 구매 통계(accumul_sales_category)
[2022-03-13 22:30:13] - 환불 구매 통계(accumul_sales_refund)
[2022-03-13 22:30:13] - 매출 구매 통계(accumul_sales_mdstats)
[2022-03-13 22:30:13] - 상품 구매 통계(accumul_stats_sales)
[2022-03-14 22:30:08] - 상품 구매 통계(accumul_stats_sales) - stats_sales is No data
[2022-03-14 22:30:08] - 매출 구매 통계(accumul_sales_mdstats) - sales_mdstats is No data
[2022-03-14 22:30:08] - 환불 구매 통계(accumul_sales_refund) - sales_refund is No data
[2022-03-14 22:30:08] - 카테고리/브랜드 구매 통계(accumul_sales_category) - sales_category is No data
[2022-03-14 22:30:08] - 장바구니 구매 통계(accumul_cart_stats)
[2022-03-14 22:30:08] - 카테고리/브랜드 구매 통계(accumul_sales_category)
[2022-03-14 22:30:08] - 환불 구매 통계(accumul_sales_refund)
[2022-03-14 22:30:08] - 매출 구매 통계(accumul_sales_mdstats)
[2022-03-14 22:30:08] - 상품 구매 통계(accumul_stats_sales)
[2022-03-15 22:30:15] - 상품 구매 통계(accumul_stats_sales) - stats_sales is No data
[2022-03-15 22:30:15] - 매출 구매 통계(accumul_sales_mdstats) - sales_mdstats is No data
[2022-03-15 22:30:15] - 환불 구매 통계(accumul_sales_refund) - sales_refund is No data
[2022-03-15 22:30:15] - 카테고리/브랜드 구매 통계(accumul_sales_category) - sales_category is No data
[2022-03-15 22:30:15] - 장바구니 구매 통계(accumul_cart_stats)
[2022-03-15 22:30:15] - 카테고리/브랜드 구매 통계(accumul_sales_category)
[2022-03-15 22:30:15] - 환불 구매 통계(accumul_sales_refund)
[2022-03-15 22:30:15] - 매출 구매 통계(accumul_sales_mdstats)
[2022-03-15 22:30:15] - 상품 구매 통계(accumul_stats_sales)
[2022-03-16 22:30:09] - 상품 구매 통계(accumul_stats_sales) - stats_sales is No data
[2022-03-16 22:30:09] - 매출 구매 통계(accumul_sales_mdstats) - sales_mdstats is No data
[2022-03-16 22:30:09] - 환불 구매 통계(accumul_sales_refund) - sales_refund is No data
[2022-03-16 22:30:09] - 카테고리/브랜드 구매 통계(accumul_sales_category) - sales_category is No data
[2022-03-16 22:30:10] - 장바구니 구매 통계(accumul_cart_stats)
[2022-03-16 22:30:10] - 카테고리/브랜드 구매 통계(accumul_sales_category)
[2022-03-16 22:30:10] - 환불 구매 통계(accumul_sales_refund)
[2022-03-16 22:30:10] - 매출 구매 통계(accumul_sales_mdstats)
[2022-03-16 22:30:10] - 상품 구매 통계(accumul_stats_sales)
[2022-03-17 22:30:14] - 상품 구매 통계(accumul_stats_sales) - stats_sales is No data
[2022-03-17 22:30:14] - 매출 구매 통계(accumul_sales_mdstats) - sales_mdstats is No data
[2022-03-17 22:30:14] - 환불 구매 통계(accumul_sales_refund) - sales_refund is No data
[2022-03-17 22:30:14] - 카테고리/브랜드 구매 통계(accumul_sales_category) - sales_category is No data
[2022-03-17 22:30:14] - 장바구니 구매 통계(accumul_cart_stats)
[2022-03-17 22:30:14] - 카테고리/브랜드 구매 통계(accumul_sales_category)
[2022-03-17 22:30:14] - 환불 구매 통계(accumul_sales_refund)
[2022-03-17 22:30:14] - 매출 구매 통계(accumul_sales_mdstats)
[2022-03-17 22:30:14] - 상품 구매 통계(accumul_stats_sales)
[2022-03-18 22:30:14] - 상품 구매 통계(accumul_stats_sales) - stats_sales is No data
[2022-03-18 22:30:14] - 매출 구매 통계(accumul_sales_mdstats) - sales_mdstats is No data
[2022-03-18 22:30:14] - 환불 구매 통계(accumul_sales_refund) - sales_refund is No data
[2022-03-18 22:30:14] - 카테고리/브랜드 구매 통계(accumul_sales_category) - sales_category is No data
[2022-03-18 22:30:14] - 장바구니 구매 통계(accumul_cart_stats)
[2022-03-18 22:30:14] - 카테고리/브랜드 구매 통계(accumul_sales_category)
[2022-03-18 22:30:14] - 환불 구매 통계(accumul_sales_refund)
[2022-03-18 22:30:14] - 매출 구매 통계(accumul_sales_mdstats)
[2022-03-18 22:30:14] - 상품 구매 통계(accumul_stats_sales)
[2022-03-19 22:30:14] - 상품 구매 통계(accumul_stats_sales) - stats_sales is No data
[2022-03-19 22:30:14] - 매출 구매 통계(accumul_sales_mdstats) - sales_mdstats is No data
[2022-03-19 22:30:14] - 환불 구매 통계(accumul_sales_refund) - sales_refund is No data
[2022-03-19 22:30:14] - 카테고리/브랜드 구매 통계(accumul_sales_category) - sales_category is No data
[2022-03-19 22:30:14] - 장바구니 구매 통계(accumul_cart_stats)
[2022-03-19 22:30:14] - 카테고리/브랜드 구매 통계(accumul_sales_category)
[2022-03-19 22:30:14] - 환불 구매 통계(accumul_sales_refund)
[2022-03-19 22:30:14] - 매출 구매 통계(accumul_sales_mdstats)
[2022-03-19 22:30:14] - 상품 구매 통계(accumul_stats_sales)
[2022-03-20 22:30:08] - 상품 구매 통계(accumul_stats_sales) - stats_sales is No data
[2022-03-20 22:30:08] - 매출 구매 통계(accumul_sales_mdstats) - sales_mdstats is No data
[2022-03-20 22:30:08] - 환불 구매 통계(accumul_sales_refund) - sales_refund is No data
[2022-03-20 22:30:08] - 카테고리/브랜드 구매 통계(accumul_sales_category) - sales_category is No data
[2022-03-20 22:30:08] - 장바구니 구매 통계(accumul_cart_stats)
[2022-03-20 22:30:08] - 카테고리/브랜드 구매 통계(accumul_sales_category)
[2022-03-20 22:30:08] - 환불 구매 통계(accumul_sales_refund)
[2022-03-20 22:30:08] - 매출 구매 통계(accumul_sales_mdstats)
[2022-03-20 22:30:08] - 상품 구매 통계(accumul_stats_sales)
[2022-03-21 22:30:13] - 상품 구매 통계(accumul_stats_sales) - stats_sales is No data
[2022-03-21 22:30:13] - 매출 구매 통계(accumul_sales_mdstats) - sales_mdstats is No data
[2022-03-21 22:30:13] - 환불 구매 통계(accumul_sales_refund) - sales_refund is No data
[2022-03-21 22:30:13] - 카테고리/브랜드 구매 통계(accumul_sales_category) - sales_category is No data
[2022-03-21 22:30:13] - 장바구니 구매 통계(accumul_cart_stats)
[2022-03-21 22:30:13] - 카테고리/브랜드 구매 통계(accumul_sales_category)
[2022-03-21 22:30:13] - 환불 구매 통계(accumul_sales_refund)
[2022-03-21 22:30:13] - 매출 구매 통계(accumul_sales_mdstats)
[2022-03-21 22:30:13] - 상품 구매 통계(accumul_stats_sales)
[2022-03-22 22:30:11] - 상품 구매 통계(accumul_stats_sales) - stats_sales is No data
[2022-03-22 22:30:11] - 매출 구매 통계(accumul_sales_mdstats) - sales_mdstats is No data
[2022-03-22 22:30:11] - 환불 구매 통계(accumul_sales_refund) - sales_refund is No data
[2022-03-22 22:30:11] - 카테고리/브랜드 구매 통계(accumul_sales_category) - sales_category is No data
[2022-03-22 22:30:11] - 장바구니 구매 통계(accumul_cart_stats)
[2022-03-22 22:30:11] - 카테고리/브랜드 구매 통계(accumul_sales_category)
[2022-03-22 22:30:11] - 환불 구매 통계(accumul_sales_refund)
[2022-03-22 22:30:11] - 매출 구매 통계(accumul_sales_mdstats)
[2022-03-22 22:30:11] - 상품 구매 통계(accumul_stats_sales)
[2022-03-23 22:30:15] - 상품 구매 통계(accumul_stats_sales) - stats_sales is No data
[2022-03-23 22:30:15] - 매출 구매 통계(accumul_sales_mdstats) - sales_mdstats is No data
[2022-03-23 22:30:15] - 환불 구매 통계(accumul_sales_refund) - sales_refund is No data
[2022-03-23 22:30:15] - 카테고리/브랜드 구매 통계(accumul_sales_category) - sales_category is No data
[2022-03-23 22:30:15] - 장바구니 구매 통계(accumul_cart_stats)
[2022-03-23 22:30:15] - 카테고리/브랜드 구매 통계(accumul_sales_category)
[2022-03-23 22:30:15] - 환불 구매 통계(accumul_sales_refund)
[2022-03-23 22:30:15] - 매출 구매 통계(accumul_sales_mdstats)
[2022-03-23 22:30:15] - 상품 구매 통계(accumul_stats_sales)
[2022-03-24 22:30:10] - 상품 구매 통계(accumul_stats_sales) - stats_sales is No data
[2022-03-24 22:30:10] - 매출 구매 통계(accumul_sales_mdstats) - sales_mdstats is No data
[2022-03-24 22:30:10] - 환불 구매 통계(accumul_sales_refund) - sales_refund is No data
[2022-03-24 22:30:10] - 카테고리/브랜드 구매 통계(accumul_sales_category) - sales_category is No data
[2022-03-24 22:30:10] - 장바구니 구매 통계(accumul_cart_stats)
[2022-03-24 22:30:10] - 카테고리/브랜드 구매 통계(accumul_sales_category)
[2022-03-24 22:30:10] - 환불 구매 통계(accumul_sales_refund)
[2022-03-24 22:30:10] - 매출 구매 통계(accumul_sales_mdstats)
[2022-03-24 22:30:10] - 상품 구매 통계(accumul_stats_sales)
[2022-03-25 22:30:14] - 상품 구매 통계(accumul_stats_sales) - stats_sales is No data
[2022-03-25 22:30:14] - 매출 구매 통계(accumul_sales_mdstats) - sales_mdstats is No data
[2022-03-25 22:30:14] - 환불 구매 통계(accumul_sales_refund) - sales_refund is No data
[2022-03-25 22:30:14] - 카테고리/브랜드 구매 통계(accumul_sales_category) - sales_category is No data
[2022-03-25 22:30:14] - 장바구니 구매 통계(accumul_cart_stats)
[2022-03-25 22:30:14] - 카테고리/브랜드 구매 통계(accumul_sales_category)
[2022-03-25 22:30:14] - 환불 구매 통계(accumul_sales_refund)
[2022-03-25 22:30:14] - 매출 구매 통계(accumul_sales_mdstats)
[2022-03-25 22:30:14] - 상품 구매 통계(accumul_stats_sales)
[2022-03-26 22:30:15] - 상품 구매 통계(accumul_stats_sales) - stats_sales is No data
[2022-03-26 22:30:15] - 매출 구매 통계(accumul_sales_mdstats) - sales_mdstats is No data
[2022-03-26 22:30:15] - 환불 구매 통계(accumul_sales_refund) - sales_refund is No data
[2022-03-26 22:30:15] - 카테고리/브랜드 구매 통계(accumul_sales_category) - sales_category is No data
[2022-03-26 22:30:15] - 장바구니 구매 통계(accumul_cart_stats)
[2022-03-26 22:30:15] - 카테고리/브랜드 구매 통계(accumul_sales_category)
[2022-03-26 22:30:15] - 환불 구매 통계(accumul_sales_refund)
[2022-03-26 22:30:15] - 매출 구매 통계(accumul_sales_mdstats)
[2022-03-26 22:30:15] - 상품 구매 통계(accumul_stats_sales)
[2022-03-27 22:30:11] - 상품 구매 통계(accumul_stats_sales) - stats_sales is No data
[2022-03-27 22:30:11] - 매출 구매 통계(accumul_sales_mdstats) - sales_mdstats is No data
[2022-03-27 22:30:11] - 환불 구매 통계(accumul_sales_refund) - sales_refund is No data
[2022-03-27 22:30:11] - 카테고리/브랜드 구매 통계(accumul_sales_category) - sales_category is No data
[2022-03-27 22:30:11] - 장바구니 구매 통계(accumul_cart_stats)
[2022-03-27 22:30:11] - 카테고리/브랜드 구매 통계(accumul_sales_category)
[2022-03-27 22:30:11] - 환불 구매 통계(accumul_sales_refund)
[2022-03-27 22:30:11] - 매출 구매 통계(accumul_sales_mdstats)
[2022-03-27 22:30:11] - 상품 구매 통계(accumul_stats_sales)
[2022-03-28 22:30:12] - 상품 구매 통계(accumul_stats_sales) - stats_sales is No data
[2022-03-28 22:30:12] - 매출 구매 통계(accumul_sales_mdstats) - sales_mdstats is No data
[2022-03-28 22:30:12] - 환불 구매 통계(accumul_sales_refund) - sales_refund is No data
[2022-03-28 22:30:12] - 카테고리/브랜드 구매 통계(accumul_sales_category) - sales_category is No data
[2022-03-28 22:30:12] - 장바구니 구매 통계(accumul_cart_stats)
[2022-03-28 22:30:12] - 카테고리/브랜드 구매 통계(accumul_sales_category)
[2022-03-28 22:30:12] - 환불 구매 통계(accumul_sales_refund)
[2022-03-28 22:30:12] - 매출 구매 통계(accumul_sales_mdstats)
[2022-03-28 22:30:12] - 상품 구매 통계(accumul_stats_sales)
[2022-03-29 22:30:13] - 상품 구매 통계(accumul_stats_sales) - stats_sales is No data
[2022-03-29 22:30:13] - 매출 구매 통계(accumul_sales_mdstats) - sales_mdstats is No data
[2022-03-29 22:30:13] - 환불 구매 통계(accumul_sales_refund) - sales_refund is No data
[2022-03-29 22:30:13] - 카테고리/브랜드 구매 통계(accumul_sales_category) - sales_category is No data
[2022-03-29 22:30:13] - 장바구니 구매 통계(accumul_cart_stats)
[2022-03-29 22:30:13] - 카테고리/브랜드 구매 통계(accumul_sales_category)
[2022-03-29 22:30:13] - 환불 구매 통계(accumul_sales_refund)
[2022-03-29 22:30:13] - 매출 구매 통계(accumul_sales_mdstats)
[2022-03-29 22:30:13] - 상품 구매 통계(accumul_stats_sales)
[2022-03-30 22:30:15] - 상품 구매 통계(accumul_stats_sales) - stats_sales is No data
[2022-03-30 22:30:15] - 매출 구매 통계(accumul_sales_mdstats) - sales_mdstats is No data
[2022-03-30 22:30:15] - 환불 구매 통계(accumul_sales_refund) - sales_refund is No data
[2022-03-30 22:30:15] - 카테고리/브랜드 구매 통계(accumul_sales_category) - sales_category is No data
[2022-03-30 22:30:15] - 장바구니 구매 통계(accumul_cart_stats)
[2022-03-30 22:30:15] - 카테고리/브랜드 구매 통계(accumul_sales_category)
[2022-03-30 22:30:15] - 환불 구매 통계(accumul_sales_refund)
[2022-03-30 22:30:15] - 매출 구매 통계(accumul_sales_mdstats)
[2022-03-30 22:30:15] - 상품 구매 통계(accumul_stats_sales)
[2022-03-31 22:30:14] - 상품 구매 통계(accumul_stats_sales) - stats_sales is No data
[2022-03-31 22:30:14] - 매출 구매 통계(accumul_sales_mdstats) - sales_mdstats is No data
[2022-03-31 22:30:14] - 환불 구매 통계(accumul_sales_refund) - sales_refund is No data
[2022-03-31 22:30:14] - 카테고리/브랜드 구매 통계(accumul_sales_category) - sales_category is No data
[2022-03-31 22:30:14] - 장바구니 구매 통계(accumul_cart_stats)
[2022-03-31 22:30:14] - 카테고리/브랜드 구매 통계(accumul_sales_category)
[2022-03-31 22:30:14] - 환불 구매 통계(accumul_sales_refund)
[2022-03-31 22:30:14] - 매출 구매 통계(accumul_sales_mdstats)
[2022-03-31 22:30:14] - 상품 구매 통계(accumul_stats_sales)
