[2022-03-10 21:40:01] - 구글 피드 생성(createGoogleFile)
[2022-03-10 21:40:01] - 페이스북 피드 생성(createFacebookFile)
[2022-03-10 21:40:01] - 입점마켓팅 네이버 판매지수EP 생성(createNaverSalesEpFile)
[2022-03-10 21:40:01] - 입점마켓팅 리뷰EP 생성(createReviewFile)
[2022-03-10 21:40:01] - 입점마켓팅 네이버EP 3.0 생성(createNaverThirdFile)
[2022-03-10 21:40:01] - 입점마켓팅 네이버EP 2.0 생성(createNaverFile)
[2022-03-10 21:40:01] - 입점마켓팅 다음EP 생성(createDaumFile)
[2022-03-11 21:40:01] - 구글 피드 생성(createGoogleFile)
[2022-03-11 21:40:01] - 페이스북 피드 생성(createFacebookFile)
[2022-03-11 21:40:01] - 입점마켓팅 네이버 판매지수EP 생성(createNaverSalesEpFile)
[2022-03-11 21:40:01] - 입점마켓팅 리뷰EP 생성(createReviewFile)
[2022-03-11 21:40:01] - 입점마켓팅 네이버EP 3.0 생성(createNaverThirdFile)
[2022-03-11 21:40:01] - 입점마켓팅 네이버EP 2.0 생성(createNaverFile)
[2022-03-11 21:40:01] - 입점마켓팅 다음EP 생성(createDaumFile)
[2022-03-12 21:40:02] - 구글 피드 생성(createGoogleFile)
[2022-03-12 21:40:02] - 페이스북 피드 생성(createFacebookFile)
[2022-03-12 21:40:02] - 입점마켓팅 네이버 판매지수EP 생성(createNaverSalesEpFile)
[2022-03-12 21:40:02] - 입점마켓팅 리뷰EP 생성(createReviewFile)
[2022-03-12 21:40:02] - 입점마켓팅 네이버EP 3.0 생성(createNaverThirdFile)
[2022-03-12 21:40:02] - 입점마켓팅 네이버EP 2.0 생성(createNaverFile)
[2022-03-12 21:40:02] - 입점마켓팅 다음EP 생성(createDaumFile)
[2022-03-13 21:40:01] - 구글 피드 생성(createGoogleFile)
[2022-03-13 21:40:01] - 페이스북 피드 생성(createFacebookFile)
[2022-03-13 21:40:01] - 입점마켓팅 네이버 판매지수EP 생성(createNaverSalesEpFile)
[2022-03-13 21:40:01] - 입점마켓팅 리뷰EP 생성(createReviewFile)
[2022-03-13 21:40:01] - 입점마켓팅 네이버EP 3.0 생성(createNaverThirdFile)
[2022-03-13 21:40:01] - 입점마켓팅 네이버EP 2.0 생성(createNaverFile)
[2022-03-13 21:40:01] - 입점마켓팅 다음EP 생성(createDaumFile)
[2022-03-14 21:40:01] - 구글 피드 생성(createGoogleFile)
[2022-03-14 21:40:01] - 페이스북 피드 생성(createFacebookFile)
[2022-03-14 21:40:01] - 입점마켓팅 네이버 판매지수EP 생성(createNaverSalesEpFile)
[2022-03-14 21:40:01] - 입점마켓팅 리뷰EP 생성(createReviewFile)
[2022-03-14 21:40:01] - 입점마켓팅 네이버EP 3.0 생성(createNaverThirdFile)
[2022-03-14 21:40:01] - 입점마켓팅 네이버EP 2.0 생성(createNaverFile)
[2022-03-14 21:40:01] - 입점마켓팅 다음EP 생성(createDaumFile)
[2022-03-15 21:40:01] - 구글 피드 생성(createGoogleFile)
[2022-03-15 21:40:01] - 페이스북 피드 생성(createFacebookFile)
[2022-03-15 21:40:01] - 입점마켓팅 네이버 판매지수EP 생성(createNaverSalesEpFile)
[2022-03-15 21:40:01] - 입점마켓팅 리뷰EP 생성(createReviewFile)
[2022-03-15 21:40:01] - 입점마켓팅 네이버EP 3.0 생성(createNaverThirdFile)
[2022-03-15 21:40:01] - 입점마켓팅 네이버EP 2.0 생성(createNaverFile)
[2022-03-15 21:40:01] - 입점마켓팅 다음EP 생성(createDaumFile)
[2022-03-16 21:40:01] - 구글 피드 생성(createGoogleFile)
[2022-03-16 21:40:01] - 페이스북 피드 생성(createFacebookFile)
[2022-03-16 21:40:01] - 입점마켓팅 네이버 판매지수EP 생성(createNaverSalesEpFile)
[2022-03-16 21:40:01] - 입점마켓팅 리뷰EP 생성(createReviewFile)
[2022-03-16 21:40:01] - 입점마켓팅 네이버EP 3.0 생성(createNaverThirdFile)
[2022-03-16 21:40:01] - 입점마켓팅 네이버EP 2.0 생성(createNaverFile)
[2022-03-16 21:40:01] - 입점마켓팅 다음EP 생성(createDaumFile)
[2022-03-17 21:40:02] - 구글 피드 생성(createGoogleFile)
[2022-03-17 21:40:02] - 페이스북 피드 생성(createFacebookFile)
[2022-03-17 21:40:02] - 입점마켓팅 네이버 판매지수EP 생성(createNaverSalesEpFile)
[2022-03-17 21:40:02] - 입점마켓팅 리뷰EP 생성(createReviewFile)
[2022-03-17 21:40:02] - 입점마켓팅 네이버EP 3.0 생성(createNaverThirdFile)
[2022-03-17 21:40:02] - 입점마켓팅 네이버EP 2.0 생성(createNaverFile)
[2022-03-17 21:40:02] - 입점마켓팅 다음EP 생성(createDaumFile)
[2022-03-18 21:40:01] - 구글 피드 생성(createGoogleFile)
[2022-03-18 21:40:01] - 페이스북 피드 생성(createFacebookFile)
[2022-03-18 21:40:01] - 입점마켓팅 네이버 판매지수EP 생성(createNaverSalesEpFile)
[2022-03-18 21:40:01] - 입점마켓팅 리뷰EP 생성(createReviewFile)
[2022-03-18 21:40:01] - 입점마켓팅 네이버EP 3.0 생성(createNaverThirdFile)
[2022-03-18 21:40:01] - 입점마켓팅 네이버EP 2.0 생성(createNaverFile)
[2022-03-18 21:40:01] - 입점마켓팅 다음EP 생성(createDaumFile)
[2022-03-19 21:40:02] - 구글 피드 생성(createGoogleFile)
[2022-03-19 21:40:02] - 페이스북 피드 생성(createFacebookFile)
[2022-03-19 21:40:02] - 입점마켓팅 네이버 판매지수EP 생성(createNaverSalesEpFile)
[2022-03-19 21:40:02] - 입점마켓팅 리뷰EP 생성(createReviewFile)
[2022-03-19 21:40:02] - 입점마켓팅 네이버EP 3.0 생성(createNaverThirdFile)
[2022-03-19 21:40:02] - 입점마켓팅 네이버EP 2.0 생성(createNaverFile)
[2022-03-19 21:40:02] - 입점마켓팅 다음EP 생성(createDaumFile)
[2022-03-20 21:40:01] - 구글 피드 생성(createGoogleFile)
[2022-03-20 21:40:01] - 페이스북 피드 생성(createFacebookFile)
[2022-03-20 21:40:01] - 입점마켓팅 네이버 판매지수EP 생성(createNaverSalesEpFile)
[2022-03-20 21:40:01] - 입점마켓팅 리뷰EP 생성(createReviewFile)
[2022-03-20 21:40:01] - 입점마켓팅 네이버EP 3.0 생성(createNaverThirdFile)
[2022-03-20 21:40:01] - 입점마켓팅 네이버EP 2.0 생성(createNaverFile)
[2022-03-20 21:40:01] - 입점마켓팅 다음EP 생성(createDaumFile)
[2022-03-21 21:40:01] - 구글 피드 생성(createGoogleFile)
[2022-03-21 21:40:01] - 페이스북 피드 생성(createFacebookFile)
[2022-03-21 21:40:01] - 입점마켓팅 네이버 판매지수EP 생성(createNaverSalesEpFile)
[2022-03-21 21:40:01] - 입점마켓팅 리뷰EP 생성(createReviewFile)
[2022-03-21 21:40:01] - 입점마켓팅 네이버EP 3.0 생성(createNaverThirdFile)
[2022-03-21 21:40:01] - 입점마켓팅 네이버EP 2.0 생성(createNaverFile)
[2022-03-21 21:40:01] - 입점마켓팅 다음EP 생성(createDaumFile)
[2022-03-22 21:40:02] - 구글 피드 생성(createGoogleFile)
[2022-03-22 21:40:02] - 페이스북 피드 생성(createFacebookFile)
[2022-03-22 21:40:02] - 입점마켓팅 네이버 판매지수EP 생성(createNaverSalesEpFile)
[2022-03-22 21:40:02] - 입점마켓팅 리뷰EP 생성(createReviewFile)
[2022-03-22 21:40:02] - 입점마켓팅 네이버EP 3.0 생성(createNaverThirdFile)
[2022-03-22 21:40:02] - 입점마켓팅 네이버EP 2.0 생성(createNaverFile)
[2022-03-22 21:40:02] - 입점마켓팅 다음EP 생성(createDaumFile)
[2022-03-23 21:40:02] - 구글 피드 생성(createGoogleFile)
[2022-03-23 21:40:02] - 페이스북 피드 생성(createFacebookFile)
[2022-03-23 21:40:02] - 입점마켓팅 네이버 판매지수EP 생성(createNaverSalesEpFile)
[2022-03-23 21:40:02] - 입점마켓팅 리뷰EP 생성(createReviewFile)
[2022-03-23 21:40:02] - 입점마켓팅 네이버EP 3.0 생성(createNaverThirdFile)
[2022-03-23 21:40:02] - 입점마켓팅 네이버EP 2.0 생성(createNaverFile)
[2022-03-23 21:40:02] - 입점마켓팅 다음EP 생성(createDaumFile)
[2022-03-24 21:40:02] - 구글 피드 생성(createGoogleFile)
[2022-03-24 21:40:02] - 페이스북 피드 생성(createFacebookFile)
[2022-03-24 21:40:02] - 입점마켓팅 네이버 판매지수EP 생성(createNaverSalesEpFile)
[2022-03-24 21:40:02] - 입점마켓팅 리뷰EP 생성(createReviewFile)
[2022-03-24 21:40:02] - 입점마켓팅 네이버EP 3.0 생성(createNaverThirdFile)
[2022-03-24 21:40:02] - 입점마켓팅 네이버EP 2.0 생성(createNaverFile)
[2022-03-24 21:40:02] - 입점마켓팅 다음EP 생성(createDaumFile)
[2022-03-25 21:40:02] - 구글 피드 생성(createGoogleFile)
[2022-03-25 21:40:02] - 페이스북 피드 생성(createFacebookFile)
[2022-03-25 21:40:02] - 입점마켓팅 네이버 판매지수EP 생성(createNaverSalesEpFile)
[2022-03-25 21:40:02] - 입점마켓팅 리뷰EP 생성(createReviewFile)
[2022-03-25 21:40:02] - 입점마켓팅 네이버EP 3.0 생성(createNaverThirdFile)
[2022-03-25 21:40:02] - 입점마켓팅 네이버EP 2.0 생성(createNaverFile)
[2022-03-25 21:40:02] - 입점마켓팅 다음EP 생성(createDaumFile)
[2022-03-26 21:40:02] - 구글 피드 생성(createGoogleFile)
[2022-03-26 21:40:02] - 페이스북 피드 생성(createFacebookFile)
[2022-03-26 21:40:02] - 입점마켓팅 네이버 판매지수EP 생성(createNaverSalesEpFile)
[2022-03-26 21:40:02] - 입점마켓팅 리뷰EP 생성(createReviewFile)
[2022-03-26 21:40:02] - 입점마켓팅 네이버EP 3.0 생성(createNaverThirdFile)
[2022-03-26 21:40:02] - 입점마켓팅 네이버EP 2.0 생성(createNaverFile)
[2022-03-26 21:40:02] - 입점마켓팅 다음EP 생성(createDaumFile)
[2022-03-27 21:40:02] - 구글 피드 생성(createGoogleFile)
[2022-03-27 21:40:02] - 페이스북 피드 생성(createFacebookFile)
[2022-03-27 21:40:02] - 입점마켓팅 네이버 판매지수EP 생성(createNaverSalesEpFile)
[2022-03-27 21:40:02] - 입점마켓팅 리뷰EP 생성(createReviewFile)
[2022-03-27 21:40:02] - 입점마켓팅 네이버EP 3.0 생성(createNaverThirdFile)
[2022-03-27 21:40:02] - 입점마켓팅 네이버EP 2.0 생성(createNaverFile)
[2022-03-27 21:40:02] - 입점마켓팅 다음EP 생성(createDaumFile)
[2022-03-28 21:40:02] - 구글 피드 생성(createGoogleFile)
[2022-03-28 21:40:02] - 페이스북 피드 생성(createFacebookFile)
[2022-03-28 21:40:02] - 입점마켓팅 네이버 판매지수EP 생성(createNaverSalesEpFile)
[2022-03-28 21:40:02] - 입점마켓팅 리뷰EP 생성(createReviewFile)
[2022-03-28 21:40:02] - 입점마켓팅 네이버EP 3.0 생성(createNaverThirdFile)
[2022-03-28 21:40:02] - 입점마켓팅 네이버EP 2.0 생성(createNaverFile)
[2022-03-28 21:40:02] - 입점마켓팅 다음EP 생성(createDaumFile)
[2022-03-29 21:40:02] - 구글 피드 생성(createGoogleFile)
[2022-03-29 21:40:02] - 페이스북 피드 생성(createFacebookFile)
[2022-03-29 21:40:02] - 입점마켓팅 네이버 판매지수EP 생성(createNaverSalesEpFile)
[2022-03-29 21:40:02] - 입점마켓팅 리뷰EP 생성(createReviewFile)
[2022-03-29 21:40:02] - 입점마켓팅 네이버EP 3.0 생성(createNaverThirdFile)
[2022-03-29 21:40:02] - 입점마켓팅 네이버EP 2.0 생성(createNaverFile)
[2022-03-29 21:40:02] - 입점마켓팅 다음EP 생성(createDaumFile)
[2022-03-30 21:40:01] - 구글 피드 생성(createGoogleFile)
[2022-03-30 21:40:01] - 페이스북 피드 생성(createFacebookFile)
[2022-03-30 21:40:01] - 입점마켓팅 네이버 판매지수EP 생성(createNaverSalesEpFile)
[2022-03-30 21:40:01] - 입점마켓팅 리뷰EP 생성(createReviewFile)
[2022-03-30 21:40:01] - 입점마켓팅 네이버EP 3.0 생성(createNaverThirdFile)
[2022-03-30 21:40:01] - 입점마켓팅 네이버EP 2.0 생성(createNaverFile)
[2022-03-30 21:40:01] - 입점마켓팅 다음EP 생성(createDaumFile)
[2022-03-31 21:40:01] - 구글 피드 생성(createGoogleFile)
[2022-03-31 21:40:01] - 페이스북 피드 생성(createFacebookFile)
[2022-03-31 21:40:01] - 입점마켓팅 네이버 판매지수EP 생성(createNaverSalesEpFile)
[2022-03-31 21:40:01] - 입점마켓팅 리뷰EP 생성(createReviewFile)
[2022-03-31 21:40:01] - 입점마켓팅 네이버EP 3.0 생성(createNaverThirdFile)
[2022-03-31 21:40:01] - 입점마켓팅 네이버EP 2.0 생성(createNaverFile)
[2022-03-31 21:40:01] - 입점마켓팅 다음EP 생성(createDaumFile)
