[2022-04-01 21:40:02] - 구글 피드 생성(createGoogleFile)
[2022-04-01 21:40:02] - 페이스북 피드 생성(createFacebookFile)
[2022-04-01 21:40:02] - 입점마켓팅 네이버 판매지수EP 생성(createNaverSalesEpFile)
[2022-04-01 21:40:02] - 입점마켓팅 리뷰EP 생성(createReviewFile)
[2022-04-01 21:40:02] - 입점마켓팅 네이버EP 3.0 생성(createNaverThirdFile)
[2022-04-01 21:40:02] - 입점마켓팅 네이버EP 2.0 생성(createNaverFile)
[2022-04-01 21:40:02] - 입점마켓팅 다음EP 생성(createDaumFile)
[2022-04-02 21:40:01] - 구글 피드 생성(createGoogleFile)
[2022-04-02 21:40:01] - 페이스북 피드 생성(createFacebookFile)
[2022-04-02 21:40:01] - 입점마켓팅 네이버 판매지수EP 생성(createNaverSalesEpFile)
[2022-04-02 21:40:01] - 입점마켓팅 리뷰EP 생성(createReviewFile)
[2022-04-02 21:40:01] - 입점마켓팅 네이버EP 3.0 생성(createNaverThirdFile)
[2022-04-02 21:40:01] - 입점마켓팅 네이버EP 2.0 생성(createNaverFile)
[2022-04-02 21:40:01] - 입점마켓팅 다음EP 생성(createDaumFile)
[2022-04-03 21:40:02] - 구글 피드 생성(createGoogleFile)
[2022-04-03 21:40:02] - 페이스북 피드 생성(createFacebookFile)
[2022-04-03 21:40:02] - 입점마켓팅 네이버 판매지수EP 생성(createNaverSalesEpFile)
[2022-04-03 21:40:02] - 입점마켓팅 리뷰EP 생성(createReviewFile)
[2022-04-03 21:40:02] - 입점마켓팅 네이버EP 3.0 생성(createNaverThirdFile)
[2022-04-03 21:40:02] - 입점마켓팅 네이버EP 2.0 생성(createNaverFile)
[2022-04-03 21:40:02] - 입점마켓팅 다음EP 생성(createDaumFile)
[2022-04-04 21:40:01] - 구글 피드 생성(createGoogleFile)
[2022-04-04 21:40:01] - 페이스북 피드 생성(createFacebookFile)
[2022-04-04 21:40:01] - 입점마켓팅 네이버 판매지수EP 생성(createNaverSalesEpFile)
[2022-04-04 21:40:01] - 입점마켓팅 리뷰EP 생성(createReviewFile)
[2022-04-04 21:40:01] - 입점마켓팅 네이버EP 3.0 생성(createNaverThirdFile)
[2022-04-04 21:40:01] - 입점마켓팅 네이버EP 2.0 생성(createNaverFile)
[2022-04-04 21:40:01] - 입점마켓팅 다음EP 생성(createDaumFile)
[2022-04-05 21:40:02] - 구글 피드 생성(createGoogleFile)
[2022-04-05 21:40:02] - 페이스북 피드 생성(createFacebookFile)
[2022-04-05 21:40:02] - 입점마켓팅 네이버 판매지수EP 생성(createNaverSalesEpFile)
[2022-04-05 21:40:02] - 입점마켓팅 리뷰EP 생성(createReviewFile)
[2022-04-05 21:40:02] - 입점마켓팅 네이버EP 3.0 생성(createNaverThirdFile)
[2022-04-05 21:40:02] - 입점마켓팅 네이버EP 2.0 생성(createNaverFile)
[2022-04-05 21:40:02] - 입점마켓팅 다음EP 생성(createDaumFile)
[2022-04-06 21:40:02] - 구글 피드 생성(createGoogleFile)
[2022-04-06 21:40:02] - 페이스북 피드 생성(createFacebookFile)
[2022-04-06 21:40:02] - 입점마켓팅 네이버 판매지수EP 생성(createNaverSalesEpFile)
[2022-04-06 21:40:02] - 입점마켓팅 리뷰EP 생성(createReviewFile)
[2022-04-06 21:40:02] - 입점마켓팅 네이버EP 3.0 생성(createNaverThirdFile)
[2022-04-06 21:40:02] - 입점마켓팅 네이버EP 2.0 생성(createNaverFile)
[2022-04-06 21:40:02] - 입점마켓팅 다음EP 생성(createDaumFile)
[2022-04-07 21:40:01] - 구글 피드 생성(createGoogleFile)
[2022-04-07 21:40:01] - 페이스북 피드 생성(createFacebookFile)
[2022-04-07 21:40:01] - 입점마켓팅 네이버 판매지수EP 생성(createNaverSalesEpFile)
[2022-04-07 21:40:01] - 입점마켓팅 리뷰EP 생성(createReviewFile)
[2022-04-07 21:40:01] - 입점마켓팅 네이버EP 3.0 생성(createNaverThirdFile)
[2022-04-07 21:40:01] - 입점마켓팅 네이버EP 2.0 생성(createNaverFile)
[2022-04-07 21:40:01] - 입점마켓팅 다음EP 생성(createDaumFile)
[2022-04-08 21:40:02] - 구글 피드 생성(createGoogleFile)
[2022-04-08 21:40:02] - 페이스북 피드 생성(createFacebookFile)
[2022-04-08 21:40:02] - 입점마켓팅 네이버 판매지수EP 생성(createNaverSalesEpFile)
[2022-04-08 21:40:02] - 입점마켓팅 리뷰EP 생성(createReviewFile)
[2022-04-08 21:40:02] - 입점마켓팅 네이버EP 3.0 생성(createNaverThirdFile)
[2022-04-08 21:40:02] - 입점마켓팅 네이버EP 2.0 생성(createNaverFile)
[2022-04-08 21:40:02] - 입점마켓팅 다음EP 생성(createDaumFile)
[2022-04-09 21:40:02] - 구글 피드 생성(createGoogleFile)
[2022-04-09 21:40:02] - 페이스북 피드 생성(createFacebookFile)
[2022-04-09 21:40:02] - 입점마켓팅 네이버 판매지수EP 생성(createNaverSalesEpFile)
[2022-04-09 21:40:02] - 입점마켓팅 리뷰EP 생성(createReviewFile)
[2022-04-09 21:40:02] - 입점마켓팅 네이버EP 3.0 생성(createNaverThirdFile)
[2022-04-09 21:40:02] - 입점마켓팅 네이버EP 2.0 생성(createNaverFile)
[2022-04-09 21:40:02] - 입점마켓팅 다음EP 생성(createDaumFile)
[2022-04-10 21:40:02] - 구글 피드 생성(createGoogleFile)
[2022-04-10 21:40:02] - 페이스북 피드 생성(createFacebookFile)
[2022-04-10 21:40:02] - 입점마켓팅 네이버 판매지수EP 생성(createNaverSalesEpFile)
[2022-04-10 21:40:02] - 입점마켓팅 리뷰EP 생성(createReviewFile)
[2022-04-10 21:40:02] - 입점마켓팅 네이버EP 3.0 생성(createNaverThirdFile)
[2022-04-10 21:40:02] - 입점마켓팅 네이버EP 2.0 생성(createNaverFile)
[2022-04-10 21:40:02] - 입점마켓팅 다음EP 생성(createDaumFile)
[2022-04-11 21:40:02] - 구글 피드 생성(createGoogleFile)
[2022-04-11 21:40:02] - 페이스북 피드 생성(createFacebookFile)
[2022-04-11 21:40:02] - 입점마켓팅 네이버 판매지수EP 생성(createNaverSalesEpFile)
[2022-04-11 21:40:02] - 입점마켓팅 리뷰EP 생성(createReviewFile)
[2022-04-11 21:40:02] - 입점마켓팅 네이버EP 3.0 생성(createNaverThirdFile)
[2022-04-11 21:40:02] - 입점마켓팅 네이버EP 2.0 생성(createNaverFile)
[2022-04-11 21:40:02] - 입점마켓팅 다음EP 생성(createDaumFile)
[2022-04-12 21:40:02] - 구글 피드 생성(createGoogleFile)
[2022-04-12 21:40:02] - 페이스북 피드 생성(createFacebookFile)
[2022-04-12 21:40:02] - 입점마켓팅 네이버 판매지수EP 생성(createNaverSalesEpFile)
[2022-04-12 21:40:02] - 입점마켓팅 리뷰EP 생성(createReviewFile)
[2022-04-12 21:40:02] - 입점마켓팅 네이버EP 3.0 생성(createNaverThirdFile)
[2022-04-12 21:40:02] - 입점마켓팅 네이버EP 2.0 생성(createNaverFile)
[2022-04-12 21:40:02] - 입점마켓팅 다음EP 생성(createDaumFile)
[2022-04-13 21:40:02] - 구글 피드 생성(createGoogleFile)
[2022-04-13 21:40:02] - 페이스북 피드 생성(createFacebookFile)
[2022-04-13 21:40:02] - 입점마켓팅 네이버 판매지수EP 생성(createNaverSalesEpFile)
[2022-04-13 21:40:02] - 입점마켓팅 리뷰EP 생성(createReviewFile)
[2022-04-13 21:40:02] - 입점마켓팅 네이버EP 3.0 생성(createNaverThirdFile)
[2022-04-13 21:40:02] - 입점마켓팅 네이버EP 2.0 생성(createNaverFile)
[2022-04-13 21:40:02] - 입점마켓팅 다음EP 생성(createDaumFile)
[2022-04-14 21:40:02] - 구글 피드 생성(createGoogleFile)
[2022-04-14 21:40:02] - 페이스북 피드 생성(createFacebookFile)
[2022-04-14 21:40:02] - 입점마켓팅 네이버 판매지수EP 생성(createNaverSalesEpFile)
[2022-04-14 21:40:02] - 입점마켓팅 리뷰EP 생성(createReviewFile)
[2022-04-14 21:40:02] - 입점마켓팅 네이버EP 3.0 생성(createNaverThirdFile)
[2022-04-14 21:40:02] - 입점마켓팅 네이버EP 2.0 생성(createNaverFile)
[2022-04-14 21:40:02] - 입점마켓팅 다음EP 생성(createDaumFile)
[2022-04-15 21:40:02] - 구글 피드 생성(createGoogleFile)
[2022-04-15 21:40:02] - 페이스북 피드 생성(createFacebookFile)
[2022-04-15 21:40:02] - 입점마켓팅 네이버 판매지수EP 생성(createNaverSalesEpFile)
[2022-04-15 21:40:02] - 입점마켓팅 리뷰EP 생성(createReviewFile)
[2022-04-15 21:40:02] - 입점마켓팅 네이버EP 3.0 생성(createNaverThirdFile)
[2022-04-15 21:40:02] - 입점마켓팅 네이버EP 2.0 생성(createNaverFile)
[2022-04-15 21:40:02] - 입점마켓팅 다음EP 생성(createDaumFile)
[2022-04-16 21:40:02] - 구글 피드 생성(createGoogleFile)
[2022-04-16 21:40:02] - 페이스북 피드 생성(createFacebookFile)
[2022-04-16 21:40:02] - 입점마켓팅 네이버 판매지수EP 생성(createNaverSalesEpFile)
[2022-04-16 21:40:02] - 입점마켓팅 리뷰EP 생성(createReviewFile)
[2022-04-16 21:40:02] - 입점마켓팅 네이버EP 3.0 생성(createNaverThirdFile)
[2022-04-16 21:40:02] - 입점마켓팅 네이버EP 2.0 생성(createNaverFile)
[2022-04-16 21:40:02] - 입점마켓팅 다음EP 생성(createDaumFile)
[2022-04-17 21:40:02] - 구글 피드 생성(createGoogleFile)
[2022-04-17 21:40:02] - 페이스북 피드 생성(createFacebookFile)
[2022-04-17 21:40:02] - 입점마켓팅 네이버 판매지수EP 생성(createNaverSalesEpFile)
[2022-04-17 21:40:02] - 입점마켓팅 리뷰EP 생성(createReviewFile)
[2022-04-17 21:40:02] - 입점마켓팅 네이버EP 3.0 생성(createNaverThirdFile)
[2022-04-17 21:40:02] - 입점마켓팅 네이버EP 2.0 생성(createNaverFile)
[2022-04-17 21:40:02] - 입점마켓팅 다음EP 생성(createDaumFile)
[2022-04-18 21:40:02] - 구글 피드 생성(createGoogleFile)
[2022-04-18 21:40:02] - 페이스북 피드 생성(createFacebookFile)
[2022-04-18 21:40:02] - 입점마켓팅 네이버 판매지수EP 생성(createNaverSalesEpFile)
[2022-04-18 21:40:02] - 입점마켓팅 리뷰EP 생성(createReviewFile)
[2022-04-18 21:40:02] - 입점마켓팅 네이버EP 3.0 생성(createNaverThirdFile)
[2022-04-18 21:40:02] - 입점마켓팅 네이버EP 2.0 생성(createNaverFile)
[2022-04-18 21:40:02] - 입점마켓팅 다음EP 생성(createDaumFile)
[2022-04-19 21:40:02] - 구글 피드 생성(createGoogleFile)
[2022-04-19 21:40:02] - 페이스북 피드 생성(createFacebookFile)
[2022-04-19 21:40:02] - 입점마켓팅 네이버 판매지수EP 생성(createNaverSalesEpFile)
[2022-04-19 21:40:02] - 입점마켓팅 리뷰EP 생성(createReviewFile)
[2022-04-19 21:40:02] - 입점마켓팅 네이버EP 3.0 생성(createNaverThirdFile)
[2022-04-19 21:40:02] - 입점마켓팅 네이버EP 2.0 생성(createNaverFile)
[2022-04-19 21:40:02] - 입점마켓팅 다음EP 생성(createDaumFile)
[2022-04-20 21:40:02] - 구글 피드 생성(createGoogleFile)
[2022-04-20 21:40:02] - 페이스북 피드 생성(createFacebookFile)
[2022-04-20 21:40:02] - 입점마켓팅 네이버 판매지수EP 생성(createNaverSalesEpFile)
[2022-04-20 21:40:02] - 입점마켓팅 리뷰EP 생성(createReviewFile)
[2022-04-20 21:40:02] - 입점마켓팅 네이버EP 3.0 생성(createNaverThirdFile)
[2022-04-20 21:40:02] - 입점마켓팅 네이버EP 2.0 생성(createNaverFile)
[2022-04-20 21:40:02] - 입점마켓팅 다음EP 생성(createDaumFile)
[2022-04-21 21:40:02] - 구글 피드 생성(createGoogleFile)
[2022-04-21 21:40:02] - 페이스북 피드 생성(createFacebookFile)
[2022-04-21 21:40:02] - 입점마켓팅 네이버 판매지수EP 생성(createNaverSalesEpFile)
[2022-04-21 21:40:02] - 입점마켓팅 리뷰EP 생성(createReviewFile)
[2022-04-21 21:40:02] - 입점마켓팅 네이버EP 3.0 생성(createNaverThirdFile)
[2022-04-21 21:40:02] - 입점마켓팅 네이버EP 2.0 생성(createNaverFile)
[2022-04-21 21:40:02] - 입점마켓팅 다음EP 생성(createDaumFile)
[2022-04-22 21:40:02] - 구글 피드 생성(createGoogleFile)
[2022-04-22 21:40:02] - 페이스북 피드 생성(createFacebookFile)
[2022-04-22 21:40:02] - 입점마켓팅 네이버 판매지수EP 생성(createNaverSalesEpFile)
[2022-04-22 21:40:02] - 입점마켓팅 리뷰EP 생성(createReviewFile)
[2022-04-22 21:40:02] - 입점마켓팅 네이버EP 3.0 생성(createNaverThirdFile)
[2022-04-22 21:40:02] - 입점마켓팅 네이버EP 2.0 생성(createNaverFile)
[2022-04-22 21:40:02] - 입점마켓팅 다음EP 생성(createDaumFile)
[2022-04-23 21:40:01] - 구글 피드 생성(createGoogleFile)
[2022-04-23 21:40:01] - 페이스북 피드 생성(createFacebookFile)
[2022-04-23 21:40:01] - 입점마켓팅 네이버 판매지수EP 생성(createNaverSalesEpFile)
[2022-04-23 21:40:01] - 입점마켓팅 리뷰EP 생성(createReviewFile)
[2022-04-23 21:40:01] - 입점마켓팅 네이버EP 3.0 생성(createNaverThirdFile)
[2022-04-23 21:40:01] - 입점마켓팅 네이버EP 2.0 생성(createNaverFile)
[2022-04-23 21:40:01] - 입점마켓팅 다음EP 생성(createDaumFile)
[2022-04-24 21:40:02] - 구글 피드 생성(createGoogleFile)
[2022-04-24 21:40:02] - 페이스북 피드 생성(createFacebookFile)
[2022-04-24 21:40:02] - 입점마켓팅 네이버 판매지수EP 생성(createNaverSalesEpFile)
[2022-04-24 21:40:02] - 입점마켓팅 리뷰EP 생성(createReviewFile)
[2022-04-24 21:40:02] - 입점마켓팅 네이버EP 3.0 생성(createNaverThirdFile)
[2022-04-24 21:40:02] - 입점마켓팅 네이버EP 2.0 생성(createNaverFile)
[2022-04-24 21:40:02] - 입점마켓팅 다음EP 생성(createDaumFile)
[2022-04-25 21:40:02] - 구글 피드 생성(createGoogleFile)
[2022-04-25 21:40:02] - 페이스북 피드 생성(createFacebookFile)
[2022-04-25 21:40:02] - 입점마켓팅 네이버 판매지수EP 생성(createNaverSalesEpFile)
[2022-04-25 21:40:02] - 입점마켓팅 리뷰EP 생성(createReviewFile)
[2022-04-25 21:40:02] - 입점마켓팅 네이버EP 3.0 생성(createNaverThirdFile)
[2022-04-25 21:40:02] - 입점마켓팅 네이버EP 2.0 생성(createNaverFile)
[2022-04-25 21:40:02] - 입점마켓팅 다음EP 생성(createDaumFile)
[2022-04-26 21:40:01] - 구글 피드 생성(createGoogleFile)
[2022-04-26 21:40:01] - 페이스북 피드 생성(createFacebookFile)
[2022-04-26 21:40:01] - 입점마켓팅 네이버 판매지수EP 생성(createNaverSalesEpFile)
[2022-04-26 21:40:01] - 입점마켓팅 리뷰EP 생성(createReviewFile)
[2022-04-26 21:40:01] - 입점마켓팅 네이버EP 3.0 생성(createNaverThirdFile)
[2022-04-26 21:40:01] - 입점마켓팅 네이버EP 2.0 생성(createNaverFile)
[2022-04-26 21:40:01] - 입점마켓팅 다음EP 생성(createDaumFile)
[2022-04-27 21:40:02] - 구글 피드 생성(createGoogleFile)
[2022-04-27 21:40:02] - 페이스북 피드 생성(createFacebookFile)
[2022-04-27 21:40:02] - 입점마켓팅 네이버 판매지수EP 생성(createNaverSalesEpFile)
[2022-04-27 21:40:02] - 입점마켓팅 리뷰EP 생성(createReviewFile)
[2022-04-27 21:40:02] - 입점마켓팅 네이버EP 3.0 생성(createNaverThirdFile)
[2022-04-27 21:40:02] - 입점마켓팅 네이버EP 2.0 생성(createNaverFile)
[2022-04-27 21:40:02] - 입점마켓팅 다음EP 생성(createDaumFile)
[2022-04-28 21:40:02] - 구글 피드 생성(createGoogleFile)
[2022-04-28 21:40:02] - 페이스북 피드 생성(createFacebookFile)
[2022-04-28 21:40:02] - 입점마켓팅 네이버 판매지수EP 생성(createNaverSalesEpFile)
[2022-04-28 21:40:02] - 입점마켓팅 리뷰EP 생성(createReviewFile)
[2022-04-28 21:40:02] - 입점마켓팅 네이버EP 3.0 생성(createNaverThirdFile)
[2022-04-28 21:40:02] - 입점마켓팅 네이버EP 2.0 생성(createNaverFile)
[2022-04-28 21:40:02] - 입점마켓팅 다음EP 생성(createDaumFile)
[2022-04-29 21:40:02] - 구글 피드 생성(createGoogleFile)
[2022-04-29 21:40:02] - 페이스북 피드 생성(createFacebookFile)
[2022-04-29 21:40:02] - 입점마켓팅 네이버 판매지수EP 생성(createNaverSalesEpFile)
[2022-04-29 21:40:02] - 입점마켓팅 리뷰EP 생성(createReviewFile)
[2022-04-29 21:40:02] - 입점마켓팅 네이버EP 3.0 생성(createNaverThirdFile)
[2022-04-29 21:40:02] - 입점마켓팅 네이버EP 2.0 생성(createNaverFile)
[2022-04-29 21:40:02] - 입점마켓팅 다음EP 생성(createDaumFile)
[2022-04-30 21:40:02] - 구글 피드 생성(createGoogleFile)
[2022-04-30 21:40:02] - 페이스북 피드 생성(createFacebookFile)
[2022-04-30 21:40:02] - 입점마켓팅 네이버 판매지수EP 생성(createNaverSalesEpFile)
[2022-04-30 21:40:02] - 입점마켓팅 리뷰EP 생성(createReviewFile)
[2022-04-30 21:40:02] - 입점마켓팅 네이버EP 3.0 생성(createNaverThirdFile)
[2022-04-30 21:40:02] - 입점마켓팅 네이버EP 2.0 생성(createNaverFile)
[2022-04-30 21:40:02] - 입점마켓팅 다음EP 생성(createDaumFile)
