[2022-06-01 22:30:14] - 티켓 상품 자동 배송 완료(batch_social_goods_confirm) - batch_social_goods_confirm  no data
[2022-06-01 22:30:14] - 미입금 통보 확인(deposit_request)
[2022-06-01 22:30:14] - 굿스플로 배송정보(receiveTrackingResults) - OK
[2022-06-01 22:30:14] - 티켓 상품 자동 배송 완료(batch_social_goods_confirm)
[2022-06-01 22:30:14] - 자동 구매 확정(batch_buy_confirm)
[2022-06-01 22:30:14] - 자동 주문 취소(order_cancel)
[2022-06-02 22:30:14] - 티켓 상품 자동 배송 완료(batch_social_goods_confirm) - batch_social_goods_confirm  no data
[2022-06-02 22:30:14] - 미입금 통보 확인(deposit_request)
[2022-06-02 22:30:14] - 굿스플로 배송정보(receiveTrackingResults) - OK
[2022-06-02 22:30:14] - 티켓 상품 자동 배송 완료(batch_social_goods_confirm)
[2022-06-02 22:30:14] - 자동 구매 확정(batch_buy_confirm)
[2022-06-02 22:30:14] - 자동 주문 취소(order_cancel)
[2022-06-03 22:30:09] - 티켓 상품 자동 배송 완료(batch_social_goods_confirm) - batch_social_goods_confirm  no data
[2022-06-03 22:30:09] - 미입금 통보 확인(deposit_request)
[2022-06-03 22:30:09] - 굿스플로 배송정보(receiveTrackingResults) - OK
[2022-06-03 22:30:09] - 티켓 상품 자동 배송 완료(batch_social_goods_confirm)
[2022-06-03 22:30:09] - 자동 구매 확정(batch_buy_confirm)
[2022-06-03 22:30:09] - 자동 주문 취소(order_cancel)
[2022-06-04 22:30:10] - 티켓 상품 자동 배송 완료(batch_social_goods_confirm) - batch_social_goods_confirm  no data
[2022-06-04 22:30:10] - 미입금 통보 확인(deposit_request)
[2022-06-04 22:30:10] - 굿스플로 배송정보(receiveTrackingResults) - OK
[2022-06-04 22:30:10] - 티켓 상품 자동 배송 완료(batch_social_goods_confirm)
[2022-06-04 22:30:10] - 자동 구매 확정(batch_buy_confirm)
[2022-06-04 22:30:10] - 자동 주문 취소(order_cancel)
[2022-06-05 22:30:14] - 티켓 상품 자동 배송 완료(batch_social_goods_confirm) - batch_social_goods_confirm  no data
[2022-06-05 22:30:14] - 미입금 통보 확인(deposit_request)
[2022-06-05 22:30:14] - 굿스플로 배송정보(receiveTrackingResults) - OK
[2022-06-05 22:30:14] - 티켓 상품 자동 배송 완료(batch_social_goods_confirm)
[2022-06-05 22:30:14] - 자동 구매 확정(batch_buy_confirm)
[2022-06-05 22:30:14] - 자동 주문 취소(order_cancel)
[2022-06-06 22:30:11] - 티켓 상품 자동 배송 완료(batch_social_goods_confirm) - batch_social_goods_confirm  no data
[2022-06-06 22:30:11] - 미입금 통보 확인(deposit_request)
[2022-06-06 22:30:11] - 굿스플로 배송정보(receiveTrackingResults) - OK
[2022-06-06 22:30:11] - 티켓 상품 자동 배송 완료(batch_social_goods_confirm)
[2022-06-06 22:30:11] - 자동 구매 확정(batch_buy_confirm)
[2022-06-06 22:30:11] - 자동 주문 취소(order_cancel)
[2022-06-07 22:30:12] - 티켓 상품 자동 배송 완료(batch_social_goods_confirm) - batch_social_goods_confirm  no data
[2022-06-07 22:30:12] - 미입금 통보 확인(deposit_request)
[2022-06-07 22:30:12] - 굿스플로 배송정보(receiveTrackingResults) - OK
[2022-06-07 22:30:12] - 티켓 상품 자동 배송 완료(batch_social_goods_confirm)
[2022-06-07 22:30:12] - 자동 구매 확정(batch_buy_confirm)
[2022-06-07 22:30:12] - 자동 주문 취소(order_cancel)
[2022-06-08 22:30:08] - 티켓 상품 자동 배송 완료(batch_social_goods_confirm) - batch_social_goods_confirm  no data
[2022-06-08 22:30:08] - 미입금 통보 확인(deposit_request)
[2022-06-08 22:30:08] - 굿스플로 배송정보(receiveTrackingResults) - OK
[2022-06-08 22:30:08] - 티켓 상품 자동 배송 완료(batch_social_goods_confirm)
[2022-06-08 22:30:08] - 자동 구매 확정(batch_buy_confirm)
[2022-06-08 22:30:08] - 자동 주문 취소(order_cancel)
[2022-06-09 22:30:14] - 티켓 상품 자동 배송 완료(batch_social_goods_confirm) - batch_social_goods_confirm  no data
[2022-06-09 22:30:14] - 미입금 통보 확인(deposit_request)
[2022-06-09 22:30:14] - 굿스플로 배송정보(receiveTrackingResults) - OK
[2022-06-09 22:30:14] - 티켓 상품 자동 배송 완료(batch_social_goods_confirm)
[2022-06-09 22:30:14] - 자동 구매 확정(batch_buy_confirm)
[2022-06-09 22:30:14] - 자동 주문 취소(order_cancel)
[2022-06-10 22:30:13] - 티켓 상품 자동 배송 완료(batch_social_goods_confirm) - batch_social_goods_confirm  no data
[2022-06-10 22:30:14] - 미입금 통보 확인(deposit_request)
[2022-06-10 22:30:14] - 굿스플로 배송정보(receiveTrackingResults) - OK
[2022-06-10 22:30:14] - 티켓 상품 자동 배송 완료(batch_social_goods_confirm)
[2022-06-10 22:30:14] - 자동 구매 확정(batch_buy_confirm)
[2022-06-10 22:30:14] - 자동 주문 취소(order_cancel)
[2022-06-11 22:30:14] - 티켓 상품 자동 배송 완료(batch_social_goods_confirm) - batch_social_goods_confirm  no data
[2022-06-11 22:30:14] - 미입금 통보 확인(deposit_request)
[2022-06-11 22:30:14] - 굿스플로 배송정보(receiveTrackingResults) - OK
[2022-06-11 22:30:14] - 티켓 상품 자동 배송 완료(batch_social_goods_confirm)
[2022-06-11 22:30:14] - 자동 구매 확정(batch_buy_confirm)
[2022-06-11 22:30:14] - 자동 주문 취소(order_cancel)
[2022-06-12 22:30:11] - 티켓 상품 자동 배송 완료(batch_social_goods_confirm) - batch_social_goods_confirm  no data
[2022-06-12 22:30:11] - 미입금 통보 확인(deposit_request)
[2022-06-12 22:30:11] - 굿스플로 배송정보(receiveTrackingResults) - OK
[2022-06-12 22:30:11] - 티켓 상품 자동 배송 완료(batch_social_goods_confirm)
[2022-06-12 22:30:11] - 자동 구매 확정(batch_buy_confirm)
[2022-06-12 22:30:11] - 자동 주문 취소(order_cancel)
