[2022-06-01 21:40:01] - 구글 피드 생성(createGoogleFile)
[2022-06-01 21:40:01] - 페이스북 피드 생성(createFacebookFile)
[2022-06-01 21:40:01] - 입점마켓팅 네이버 판매지수EP 생성(createNaverSalesEpFile)
[2022-06-01 21:40:01] - 입점마켓팅 리뷰EP 생성(createReviewFile)
[2022-06-01 21:40:01] - 입점마켓팅 네이버EP 3.0 생성(createNaverThirdFile)
[2022-06-01 21:40:01] - 입점마켓팅 네이버EP 2.0 생성(createNaverFile)
[2022-06-01 21:40:01] - 입점마켓팅 다음EP 생성(createDaumFile)
[2022-06-02 21:40:02] - 구글 피드 생성(createGoogleFile)
[2022-06-02 21:40:02] - 페이스북 피드 생성(createFacebookFile)
[2022-06-02 21:40:02] - 입점마켓팅 네이버 판매지수EP 생성(createNaverSalesEpFile)
[2022-06-02 21:40:02] - 입점마켓팅 리뷰EP 생성(createReviewFile)
[2022-06-02 21:40:02] - 입점마켓팅 네이버EP 3.0 생성(createNaverThirdFile)
[2022-06-02 21:40:02] - 입점마켓팅 네이버EP 2.0 생성(createNaverFile)
[2022-06-02 21:40:02] - 입점마켓팅 다음EP 생성(createDaumFile)
[2022-06-03 21:40:02] - 구글 피드 생성(createGoogleFile)
[2022-06-03 21:40:02] - 페이스북 피드 생성(createFacebookFile)
[2022-06-03 21:40:02] - 입점마켓팅 네이버 판매지수EP 생성(createNaverSalesEpFile)
[2022-06-03 21:40:02] - 입점마켓팅 리뷰EP 생성(createReviewFile)
[2022-06-03 21:40:02] - 입점마켓팅 네이버EP 3.0 생성(createNaverThirdFile)
[2022-06-03 21:40:02] - 입점마켓팅 네이버EP 2.0 생성(createNaverFile)
[2022-06-03 21:40:02] - 입점마켓팅 다음EP 생성(createDaumFile)
[2022-06-04 21:40:02] - 구글 피드 생성(createGoogleFile)
[2022-06-04 21:40:02] - 페이스북 피드 생성(createFacebookFile)
[2022-06-04 21:40:02] - 입점마켓팅 네이버 판매지수EP 생성(createNaverSalesEpFile)
[2022-06-04 21:40:02] - 입점마켓팅 리뷰EP 생성(createReviewFile)
[2022-06-04 21:40:02] - 입점마켓팅 네이버EP 3.0 생성(createNaverThirdFile)
[2022-06-04 21:40:02] - 입점마켓팅 네이버EP 2.0 생성(createNaverFile)
[2022-06-04 21:40:02] - 입점마켓팅 다음EP 생성(createDaumFile)
[2022-06-05 21:40:02] - 구글 피드 생성(createGoogleFile)
[2022-06-05 21:40:02] - 페이스북 피드 생성(createFacebookFile)
[2022-06-05 21:40:02] - 입점마켓팅 네이버 판매지수EP 생성(createNaverSalesEpFile)
[2022-06-05 21:40:02] - 입점마켓팅 리뷰EP 생성(createReviewFile)
[2022-06-05 21:40:02] - 입점마켓팅 네이버EP 3.0 생성(createNaverThirdFile)
[2022-06-05 21:40:02] - 입점마켓팅 네이버EP 2.0 생성(createNaverFile)
[2022-06-05 21:40:02] - 입점마켓팅 다음EP 생성(createDaumFile)
[2022-06-06 21:40:01] - 구글 피드 생성(createGoogleFile)
[2022-06-06 21:40:01] - 페이스북 피드 생성(createFacebookFile)
[2022-06-06 21:40:01] - 입점마켓팅 네이버 판매지수EP 생성(createNaverSalesEpFile)
[2022-06-06 21:40:01] - 입점마켓팅 리뷰EP 생성(createReviewFile)
[2022-06-06 21:40:01] - 입점마켓팅 네이버EP 3.0 생성(createNaverThirdFile)
[2022-06-06 21:40:01] - 입점마켓팅 네이버EP 2.0 생성(createNaverFile)
[2022-06-06 21:40:01] - 입점마켓팅 다음EP 생성(createDaumFile)
[2022-06-07 21:40:02] - 구글 피드 생성(createGoogleFile)
[2022-06-07 21:40:02] - 페이스북 피드 생성(createFacebookFile)
[2022-06-07 21:40:02] - 입점마켓팅 네이버 판매지수EP 생성(createNaverSalesEpFile)
[2022-06-07 21:40:02] - 입점마켓팅 리뷰EP 생성(createReviewFile)
[2022-06-07 21:40:02] - 입점마켓팅 네이버EP 3.0 생성(createNaverThirdFile)
[2022-06-07 21:40:02] - 입점마켓팅 네이버EP 2.0 생성(createNaverFile)
[2022-06-07 21:40:02] - 입점마켓팅 다음EP 생성(createDaumFile)
[2022-06-08 21:40:02] - 구글 피드 생성(createGoogleFile)
[2022-06-08 21:40:02] - 페이스북 피드 생성(createFacebookFile)
[2022-06-08 21:40:02] - 입점마켓팅 네이버 판매지수EP 생성(createNaverSalesEpFile)
[2022-06-08 21:40:02] - 입점마켓팅 리뷰EP 생성(createReviewFile)
[2022-06-08 21:40:02] - 입점마켓팅 네이버EP 3.0 생성(createNaverThirdFile)
[2022-06-08 21:40:02] - 입점마켓팅 네이버EP 2.0 생성(createNaverFile)
[2022-06-08 21:40:02] - 입점마켓팅 다음EP 생성(createDaumFile)
[2022-06-09 21:40:02] - 구글 피드 생성(createGoogleFile)
[2022-06-09 21:40:02] - 페이스북 피드 생성(createFacebookFile)
[2022-06-09 21:40:02] - 입점마켓팅 네이버 판매지수EP 생성(createNaverSalesEpFile)
[2022-06-09 21:40:02] - 입점마켓팅 리뷰EP 생성(createReviewFile)
[2022-06-09 21:40:02] - 입점마켓팅 네이버EP 3.0 생성(createNaverThirdFile)
[2022-06-09 21:40:02] - 입점마켓팅 네이버EP 2.0 생성(createNaverFile)
[2022-06-09 21:40:02] - 입점마켓팅 다음EP 생성(createDaumFile)
[2022-06-10 21:40:02] - 구글 피드 생성(createGoogleFile)
[2022-06-10 21:40:02] - 페이스북 피드 생성(createFacebookFile)
[2022-06-10 21:40:02] - 입점마켓팅 네이버 판매지수EP 생성(createNaverSalesEpFile)
[2022-06-10 21:40:02] - 입점마켓팅 리뷰EP 생성(createReviewFile)
[2022-06-10 21:40:02] - 입점마켓팅 네이버EP 3.0 생성(createNaverThirdFile)
[2022-06-10 21:40:02] - 입점마켓팅 네이버EP 2.0 생성(createNaverFile)
[2022-06-10 21:40:02] - 입점마켓팅 다음EP 생성(createDaumFile)
[2022-06-11 21:40:02] - 구글 피드 생성(createGoogleFile)
[2022-06-11 21:40:02] - 페이스북 피드 생성(createFacebookFile)
[2022-06-11 21:40:02] - 입점마켓팅 네이버 판매지수EP 생성(createNaverSalesEpFile)
[2022-06-11 21:40:02] - 입점마켓팅 리뷰EP 생성(createReviewFile)
[2022-06-11 21:40:02] - 입점마켓팅 네이버EP 3.0 생성(createNaverThirdFile)
[2022-06-11 21:40:02] - 입점마켓팅 네이버EP 2.0 생성(createNaverFile)
[2022-06-11 21:40:02] - 입점마켓팅 다음EP 생성(createDaumFile)
[2022-06-12 21:40:02] - 구글 피드 생성(createGoogleFile)
[2022-06-12 21:40:02] - 페이스북 피드 생성(createFacebookFile)
[2022-06-12 21:40:02] - 입점마켓팅 네이버 판매지수EP 생성(createNaverSalesEpFile)
[2022-06-12 21:40:02] - 입점마켓팅 리뷰EP 생성(createReviewFile)
[2022-06-12 21:40:02] - 입점마켓팅 네이버EP 3.0 생성(createNaverThirdFile)
[2022-06-12 21:40:02] - 입점마켓팅 네이버EP 2.0 생성(createNaverFile)
[2022-06-12 21:40:02] - 입점마켓팅 다음EP 생성(createDaumFile)
