[2022-04-01 22:30:14] - 개인정보 관리자 로그 삭제(delete_manager_log)
[2022-04-01 22:30:14] - 방송 취소 처리(broadcast_cancel)
[2022-04-01 22:30:14] - 로그 폴더 삭제(delete_log_files)
[2022-04-01 22:30:14] - KICC 코드 동기화(kicc_code)
[2022-04-01 22:30:14] - SMS 국가 코드(sms_national_code)
[2022-04-01 22:30:14] - 서버 캐시파일 삭제(delete_caches)
[2022-04-01 22:30:14] - 엑셀 파일 삭제(delete_excel_file)
[2022-04-01 22:30:14] - 언어별 js메시지 파일 생성(create_alert_file)
[2022-04-01 22:30:14] - 부가서비스 이슈 알림(addservice_notify)
[2022-04-01 22:30:14] - 관리자 중요행위 알림 캐시파일 생성(makeCacheActionAert)
[2022-04-01 22:30:14] - 사용 용량 업데이트(du_check)
[2022-04-01 22:30:14] - 플래시 캐시 파일 삭제(delete_flash_cach)
[2022-04-01 22:30:14] - 캡차 파일 삭제(captcha_file_delete)
[2022-04-01 22:30:14] - 오래된 파일 삭제(tmp_file_delete)
[2022-04-01 22:30:14] - 카카오알림톡 템플릿 동기화(kakaotalk_template)
[2022-04-01 22:30:14] - 엑셀다운로드데이터 삭제(delete_excel_temp)
[2022-04-01 22:30:14] - naverpay 삭제(log_naverpay_delete)
[2022-04-01 22:30:14] - captcha 삭제(log_captcha_delete)
[2022-04-01 22:30:14] - email log 삭제(log_email_delete)
[2022-04-01 22:30:14] - 장바구니 비우기(empty_cart)
[2022-04-01 22:30:14] - 엑심베이 코드 동기화(eximbay)
[2022-04-01 22:30:14] - 코드 동기화(code_sync)
[2022-04-01 22:30:14] - config 동기화(config_sync)
[2022-04-01 22:30:14] - 택배사 동기화(delivery_url)
[2022-04-01 22:30:14] - 쇼핑몰 분류 동기화(shop_branch)
[2022-04-02 22:30:15] - 개인정보 관리자 로그 삭제(delete_manager_log)
[2022-04-02 22:30:15] - 방송 취소 처리(broadcast_cancel)
[2022-04-02 22:30:15] - 로그 폴더 삭제(delete_log_files)
[2022-04-02 22:30:15] - KICC 코드 동기화(kicc_code)
[2022-04-02 22:30:15] - SMS 국가 코드(sms_national_code)
[2022-04-02 22:30:15] - 서버 캐시파일 삭제(delete_caches)
[2022-04-02 22:30:15] - 엑셀 파일 삭제(delete_excel_file)
[2022-04-02 22:30:15] - 언어별 js메시지 파일 생성(create_alert_file)
[2022-04-02 22:30:15] - 부가서비스 이슈 알림(addservice_notify)
[2022-04-02 22:30:15] - 관리자 중요행위 알림 캐시파일 생성(makeCacheActionAert)
[2022-04-02 22:30:15] - 사용 용량 업데이트(du_check)
[2022-04-02 22:30:15] - 플래시 캐시 파일 삭제(delete_flash_cach)
[2022-04-02 22:30:15] - 캡차 파일 삭제(captcha_file_delete)
[2022-04-02 22:30:15] - 오래된 파일 삭제(tmp_file_delete)
[2022-04-02 22:30:15] - 카카오알림톡 템플릿 동기화(kakaotalk_template)
[2022-04-02 22:30:15] - 엑셀다운로드데이터 삭제(delete_excel_temp)
[2022-04-02 22:30:15] - naverpay 삭제(log_naverpay_delete)
[2022-04-02 22:30:15] - captcha 삭제(log_captcha_delete)
[2022-04-02 22:30:15] - email log 삭제(log_email_delete)
[2022-04-02 22:30:15] - 장바구니 비우기(empty_cart)
[2022-04-02 22:30:15] - 엑심베이 코드 동기화(eximbay)
[2022-04-02 22:30:15] - 코드 동기화(code_sync)
[2022-04-02 22:30:15] - config 동기화(config_sync)
[2022-04-02 22:30:15] - 택배사 동기화(delivery_url)
[2022-04-02 22:30:15] - 쇼핑몰 분류 동기화(shop_branch)
[2022-04-03 22:30:14] - 개인정보 관리자 로그 삭제(delete_manager_log)
[2022-04-03 22:30:14] - 방송 취소 처리(broadcast_cancel)
[2022-04-03 22:30:14] - 로그 폴더 삭제(delete_log_files)
[2022-04-03 22:30:14] - KICC 코드 동기화(kicc_code)
[2022-04-03 22:30:14] - SMS 국가 코드(sms_national_code)
[2022-04-03 22:30:14] - 서버 캐시파일 삭제(delete_caches)
[2022-04-03 22:30:14] - 엑셀 파일 삭제(delete_excel_file)
[2022-04-03 22:30:14] - 언어별 js메시지 파일 생성(create_alert_file)
[2022-04-03 22:30:14] - 부가서비스 이슈 알림(addservice_notify)
[2022-04-03 22:30:14] - 관리자 중요행위 알림 캐시파일 생성(makeCacheActionAert)
[2022-04-03 22:30:14] - 사용 용량 업데이트(du_check)
[2022-04-03 22:30:14] - 플래시 캐시 파일 삭제(delete_flash_cach)
[2022-04-03 22:30:14] - 캡차 파일 삭제(captcha_file_delete)
[2022-04-03 22:30:14] - 오래된 파일 삭제(tmp_file_delete)
[2022-04-03 22:30:14] - 카카오알림톡 템플릿 동기화(kakaotalk_template)
[2022-04-03 22:30:14] - 엑셀다운로드데이터 삭제(delete_excel_temp)
[2022-04-03 22:30:14] - naverpay 삭제(log_naverpay_delete)
[2022-04-03 22:30:14] - captcha 삭제(log_captcha_delete)
[2022-04-03 22:30:14] - email log 삭제(log_email_delete)
[2022-04-03 22:30:14] - 장바구니 비우기(empty_cart)
[2022-04-03 22:30:14] - 엑심베이 코드 동기화(eximbay)
[2022-04-03 22:30:14] - 코드 동기화(code_sync)
[2022-04-03 22:30:14] - config 동기화(config_sync)
[2022-04-03 22:30:14] - 택배사 동기화(delivery_url)
[2022-04-03 22:30:14] - 쇼핑몰 분류 동기화(shop_branch)
[2022-04-04 22:30:12] - 개인정보 관리자 로그 삭제(delete_manager_log)
[2022-04-04 22:30:12] - 방송 취소 처리(broadcast_cancel)
[2022-04-04 22:30:12] - 로그 폴더 삭제(delete_log_files)
[2022-04-04 22:30:12] - KICC 코드 동기화(kicc_code)
[2022-04-04 22:30:12] - SMS 국가 코드(sms_national_code)
[2022-04-04 22:30:12] - 서버 캐시파일 삭제(delete_caches)
[2022-04-04 22:30:12] - 엑셀 파일 삭제(delete_excel_file)
[2022-04-04 22:30:12] - 언어별 js메시지 파일 생성(create_alert_file)
[2022-04-04 22:30:12] - 부가서비스 이슈 알림(addservice_notify)
[2022-04-04 22:30:12] - 관리자 중요행위 알림 캐시파일 생성(makeCacheActionAert)
[2022-04-04 22:30:12] - 사용 용량 업데이트(du_check)
[2022-04-04 22:30:12] - 플래시 캐시 파일 삭제(delete_flash_cach)
[2022-04-04 22:30:12] - 캡차 파일 삭제(captcha_file_delete)
[2022-04-04 22:30:12] - 오래된 파일 삭제(tmp_file_delete)
[2022-04-04 22:30:12] - 카카오알림톡 템플릿 동기화(kakaotalk_template)
[2022-04-04 22:30:12] - 엑셀다운로드데이터 삭제(delete_excel_temp)
[2022-04-04 22:30:12] - naverpay 삭제(log_naverpay_delete)
[2022-04-04 22:30:12] - captcha 삭제(log_captcha_delete)
[2022-04-04 22:30:12] - email log 삭제(log_email_delete)
[2022-04-04 22:30:12] - 장바구니 비우기(empty_cart)
[2022-04-04 22:30:12] - 엑심베이 코드 동기화(eximbay)
[2022-04-04 22:30:12] - 코드 동기화(code_sync)
[2022-04-04 22:30:12] - config 동기화(config_sync)
[2022-04-04 22:30:12] - 택배사 동기화(delivery_url)
[2022-04-04 22:30:12] - 쇼핑몰 분류 동기화(shop_branch)
[2022-04-05 22:30:13] - 개인정보 관리자 로그 삭제(delete_manager_log)
[2022-04-05 22:30:13] - 방송 취소 처리(broadcast_cancel)
[2022-04-05 22:30:13] - 로그 폴더 삭제(delete_log_files)
[2022-04-05 22:30:13] - KICC 코드 동기화(kicc_code)
[2022-04-05 22:30:13] - SMS 국가 코드(sms_national_code)
[2022-04-05 22:30:13] - 서버 캐시파일 삭제(delete_caches)
[2022-04-05 22:30:13] - 엑셀 파일 삭제(delete_excel_file)
[2022-04-05 22:30:13] - 언어별 js메시지 파일 생성(create_alert_file)
[2022-04-05 22:30:13] - 부가서비스 이슈 알림(addservice_notify)
[2022-04-05 22:30:13] - 관리자 중요행위 알림 캐시파일 생성(makeCacheActionAert)
[2022-04-05 22:30:13] - 사용 용량 업데이트(du_check)
[2022-04-05 22:30:13] - 플래시 캐시 파일 삭제(delete_flash_cach)
[2022-04-05 22:30:13] - 캡차 파일 삭제(captcha_file_delete)
[2022-04-05 22:30:13] - 오래된 파일 삭제(tmp_file_delete)
[2022-04-05 22:30:13] - 카카오알림톡 템플릿 동기화(kakaotalk_template)
[2022-04-05 22:30:13] - 엑셀다운로드데이터 삭제(delete_excel_temp)
[2022-04-05 22:30:13] - naverpay 삭제(log_naverpay_delete)
[2022-04-05 22:30:13] - captcha 삭제(log_captcha_delete)
[2022-04-05 22:30:13] - email log 삭제(log_email_delete)
[2022-04-05 22:30:13] - 장바구니 비우기(empty_cart)
[2022-04-05 22:30:13] - 엑심베이 코드 동기화(eximbay)
[2022-04-05 22:30:13] - 코드 동기화(code_sync)
[2022-04-05 22:30:13] - config 동기화(config_sync)
[2022-04-05 22:30:13] - 택배사 동기화(delivery_url)
[2022-04-05 22:30:13] - 쇼핑몰 분류 동기화(shop_branch)
[2022-04-06 22:30:15] - 개인정보 관리자 로그 삭제(delete_manager_log)
[2022-04-06 22:30:15] - 방송 취소 처리(broadcast_cancel)
[2022-04-06 22:30:15] - 로그 폴더 삭제(delete_log_files)
[2022-04-06 22:30:15] - KICC 코드 동기화(kicc_code)
[2022-04-06 22:30:15] - SMS 국가 코드(sms_national_code)
[2022-04-06 22:30:15] - 서버 캐시파일 삭제(delete_caches)
[2022-04-06 22:30:15] - 엑셀 파일 삭제(delete_excel_file)
[2022-04-06 22:30:15] - 언어별 js메시지 파일 생성(create_alert_file)
[2022-04-06 22:30:15] - 부가서비스 이슈 알림(addservice_notify)
[2022-04-06 22:30:15] - 관리자 중요행위 알림 캐시파일 생성(makeCacheActionAert)
[2022-04-06 22:30:15] - 사용 용량 업데이트(du_check)
[2022-04-06 22:30:15] - 플래시 캐시 파일 삭제(delete_flash_cach)
[2022-04-06 22:30:15] - 캡차 파일 삭제(captcha_file_delete)
[2022-04-06 22:30:15] - 오래된 파일 삭제(tmp_file_delete)
[2022-04-06 22:30:15] - 카카오알림톡 템플릿 동기화(kakaotalk_template)
[2022-04-06 22:30:15] - 엑셀다운로드데이터 삭제(delete_excel_temp)
[2022-04-06 22:30:15] - naverpay 삭제(log_naverpay_delete)
[2022-04-06 22:30:15] - captcha 삭제(log_captcha_delete)
[2022-04-06 22:30:15] - email log 삭제(log_email_delete)
[2022-04-06 22:30:15] - 장바구니 비우기(empty_cart)
[2022-04-06 22:30:15] - 엑심베이 코드 동기화(eximbay)
[2022-04-06 22:30:15] - 코드 동기화(code_sync)
[2022-04-06 22:30:15] - config 동기화(config_sync)
[2022-04-06 22:30:15] - 택배사 동기화(delivery_url)
[2022-04-06 22:30:15] - 쇼핑몰 분류 동기화(shop_branch)
[2022-04-07 22:30:16] - 개인정보 관리자 로그 삭제(delete_manager_log)
[2022-04-07 22:30:16] - 방송 취소 처리(broadcast_cancel)
[2022-04-07 22:30:16] - 로그 폴더 삭제(delete_log_files)
[2022-04-07 22:30:16] - KICC 코드 동기화(kicc_code)
[2022-04-07 22:30:16] - SMS 국가 코드(sms_national_code)
[2022-04-07 22:30:16] - 서버 캐시파일 삭제(delete_caches)
[2022-04-07 22:30:16] - 엑셀 파일 삭제(delete_excel_file)
[2022-04-07 22:30:16] - 언어별 js메시지 파일 생성(create_alert_file)
[2022-04-07 22:30:16] - 부가서비스 이슈 알림(addservice_notify)
[2022-04-07 22:30:16] - 관리자 중요행위 알림 캐시파일 생성(makeCacheActionAert)
[2022-04-07 22:30:16] - 사용 용량 업데이트(du_check)
[2022-04-07 22:30:16] - 플래시 캐시 파일 삭제(delete_flash_cach)
[2022-04-07 22:30:16] - 캡차 파일 삭제(captcha_file_delete)
[2022-04-07 22:30:16] - 오래된 파일 삭제(tmp_file_delete)
[2022-04-07 22:30:16] - 카카오알림톡 템플릿 동기화(kakaotalk_template)
[2022-04-07 22:30:16] - 엑셀다운로드데이터 삭제(delete_excel_temp)
[2022-04-07 22:30:16] - naverpay 삭제(log_naverpay_delete)
[2022-04-07 22:30:16] - captcha 삭제(log_captcha_delete)
[2022-04-07 22:30:16] - email log 삭제(log_email_delete)
[2022-04-07 22:30:16] - 장바구니 비우기(empty_cart)
[2022-04-07 22:30:16] - 엑심베이 코드 동기화(eximbay)
[2022-04-07 22:30:16] - 코드 동기화(code_sync)
[2022-04-07 22:30:16] - config 동기화(config_sync)
[2022-04-07 22:30:16] - 택배사 동기화(delivery_url)
[2022-04-07 22:30:16] - 쇼핑몰 분류 동기화(shop_branch)
[2022-04-08 22:30:15] - 개인정보 관리자 로그 삭제(delete_manager_log)
[2022-04-08 22:30:15] - 방송 취소 처리(broadcast_cancel)
[2022-04-08 22:30:15] - 로그 폴더 삭제(delete_log_files)
[2022-04-08 22:30:15] - KICC 코드 동기화(kicc_code)
[2022-04-08 22:30:15] - SMS 국가 코드(sms_national_code)
[2022-04-08 22:30:15] - 서버 캐시파일 삭제(delete_caches)
[2022-04-08 22:30:15] - 엑셀 파일 삭제(delete_excel_file)
[2022-04-08 22:30:15] - 언어별 js메시지 파일 생성(create_alert_file)
[2022-04-08 22:30:15] - 부가서비스 이슈 알림(addservice_notify)
[2022-04-08 22:30:15] - 관리자 중요행위 알림 캐시파일 생성(makeCacheActionAert)
[2022-04-08 22:30:15] - 사용 용량 업데이트(du_check)
[2022-04-08 22:30:15] - 플래시 캐시 파일 삭제(delete_flash_cach)
[2022-04-08 22:30:15] - 캡차 파일 삭제(captcha_file_delete)
[2022-04-08 22:30:15] - 오래된 파일 삭제(tmp_file_delete)
[2022-04-08 22:30:15] - 카카오알림톡 템플릿 동기화(kakaotalk_template)
[2022-04-08 22:30:15] - 엑셀다운로드데이터 삭제(delete_excel_temp)
[2022-04-08 22:30:15] - naverpay 삭제(log_naverpay_delete)
[2022-04-08 22:30:15] - captcha 삭제(log_captcha_delete)
[2022-04-08 22:30:15] - email log 삭제(log_email_delete)
[2022-04-08 22:30:15] - 장바구니 비우기(empty_cart)
[2022-04-08 22:30:15] - 엑심베이 코드 동기화(eximbay)
[2022-04-08 22:30:15] - 코드 동기화(code_sync)
[2022-04-08 22:30:15] - config 동기화(config_sync)
[2022-04-08 22:30:15] - 택배사 동기화(delivery_url)
[2022-04-08 22:30:15] - 쇼핑몰 분류 동기화(shop_branch)
[2022-04-09 22:30:15] - 개인정보 관리자 로그 삭제(delete_manager_log)
[2022-04-09 22:30:15] - 방송 취소 처리(broadcast_cancel)
[2022-04-09 22:30:15] - 로그 폴더 삭제(delete_log_files)
[2022-04-09 22:30:15] - KICC 코드 동기화(kicc_code)
[2022-04-09 22:30:15] - SMS 국가 코드(sms_national_code)
[2022-04-09 22:30:15] - 서버 캐시파일 삭제(delete_caches)
[2022-04-09 22:30:15] - 엑셀 파일 삭제(delete_excel_file)
[2022-04-09 22:30:15] - 언어별 js메시지 파일 생성(create_alert_file)
[2022-04-09 22:30:15] - 부가서비스 이슈 알림(addservice_notify)
[2022-04-09 22:30:15] - 관리자 중요행위 알림 캐시파일 생성(makeCacheActionAert)
[2022-04-09 22:30:15] - 사용 용량 업데이트(du_check)
[2022-04-09 22:30:15] - 플래시 캐시 파일 삭제(delete_flash_cach)
[2022-04-09 22:30:15] - 캡차 파일 삭제(captcha_file_delete)
[2022-04-09 22:30:15] - 오래된 파일 삭제(tmp_file_delete)
[2022-04-09 22:30:15] - 카카오알림톡 템플릿 동기화(kakaotalk_template)
[2022-04-09 22:30:15] - 엑셀다운로드데이터 삭제(delete_excel_temp)
[2022-04-09 22:30:15] - naverpay 삭제(log_naverpay_delete)
[2022-04-09 22:30:15] - captcha 삭제(log_captcha_delete)
[2022-04-09 22:30:15] - email log 삭제(log_email_delete)
[2022-04-09 22:30:15] - 장바구니 비우기(empty_cart)
[2022-04-09 22:30:15] - 엑심베이 코드 동기화(eximbay)
[2022-04-09 22:30:15] - 코드 동기화(code_sync)
[2022-04-09 22:30:15] - config 동기화(config_sync)
[2022-04-09 22:30:15] - 택배사 동기화(delivery_url)
[2022-04-09 22:30:15] - 쇼핑몰 분류 동기화(shop_branch)
[2022-04-10 22:30:15] - 개인정보 관리자 로그 삭제(delete_manager_log)
[2022-04-10 22:30:15] - 방송 취소 처리(broadcast_cancel)
[2022-04-10 22:30:15] - 로그 폴더 삭제(delete_log_files)
[2022-04-10 22:30:15] - KICC 코드 동기화(kicc_code)
[2022-04-10 22:30:15] - SMS 국가 코드(sms_national_code)
[2022-04-10 22:30:15] - 서버 캐시파일 삭제(delete_caches)
[2022-04-10 22:30:15] - 엑셀 파일 삭제(delete_excel_file)
[2022-04-10 22:30:15] - 언어별 js메시지 파일 생성(create_alert_file)
[2022-04-10 22:30:15] - 부가서비스 이슈 알림(addservice_notify)
[2022-04-10 22:30:15] - 관리자 중요행위 알림 캐시파일 생성(makeCacheActionAert)
[2022-04-10 22:30:15] - 사용 용량 업데이트(du_check)
[2022-04-10 22:30:15] - 플래시 캐시 파일 삭제(delete_flash_cach)
[2022-04-10 22:30:15] - 캡차 파일 삭제(captcha_file_delete)
[2022-04-10 22:30:15] - 오래된 파일 삭제(tmp_file_delete)
[2022-04-10 22:30:15] - 카카오알림톡 템플릿 동기화(kakaotalk_template)
[2022-04-10 22:30:15] - 엑셀다운로드데이터 삭제(delete_excel_temp)
[2022-04-10 22:30:15] - naverpay 삭제(log_naverpay_delete)
[2022-04-10 22:30:15] - captcha 삭제(log_captcha_delete)
[2022-04-10 22:30:15] - email log 삭제(log_email_delete)
[2022-04-10 22:30:15] - 장바구니 비우기(empty_cart)
[2022-04-10 22:30:15] - 엑심베이 코드 동기화(eximbay)
[2022-04-10 22:30:15] - 코드 동기화(code_sync)
[2022-04-10 22:30:15] - config 동기화(config_sync)
[2022-04-10 22:30:15] - 택배사 동기화(delivery_url)
[2022-04-10 22:30:15] - 쇼핑몰 분류 동기화(shop_branch)
[2022-04-11 22:30:15] - 개인정보 관리자 로그 삭제(delete_manager_log)
[2022-04-11 22:30:15] - 방송 취소 처리(broadcast_cancel)
[2022-04-11 22:30:15] - 로그 폴더 삭제(delete_log_files)
[2022-04-11 22:30:15] - KICC 코드 동기화(kicc_code)
[2022-04-11 22:30:15] - SMS 국가 코드(sms_national_code)
[2022-04-11 22:30:15] - 서버 캐시파일 삭제(delete_caches)
[2022-04-11 22:30:15] - 엑셀 파일 삭제(delete_excel_file)
[2022-04-11 22:30:15] - 언어별 js메시지 파일 생성(create_alert_file)
[2022-04-11 22:30:15] - 부가서비스 이슈 알림(addservice_notify)
[2022-04-11 22:30:15] - 관리자 중요행위 알림 캐시파일 생성(makeCacheActionAert)
[2022-04-11 22:30:15] - 사용 용량 업데이트(du_check)
[2022-04-11 22:30:15] - 플래시 캐시 파일 삭제(delete_flash_cach)
[2022-04-11 22:30:15] - 캡차 파일 삭제(captcha_file_delete)
[2022-04-11 22:30:15] - 오래된 파일 삭제(tmp_file_delete)
[2022-04-11 22:30:15] - 카카오알림톡 템플릿 동기화(kakaotalk_template)
[2022-04-11 22:30:15] - 엑셀다운로드데이터 삭제(delete_excel_temp)
[2022-04-11 22:30:15] - naverpay 삭제(log_naverpay_delete)
[2022-04-11 22:30:15] - captcha 삭제(log_captcha_delete)
[2022-04-11 22:30:15] - email log 삭제(log_email_delete)
[2022-04-11 22:30:15] - 장바구니 비우기(empty_cart)
[2022-04-11 22:30:15] - 엑심베이 코드 동기화(eximbay)
[2022-04-11 22:30:15] - 코드 동기화(code_sync)
[2022-04-11 22:30:15] - config 동기화(config_sync)
[2022-04-11 22:30:15] - 택배사 동기화(delivery_url)
[2022-04-11 22:30:15] - 쇼핑몰 분류 동기화(shop_branch)
[2022-04-12 22:30:15] - 개인정보 관리자 로그 삭제(delete_manager_log)
[2022-04-12 22:30:15] - 방송 취소 처리(broadcast_cancel)
[2022-04-12 22:30:15] - 로그 폴더 삭제(delete_log_files)
[2022-04-12 22:30:15] - KICC 코드 동기화(kicc_code)
[2022-04-12 22:30:15] - SMS 국가 코드(sms_national_code)
[2022-04-12 22:30:15] - 서버 캐시파일 삭제(delete_caches)
[2022-04-12 22:30:15] - 엑셀 파일 삭제(delete_excel_file)
[2022-04-12 22:30:15] - 언어별 js메시지 파일 생성(create_alert_file)
[2022-04-12 22:30:15] - 부가서비스 이슈 알림(addservice_notify)
[2022-04-12 22:30:15] - 관리자 중요행위 알림 캐시파일 생성(makeCacheActionAert)
[2022-04-12 22:30:15] - 사용 용량 업데이트(du_check)
[2022-04-12 22:30:15] - 플래시 캐시 파일 삭제(delete_flash_cach)
[2022-04-12 22:30:15] - 캡차 파일 삭제(captcha_file_delete)
[2022-04-12 22:30:15] - 오래된 파일 삭제(tmp_file_delete)
[2022-04-12 22:30:15] - 카카오알림톡 템플릿 동기화(kakaotalk_template)
[2022-04-12 22:30:15] - 엑셀다운로드데이터 삭제(delete_excel_temp)
[2022-04-12 22:30:15] - naverpay 삭제(log_naverpay_delete)
[2022-04-12 22:30:15] - captcha 삭제(log_captcha_delete)
[2022-04-12 22:30:15] - email log 삭제(log_email_delete)
[2022-04-12 22:30:15] - 장바구니 비우기(empty_cart)
[2022-04-12 22:30:15] - 엑심베이 코드 동기화(eximbay)
[2022-04-12 22:30:15] - 코드 동기화(code_sync)
[2022-04-12 22:30:15] - config 동기화(config_sync)
[2022-04-12 22:30:15] - 택배사 동기화(delivery_url)
[2022-04-12 22:30:15] - 쇼핑몰 분류 동기화(shop_branch)
[2022-04-13 22:30:15] - 개인정보 관리자 로그 삭제(delete_manager_log)
[2022-04-13 22:30:15] - 방송 취소 처리(broadcast_cancel)
[2022-04-13 22:30:15] - 로그 폴더 삭제(delete_log_files)
[2022-04-13 22:30:15] - KICC 코드 동기화(kicc_code)
[2022-04-13 22:30:15] - SMS 국가 코드(sms_national_code)
[2022-04-13 22:30:15] - 서버 캐시파일 삭제(delete_caches)
[2022-04-13 22:30:15] - 엑셀 파일 삭제(delete_excel_file)
[2022-04-13 22:30:15] - 언어별 js메시지 파일 생성(create_alert_file)
[2022-04-13 22:30:15] - 부가서비스 이슈 알림(addservice_notify)
[2022-04-13 22:30:15] - 관리자 중요행위 알림 캐시파일 생성(makeCacheActionAert)
[2022-04-13 22:30:15] - 사용 용량 업데이트(du_check)
[2022-04-13 22:30:15] - 플래시 캐시 파일 삭제(delete_flash_cach)
[2022-04-13 22:30:15] - 캡차 파일 삭제(captcha_file_delete)
[2022-04-13 22:30:15] - 오래된 파일 삭제(tmp_file_delete)
[2022-04-13 22:30:15] - 카카오알림톡 템플릿 동기화(kakaotalk_template)
[2022-04-13 22:30:15] - 엑셀다운로드데이터 삭제(delete_excel_temp)
[2022-04-13 22:30:15] - naverpay 삭제(log_naverpay_delete)
[2022-04-13 22:30:15] - captcha 삭제(log_captcha_delete)
[2022-04-13 22:30:15] - email log 삭제(log_email_delete)
[2022-04-13 22:30:15] - 장바구니 비우기(empty_cart)
[2022-04-13 22:30:15] - 엑심베이 코드 동기화(eximbay)
[2022-04-13 22:30:15] - 코드 동기화(code_sync)
[2022-04-13 22:30:15] - config 동기화(config_sync)
[2022-04-13 22:30:15] - 택배사 동기화(delivery_url)
[2022-04-13 22:30:15] - 쇼핑몰 분류 동기화(shop_branch)
[2022-04-14 22:30:15] - 개인정보 관리자 로그 삭제(delete_manager_log)
[2022-04-14 22:30:15] - 방송 취소 처리(broadcast_cancel)
[2022-04-14 22:30:15] - 로그 폴더 삭제(delete_log_files)
[2022-04-14 22:30:15] - KICC 코드 동기화(kicc_code)
[2022-04-14 22:30:15] - SMS 국가 코드(sms_national_code)
[2022-04-14 22:30:15] - 서버 캐시파일 삭제(delete_caches)
[2022-04-14 22:30:15] - 엑셀 파일 삭제(delete_excel_file)
[2022-04-14 22:30:15] - 언어별 js메시지 파일 생성(create_alert_file)
[2022-04-14 22:30:15] - 부가서비스 이슈 알림(addservice_notify)
[2022-04-14 22:30:15] - 관리자 중요행위 알림 캐시파일 생성(makeCacheActionAert)
[2022-04-14 22:30:15] - 사용 용량 업데이트(du_check)
[2022-04-14 22:30:15] - 플래시 캐시 파일 삭제(delete_flash_cach)
[2022-04-14 22:30:15] - 캡차 파일 삭제(captcha_file_delete)
[2022-04-14 22:30:15] - 오래된 파일 삭제(tmp_file_delete)
[2022-04-14 22:30:15] - 카카오알림톡 템플릿 동기화(kakaotalk_template)
[2022-04-14 22:30:15] - 엑셀다운로드데이터 삭제(delete_excel_temp)
[2022-04-14 22:30:15] - naverpay 삭제(log_naverpay_delete)
[2022-04-14 22:30:15] - captcha 삭제(log_captcha_delete)
[2022-04-14 22:30:15] - email log 삭제(log_email_delete)
[2022-04-14 22:30:15] - 장바구니 비우기(empty_cart)
[2022-04-14 22:30:15] - 엑심베이 코드 동기화(eximbay)
[2022-04-14 22:30:15] - 코드 동기화(code_sync)
[2022-04-14 22:30:15] - config 동기화(config_sync)
[2022-04-14 22:30:15] - 택배사 동기화(delivery_url)
[2022-04-14 22:30:15] - 쇼핑몰 분류 동기화(shop_branch)
[2022-04-15 22:30:14] - 개인정보 관리자 로그 삭제(delete_manager_log)
[2022-04-15 22:30:14] - 방송 취소 처리(broadcast_cancel)
[2022-04-15 22:30:14] - 로그 폴더 삭제(delete_log_files)
[2022-04-15 22:30:14] - KICC 코드 동기화(kicc_code)
[2022-04-15 22:30:14] - SMS 국가 코드(sms_national_code)
[2022-04-15 22:30:14] - 서버 캐시파일 삭제(delete_caches)
[2022-04-15 22:30:14] - 엑셀 파일 삭제(delete_excel_file)
[2022-04-15 22:30:14] - 언어별 js메시지 파일 생성(create_alert_file)
[2022-04-15 22:30:14] - 부가서비스 이슈 알림(addservice_notify)
[2022-04-15 22:30:14] - 관리자 중요행위 알림 캐시파일 생성(makeCacheActionAert)
[2022-04-15 22:30:14] - 사용 용량 업데이트(du_check)
[2022-04-15 22:30:14] - 플래시 캐시 파일 삭제(delete_flash_cach)
[2022-04-15 22:30:14] - 캡차 파일 삭제(captcha_file_delete)
[2022-04-15 22:30:14] - 오래된 파일 삭제(tmp_file_delete)
[2022-04-15 22:30:14] - 카카오알림톡 템플릿 동기화(kakaotalk_template)
[2022-04-15 22:30:14] - 엑셀다운로드데이터 삭제(delete_excel_temp)
[2022-04-15 22:30:14] - naverpay 삭제(log_naverpay_delete)
[2022-04-15 22:30:14] - captcha 삭제(log_captcha_delete)
[2022-04-15 22:30:14] - email log 삭제(log_email_delete)
[2022-04-15 22:30:14] - 장바구니 비우기(empty_cart)
[2022-04-15 22:30:14] - 엑심베이 코드 동기화(eximbay)
[2022-04-15 22:30:14] - 코드 동기화(code_sync)
[2022-04-15 22:30:14] - config 동기화(config_sync)
[2022-04-15 22:30:14] - 택배사 동기화(delivery_url)
[2022-04-15 22:30:14] - 쇼핑몰 분류 동기화(shop_branch)
[2022-04-16 22:30:10] - 개인정보 관리자 로그 삭제(delete_manager_log)
[2022-04-16 22:30:10] - 방송 취소 처리(broadcast_cancel)
[2022-04-16 22:30:10] - 로그 폴더 삭제(delete_log_files)
[2022-04-16 22:30:10] - KICC 코드 동기화(kicc_code)
[2022-04-16 22:30:10] - SMS 국가 코드(sms_national_code)
[2022-04-16 22:30:10] - 서버 캐시파일 삭제(delete_caches)
[2022-04-16 22:30:10] - 엑셀 파일 삭제(delete_excel_file)
[2022-04-16 22:30:10] - 언어별 js메시지 파일 생성(create_alert_file)
[2022-04-16 22:30:10] - 부가서비스 이슈 알림(addservice_notify)
[2022-04-16 22:30:10] - 관리자 중요행위 알림 캐시파일 생성(makeCacheActionAert)
[2022-04-16 22:30:10] - 사용 용량 업데이트(du_check)
[2022-04-16 22:30:10] - 플래시 캐시 파일 삭제(delete_flash_cach)
[2022-04-16 22:30:10] - 캡차 파일 삭제(captcha_file_delete)
[2022-04-16 22:30:10] - 오래된 파일 삭제(tmp_file_delete)
[2022-04-16 22:30:10] - 카카오알림톡 템플릿 동기화(kakaotalk_template)
[2022-04-16 22:30:10] - 엑셀다운로드데이터 삭제(delete_excel_temp)
[2022-04-16 22:30:10] - naverpay 삭제(log_naverpay_delete)
[2022-04-16 22:30:10] - captcha 삭제(log_captcha_delete)
[2022-04-16 22:30:10] - email log 삭제(log_email_delete)
[2022-04-16 22:30:10] - 장바구니 비우기(empty_cart)
[2022-04-16 22:30:10] - 엑심베이 코드 동기화(eximbay)
[2022-04-16 22:30:10] - 코드 동기화(code_sync)
[2022-04-16 22:30:10] - config 동기화(config_sync)
[2022-04-16 22:30:10] - 택배사 동기화(delivery_url)
[2022-04-16 22:30:10] - 쇼핑몰 분류 동기화(shop_branch)
[2022-04-17 22:30:15] - 개인정보 관리자 로그 삭제(delete_manager_log)
[2022-04-17 22:30:15] - 방송 취소 처리(broadcast_cancel)
[2022-04-17 22:30:15] - 로그 폴더 삭제(delete_log_files)
[2022-04-17 22:30:15] - KICC 코드 동기화(kicc_code)
[2022-04-17 22:30:15] - SMS 국가 코드(sms_national_code)
[2022-04-17 22:30:15] - 서버 캐시파일 삭제(delete_caches)
[2022-04-17 22:30:15] - 엑셀 파일 삭제(delete_excel_file)
[2022-04-17 22:30:15] - 언어별 js메시지 파일 생성(create_alert_file)
[2022-04-17 22:30:15] - 부가서비스 이슈 알림(addservice_notify)
[2022-04-17 22:30:15] - 관리자 중요행위 알림 캐시파일 생성(makeCacheActionAert)
[2022-04-17 22:30:15] - 사용 용량 업데이트(du_check)
[2022-04-17 22:30:15] - 플래시 캐시 파일 삭제(delete_flash_cach)
[2022-04-17 22:30:15] - 캡차 파일 삭제(captcha_file_delete)
[2022-04-17 22:30:15] - 오래된 파일 삭제(tmp_file_delete)
[2022-04-17 22:30:15] - 카카오알림톡 템플릿 동기화(kakaotalk_template)
[2022-04-17 22:30:15] - 엑셀다운로드데이터 삭제(delete_excel_temp)
[2022-04-17 22:30:15] - naverpay 삭제(log_naverpay_delete)
[2022-04-17 22:30:15] - captcha 삭제(log_captcha_delete)
[2022-04-17 22:30:15] - email log 삭제(log_email_delete)
[2022-04-17 22:30:15] - 장바구니 비우기(empty_cart)
[2022-04-17 22:30:15] - 엑심베이 코드 동기화(eximbay)
[2022-04-17 22:30:15] - 코드 동기화(code_sync)
[2022-04-17 22:30:15] - config 동기화(config_sync)
[2022-04-17 22:30:15] - 택배사 동기화(delivery_url)
[2022-04-17 22:30:15] - 쇼핑몰 분류 동기화(shop_branch)
[2022-04-18 22:30:14] - 개인정보 관리자 로그 삭제(delete_manager_log)
[2022-04-18 22:30:14] - 방송 취소 처리(broadcast_cancel)
[2022-04-18 22:30:14] - 로그 폴더 삭제(delete_log_files)
[2022-04-18 22:30:14] - KICC 코드 동기화(kicc_code)
[2022-04-18 22:30:14] - SMS 국가 코드(sms_national_code)
[2022-04-18 22:30:14] - 서버 캐시파일 삭제(delete_caches)
[2022-04-18 22:30:14] - 엑셀 파일 삭제(delete_excel_file)
[2022-04-18 22:30:14] - 언어별 js메시지 파일 생성(create_alert_file)
[2022-04-18 22:30:14] - 부가서비스 이슈 알림(addservice_notify)
[2022-04-18 22:30:14] - 관리자 중요행위 알림 캐시파일 생성(makeCacheActionAert)
[2022-04-18 22:30:14] - 사용 용량 업데이트(du_check)
[2022-04-18 22:30:14] - 플래시 캐시 파일 삭제(delete_flash_cach)
[2022-04-18 22:30:14] - 캡차 파일 삭제(captcha_file_delete)
[2022-04-18 22:30:14] - 오래된 파일 삭제(tmp_file_delete)
[2022-04-18 22:30:14] - 카카오알림톡 템플릿 동기화(kakaotalk_template)
[2022-04-18 22:30:14] - 엑셀다운로드데이터 삭제(delete_excel_temp)
[2022-04-18 22:30:14] - naverpay 삭제(log_naverpay_delete)
[2022-04-18 22:30:14] - captcha 삭제(log_captcha_delete)
[2022-04-18 22:30:14] - email log 삭제(log_email_delete)
[2022-04-18 22:30:14] - 장바구니 비우기(empty_cart)
[2022-04-18 22:30:14] - 엑심베이 코드 동기화(eximbay)
[2022-04-18 22:30:14] - 코드 동기화(code_sync)
[2022-04-18 22:30:14] - config 동기화(config_sync)
[2022-04-18 22:30:14] - 택배사 동기화(delivery_url)
[2022-04-18 22:30:14] - 쇼핑몰 분류 동기화(shop_branch)
[2022-04-19 22:30:13] - 개인정보 관리자 로그 삭제(delete_manager_log)
[2022-04-19 22:30:13] - 방송 취소 처리(broadcast_cancel)
[2022-04-19 22:30:13] - 로그 폴더 삭제(delete_log_files)
[2022-04-19 22:30:13] - KICC 코드 동기화(kicc_code)
[2022-04-19 22:30:13] - SMS 국가 코드(sms_national_code)
[2022-04-19 22:30:13] - 서버 캐시파일 삭제(delete_caches)
[2022-04-19 22:30:13] - 엑셀 파일 삭제(delete_excel_file)
[2022-04-19 22:30:13] - 언어별 js메시지 파일 생성(create_alert_file)
[2022-04-19 22:30:13] - 부가서비스 이슈 알림(addservice_notify)
[2022-04-19 22:30:13] - 관리자 중요행위 알림 캐시파일 생성(makeCacheActionAert)
[2022-04-19 22:30:13] - 사용 용량 업데이트(du_check)
[2022-04-19 22:30:13] - 플래시 캐시 파일 삭제(delete_flash_cach)
[2022-04-19 22:30:13] - 캡차 파일 삭제(captcha_file_delete)
[2022-04-19 22:30:13] - 오래된 파일 삭제(tmp_file_delete)
[2022-04-19 22:30:13] - 카카오알림톡 템플릿 동기화(kakaotalk_template)
[2022-04-19 22:30:13] - 엑셀다운로드데이터 삭제(delete_excel_temp)
[2022-04-19 22:30:13] - naverpay 삭제(log_naverpay_delete)
[2022-04-19 22:30:13] - captcha 삭제(log_captcha_delete)
[2022-04-19 22:30:13] - email log 삭제(log_email_delete)
[2022-04-19 22:30:13] - 장바구니 비우기(empty_cart)
[2022-04-19 22:30:13] - 엑심베이 코드 동기화(eximbay)
[2022-04-19 22:30:13] - 코드 동기화(code_sync)
[2022-04-19 22:30:13] - config 동기화(config_sync)
[2022-04-19 22:30:13] - 택배사 동기화(delivery_url)
[2022-04-19 22:30:13] - 쇼핑몰 분류 동기화(shop_branch)
[2022-04-20 22:30:10] - 개인정보 관리자 로그 삭제(delete_manager_log)
[2022-04-20 22:30:10] - 방송 취소 처리(broadcast_cancel)
[2022-04-20 22:30:10] - 로그 폴더 삭제(delete_log_files)
[2022-04-20 22:30:10] - KICC 코드 동기화(kicc_code)
[2022-04-20 22:30:10] - SMS 국가 코드(sms_national_code)
[2022-04-20 22:30:10] - 서버 캐시파일 삭제(delete_caches)
[2022-04-20 22:30:10] - 엑셀 파일 삭제(delete_excel_file)
[2022-04-20 22:30:10] - 언어별 js메시지 파일 생성(create_alert_file)
[2022-04-20 22:30:10] - 부가서비스 이슈 알림(addservice_notify)
[2022-04-20 22:30:10] - 관리자 중요행위 알림 캐시파일 생성(makeCacheActionAert)
[2022-04-20 22:30:10] - 사용 용량 업데이트(du_check)
[2022-04-20 22:30:10] - 플래시 캐시 파일 삭제(delete_flash_cach)
[2022-04-20 22:30:10] - 캡차 파일 삭제(captcha_file_delete)
[2022-04-20 22:30:10] - 오래된 파일 삭제(tmp_file_delete)
[2022-04-20 22:30:10] - 카카오알림톡 템플릿 동기화(kakaotalk_template)
[2022-04-20 22:30:10] - 엑셀다운로드데이터 삭제(delete_excel_temp)
[2022-04-20 22:30:10] - naverpay 삭제(log_naverpay_delete)
[2022-04-20 22:30:10] - captcha 삭제(log_captcha_delete)
[2022-04-20 22:30:10] - email log 삭제(log_email_delete)
[2022-04-20 22:30:10] - 장바구니 비우기(empty_cart)
[2022-04-20 22:30:10] - 엑심베이 코드 동기화(eximbay)
[2022-04-20 22:30:10] - 코드 동기화(code_sync)
[2022-04-20 22:30:10] - config 동기화(config_sync)
[2022-04-20 22:30:10] - 택배사 동기화(delivery_url)
[2022-04-20 22:30:10] - 쇼핑몰 분류 동기화(shop_branch)
[2022-04-21 22:30:13] - 개인정보 관리자 로그 삭제(delete_manager_log)
[2022-04-21 22:30:13] - 방송 취소 처리(broadcast_cancel)
[2022-04-21 22:30:13] - 로그 폴더 삭제(delete_log_files)
[2022-04-21 22:30:13] - KICC 코드 동기화(kicc_code)
[2022-04-21 22:30:13] - SMS 국가 코드(sms_national_code)
[2022-04-21 22:30:13] - 서버 캐시파일 삭제(delete_caches)
[2022-04-21 22:30:13] - 엑셀 파일 삭제(delete_excel_file)
[2022-04-21 22:30:13] - 언어별 js메시지 파일 생성(create_alert_file)
[2022-04-21 22:30:13] - 부가서비스 이슈 알림(addservice_notify)
[2022-04-21 22:30:13] - 관리자 중요행위 알림 캐시파일 생성(makeCacheActionAert)
[2022-04-21 22:30:13] - 사용 용량 업데이트(du_check)
[2022-04-21 22:30:13] - 플래시 캐시 파일 삭제(delete_flash_cach)
[2022-04-21 22:30:13] - 캡차 파일 삭제(captcha_file_delete)
[2022-04-21 22:30:13] - 오래된 파일 삭제(tmp_file_delete)
[2022-04-21 22:30:13] - 카카오알림톡 템플릿 동기화(kakaotalk_template)
[2022-04-21 22:30:13] - 엑셀다운로드데이터 삭제(delete_excel_temp)
[2022-04-21 22:30:13] - naverpay 삭제(log_naverpay_delete)
[2022-04-21 22:30:13] - captcha 삭제(log_captcha_delete)
[2022-04-21 22:30:13] - email log 삭제(log_email_delete)
[2022-04-21 22:30:13] - 장바구니 비우기(empty_cart)
[2022-04-21 22:30:13] - 엑심베이 코드 동기화(eximbay)
[2022-04-21 22:30:13] - 코드 동기화(code_sync)
[2022-04-21 22:30:13] - config 동기화(config_sync)
[2022-04-21 22:30:13] - 택배사 동기화(delivery_url)
[2022-04-21 22:30:13] - 쇼핑몰 분류 동기화(shop_branch)
[2022-04-22 22:30:15] - 개인정보 관리자 로그 삭제(delete_manager_log)
[2022-04-22 22:30:15] - 방송 취소 처리(broadcast_cancel)
[2022-04-22 22:30:15] - 로그 폴더 삭제(delete_log_files)
[2022-04-22 22:30:15] - KICC 코드 동기화(kicc_code)
[2022-04-22 22:30:15] - SMS 국가 코드(sms_national_code)
[2022-04-22 22:30:15] - 서버 캐시파일 삭제(delete_caches)
[2022-04-22 22:30:15] - 엑셀 파일 삭제(delete_excel_file)
[2022-04-22 22:30:15] - 언어별 js메시지 파일 생성(create_alert_file)
[2022-04-22 22:30:15] - 부가서비스 이슈 알림(addservice_notify)
[2022-04-22 22:30:15] - 관리자 중요행위 알림 캐시파일 생성(makeCacheActionAert)
[2022-04-22 22:30:15] - 사용 용량 업데이트(du_check)
[2022-04-22 22:30:15] - 플래시 캐시 파일 삭제(delete_flash_cach)
[2022-04-22 22:30:15] - 캡차 파일 삭제(captcha_file_delete)
[2022-04-22 22:30:15] - 오래된 파일 삭제(tmp_file_delete)
[2022-04-22 22:30:15] - 카카오알림톡 템플릿 동기화(kakaotalk_template)
[2022-04-22 22:30:15] - 엑셀다운로드데이터 삭제(delete_excel_temp)
[2022-04-22 22:30:15] - naverpay 삭제(log_naverpay_delete)
[2022-04-22 22:30:15] - captcha 삭제(log_captcha_delete)
[2022-04-22 22:30:15] - email log 삭제(log_email_delete)
[2022-04-22 22:30:15] - 장바구니 비우기(empty_cart)
[2022-04-22 22:30:15] - 엑심베이 코드 동기화(eximbay)
[2022-04-22 22:30:15] - 코드 동기화(code_sync)
[2022-04-22 22:30:15] - config 동기화(config_sync)
[2022-04-22 22:30:15] - 택배사 동기화(delivery_url)
[2022-04-22 22:30:15] - 쇼핑몰 분류 동기화(shop_branch)
[2022-04-23 22:30:11] - 개인정보 관리자 로그 삭제(delete_manager_log)
[2022-04-23 22:30:11] - 방송 취소 처리(broadcast_cancel)
[2022-04-23 22:30:11] - 로그 폴더 삭제(delete_log_files)
[2022-04-23 22:30:11] - KICC 코드 동기화(kicc_code)
[2022-04-23 22:30:11] - SMS 국가 코드(sms_national_code)
[2022-04-23 22:30:11] - 서버 캐시파일 삭제(delete_caches)
[2022-04-23 22:30:11] - 엑셀 파일 삭제(delete_excel_file)
[2022-04-23 22:30:11] - 언어별 js메시지 파일 생성(create_alert_file)
[2022-04-23 22:30:11] - 부가서비스 이슈 알림(addservice_notify)
[2022-04-23 22:30:11] - 관리자 중요행위 알림 캐시파일 생성(makeCacheActionAert)
[2022-04-23 22:30:11] - 사용 용량 업데이트(du_check)
[2022-04-23 22:30:11] - 플래시 캐시 파일 삭제(delete_flash_cach)
[2022-04-23 22:30:11] - 캡차 파일 삭제(captcha_file_delete)
[2022-04-23 22:30:11] - 오래된 파일 삭제(tmp_file_delete)
[2022-04-23 22:30:11] - 카카오알림톡 템플릿 동기화(kakaotalk_template)
[2022-04-23 22:30:11] - 엑셀다운로드데이터 삭제(delete_excel_temp)
[2022-04-23 22:30:11] - naverpay 삭제(log_naverpay_delete)
[2022-04-23 22:30:11] - captcha 삭제(log_captcha_delete)
[2022-04-23 22:30:11] - email log 삭제(log_email_delete)
[2022-04-23 22:30:11] - 장바구니 비우기(empty_cart)
[2022-04-23 22:30:11] - 엑심베이 코드 동기화(eximbay)
[2022-04-23 22:30:11] - 코드 동기화(code_sync)
[2022-04-23 22:30:11] - config 동기화(config_sync)
[2022-04-23 22:30:11] - 택배사 동기화(delivery_url)
[2022-04-23 22:30:11] - 쇼핑몰 분류 동기화(shop_branch)
[2022-04-24 22:30:15] - 개인정보 관리자 로그 삭제(delete_manager_log)
[2022-04-24 22:30:15] - 방송 취소 처리(broadcast_cancel)
[2022-04-24 22:30:15] - 로그 폴더 삭제(delete_log_files)
[2022-04-24 22:30:15] - KICC 코드 동기화(kicc_code)
[2022-04-24 22:30:15] - SMS 국가 코드(sms_national_code)
[2022-04-24 22:30:15] - 서버 캐시파일 삭제(delete_caches)
[2022-04-24 22:30:15] - 엑셀 파일 삭제(delete_excel_file)
[2022-04-24 22:30:15] - 언어별 js메시지 파일 생성(create_alert_file)
[2022-04-24 22:30:15] - 부가서비스 이슈 알림(addservice_notify)
[2022-04-24 22:30:15] - 관리자 중요행위 알림 캐시파일 생성(makeCacheActionAert)
[2022-04-24 22:30:15] - 사용 용량 업데이트(du_check)
[2022-04-24 22:30:15] - 플래시 캐시 파일 삭제(delete_flash_cach)
[2022-04-24 22:30:15] - 캡차 파일 삭제(captcha_file_delete)
[2022-04-24 22:30:15] - 오래된 파일 삭제(tmp_file_delete)
[2022-04-24 22:30:15] - 카카오알림톡 템플릿 동기화(kakaotalk_template)
[2022-04-24 22:30:15] - 엑셀다운로드데이터 삭제(delete_excel_temp)
[2022-04-24 22:30:15] - naverpay 삭제(log_naverpay_delete)
[2022-04-24 22:30:15] - captcha 삭제(log_captcha_delete)
[2022-04-24 22:30:15] - email log 삭제(log_email_delete)
[2022-04-24 22:30:15] - 장바구니 비우기(empty_cart)
[2022-04-24 22:30:15] - 엑심베이 코드 동기화(eximbay)
[2022-04-24 22:30:15] - 코드 동기화(code_sync)
[2022-04-24 22:30:15] - config 동기화(config_sync)
[2022-04-24 22:30:15] - 택배사 동기화(delivery_url)
[2022-04-24 22:30:15] - 쇼핑몰 분류 동기화(shop_branch)
[2022-04-25 22:30:10] - 개인정보 관리자 로그 삭제(delete_manager_log)
[2022-04-25 22:30:10] - 방송 취소 처리(broadcast_cancel)
[2022-04-25 22:30:10] - 로그 폴더 삭제(delete_log_files)
[2022-04-25 22:30:10] - KICC 코드 동기화(kicc_code)
[2022-04-25 22:30:10] - SMS 국가 코드(sms_national_code)
[2022-04-25 22:30:10] - 서버 캐시파일 삭제(delete_caches)
[2022-04-25 22:30:10] - 엑셀 파일 삭제(delete_excel_file)
[2022-04-25 22:30:10] - 언어별 js메시지 파일 생성(create_alert_file)
[2022-04-25 22:30:10] - 부가서비스 이슈 알림(addservice_notify)
[2022-04-25 22:30:10] - 관리자 중요행위 알림 캐시파일 생성(makeCacheActionAert)
[2022-04-25 22:30:10] - 사용 용량 업데이트(du_check)
[2022-04-25 22:30:10] - 플래시 캐시 파일 삭제(delete_flash_cach)
[2022-04-25 22:30:10] - 캡차 파일 삭제(captcha_file_delete)
[2022-04-25 22:30:10] - 오래된 파일 삭제(tmp_file_delete)
[2022-04-25 22:30:10] - 카카오알림톡 템플릿 동기화(kakaotalk_template)
[2022-04-25 22:30:10] - 엑셀다운로드데이터 삭제(delete_excel_temp)
[2022-04-25 22:30:10] - naverpay 삭제(log_naverpay_delete)
[2022-04-25 22:30:10] - captcha 삭제(log_captcha_delete)
[2022-04-25 22:30:10] - email log 삭제(log_email_delete)
[2022-04-25 22:30:10] - 장바구니 비우기(empty_cart)
[2022-04-25 22:30:10] - 엑심베이 코드 동기화(eximbay)
[2022-04-25 22:30:10] - 코드 동기화(code_sync)
[2022-04-25 22:30:10] - config 동기화(config_sync)
[2022-04-25 22:30:10] - 택배사 동기화(delivery_url)
[2022-04-25 22:30:10] - 쇼핑몰 분류 동기화(shop_branch)
[2022-04-26 22:30:15] - 개인정보 관리자 로그 삭제(delete_manager_log)
[2022-04-26 22:30:15] - 방송 취소 처리(broadcast_cancel)
[2022-04-26 22:30:15] - 로그 폴더 삭제(delete_log_files)
[2022-04-26 22:30:15] - KICC 코드 동기화(kicc_code)
[2022-04-26 22:30:15] - SMS 국가 코드(sms_national_code)
[2022-04-26 22:30:15] - 서버 캐시파일 삭제(delete_caches)
[2022-04-26 22:30:15] - 엑셀 파일 삭제(delete_excel_file)
[2022-04-26 22:30:15] - 언어별 js메시지 파일 생성(create_alert_file)
[2022-04-26 22:30:15] - 부가서비스 이슈 알림(addservice_notify)
[2022-04-26 22:30:15] - 관리자 중요행위 알림 캐시파일 생성(makeCacheActionAert)
[2022-04-26 22:30:15] - 사용 용량 업데이트(du_check)
[2022-04-26 22:30:15] - 플래시 캐시 파일 삭제(delete_flash_cach)
[2022-04-26 22:30:15] - 캡차 파일 삭제(captcha_file_delete)
[2022-04-26 22:30:15] - 오래된 파일 삭제(tmp_file_delete)
[2022-04-26 22:30:15] - 카카오알림톡 템플릿 동기화(kakaotalk_template)
[2022-04-26 22:30:15] - 엑셀다운로드데이터 삭제(delete_excel_temp)
[2022-04-26 22:30:15] - naverpay 삭제(log_naverpay_delete)
[2022-04-26 22:30:15] - captcha 삭제(log_captcha_delete)
[2022-04-26 22:30:15] - email log 삭제(log_email_delete)
[2022-04-26 22:30:15] - 장바구니 비우기(empty_cart)
[2022-04-26 22:30:15] - 엑심베이 코드 동기화(eximbay)
[2022-04-26 22:30:15] - 코드 동기화(code_sync)
[2022-04-26 22:30:15] - config 동기화(config_sync)
[2022-04-26 22:30:15] - 택배사 동기화(delivery_url)
[2022-04-26 22:30:15] - 쇼핑몰 분류 동기화(shop_branch)
[2022-04-27 22:30:12] - 개인정보 관리자 로그 삭제(delete_manager_log)
[2022-04-27 22:30:12] - 방송 취소 처리(broadcast_cancel)
[2022-04-27 22:30:12] - 로그 폴더 삭제(delete_log_files)
[2022-04-27 22:30:12] - KICC 코드 동기화(kicc_code)
[2022-04-27 22:30:12] - SMS 국가 코드(sms_national_code)
[2022-04-27 22:30:12] - 서버 캐시파일 삭제(delete_caches)
[2022-04-27 22:30:12] - 엑셀 파일 삭제(delete_excel_file)
[2022-04-27 22:30:12] - 언어별 js메시지 파일 생성(create_alert_file)
[2022-04-27 22:30:12] - 부가서비스 이슈 알림(addservice_notify)
[2022-04-27 22:30:12] - 관리자 중요행위 알림 캐시파일 생성(makeCacheActionAert)
[2022-04-27 22:30:12] - 사용 용량 업데이트(du_check)
[2022-04-27 22:30:12] - 플래시 캐시 파일 삭제(delete_flash_cach)
[2022-04-27 22:30:12] - 캡차 파일 삭제(captcha_file_delete)
[2022-04-27 22:30:12] - 오래된 파일 삭제(tmp_file_delete)
[2022-04-27 22:30:12] - 카카오알림톡 템플릿 동기화(kakaotalk_template)
[2022-04-27 22:30:12] - 엑셀다운로드데이터 삭제(delete_excel_temp)
[2022-04-27 22:30:12] - naverpay 삭제(log_naverpay_delete)
[2022-04-27 22:30:12] - captcha 삭제(log_captcha_delete)
[2022-04-27 22:30:12] - email log 삭제(log_email_delete)
[2022-04-27 22:30:12] - 장바구니 비우기(empty_cart)
[2022-04-27 22:30:12] - 엑심베이 코드 동기화(eximbay)
[2022-04-27 22:30:12] - 코드 동기화(code_sync)
[2022-04-27 22:30:12] - config 동기화(config_sync)
[2022-04-27 22:30:12] - 택배사 동기화(delivery_url)
[2022-04-27 22:30:12] - 쇼핑몰 분류 동기화(shop_branch)
[2022-04-28 22:30:10] - 개인정보 관리자 로그 삭제(delete_manager_log)
[2022-04-28 22:30:10] - 방송 취소 처리(broadcast_cancel)
[2022-04-28 22:30:10] - 로그 폴더 삭제(delete_log_files)
[2022-04-28 22:30:10] - KICC 코드 동기화(kicc_code)
[2022-04-28 22:30:10] - SMS 국가 코드(sms_national_code)
[2022-04-28 22:30:10] - 서버 캐시파일 삭제(delete_caches)
[2022-04-28 22:30:10] - 엑셀 파일 삭제(delete_excel_file)
[2022-04-28 22:30:10] - 언어별 js메시지 파일 생성(create_alert_file)
[2022-04-28 22:30:10] - 부가서비스 이슈 알림(addservice_notify)
[2022-04-28 22:30:10] - 관리자 중요행위 알림 캐시파일 생성(makeCacheActionAert)
[2022-04-28 22:30:10] - 사용 용량 업데이트(du_check)
[2022-04-28 22:30:10] - 플래시 캐시 파일 삭제(delete_flash_cach)
[2022-04-28 22:30:10] - 캡차 파일 삭제(captcha_file_delete)
[2022-04-28 22:30:10] - 오래된 파일 삭제(tmp_file_delete)
[2022-04-28 22:30:10] - 카카오알림톡 템플릿 동기화(kakaotalk_template)
[2022-04-28 22:30:10] - 엑셀다운로드데이터 삭제(delete_excel_temp)
[2022-04-28 22:30:10] - naverpay 삭제(log_naverpay_delete)
[2022-04-28 22:30:10] - captcha 삭제(log_captcha_delete)
[2022-04-28 22:30:10] - email log 삭제(log_email_delete)
[2022-04-28 22:30:10] - 장바구니 비우기(empty_cart)
[2022-04-28 22:30:10] - 엑심베이 코드 동기화(eximbay)
[2022-04-28 22:30:10] - 코드 동기화(code_sync)
[2022-04-28 22:30:10] - config 동기화(config_sync)
[2022-04-28 22:30:10] - 택배사 동기화(delivery_url)
[2022-04-28 22:30:10] - 쇼핑몰 분류 동기화(shop_branch)
[2022-04-29 22:30:14] - 개인정보 관리자 로그 삭제(delete_manager_log)
[2022-04-29 22:30:14] - 방송 취소 처리(broadcast_cancel)
[2022-04-29 22:30:14] - 로그 폴더 삭제(delete_log_files)
[2022-04-29 22:30:14] - KICC 코드 동기화(kicc_code)
[2022-04-29 22:30:14] - SMS 국가 코드(sms_national_code)
[2022-04-29 22:30:14] - 서버 캐시파일 삭제(delete_caches)
[2022-04-29 22:30:14] - 엑셀 파일 삭제(delete_excel_file)
[2022-04-29 22:30:14] - 언어별 js메시지 파일 생성(create_alert_file)
[2022-04-29 22:30:14] - 부가서비스 이슈 알림(addservice_notify)
[2022-04-29 22:30:14] - 관리자 중요행위 알림 캐시파일 생성(makeCacheActionAert)
[2022-04-29 22:30:14] - 사용 용량 업데이트(du_check)
[2022-04-29 22:30:14] - 플래시 캐시 파일 삭제(delete_flash_cach)
[2022-04-29 22:30:14] - 캡차 파일 삭제(captcha_file_delete)
[2022-04-29 22:30:14] - 오래된 파일 삭제(tmp_file_delete)
[2022-04-29 22:30:14] - 카카오알림톡 템플릿 동기화(kakaotalk_template)
[2022-04-29 22:30:14] - 엑셀다운로드데이터 삭제(delete_excel_temp)
[2022-04-29 22:30:14] - naverpay 삭제(log_naverpay_delete)
[2022-04-29 22:30:14] - captcha 삭제(log_captcha_delete)
[2022-04-29 22:30:14] - email log 삭제(log_email_delete)
[2022-04-29 22:30:14] - 장바구니 비우기(empty_cart)
[2022-04-29 22:30:14] - 엑심베이 코드 동기화(eximbay)
[2022-04-29 22:30:14] - 코드 동기화(code_sync)
[2022-04-29 22:30:14] - config 동기화(config_sync)
[2022-04-29 22:30:14] - 택배사 동기화(delivery_url)
[2022-04-29 22:30:14] - 쇼핑몰 분류 동기화(shop_branch)
[2022-04-30 22:30:09] - 개인정보 관리자 로그 삭제(delete_manager_log)
[2022-04-30 22:30:09] - 방송 취소 처리(broadcast_cancel)
[2022-04-30 22:30:09] - 로그 폴더 삭제(delete_log_files)
[2022-04-30 22:30:09] - KICC 코드 동기화(kicc_code)
[2022-04-30 22:30:09] - SMS 국가 코드(sms_national_code)
[2022-04-30 22:30:09] - 서버 캐시파일 삭제(delete_caches)
[2022-04-30 22:30:09] - 엑셀 파일 삭제(delete_excel_file)
[2022-04-30 22:30:09] - 언어별 js메시지 파일 생성(create_alert_file)
[2022-04-30 22:30:09] - 부가서비스 이슈 알림(addservice_notify)
[2022-04-30 22:30:09] - 관리자 중요행위 알림 캐시파일 생성(makeCacheActionAert)
[2022-04-30 22:30:09] - 사용 용량 업데이트(du_check)
[2022-04-30 22:30:09] - 플래시 캐시 파일 삭제(delete_flash_cach)
[2022-04-30 22:30:09] - 캡차 파일 삭제(captcha_file_delete)
[2022-04-30 22:30:09] - 오래된 파일 삭제(tmp_file_delete)
[2022-04-30 22:30:09] - 카카오알림톡 템플릿 동기화(kakaotalk_template)
[2022-04-30 22:30:09] - 엑셀다운로드데이터 삭제(delete_excel_temp)
[2022-04-30 22:30:09] - naverpay 삭제(log_naverpay_delete)
[2022-04-30 22:30:09] - captcha 삭제(log_captcha_delete)
[2022-04-30 22:30:09] - email log 삭제(log_email_delete)
[2022-04-30 22:30:09] - 장바구니 비우기(empty_cart)
[2022-04-30 22:30:09] - 엑심베이 코드 동기화(eximbay)
[2022-04-30 22:30:09] - 코드 동기화(code_sync)
[2022-04-30 22:30:09] - config 동기화(config_sync)
[2022-04-30 22:30:09] - 택배사 동기화(delivery_url)
[2022-04-30 22:30:09] - 쇼핑몰 분류 동기화(shop_branch)
