[2022-04-01 22:30:15] - 만료 할인쿠폰 알림(remind_coupon) - Err(Today is not monday)
[2022-04-01 22:30:15] - 기념일 축하 안내(remind_anniversary)
[2022-04-01 22:30:15] - 생일 축하 안내(remind_birthday)
[2022-04-01 22:30:15] - 상품 리뷰 작성 안내(remind_review)
[2022-04-01 22:30:15] - 타임세일 종료 상품 안내(remind_timesale)
[2022-04-01 22:30:15] - 회원등급 혜택 안내(remind_membership)
[2022-04-01 22:30:15] - 장바구니/위시리스트 상품 안내(remind_cart)
[2022-04-01 22:30:15] - 소멸 마일리지 안내(remind_emoney)
[2022-04-01 22:30:15] - 만료 할인쿠폰 알림(remind_coupon)
[2022-04-02 22:30:15] - 만료 할인쿠폰 알림(remind_coupon) - Err(Today is not monday)
[2022-04-02 22:30:15] - 소멸 마일리지 안내(remind_emoney) - Err(Today is not monday)
[2022-04-02 22:30:15] - 기념일 축하 안내(remind_anniversary)
[2022-04-02 22:30:15] - 생일 축하 안내(remind_birthday)
[2022-04-02 22:30:15] - 상품 리뷰 작성 안내(remind_review)
[2022-04-02 22:30:15] - 타임세일 종료 상품 안내(remind_timesale)
[2022-04-02 22:30:15] - 회원등급 혜택 안내(remind_membership)
[2022-04-02 22:30:15] - 장바구니/위시리스트 상품 안내(remind_cart)
[2022-04-02 22:30:15] - 소멸 마일리지 안내(remind_emoney)
[2022-04-02 22:30:15] - 만료 할인쿠폰 알림(remind_coupon)
[2022-04-03 22:30:15] - 만료 할인쿠폰 알림(remind_coupon) - Err(Today is not monday)
[2022-04-03 22:30:15] - 소멸 마일리지 안내(remind_emoney) - Err(Today is not monday)
[2022-04-03 22:30:15] - 기념일 축하 안내(remind_anniversary)
[2022-04-03 22:30:15] - 생일 축하 안내(remind_birthday)
[2022-04-03 22:30:15] - 상품 리뷰 작성 안내(remind_review)
[2022-04-03 22:30:15] - 타임세일 종료 상품 안내(remind_timesale)
[2022-04-03 22:30:15] - 회원등급 혜택 안내(remind_membership)
[2022-04-03 22:30:15] - 장바구니/위시리스트 상품 안내(remind_cart)
[2022-04-03 22:30:15] - 소멸 마일리지 안내(remind_emoney)
[2022-04-03 22:30:15] - 만료 할인쿠폰 알림(remind_coupon)
[2022-04-04 22:30:12] - 만료 할인쿠폰 알림(remind_coupon) - Err(Today is not monday)
[2022-04-04 22:30:12] - 소멸 마일리지 안내(remind_emoney) - Err(Today is not monday)
[2022-04-04 22:30:12] - 기념일 축하 안내(remind_anniversary)
[2022-04-04 22:30:12] - 생일 축하 안내(remind_birthday)
[2022-04-04 22:30:12] - 상품 리뷰 작성 안내(remind_review)
[2022-04-04 22:30:12] - 타임세일 종료 상품 안내(remind_timesale)
[2022-04-04 22:30:12] - 회원등급 혜택 안내(remind_membership)
[2022-04-04 22:30:12] - 장바구니/위시리스트 상품 안내(remind_cart)
[2022-04-04 22:30:12] - 소멸 마일리지 안내(remind_emoney)
[2022-04-04 22:30:12] - 만료 할인쿠폰 알림(remind_coupon)
[2022-04-05 22:30:13] - 만료 할인쿠폰 알림(remind_coupon) - Err(Today is not monday)
[2022-04-05 22:30:13] - 소멸 마일리지 안내(remind_emoney) - Err(Today is not monday)
[2022-04-05 22:30:13] - 기념일 축하 안내(remind_anniversary)
[2022-04-05 22:30:13] - 생일 축하 안내(remind_birthday)
[2022-04-05 22:30:13] - 상품 리뷰 작성 안내(remind_review)
[2022-04-05 22:30:13] - 타임세일 종료 상품 안내(remind_timesale)
[2022-04-05 22:30:13] - 회원등급 혜택 안내(remind_membership)
[2022-04-05 22:30:13] - 장바구니/위시리스트 상품 안내(remind_cart)
[2022-04-05 22:30:13] - 소멸 마일리지 안내(remind_emoney)
[2022-04-05 22:30:13] - 만료 할인쿠폰 알림(remind_coupon)
[2022-04-06 22:30:15] - 만료 할인쿠폰 알림(remind_coupon) - Err(Today is not monday)
[2022-04-06 22:30:15] - 소멸 마일리지 안내(remind_emoney) - Err(Today is not monday)
[2022-04-06 22:30:15] - 기념일 축하 안내(remind_anniversary)
[2022-04-06 22:30:15] - 생일 축하 안내(remind_birthday)
[2022-04-06 22:30:15] - 상품 리뷰 작성 안내(remind_review)
[2022-04-06 22:30:15] - 타임세일 종료 상품 안내(remind_timesale)
[2022-04-06 22:30:15] - 회원등급 혜택 안내(remind_membership)
[2022-04-06 22:30:15] - 장바구니/위시리스트 상품 안내(remind_cart)
[2022-04-06 22:30:15] - 소멸 마일리지 안내(remind_emoney)
[2022-04-06 22:30:15] - 만료 할인쿠폰 알림(remind_coupon)
[2022-04-07 22:30:16] - 만료 할인쿠폰 알림(remind_coupon) - Err(Today is not monday)
[2022-04-07 22:30:16] - 소멸 마일리지 안내(remind_emoney) - Err(Today is not monday)
[2022-04-07 22:30:16] - 기념일 축하 안내(remind_anniversary)
[2022-04-07 22:30:16] - 생일 축하 안내(remind_birthday)
[2022-04-07 22:30:16] - 상품 리뷰 작성 안내(remind_review)
[2022-04-07 22:30:16] - 타임세일 종료 상품 안내(remind_timesale)
[2022-04-07 22:30:16] - 회원등급 혜택 안내(remind_membership)
[2022-04-07 22:30:16] - 장바구니/위시리스트 상품 안내(remind_cart)
[2022-04-07 22:30:16] - 소멸 마일리지 안내(remind_emoney)
[2022-04-07 22:30:16] - 만료 할인쿠폰 알림(remind_coupon)
[2022-04-08 22:30:16] - 만료 할인쿠폰 알림(remind_coupon) - Err(Today is not monday)
[2022-04-08 22:30:16] - 소멸 마일리지 안내(remind_emoney) - Err(Today is not monday)
[2022-04-08 22:30:16] - 기념일 축하 안내(remind_anniversary)
[2022-04-08 22:30:16] - 생일 축하 안내(remind_birthday)
[2022-04-08 22:30:16] - 상품 리뷰 작성 안내(remind_review)
[2022-04-08 22:30:16] - 타임세일 종료 상품 안내(remind_timesale)
[2022-04-08 22:30:16] - 회원등급 혜택 안내(remind_membership)
[2022-04-08 22:30:16] - 장바구니/위시리스트 상품 안내(remind_cart)
[2022-04-08 22:30:16] - 소멸 마일리지 안내(remind_emoney)
[2022-04-08 22:30:16] - 만료 할인쿠폰 알림(remind_coupon)
[2022-04-09 22:30:16] - 만료 할인쿠폰 알림(remind_coupon) - Err(Today is not monday)
[2022-04-09 22:30:16] - 소멸 마일리지 안내(remind_emoney) - Err(Today is not monday)
[2022-04-09 22:30:16] - 기념일 축하 안내(remind_anniversary)
[2022-04-09 22:30:16] - 생일 축하 안내(remind_birthday)
[2022-04-09 22:30:16] - 상품 리뷰 작성 안내(remind_review)
[2022-04-09 22:30:16] - 타임세일 종료 상품 안내(remind_timesale)
[2022-04-09 22:30:16] - 회원등급 혜택 안내(remind_membership)
[2022-04-09 22:30:16] - 장바구니/위시리스트 상품 안내(remind_cart)
[2022-04-09 22:30:16] - 소멸 마일리지 안내(remind_emoney)
[2022-04-09 22:30:16] - 만료 할인쿠폰 알림(remind_coupon)
[2022-04-10 22:30:15] - 만료 할인쿠폰 알림(remind_coupon) - Err(Today is not monday)
[2022-04-10 22:30:15] - 소멸 마일리지 안내(remind_emoney) - Err(Today is not monday)
[2022-04-10 22:30:15] - 기념일 축하 안내(remind_anniversary)
[2022-04-10 22:30:15] - 생일 축하 안내(remind_birthday)
[2022-04-10 22:30:15] - 상품 리뷰 작성 안내(remind_review)
[2022-04-10 22:30:15] - 타임세일 종료 상품 안내(remind_timesale)
[2022-04-10 22:30:15] - 회원등급 혜택 안내(remind_membership)
[2022-04-10 22:30:15] - 장바구니/위시리스트 상품 안내(remind_cart)
[2022-04-10 22:30:15] - 소멸 마일리지 안내(remind_emoney)
[2022-04-10 22:30:15] - 만료 할인쿠폰 알림(remind_coupon)
[2022-04-11 22:30:15] - 만료 할인쿠폰 알림(remind_coupon) - Err(Today is not monday)
[2022-04-11 22:30:15] - 소멸 마일리지 안내(remind_emoney) - Err(Today is not monday)
[2022-04-11 22:30:15] - 기념일 축하 안내(remind_anniversary)
[2022-04-11 22:30:15] - 생일 축하 안내(remind_birthday)
[2022-04-11 22:30:15] - 상품 리뷰 작성 안내(remind_review)
[2022-04-11 22:30:15] - 타임세일 종료 상품 안내(remind_timesale)
[2022-04-11 22:30:15] - 회원등급 혜택 안내(remind_membership)
[2022-04-11 22:30:15] - 장바구니/위시리스트 상품 안내(remind_cart)
[2022-04-11 22:30:15] - 소멸 마일리지 안내(remind_emoney)
[2022-04-11 22:30:15] - 만료 할인쿠폰 알림(remind_coupon)
[2022-04-12 22:30:15] - 만료 할인쿠폰 알림(remind_coupon) - Err(Today is not monday)
[2022-04-12 22:30:15] - 소멸 마일리지 안내(remind_emoney) - Err(Today is not monday)
[2022-04-12 22:30:15] - 기념일 축하 안내(remind_anniversary)
[2022-04-12 22:30:15] - 생일 축하 안내(remind_birthday)
[2022-04-12 22:30:15] - 상품 리뷰 작성 안내(remind_review)
[2022-04-12 22:30:15] - 타임세일 종료 상품 안내(remind_timesale)
[2022-04-12 22:30:15] - 회원등급 혜택 안내(remind_membership)
[2022-04-12 22:30:15] - 장바구니/위시리스트 상품 안내(remind_cart)
[2022-04-12 22:30:15] - 소멸 마일리지 안내(remind_emoney)
[2022-04-12 22:30:15] - 만료 할인쿠폰 알림(remind_coupon)
[2022-04-13 22:30:15] - 만료 할인쿠폰 알림(remind_coupon) - Err(Today is not monday)
[2022-04-13 22:30:15] - 소멸 마일리지 안내(remind_emoney) - Err(Today is not monday)
[2022-04-13 22:30:15] - 기념일 축하 안내(remind_anniversary)
[2022-04-13 22:30:15] - 생일 축하 안내(remind_birthday)
[2022-04-13 22:30:15] - 상품 리뷰 작성 안내(remind_review)
[2022-04-13 22:30:15] - 타임세일 종료 상품 안내(remind_timesale)
[2022-04-13 22:30:15] - 회원등급 혜택 안내(remind_membership)
[2022-04-13 22:30:15] - 장바구니/위시리스트 상품 안내(remind_cart)
[2022-04-13 22:30:15] - 소멸 마일리지 안내(remind_emoney)
[2022-04-13 22:30:15] - 만료 할인쿠폰 알림(remind_coupon)
[2022-04-14 22:30:15] - 만료 할인쿠폰 알림(remind_coupon) - Err(Today is not monday)
[2022-04-14 22:30:15] - 소멸 마일리지 안내(remind_emoney) - Err(Today is not monday)
[2022-04-14 22:30:15] - 기념일 축하 안내(remind_anniversary)
[2022-04-14 22:30:15] - 생일 축하 안내(remind_birthday)
[2022-04-14 22:30:15] - 상품 리뷰 작성 안내(remind_review)
[2022-04-14 22:30:15] - 타임세일 종료 상품 안내(remind_timesale)
[2022-04-14 22:30:15] - 회원등급 혜택 안내(remind_membership)
[2022-04-14 22:30:15] - 장바구니/위시리스트 상품 안내(remind_cart)
[2022-04-14 22:30:15] - 소멸 마일리지 안내(remind_emoney)
[2022-04-14 22:30:15] - 만료 할인쿠폰 알림(remind_coupon)
[2022-04-15 22:30:14] - 만료 할인쿠폰 알림(remind_coupon) - Err(Today is not monday)
[2022-04-15 22:30:14] - 소멸 마일리지 안내(remind_emoney) - Err(Today is not monday)
[2022-04-15 22:30:14] - 기념일 축하 안내(remind_anniversary)
[2022-04-15 22:30:14] - 생일 축하 안내(remind_birthday)
[2022-04-15 22:30:14] - 상품 리뷰 작성 안내(remind_review)
[2022-04-15 22:30:14] - 타임세일 종료 상품 안내(remind_timesale)
[2022-04-15 22:30:14] - 회원등급 혜택 안내(remind_membership)
[2022-04-15 22:30:14] - 장바구니/위시리스트 상품 안내(remind_cart)
[2022-04-15 22:30:14] - 소멸 마일리지 안내(remind_emoney)
[2022-04-15 22:30:14] - 만료 할인쿠폰 알림(remind_coupon)
[2022-04-16 22:30:11] - 만료 할인쿠폰 알림(remind_coupon) - Err(Today is not monday)
[2022-04-16 22:30:11] - 소멸 마일리지 안내(remind_emoney) - Err(Today is not monday)
[2022-04-16 22:30:11] - 기념일 축하 안내(remind_anniversary)
[2022-04-16 22:30:11] - 생일 축하 안내(remind_birthday)
[2022-04-16 22:30:11] - 상품 리뷰 작성 안내(remind_review)
[2022-04-16 22:30:11] - 타임세일 종료 상품 안내(remind_timesale)
[2022-04-16 22:30:11] - 회원등급 혜택 안내(remind_membership)
[2022-04-16 22:30:11] - 장바구니/위시리스트 상품 안내(remind_cart)
[2022-04-16 22:30:11] - 소멸 마일리지 안내(remind_emoney)
[2022-04-16 22:30:11] - 만료 할인쿠폰 알림(remind_coupon)
[2022-04-17 22:30:15] - 만료 할인쿠폰 알림(remind_coupon) - Err(Today is not monday)
[2022-04-17 22:30:15] - 소멸 마일리지 안내(remind_emoney) - Err(Today is not monday)
[2022-04-17 22:30:15] - 기념일 축하 안내(remind_anniversary)
[2022-04-17 22:30:15] - 생일 축하 안내(remind_birthday)
[2022-04-17 22:30:15] - 상품 리뷰 작성 안내(remind_review)
[2022-04-17 22:30:15] - 타임세일 종료 상품 안내(remind_timesale)
[2022-04-17 22:30:15] - 회원등급 혜택 안내(remind_membership)
[2022-04-17 22:30:15] - 장바구니/위시리스트 상품 안내(remind_cart)
[2022-04-17 22:30:15] - 소멸 마일리지 안내(remind_emoney)
[2022-04-17 22:30:15] - 만료 할인쿠폰 알림(remind_coupon)
[2022-04-18 22:30:15] - 만료 할인쿠폰 알림(remind_coupon) - Err(Today is not monday)
[2022-04-18 22:30:15] - 소멸 마일리지 안내(remind_emoney) - Err(Today is not monday)
[2022-04-18 22:30:15] - 기념일 축하 안내(remind_anniversary)
[2022-04-18 22:30:15] - 생일 축하 안내(remind_birthday)
[2022-04-18 22:30:15] - 상품 리뷰 작성 안내(remind_review)
[2022-04-18 22:30:15] - 타임세일 종료 상품 안내(remind_timesale)
[2022-04-18 22:30:15] - 회원등급 혜택 안내(remind_membership)
[2022-04-18 22:30:15] - 장바구니/위시리스트 상품 안내(remind_cart)
[2022-04-18 22:30:15] - 소멸 마일리지 안내(remind_emoney)
[2022-04-18 22:30:15] - 만료 할인쿠폰 알림(remind_coupon)
[2022-04-19 22:30:13] - 만료 할인쿠폰 알림(remind_coupon) - Err(Today is not monday)
[2022-04-19 22:30:13] - 소멸 마일리지 안내(remind_emoney) - Err(Today is not monday)
[2022-04-19 22:30:13] - 기념일 축하 안내(remind_anniversary)
[2022-04-19 22:30:13] - 생일 축하 안내(remind_birthday)
[2022-04-19 22:30:13] - 상품 리뷰 작성 안내(remind_review)
[2022-04-19 22:30:13] - 타임세일 종료 상품 안내(remind_timesale)
[2022-04-19 22:30:13] - 회원등급 혜택 안내(remind_membership)
[2022-04-19 22:30:13] - 장바구니/위시리스트 상품 안내(remind_cart)
[2022-04-19 22:30:13] - 소멸 마일리지 안내(remind_emoney)
[2022-04-19 22:30:13] - 만료 할인쿠폰 알림(remind_coupon)
[2022-04-20 22:30:11] - 만료 할인쿠폰 알림(remind_coupon) - Err(Today is not monday)
[2022-04-20 22:30:11] - 소멸 마일리지 안내(remind_emoney) - Err(Today is not monday)
[2022-04-20 22:30:11] - 기념일 축하 안내(remind_anniversary)
[2022-04-20 22:30:11] - 생일 축하 안내(remind_birthday)
[2022-04-20 22:30:11] - 상품 리뷰 작성 안내(remind_review)
[2022-04-20 22:30:11] - 타임세일 종료 상품 안내(remind_timesale)
[2022-04-20 22:30:11] - 회원등급 혜택 안내(remind_membership)
[2022-04-20 22:30:11] - 장바구니/위시리스트 상품 안내(remind_cart)
[2022-04-20 22:30:11] - 소멸 마일리지 안내(remind_emoney)
[2022-04-20 22:30:11] - 만료 할인쿠폰 알림(remind_coupon)
[2022-04-21 22:30:14] - 만료 할인쿠폰 알림(remind_coupon) - Err(Today is not monday)
[2022-04-21 22:30:14] - 소멸 마일리지 안내(remind_emoney) - Err(Today is not monday)
[2022-04-21 22:30:14] - 기념일 축하 안내(remind_anniversary)
[2022-04-21 22:30:14] - 생일 축하 안내(remind_birthday)
[2022-04-21 22:30:14] - 상품 리뷰 작성 안내(remind_review)
[2022-04-21 22:30:14] - 타임세일 종료 상품 안내(remind_timesale)
[2022-04-21 22:30:14] - 회원등급 혜택 안내(remind_membership)
[2022-04-21 22:30:14] - 장바구니/위시리스트 상품 안내(remind_cart)
[2022-04-21 22:30:14] - 소멸 마일리지 안내(remind_emoney)
[2022-04-21 22:30:14] - 만료 할인쿠폰 알림(remind_coupon)
[2022-04-22 22:30:16] - 만료 할인쿠폰 알림(remind_coupon) - Err(Today is not monday)
[2022-04-22 22:30:16] - 소멸 마일리지 안내(remind_emoney) - Err(Today is not monday)
[2022-04-22 22:30:16] - 기념일 축하 안내(remind_anniversary)
[2022-04-22 22:30:16] - 생일 축하 안내(remind_birthday)
[2022-04-22 22:30:16] - 상품 리뷰 작성 안내(remind_review)
[2022-04-22 22:30:16] - 타임세일 종료 상품 안내(remind_timesale)
[2022-04-22 22:30:16] - 회원등급 혜택 안내(remind_membership)
[2022-04-22 22:30:16] - 장바구니/위시리스트 상품 안내(remind_cart)
[2022-04-22 22:30:16] - 소멸 마일리지 안내(remind_emoney)
[2022-04-22 22:30:16] - 만료 할인쿠폰 알림(remind_coupon)
[2022-04-23 22:30:11] - 만료 할인쿠폰 알림(remind_coupon) - Err(Today is not monday)
[2022-04-23 22:30:11] - 소멸 마일리지 안내(remind_emoney) - Err(Today is not monday)
[2022-04-23 22:30:11] - 기념일 축하 안내(remind_anniversary)
[2022-04-23 22:30:11] - 생일 축하 안내(remind_birthday)
[2022-04-23 22:30:11] - 상품 리뷰 작성 안내(remind_review)
[2022-04-23 22:30:11] - 타임세일 종료 상품 안내(remind_timesale)
[2022-04-23 22:30:11] - 회원등급 혜택 안내(remind_membership)
[2022-04-23 22:30:11] - 장바구니/위시리스트 상품 안내(remind_cart)
[2022-04-23 22:30:11] - 소멸 마일리지 안내(remind_emoney)
[2022-04-23 22:30:11] - 만료 할인쿠폰 알림(remind_coupon)
[2022-04-24 22:30:16] - 만료 할인쿠폰 알림(remind_coupon) - Err(Today is not monday)
[2022-04-24 22:30:16] - 소멸 마일리지 안내(remind_emoney) - Err(Today is not monday)
[2022-04-24 22:30:16] - 기념일 축하 안내(remind_anniversary)
[2022-04-24 22:30:16] - 생일 축하 안내(remind_birthday)
[2022-04-24 22:30:16] - 상품 리뷰 작성 안내(remind_review)
[2022-04-24 22:30:16] - 타임세일 종료 상품 안내(remind_timesale)
[2022-04-24 22:30:16] - 회원등급 혜택 안내(remind_membership)
[2022-04-24 22:30:16] - 장바구니/위시리스트 상품 안내(remind_cart)
[2022-04-24 22:30:16] - 소멸 마일리지 안내(remind_emoney)
[2022-04-24 22:30:16] - 만료 할인쿠폰 알림(remind_coupon)
[2022-04-25 22:30:11] - 만료 할인쿠폰 알림(remind_coupon) - Err(Today is not monday)
[2022-04-25 22:30:11] - 소멸 마일리지 안내(remind_emoney) - Err(Today is not monday)
[2022-04-25 22:30:11] - 기념일 축하 안내(remind_anniversary)
[2022-04-25 22:30:11] - 생일 축하 안내(remind_birthday)
[2022-04-25 22:30:11] - 상품 리뷰 작성 안내(remind_review)
[2022-04-25 22:30:11] - 타임세일 종료 상품 안내(remind_timesale)
[2022-04-25 22:30:11] - 회원등급 혜택 안내(remind_membership)
[2022-04-25 22:30:11] - 장바구니/위시리스트 상품 안내(remind_cart)
[2022-04-25 22:30:11] - 소멸 마일리지 안내(remind_emoney)
[2022-04-25 22:30:11] - 만료 할인쿠폰 알림(remind_coupon)
[2022-04-26 22:30:15] - 만료 할인쿠폰 알림(remind_coupon) - Err(Today is not monday)
[2022-04-26 22:30:15] - 소멸 마일리지 안내(remind_emoney) - Err(Today is not monday)
[2022-04-26 22:30:15] - 기념일 축하 안내(remind_anniversary)
[2022-04-26 22:30:15] - 생일 축하 안내(remind_birthday)
[2022-04-26 22:30:15] - 상품 리뷰 작성 안내(remind_review)
[2022-04-26 22:30:15] - 타임세일 종료 상품 안내(remind_timesale)
[2022-04-26 22:30:15] - 회원등급 혜택 안내(remind_membership)
[2022-04-26 22:30:15] - 장바구니/위시리스트 상품 안내(remind_cart)
[2022-04-26 22:30:15] - 소멸 마일리지 안내(remind_emoney)
[2022-04-26 22:30:15] - 만료 할인쿠폰 알림(remind_coupon)
[2022-04-27 22:30:13] - 만료 할인쿠폰 알림(remind_coupon) - Err(Today is not monday)
[2022-04-27 22:30:13] - 소멸 마일리지 안내(remind_emoney) - Err(Today is not monday)
[2022-04-27 22:30:13] - 기념일 축하 안내(remind_anniversary)
[2022-04-27 22:30:13] - 생일 축하 안내(remind_birthday)
[2022-04-27 22:30:13] - 상품 리뷰 작성 안내(remind_review)
[2022-04-27 22:30:13] - 타임세일 종료 상품 안내(remind_timesale)
[2022-04-27 22:30:13] - 회원등급 혜택 안내(remind_membership)
[2022-04-27 22:30:13] - 장바구니/위시리스트 상품 안내(remind_cart)
[2022-04-27 22:30:13] - 소멸 마일리지 안내(remind_emoney)
[2022-04-27 22:30:13] - 만료 할인쿠폰 알림(remind_coupon)
[2022-04-28 22:30:10] - 만료 할인쿠폰 알림(remind_coupon) - Err(Today is not monday)
[2022-04-28 22:30:10] - 소멸 마일리지 안내(remind_emoney) - Err(Today is not monday)
[2022-04-28 22:30:10] - 기념일 축하 안내(remind_anniversary)
[2022-04-28 22:30:10] - 생일 축하 안내(remind_birthday)
[2022-04-28 22:30:10] - 상품 리뷰 작성 안내(remind_review)
[2022-04-28 22:30:10] - 타임세일 종료 상품 안내(remind_timesale)
[2022-04-28 22:30:10] - 회원등급 혜택 안내(remind_membership)
[2022-04-28 22:30:10] - 장바구니/위시리스트 상품 안내(remind_cart)
[2022-04-28 22:30:10] - 소멸 마일리지 안내(remind_emoney)
[2022-04-28 22:30:10] - 만료 할인쿠폰 알림(remind_coupon)
[2022-04-29 22:30:14] - 만료 할인쿠폰 알림(remind_coupon) - Err(Today is not monday)
[2022-04-29 22:30:14] - 소멸 마일리지 안내(remind_emoney) - Err(Today is not monday)
[2022-04-29 22:30:14] - 기념일 축하 안내(remind_anniversary)
[2022-04-29 22:30:14] - 생일 축하 안내(remind_birthday)
[2022-04-29 22:30:14] - 상품 리뷰 작성 안내(remind_review)
[2022-04-29 22:30:14] - 타임세일 종료 상품 안내(remind_timesale)
[2022-04-29 22:30:14] - 회원등급 혜택 안내(remind_membership)
[2022-04-29 22:30:14] - 장바구니/위시리스트 상품 안내(remind_cart)
[2022-04-29 22:30:14] - 소멸 마일리지 안내(remind_emoney)
[2022-04-29 22:30:14] - 만료 할인쿠폰 알림(remind_coupon)
[2022-04-30 22:30:09] - 만료 할인쿠폰 알림(remind_coupon) - Err(Today is not monday)
[2022-04-30 22:30:09] - 소멸 마일리지 안내(remind_emoney) - Err(Today is not monday)
[2022-04-30 22:30:09] - 기념일 축하 안내(remind_anniversary)
[2022-04-30 22:30:09] - 생일 축하 안내(remind_birthday)
[2022-04-30 22:30:09] - 상품 리뷰 작성 안내(remind_review)
[2022-04-30 22:30:09] - 타임세일 종료 상품 안내(remind_timesale)
[2022-04-30 22:30:09] - 회원등급 혜택 안내(remind_membership)
[2022-04-30 22:30:09] - 장바구니/위시리스트 상품 안내(remind_cart)
[2022-04-30 22:30:09] - 소멸 마일리지 안내(remind_emoney)
[2022-04-30 22:30:09] - 만료 할인쿠폰 알림(remind_coupon)
