[2022-05-01 22:30:15] - 티켓 상품 자동 배송 완료(batch_social_goods_confirm) - batch_social_goods_confirm  no data
[2022-05-01 22:30:15] - 미입금 통보 확인(deposit_request)
[2022-05-01 22:30:15] - 굿스플로 배송정보(receiveTrackingResults) - OK
[2022-05-01 22:30:15] - 티켓 상품 자동 배송 완료(batch_social_goods_confirm)
[2022-05-01 22:30:15] - 자동 구매 확정(batch_buy_confirm)
[2022-05-01 22:30:15] - 자동 주문 취소(order_cancel)
[2022-05-02 22:30:12] - 티켓 상품 자동 배송 완료(batch_social_goods_confirm) - batch_social_goods_confirm  no data
[2022-05-02 22:30:12] - 미입금 통보 확인(deposit_request)
[2022-05-02 22:30:12] - 굿스플로 배송정보(receiveTrackingResults) - OK
[2022-05-02 22:30:12] - 티켓 상품 자동 배송 완료(batch_social_goods_confirm)
[2022-05-02 22:30:12] - 자동 구매 확정(batch_buy_confirm)
[2022-05-02 22:30:12] - 자동 주문 취소(order_cancel)
[2022-05-03 22:30:15] - 티켓 상품 자동 배송 완료(batch_social_goods_confirm) - batch_social_goods_confirm  no data
[2022-05-03 22:30:15] - 미입금 통보 확인(deposit_request)
[2022-05-03 22:30:15] - 굿스플로 배송정보(receiveTrackingResults) - OK
[2022-05-03 22:30:15] - 티켓 상품 자동 배송 완료(batch_social_goods_confirm)
[2022-05-03 22:30:15] - 자동 구매 확정(batch_buy_confirm)
[2022-05-03 22:30:15] - 자동 주문 취소(order_cancel)
[2022-05-04 22:30:15] - 티켓 상품 자동 배송 완료(batch_social_goods_confirm) - batch_social_goods_confirm  no data
[2022-05-04 22:30:15] - 미입금 통보 확인(deposit_request)
[2022-05-04 22:30:15] - 굿스플로 배송정보(receiveTrackingResults) - OK
[2022-05-04 22:30:15] - 티켓 상품 자동 배송 완료(batch_social_goods_confirm)
[2022-05-04 22:30:15] - 자동 구매 확정(batch_buy_confirm)
[2022-05-04 22:30:15] - 자동 주문 취소(order_cancel)
[2022-05-05 22:30:12] - 티켓 상품 자동 배송 완료(batch_social_goods_confirm) - batch_social_goods_confirm  no data
[2022-05-05 22:30:12] - 미입금 통보 확인(deposit_request)
[2022-05-05 22:30:12] - 굿스플로 배송정보(receiveTrackingResults) - OK
[2022-05-05 22:30:12] - 티켓 상품 자동 배송 완료(batch_social_goods_confirm)
[2022-05-05 22:30:12] - 자동 구매 확정(batch_buy_confirm)
[2022-05-05 22:30:12] - 자동 주문 취소(order_cancel)
[2022-05-06 22:30:15] - 티켓 상품 자동 배송 완료(batch_social_goods_confirm) - batch_social_goods_confirm  no data
[2022-05-06 22:30:15] - 미입금 통보 확인(deposit_request)
[2022-05-06 22:30:15] - 굿스플로 배송정보(receiveTrackingResults) - OK
[2022-05-06 22:30:15] - 티켓 상품 자동 배송 완료(batch_social_goods_confirm)
[2022-05-06 22:30:15] - 자동 구매 확정(batch_buy_confirm)
[2022-05-06 22:30:15] - 자동 주문 취소(order_cancel)
[2022-05-07 22:30:11] - 티켓 상품 자동 배송 완료(batch_social_goods_confirm) - batch_social_goods_confirm  no data
[2022-05-07 22:30:11] - 미입금 통보 확인(deposit_request)
[2022-05-07 22:30:11] - 굿스플로 배송정보(receiveTrackingResults) - OK
[2022-05-07 22:30:11] - 티켓 상품 자동 배송 완료(batch_social_goods_confirm)
[2022-05-07 22:30:11] - 자동 구매 확정(batch_buy_confirm)
[2022-05-07 22:30:11] - 자동 주문 취소(order_cancel)
[2022-05-08 22:30:15] - 티켓 상품 자동 배송 완료(batch_social_goods_confirm) - batch_social_goods_confirm  no data
[2022-05-08 22:30:15] - 미입금 통보 확인(deposit_request)
[2022-05-08 22:30:15] - 굿스플로 배송정보(receiveTrackingResults) - OK
[2022-05-08 22:30:15] - 티켓 상품 자동 배송 완료(batch_social_goods_confirm)
[2022-05-08 22:30:15] - 자동 구매 확정(batch_buy_confirm)
[2022-05-08 22:30:15] - 자동 주문 취소(order_cancel)
[2022-05-09 22:30:15] - 티켓 상품 자동 배송 완료(batch_social_goods_confirm) - batch_social_goods_confirm  no data
[2022-05-09 22:30:15] - 미입금 통보 확인(deposit_request)
[2022-05-09 22:30:15] - 굿스플로 배송정보(receiveTrackingResults) - OK
[2022-05-09 22:30:15] - 티켓 상품 자동 배송 완료(batch_social_goods_confirm)
[2022-05-09 22:30:15] - 자동 구매 확정(batch_buy_confirm)
[2022-05-09 22:30:15] - 자동 주문 취소(order_cancel)
[2022-05-10 22:30:15] - 티켓 상품 자동 배송 완료(batch_social_goods_confirm) - batch_social_goods_confirm  no data
[2022-05-10 22:30:16] - 미입금 통보 확인(deposit_request)
[2022-05-10 22:30:16] - 굿스플로 배송정보(receiveTrackingResults) - OK
[2022-05-10 22:30:16] - 티켓 상품 자동 배송 완료(batch_social_goods_confirm)
[2022-05-10 22:30:16] - 자동 구매 확정(batch_buy_confirm)
[2022-05-10 22:30:16] - 자동 주문 취소(order_cancel)
[2022-05-11 22:30:15] - 티켓 상품 자동 배송 완료(batch_social_goods_confirm) - batch_social_goods_confirm  no data
[2022-05-11 22:30:15] - 미입금 통보 확인(deposit_request)
[2022-05-11 22:30:15] - 굿스플로 배송정보(receiveTrackingResults) - OK
[2022-05-11 22:30:15] - 티켓 상품 자동 배송 완료(batch_social_goods_confirm)
[2022-05-11 22:30:15] - 자동 구매 확정(batch_buy_confirm)
[2022-05-11 22:30:15] - 자동 주문 취소(order_cancel)
[2022-05-12 22:30:15] - 티켓 상품 자동 배송 완료(batch_social_goods_confirm) - batch_social_goods_confirm  no data
[2022-05-12 22:30:15] - 미입금 통보 확인(deposit_request)
[2022-05-12 22:30:15] - 굿스플로 배송정보(receiveTrackingResults) - OK
[2022-05-12 22:30:15] - 티켓 상품 자동 배송 완료(batch_social_goods_confirm)
[2022-05-12 22:30:15] - 자동 구매 확정(batch_buy_confirm)
[2022-05-12 22:30:15] - 자동 주문 취소(order_cancel)
[2022-05-13 22:30:15] - 티켓 상품 자동 배송 완료(batch_social_goods_confirm) - batch_social_goods_confirm  no data
[2022-05-13 22:30:15] - 미입금 통보 확인(deposit_request)
[2022-05-13 22:30:15] - 굿스플로 배송정보(receiveTrackingResults) - OK
[2022-05-13 22:30:15] - 티켓 상품 자동 배송 완료(batch_social_goods_confirm)
[2022-05-13 22:30:15] - 자동 구매 확정(batch_buy_confirm)
[2022-05-13 22:30:15] - 자동 주문 취소(order_cancel)
[2022-05-14 22:30:14] - 티켓 상품 자동 배송 완료(batch_social_goods_confirm) - batch_social_goods_confirm  no data
[2022-05-14 22:30:15] - 미입금 통보 확인(deposit_request)
[2022-05-14 22:30:15] - 굿스플로 배송정보(receiveTrackingResults) - OK
[2022-05-14 22:30:15] - 티켓 상품 자동 배송 완료(batch_social_goods_confirm)
[2022-05-14 22:30:15] - 자동 구매 확정(batch_buy_confirm)
[2022-05-14 22:30:15] - 자동 주문 취소(order_cancel)
[2022-05-15 22:30:14] - 티켓 상품 자동 배송 완료(batch_social_goods_confirm) - batch_social_goods_confirm  no data
[2022-05-15 22:30:14] - 미입금 통보 확인(deposit_request)
[2022-05-15 22:30:14] - 굿스플로 배송정보(receiveTrackingResults) - OK
[2022-05-15 22:30:14] - 티켓 상품 자동 배송 완료(batch_social_goods_confirm)
[2022-05-15 22:30:14] - 자동 구매 확정(batch_buy_confirm)
[2022-05-15 22:30:14] - 자동 주문 취소(order_cancel)
[2022-05-16 22:30:15] - 티켓 상품 자동 배송 완료(batch_social_goods_confirm) - batch_social_goods_confirm  no data
[2022-05-16 22:30:15] - 미입금 통보 확인(deposit_request)
[2022-05-16 22:30:15] - 굿스플로 배송정보(receiveTrackingResults) - OK
[2022-05-16 22:30:15] - 티켓 상품 자동 배송 완료(batch_social_goods_confirm)
[2022-05-16 22:30:15] - 자동 구매 확정(batch_buy_confirm)
[2022-05-16 22:30:15] - 자동 주문 취소(order_cancel)
[2022-05-17 22:30:13] - 티켓 상품 자동 배송 완료(batch_social_goods_confirm) - batch_social_goods_confirm  no data
[2022-05-17 22:30:13] - 미입금 통보 확인(deposit_request)
[2022-05-17 22:30:13] - 굿스플로 배송정보(receiveTrackingResults) - OK
[2022-05-17 22:30:13] - 티켓 상품 자동 배송 완료(batch_social_goods_confirm)
[2022-05-17 22:30:13] - 자동 구매 확정(batch_buy_confirm)
[2022-05-17 22:30:13] - 자동 주문 취소(order_cancel)
[2022-05-18 22:30:15] - 티켓 상품 자동 배송 완료(batch_social_goods_confirm) - batch_social_goods_confirm  no data
[2022-05-18 22:30:15] - 미입금 통보 확인(deposit_request)
[2022-05-18 22:30:15] - 굿스플로 배송정보(receiveTrackingResults) - OK
[2022-05-18 22:30:15] - 티켓 상품 자동 배송 완료(batch_social_goods_confirm)
[2022-05-18 22:30:15] - 자동 구매 확정(batch_buy_confirm)
[2022-05-18 22:30:15] - 자동 주문 취소(order_cancel)
[2022-05-19 22:30:10] - 티켓 상품 자동 배송 완료(batch_social_goods_confirm) - batch_social_goods_confirm  no data
[2022-05-19 22:30:10] - 미입금 통보 확인(deposit_request)
[2022-05-19 22:30:10] - 굿스플로 배송정보(receiveTrackingResults) - OK
[2022-05-19 22:30:10] - 티켓 상품 자동 배송 완료(batch_social_goods_confirm)
[2022-05-19 22:30:10] - 자동 구매 확정(batch_buy_confirm)
[2022-05-19 22:30:10] - 자동 주문 취소(order_cancel)
[2022-05-20 22:30:15] - 티켓 상품 자동 배송 완료(batch_social_goods_confirm) - batch_social_goods_confirm  no data
[2022-05-20 22:30:15] - 미입금 통보 확인(deposit_request)
[2022-05-20 22:30:15] - 굿스플로 배송정보(receiveTrackingResults) - OK
[2022-05-20 22:30:15] - 티켓 상품 자동 배송 완료(batch_social_goods_confirm)
[2022-05-20 22:30:15] - 자동 구매 확정(batch_buy_confirm)
[2022-05-20 22:30:15] - 자동 주문 취소(order_cancel)
[2022-05-21 22:30:08] - 티켓 상품 자동 배송 완료(batch_social_goods_confirm) - batch_social_goods_confirm  no data
[2022-05-21 22:30:08] - 미입금 통보 확인(deposit_request)
[2022-05-21 22:30:08] - 굿스플로 배송정보(receiveTrackingResults) - OK
[2022-05-21 22:30:08] - 티켓 상품 자동 배송 완료(batch_social_goods_confirm)
[2022-05-21 22:30:08] - 자동 구매 확정(batch_buy_confirm)
[2022-05-21 22:30:08] - 자동 주문 취소(order_cancel)
[2022-05-22 22:30:13] - 티켓 상품 자동 배송 완료(batch_social_goods_confirm) - batch_social_goods_confirm  no data
[2022-05-22 22:30:13] - 미입금 통보 확인(deposit_request)
[2022-05-22 22:30:13] - 굿스플로 배송정보(receiveTrackingResults) - OK
[2022-05-22 22:30:13] - 티켓 상품 자동 배송 완료(batch_social_goods_confirm)
[2022-05-22 22:30:13] - 자동 구매 확정(batch_buy_confirm)
[2022-05-22 22:30:13] - 자동 주문 취소(order_cancel)
[2022-05-23 22:30:10] - 티켓 상품 자동 배송 완료(batch_social_goods_confirm) - batch_social_goods_confirm  no data
[2022-05-23 22:30:10] - 미입금 통보 확인(deposit_request)
[2022-05-23 22:30:10] - 굿스플로 배송정보(receiveTrackingResults) - OK
[2022-05-23 22:30:10] - 티켓 상품 자동 배송 완료(batch_social_goods_confirm)
[2022-05-23 22:30:10] - 자동 구매 확정(batch_buy_confirm)
[2022-05-23 22:30:10] - 자동 주문 취소(order_cancel)
[2022-05-24 22:30:16] - 티켓 상품 자동 배송 완료(batch_social_goods_confirm) - batch_social_goods_confirm  no data
[2022-05-24 22:30:16] - 미입금 통보 확인(deposit_request)
[2022-05-24 22:30:16] - 굿스플로 배송정보(receiveTrackingResults) - OK
[2022-05-24 22:30:16] - 티켓 상품 자동 배송 완료(batch_social_goods_confirm)
[2022-05-24 22:30:16] - 자동 구매 확정(batch_buy_confirm)
[2022-05-24 22:30:16] - 자동 주문 취소(order_cancel)
[2022-05-25 22:30:10] - 티켓 상품 자동 배송 완료(batch_social_goods_confirm) - batch_social_goods_confirm  no data
[2022-05-25 22:30:10] - 미입금 통보 확인(deposit_request)
[2022-05-25 22:30:10] - 굿스플로 배송정보(receiveTrackingResults) - OK
[2022-05-25 22:30:10] - 티켓 상품 자동 배송 완료(batch_social_goods_confirm)
[2022-05-25 22:30:10] - 자동 구매 확정(batch_buy_confirm)
[2022-05-25 22:30:10] - 자동 주문 취소(order_cancel)
[2022-05-26 22:30:13] - 티켓 상품 자동 배송 완료(batch_social_goods_confirm) - batch_social_goods_confirm  no data
[2022-05-26 22:30:14] - 미입금 통보 확인(deposit_request)
[2022-05-26 22:30:14] - 굿스플로 배송정보(receiveTrackingResults) - OK
[2022-05-26 22:30:14] - 티켓 상품 자동 배송 완료(batch_social_goods_confirm)
[2022-05-26 22:30:14] - 자동 구매 확정(batch_buy_confirm)
[2022-05-26 22:30:14] - 자동 주문 취소(order_cancel)
[2022-05-27 22:30:14] - 티켓 상품 자동 배송 완료(batch_social_goods_confirm) - batch_social_goods_confirm  no data
[2022-05-27 22:30:15] - 미입금 통보 확인(deposit_request)
[2022-05-27 22:30:15] - 굿스플로 배송정보(receiveTrackingResults) - OK
[2022-05-27 22:30:15] - 티켓 상품 자동 배송 완료(batch_social_goods_confirm)
[2022-05-27 22:30:15] - 자동 구매 확정(batch_buy_confirm)
[2022-05-27 22:30:15] - 자동 주문 취소(order_cancel)
[2022-05-28 22:30:14] - 티켓 상품 자동 배송 완료(batch_social_goods_confirm) - batch_social_goods_confirm  no data
[2022-05-28 22:30:14] - 미입금 통보 확인(deposit_request)
[2022-05-28 22:30:14] - 굿스플로 배송정보(receiveTrackingResults) - OK
[2022-05-28 22:30:14] - 티켓 상품 자동 배송 완료(batch_social_goods_confirm)
[2022-05-28 22:30:14] - 자동 구매 확정(batch_buy_confirm)
[2022-05-28 22:30:14] - 자동 주문 취소(order_cancel)
[2022-05-29 22:30:13] - 티켓 상품 자동 배송 완료(batch_social_goods_confirm) - batch_social_goods_confirm  no data
[2022-05-29 22:30:14] - 미입금 통보 확인(deposit_request)
[2022-05-29 22:30:14] - 굿스플로 배송정보(receiveTrackingResults) - OK
[2022-05-29 22:30:14] - 티켓 상품 자동 배송 완료(batch_social_goods_confirm)
[2022-05-29 22:30:14] - 자동 구매 확정(batch_buy_confirm)
[2022-05-29 22:30:14] - 자동 주문 취소(order_cancel)
[2022-05-30 22:30:13] - 티켓 상품 자동 배송 완료(batch_social_goods_confirm) - batch_social_goods_confirm  no data
[2022-05-30 22:30:13] - 미입금 통보 확인(deposit_request)
[2022-05-30 22:30:13] - 굿스플로 배송정보(receiveTrackingResults) - OK
[2022-05-30 22:30:13] - 티켓 상품 자동 배송 완료(batch_social_goods_confirm)
[2022-05-30 22:30:13] - 자동 구매 확정(batch_buy_confirm)
[2022-05-30 22:30:13] - 자동 주문 취소(order_cancel)
[2022-05-31 22:30:15] - 티켓 상품 자동 배송 완료(batch_social_goods_confirm) - batch_social_goods_confirm  no data
[2022-05-31 22:30:15] - 미입금 통보 확인(deposit_request)
[2022-05-31 22:30:15] - 굿스플로 배송정보(receiveTrackingResults) - OK
[2022-05-31 22:30:15] - 티켓 상품 자동 배송 완료(batch_social_goods_confirm)
[2022-05-31 22:30:15] - 자동 구매 확정(batch_buy_confirm)
[2022-05-31 22:30:15] - 자동 주문 취소(order_cancel)
