[2022-03-10 22:30:08] - 광고수신동의 메일 발송 대상 수집(send_marketing_agree)
[2022-03-10 22:30:08] - 광고수신동의 메일 발송 일자 수정(update_marketing_agree_date)
[2022-03-10 22:30:08] - 미접속자 휴면처리(dormancy_request)
[2022-03-10 22:30:08] - 회원등급 업그레이드(update_member_grade)
[2022-03-10 22:30:08] - 입점사 등급 자동 갱신(exec_update_provider_group)
[2022-03-10 22:30:08] - 회원정보 다운로드 로그 기록 삭제(log_member_excel_delete)
[2022-03-10 22:30:08] - 만료된 포인트 차감(member_point_deduction)
[2022-03-10 22:30:08] - 만료된 마일리지 차감(member_emoney_deduction)
[2022-03-11 22:30:10] - 광고수신동의 메일 발송 대상 수집(send_marketing_agree)
[2022-03-11 22:30:10] - 광고수신동의 메일 발송 일자 수정(update_marketing_agree_date)
[2022-03-11 22:30:10] - 미접속자 휴면처리(dormancy_request)
[2022-03-11 22:30:10] - 회원등급 업그레이드(update_member_grade)
[2022-03-11 22:30:10] - 입점사 등급 자동 갱신(exec_update_provider_group)
[2022-03-11 22:30:10] - 회원정보 다운로드 로그 기록 삭제(log_member_excel_delete)
[2022-03-11 22:30:10] - 만료된 포인트 차감(member_point_deduction)
[2022-03-11 22:30:10] - 만료된 마일리지 차감(member_emoney_deduction)
[2022-03-12 22:30:13] - 광고수신동의 메일 발송 대상 수집(send_marketing_agree)
[2022-03-12 22:30:13] - 광고수신동의 메일 발송 일자 수정(update_marketing_agree_date)
[2022-03-12 22:30:13] - 미접속자 휴면처리(dormancy_request)
[2022-03-12 22:30:13] - 회원등급 업그레이드(update_member_grade)
[2022-03-12 22:30:13] - 입점사 등급 자동 갱신(exec_update_provider_group)
[2022-03-12 22:30:13] - 회원정보 다운로드 로그 기록 삭제(log_member_excel_delete)
[2022-03-12 22:30:13] - 만료된 포인트 차감(member_point_deduction)
[2022-03-12 22:30:13] - 만료된 마일리지 차감(member_emoney_deduction)
[2022-03-13 22:30:13] - 광고수신동의 메일 발송 대상 수집(send_marketing_agree)
[2022-03-13 22:30:13] - 광고수신동의 메일 발송 일자 수정(update_marketing_agree_date)
[2022-03-13 22:30:13] - 미접속자 휴면처리(dormancy_request)
[2022-03-13 22:30:13] - 회원등급 업그레이드(update_member_grade)
[2022-03-13 22:30:13] - 입점사 등급 자동 갱신(exec_update_provider_group)
[2022-03-13 22:30:13] - 회원정보 다운로드 로그 기록 삭제(log_member_excel_delete)
[2022-03-13 22:30:13] - 만료된 포인트 차감(member_point_deduction)
[2022-03-13 22:30:13] - 만료된 마일리지 차감(member_emoney_deduction)
[2022-03-14 22:30:07] - 광고수신동의 메일 발송 대상 수집(send_marketing_agree)
[2022-03-14 22:30:07] - 광고수신동의 메일 발송 일자 수정(update_marketing_agree_date)
[2022-03-14 22:30:07] - 미접속자 휴면처리(dormancy_request)
[2022-03-14 22:30:07] - 회원등급 업그레이드(update_member_grade)
[2022-03-14 22:30:07] - 입점사 등급 자동 갱신(exec_update_provider_group)
[2022-03-14 22:30:07] - 회원정보 다운로드 로그 기록 삭제(log_member_excel_delete)
[2022-03-14 22:30:07] - 만료된 포인트 차감(member_point_deduction)
[2022-03-14 22:30:07] - 만료된 마일리지 차감(member_emoney_deduction)
[2022-03-15 22:30:14] - 회원등급 업그레이드(update_member_grade) - update_member_grade unused
[2022-03-15 22:30:14] - 광고수신동의 메일 발송 대상 수집(send_marketing_agree)
[2022-03-15 22:30:14] - 광고수신동의 메일 발송 일자 수정(update_marketing_agree_date)
[2022-03-15 22:30:14] - 미접속자 휴면처리(dormancy_request)
[2022-03-15 22:30:14] - 회원등급 업그레이드(update_member_grade)
[2022-03-15 22:30:14] - 입점사 등급 자동 갱신(exec_update_provider_group)
[2022-03-15 22:30:14] - 회원정보 다운로드 로그 기록 삭제(log_member_excel_delete)
[2022-03-15 22:30:14] - 만료된 포인트 차감(member_point_deduction)
[2022-03-15 22:30:14] - 만료된 마일리지 차감(member_emoney_deduction)
[2022-03-16 22:30:09] - 광고수신동의 메일 발송 대상 수집(send_marketing_agree)
[2022-03-16 22:30:09] - 광고수신동의 메일 발송 일자 수정(update_marketing_agree_date)
[2022-03-16 22:30:09] - 미접속자 휴면처리(dormancy_request)
[2022-03-16 22:30:09] - 회원등급 업그레이드(update_member_grade)
[2022-03-16 22:30:09] - 입점사 등급 자동 갱신(exec_update_provider_group)
[2022-03-16 22:30:09] - 회원정보 다운로드 로그 기록 삭제(log_member_excel_delete)
[2022-03-16 22:30:09] - 만료된 포인트 차감(member_point_deduction)
[2022-03-16 22:30:09] - 만료된 마일리지 차감(member_emoney_deduction)
[2022-03-17 22:30:13] - 광고수신동의 메일 발송 대상 수집(send_marketing_agree)
[2022-03-17 22:30:13] - 광고수신동의 메일 발송 일자 수정(update_marketing_agree_date)
[2022-03-17 22:30:13] - 미접속자 휴면처리(dormancy_request)
[2022-03-17 22:30:13] - 회원등급 업그레이드(update_member_grade)
[2022-03-17 22:30:13] - 입점사 등급 자동 갱신(exec_update_provider_group)
[2022-03-17 22:30:13] - 회원정보 다운로드 로그 기록 삭제(log_member_excel_delete)
[2022-03-17 22:30:13] - 만료된 포인트 차감(member_point_deduction)
[2022-03-17 22:30:13] - 만료된 마일리지 차감(member_emoney_deduction)
[2022-03-18 22:30:13] - 광고수신동의 메일 발송 대상 수집(send_marketing_agree)
[2022-03-18 22:30:13] - 광고수신동의 메일 발송 일자 수정(update_marketing_agree_date)
[2022-03-18 22:30:13] - 미접속자 휴면처리(dormancy_request)
[2022-03-18 22:30:13] - 회원등급 업그레이드(update_member_grade)
[2022-03-18 22:30:13] - 입점사 등급 자동 갱신(exec_update_provider_group)
[2022-03-18 22:30:13] - 회원정보 다운로드 로그 기록 삭제(log_member_excel_delete)
[2022-03-18 22:30:13] - 만료된 포인트 차감(member_point_deduction)
[2022-03-18 22:30:13] - 만료된 마일리지 차감(member_emoney_deduction)
[2022-03-19 22:30:14] - 광고수신동의 메일 발송 대상 수집(send_marketing_agree)
[2022-03-19 22:30:14] - 광고수신동의 메일 발송 일자 수정(update_marketing_agree_date)
[2022-03-19 22:30:14] - 미접속자 휴면처리(dormancy_request)
[2022-03-19 22:30:14] - 회원등급 업그레이드(update_member_grade)
[2022-03-19 22:30:14] - 입점사 등급 자동 갱신(exec_update_provider_group)
[2022-03-19 22:30:14] - 회원정보 다운로드 로그 기록 삭제(log_member_excel_delete)
[2022-03-19 22:30:14] - 만료된 포인트 차감(member_point_deduction)
[2022-03-19 22:30:14] - 만료된 마일리지 차감(member_emoney_deduction)
[2022-03-20 22:30:08] - 광고수신동의 메일 발송 대상 수집(send_marketing_agree)
[2022-03-20 22:30:08] - 광고수신동의 메일 발송 일자 수정(update_marketing_agree_date)
[2022-03-20 22:30:08] - 미접속자 휴면처리(dormancy_request)
[2022-03-20 22:30:08] - 회원등급 업그레이드(update_member_grade)
[2022-03-20 22:30:08] - 입점사 등급 자동 갱신(exec_update_provider_group)
[2022-03-20 22:30:08] - 회원정보 다운로드 로그 기록 삭제(log_member_excel_delete)
[2022-03-20 22:30:08] - 만료된 포인트 차감(member_point_deduction)
[2022-03-20 22:30:08] - 만료된 마일리지 차감(member_emoney_deduction)
[2022-03-21 22:30:13] - 광고수신동의 메일 발송 대상 수집(send_marketing_agree)
[2022-03-21 22:30:13] - 광고수신동의 메일 발송 일자 수정(update_marketing_agree_date)
[2022-03-21 22:30:13] - 미접속자 휴면처리(dormancy_request)
[2022-03-21 22:30:13] - 회원등급 업그레이드(update_member_grade)
[2022-03-21 22:30:13] - 입점사 등급 자동 갱신(exec_update_provider_group)
[2022-03-21 22:30:13] - 회원정보 다운로드 로그 기록 삭제(log_member_excel_delete)
[2022-03-21 22:30:13] - 만료된 포인트 차감(member_point_deduction)
[2022-03-21 22:30:13] - 만료된 마일리지 차감(member_emoney_deduction)
[2022-03-22 22:30:10] - 광고수신동의 메일 발송 대상 수집(send_marketing_agree)
[2022-03-22 22:30:10] - 광고수신동의 메일 발송 일자 수정(update_marketing_agree_date)
[2022-03-22 22:30:10] - 미접속자 휴면처리(dormancy_request)
[2022-03-22 22:30:10] - 회원등급 업그레이드(update_member_grade)
[2022-03-22 22:30:10] - 입점사 등급 자동 갱신(exec_update_provider_group)
[2022-03-22 22:30:10] - 회원정보 다운로드 로그 기록 삭제(log_member_excel_delete)
[2022-03-22 22:30:10] - 만료된 포인트 차감(member_point_deduction)
[2022-03-22 22:30:10] - 만료된 마일리지 차감(member_emoney_deduction)
[2022-03-23 22:30:14] - 광고수신동의 메일 발송 대상 수집(send_marketing_agree)
[2022-03-23 22:30:14] - 광고수신동의 메일 발송 일자 수정(update_marketing_agree_date)
[2022-03-23 22:30:14] - 미접속자 휴면처리(dormancy_request)
[2022-03-23 22:30:14] - 회원등급 업그레이드(update_member_grade)
[2022-03-23 22:30:14] - 입점사 등급 자동 갱신(exec_update_provider_group)
[2022-03-23 22:30:14] - 회원정보 다운로드 로그 기록 삭제(log_member_excel_delete)
[2022-03-23 22:30:14] - 만료된 포인트 차감(member_point_deduction)
[2022-03-23 22:30:14] - 만료된 마일리지 차감(member_emoney_deduction)
[2022-03-24 22:30:10] - 광고수신동의 메일 발송 대상 수집(send_marketing_agree)
[2022-03-24 22:30:10] - 광고수신동의 메일 발송 일자 수정(update_marketing_agree_date)
[2022-03-24 22:30:10] - 미접속자 휴면처리(dormancy_request)
[2022-03-24 22:30:10] - 회원등급 업그레이드(update_member_grade)
[2022-03-24 22:30:10] - 입점사 등급 자동 갱신(exec_update_provider_group)
[2022-03-24 22:30:10] - 회원정보 다운로드 로그 기록 삭제(log_member_excel_delete)
[2022-03-24 22:30:10] - 만료된 포인트 차감(member_point_deduction)
[2022-03-24 22:30:10] - 만료된 마일리지 차감(member_emoney_deduction)
[2022-03-25 22:30:14] - 광고수신동의 메일 발송 대상 수집(send_marketing_agree)
[2022-03-25 22:30:14] - 광고수신동의 메일 발송 일자 수정(update_marketing_agree_date)
[2022-03-25 22:30:14] - 미접속자 휴면처리(dormancy_request)
[2022-03-25 22:30:14] - 회원등급 업그레이드(update_member_grade)
[2022-03-25 22:30:14] - 입점사 등급 자동 갱신(exec_update_provider_group)
[2022-03-25 22:30:14] - 회원정보 다운로드 로그 기록 삭제(log_member_excel_delete)
[2022-03-25 22:30:14] - 만료된 포인트 차감(member_point_deduction)
[2022-03-25 22:30:14] - 만료된 마일리지 차감(member_emoney_deduction)
[2022-03-26 22:30:15] - 광고수신동의 메일 발송 대상 수집(send_marketing_agree)
[2022-03-26 22:30:15] - 광고수신동의 메일 발송 일자 수정(update_marketing_agree_date)
[2022-03-26 22:30:15] - 미접속자 휴면처리(dormancy_request)
[2022-03-26 22:30:15] - 회원등급 업그레이드(update_member_grade)
[2022-03-26 22:30:15] - 입점사 등급 자동 갱신(exec_update_provider_group)
[2022-03-26 22:30:15] - 회원정보 다운로드 로그 기록 삭제(log_member_excel_delete)
[2022-03-26 22:30:15] - 만료된 포인트 차감(member_point_deduction)
[2022-03-26 22:30:15] - 만료된 마일리지 차감(member_emoney_deduction)
[2022-03-27 22:30:10] - 광고수신동의 메일 발송 대상 수집(send_marketing_agree)
[2022-03-27 22:30:10] - 광고수신동의 메일 발송 일자 수정(update_marketing_agree_date)
[2022-03-27 22:30:10] - 미접속자 휴면처리(dormancy_request)
[2022-03-27 22:30:10] - 회원등급 업그레이드(update_member_grade)
[2022-03-27 22:30:10] - 입점사 등급 자동 갱신(exec_update_provider_group)
[2022-03-27 22:30:10] - 회원정보 다운로드 로그 기록 삭제(log_member_excel_delete)
[2022-03-27 22:30:10] - 만료된 포인트 차감(member_point_deduction)
[2022-03-27 22:30:10] - 만료된 마일리지 차감(member_emoney_deduction)
[2022-03-28 22:30:11] - 광고수신동의 메일 발송 대상 수집(send_marketing_agree)
[2022-03-28 22:30:11] - 광고수신동의 메일 발송 일자 수정(update_marketing_agree_date)
[2022-03-28 22:30:11] - 미접속자 휴면처리(dormancy_request)
[2022-03-28 22:30:11] - 회원등급 업그레이드(update_member_grade)
[2022-03-28 22:30:11] - 입점사 등급 자동 갱신(exec_update_provider_group)
[2022-03-28 22:30:11] - 회원정보 다운로드 로그 기록 삭제(log_member_excel_delete)
[2022-03-28 22:30:11] - 만료된 포인트 차감(member_point_deduction)
[2022-03-28 22:30:11] - 만료된 마일리지 차감(member_emoney_deduction)
[2022-03-29 22:30:13] - 광고수신동의 메일 발송 대상 수집(send_marketing_agree)
[2022-03-29 22:30:13] - 광고수신동의 메일 발송 일자 수정(update_marketing_agree_date)
[2022-03-29 22:30:13] - 미접속자 휴면처리(dormancy_request)
[2022-03-29 22:30:13] - 회원등급 업그레이드(update_member_grade)
[2022-03-29 22:30:13] - 입점사 등급 자동 갱신(exec_update_provider_group)
[2022-03-29 22:30:13] - 회원정보 다운로드 로그 기록 삭제(log_member_excel_delete)
[2022-03-29 22:30:13] - 만료된 포인트 차감(member_point_deduction)
[2022-03-29 22:30:13] - 만료된 마일리지 차감(member_emoney_deduction)
[2022-03-30 22:30:14] - 광고수신동의 메일 발송 대상 수집(send_marketing_agree)
[2022-03-30 22:30:14] - 광고수신동의 메일 발송 일자 수정(update_marketing_agree_date)
[2022-03-30 22:30:14] - 미접속자 휴면처리(dormancy_request)
[2022-03-30 22:30:14] - 회원등급 업그레이드(update_member_grade)
[2022-03-30 22:30:14] - 입점사 등급 자동 갱신(exec_update_provider_group)
[2022-03-30 22:30:14] - 회원정보 다운로드 로그 기록 삭제(log_member_excel_delete)
[2022-03-30 22:30:14] - 만료된 포인트 차감(member_point_deduction)
[2022-03-30 22:30:14] - 만료된 마일리지 차감(member_emoney_deduction)
[2022-03-31 22:30:14] - 광고수신동의 메일 발송 대상 수집(send_marketing_agree)
[2022-03-31 22:30:14] - 광고수신동의 메일 발송 일자 수정(update_marketing_agree_date)
[2022-03-31 22:30:14] - 미접속자 휴면처리(dormancy_request)
[2022-03-31 22:30:14] - 회원등급 업그레이드(update_member_grade)
[2022-03-31 22:30:14] - 입점사 등급 자동 갱신(exec_update_provider_group)
[2022-03-31 22:30:14] - 회원정보 다운로드 로그 기록 삭제(log_member_excel_delete)
[2022-03-31 22:30:14] - 만료된 포인트 차감(member_point_deduction)
[2022-03-31 22:30:14] - 만료된 마일리지 차감(member_emoney_deduction)
