[2022-06-01 22:30:14] - 회원등급 업그레이드(update_member_grade) - update_member_grade unused
[2022-06-01 22:30:14] - 광고수신동의 메일 발송 대상 수집(send_marketing_agree)
[2022-06-01 22:30:14] - 광고수신동의 메일 발송 일자 수정(update_marketing_agree_date)
[2022-06-01 22:30:14] - 미접속자 휴면처리(dormancy_request)
[2022-06-01 22:30:14] - 회원등급 업그레이드(update_member_grade)
[2022-06-01 22:30:14] - 입점사 등급 자동 갱신(exec_update_provider_group)
[2022-06-01 22:30:14] - 회원정보 다운로드 로그 기록 삭제(log_member_excel_delete)
[2022-06-01 22:30:14] - 만료된 포인트 차감(member_point_deduction)
[2022-06-01 22:30:14] - 만료된 마일리지 차감(member_emoney_deduction)
[2022-06-02 22:30:13] - 광고수신동의 메일 발송 대상 수집(send_marketing_agree)
[2022-06-02 22:30:13] - 광고수신동의 메일 발송 일자 수정(update_marketing_agree_date)
[2022-06-02 22:30:13] - 미접속자 휴면처리(dormancy_request)
[2022-06-02 22:30:13] - 회원등급 업그레이드(update_member_grade)
[2022-06-02 22:30:13] - 입점사 등급 자동 갱신(exec_update_provider_group)
[2022-06-02 22:30:13] - 회원정보 다운로드 로그 기록 삭제(log_member_excel_delete)
[2022-06-02 22:30:13] - 만료된 포인트 차감(member_point_deduction)
[2022-06-02 22:30:13] - 만료된 마일리지 차감(member_emoney_deduction)
[2022-06-03 22:30:09] - 광고수신동의 메일 발송 대상 수집(send_marketing_agree)
[2022-06-03 22:30:09] - 광고수신동의 메일 발송 일자 수정(update_marketing_agree_date)
[2022-06-03 22:30:09] - 미접속자 휴면처리(dormancy_request)
[2022-06-03 22:30:09] - 회원등급 업그레이드(update_member_grade)
[2022-06-03 22:30:09] - 입점사 등급 자동 갱신(exec_update_provider_group)
[2022-06-03 22:30:09] - 회원정보 다운로드 로그 기록 삭제(log_member_excel_delete)
[2022-06-03 22:30:09] - 만료된 포인트 차감(member_point_deduction)
[2022-06-03 22:30:09] - 만료된 마일리지 차감(member_emoney_deduction)
[2022-06-04 22:30:09] - 광고수신동의 메일 발송 대상 수집(send_marketing_agree)
[2022-06-04 22:30:09] - 광고수신동의 메일 발송 일자 수정(update_marketing_agree_date)
[2022-06-04 22:30:09] - 미접속자 휴면처리(dormancy_request)
[2022-06-04 22:30:09] - 회원등급 업그레이드(update_member_grade)
[2022-06-04 22:30:09] - 입점사 등급 자동 갱신(exec_update_provider_group)
[2022-06-04 22:30:09] - 회원정보 다운로드 로그 기록 삭제(log_member_excel_delete)
[2022-06-04 22:30:09] - 만료된 포인트 차감(member_point_deduction)
[2022-06-04 22:30:09] - 만료된 마일리지 차감(member_emoney_deduction)
[2022-06-05 22:30:14] - 광고수신동의 메일 발송 대상 수집(send_marketing_agree)
[2022-06-05 22:30:14] - 광고수신동의 메일 발송 일자 수정(update_marketing_agree_date)
[2022-06-05 22:30:14] - 미접속자 휴면처리(dormancy_request)
[2022-06-05 22:30:14] - 회원등급 업그레이드(update_member_grade)
[2022-06-05 22:30:14] - 입점사 등급 자동 갱신(exec_update_provider_group)
[2022-06-05 22:30:14] - 회원정보 다운로드 로그 기록 삭제(log_member_excel_delete)
[2022-06-05 22:30:14] - 만료된 포인트 차감(member_point_deduction)
[2022-06-05 22:30:14] - 만료된 마일리지 차감(member_emoney_deduction)
[2022-06-06 22:30:11] - 광고수신동의 메일 발송 대상 수집(send_marketing_agree)
[2022-06-06 22:30:11] - 광고수신동의 메일 발송 일자 수정(update_marketing_agree_date)
[2022-06-06 22:30:11] - 미접속자 휴면처리(dormancy_request)
[2022-06-06 22:30:11] - 회원등급 업그레이드(update_member_grade)
[2022-06-06 22:30:11] - 입점사 등급 자동 갱신(exec_update_provider_group)
[2022-06-06 22:30:11] - 회원정보 다운로드 로그 기록 삭제(log_member_excel_delete)
[2022-06-06 22:30:11] - 만료된 포인트 차감(member_point_deduction)
[2022-06-06 22:30:11] - 만료된 마일리지 차감(member_emoney_deduction)
[2022-06-07 22:30:12] - 광고수신동의 메일 발송 대상 수집(send_marketing_agree)
[2022-06-07 22:30:12] - 광고수신동의 메일 발송 일자 수정(update_marketing_agree_date)
[2022-06-07 22:30:12] - 미접속자 휴면처리(dormancy_request)
[2022-06-07 22:30:12] - 회원등급 업그레이드(update_member_grade)
[2022-06-07 22:30:12] - 입점사 등급 자동 갱신(exec_update_provider_group)
[2022-06-07 22:30:12] - 회원정보 다운로드 로그 기록 삭제(log_member_excel_delete)
[2022-06-07 22:30:12] - 만료된 포인트 차감(member_point_deduction)
[2022-06-07 22:30:12] - 만료된 마일리지 차감(member_emoney_deduction)
[2022-06-08 22:30:07] - 광고수신동의 메일 발송 대상 수집(send_marketing_agree)
[2022-06-08 22:30:07] - 광고수신동의 메일 발송 일자 수정(update_marketing_agree_date)
[2022-06-08 22:30:07] - 미접속자 휴면처리(dormancy_request)
[2022-06-08 22:30:07] - 회원등급 업그레이드(update_member_grade)
[2022-06-08 22:30:07] - 입점사 등급 자동 갱신(exec_update_provider_group)
[2022-06-08 22:30:07] - 회원정보 다운로드 로그 기록 삭제(log_member_excel_delete)
[2022-06-08 22:30:07] - 만료된 포인트 차감(member_point_deduction)
[2022-06-08 22:30:07] - 만료된 마일리지 차감(member_emoney_deduction)
[2022-06-09 22:30:14] - 광고수신동의 메일 발송 대상 수집(send_marketing_agree)
[2022-06-09 22:30:14] - 광고수신동의 메일 발송 일자 수정(update_marketing_agree_date)
[2022-06-09 22:30:14] - 미접속자 휴면처리(dormancy_request)
[2022-06-09 22:30:14] - 회원등급 업그레이드(update_member_grade)
[2022-06-09 22:30:14] - 입점사 등급 자동 갱신(exec_update_provider_group)
[2022-06-09 22:30:14] - 회원정보 다운로드 로그 기록 삭제(log_member_excel_delete)
[2022-06-09 22:30:14] - 만료된 포인트 차감(member_point_deduction)
[2022-06-09 22:30:14] - 만료된 마일리지 차감(member_emoney_deduction)
[2022-06-10 22:30:13] - 광고수신동의 메일 발송 대상 수집(send_marketing_agree)
[2022-06-10 22:30:13] - 광고수신동의 메일 발송 일자 수정(update_marketing_agree_date)
[2022-06-10 22:30:13] - 미접속자 휴면처리(dormancy_request)
[2022-06-10 22:30:13] - 회원등급 업그레이드(update_member_grade)
[2022-06-10 22:30:13] - 입점사 등급 자동 갱신(exec_update_provider_group)
[2022-06-10 22:30:13] - 회원정보 다운로드 로그 기록 삭제(log_member_excel_delete)
[2022-06-10 22:30:13] - 만료된 포인트 차감(member_point_deduction)
[2022-06-10 22:30:13] - 만료된 마일리지 차감(member_emoney_deduction)
[2022-06-11 22:30:14] - 광고수신동의 메일 발송 대상 수집(send_marketing_agree)
[2022-06-11 22:30:14] - 광고수신동의 메일 발송 일자 수정(update_marketing_agree_date)
[2022-06-11 22:30:14] - 미접속자 휴면처리(dormancy_request)
[2022-06-11 22:30:14] - 회원등급 업그레이드(update_member_grade)
[2022-06-11 22:30:14] - 입점사 등급 자동 갱신(exec_update_provider_group)
[2022-06-11 22:30:14] - 회원정보 다운로드 로그 기록 삭제(log_member_excel_delete)
[2022-06-11 22:30:14] - 만료된 포인트 차감(member_point_deduction)
[2022-06-11 22:30:14] - 만료된 마일리지 차감(member_emoney_deduction)
[2022-06-12 22:30:11] - 광고수신동의 메일 발송 대상 수집(send_marketing_agree)
[2022-06-12 22:30:11] - 광고수신동의 메일 발송 일자 수정(update_marketing_agree_date)
[2022-06-12 22:30:11] - 미접속자 휴면처리(dormancy_request)
[2022-06-12 22:30:11] - 회원등급 업그레이드(update_member_grade)
[2022-06-12 22:30:11] - 입점사 등급 자동 갱신(exec_update_provider_group)
[2022-06-12 22:30:11] - 회원정보 다운로드 로그 기록 삭제(log_member_excel_delete)
[2022-06-12 22:30:11] - 만료된 포인트 차감(member_point_deduction)
[2022-06-12 22:30:11] - 만료된 마일리지 차감(member_emoney_deduction)
