[2022-06-01 22:30:14] - 만료 할인쿠폰 알림(remind_coupon) - Err(Today is not monday)
[2022-06-01 22:30:14] - 기념일 축하 안내(remind_anniversary)
[2022-06-01 22:30:14] - 생일 축하 안내(remind_birthday)
[2022-06-01 22:30:14] - 상품 리뷰 작성 안내(remind_review)
[2022-06-01 22:30:14] - 타임세일 종료 상품 안내(remind_timesale)
[2022-06-01 22:30:14] - 회원등급 혜택 안내(remind_membership)
[2022-06-01 22:30:14] - 장바구니/위시리스트 상품 안내(remind_cart)
[2022-06-01 22:30:14] - 소멸 마일리지 안내(remind_emoney)
[2022-06-01 22:30:14] - 만료 할인쿠폰 알림(remind_coupon)
[2022-06-02 22:30:14] - 만료 할인쿠폰 알림(remind_coupon) - Err(Today is not monday)
[2022-06-02 22:30:14] - 소멸 마일리지 안내(remind_emoney) - Err(Today is not monday)
[2022-06-02 22:30:14] - 기념일 축하 안내(remind_anniversary)
[2022-06-02 22:30:14] - 생일 축하 안내(remind_birthday)
[2022-06-02 22:30:14] - 상품 리뷰 작성 안내(remind_review)
[2022-06-02 22:30:14] - 타임세일 종료 상품 안내(remind_timesale)
[2022-06-02 22:30:14] - 회원등급 혜택 안내(remind_membership)
[2022-06-02 22:30:14] - 장바구니/위시리스트 상품 안내(remind_cart)
[2022-06-02 22:30:14] - 소멸 마일리지 안내(remind_emoney)
[2022-06-02 22:30:14] - 만료 할인쿠폰 알림(remind_coupon)
[2022-06-03 22:30:09] - 만료 할인쿠폰 알림(remind_coupon) - Err(Today is not monday)
[2022-06-03 22:30:09] - 소멸 마일리지 안내(remind_emoney) - Err(Today is not monday)
[2022-06-03 22:30:09] - 기념일 축하 안내(remind_anniversary)
[2022-06-03 22:30:09] - 생일 축하 안내(remind_birthday)
[2022-06-03 22:30:09] - 상품 리뷰 작성 안내(remind_review)
[2022-06-03 22:30:09] - 타임세일 종료 상품 안내(remind_timesale)
[2022-06-03 22:30:09] - 회원등급 혜택 안내(remind_membership)
[2022-06-03 22:30:09] - 장바구니/위시리스트 상품 안내(remind_cart)
[2022-06-03 22:30:09] - 소멸 마일리지 안내(remind_emoney)
[2022-06-03 22:30:09] - 만료 할인쿠폰 알림(remind_coupon)
[2022-06-04 22:30:10] - 만료 할인쿠폰 알림(remind_coupon) - Err(Today is not monday)
[2022-06-04 22:30:10] - 소멸 마일리지 안내(remind_emoney) - Err(Today is not monday)
[2022-06-04 22:30:10] - 기념일 축하 안내(remind_anniversary)
[2022-06-04 22:30:10] - 생일 축하 안내(remind_birthday)
[2022-06-04 22:30:10] - 상품 리뷰 작성 안내(remind_review)
[2022-06-04 22:30:10] - 타임세일 종료 상품 안내(remind_timesale)
[2022-06-04 22:30:10] - 회원등급 혜택 안내(remind_membership)
[2022-06-04 22:30:10] - 장바구니/위시리스트 상품 안내(remind_cart)
[2022-06-04 22:30:10] - 소멸 마일리지 안내(remind_emoney)
[2022-06-04 22:30:10] - 만료 할인쿠폰 알림(remind_coupon)
[2022-06-05 22:30:14] - 만료 할인쿠폰 알림(remind_coupon) - Err(Today is not monday)
[2022-06-05 22:30:14] - 소멸 마일리지 안내(remind_emoney) - Err(Today is not monday)
[2022-06-05 22:30:14] - 기념일 축하 안내(remind_anniversary)
[2022-06-05 22:30:14] - 생일 축하 안내(remind_birthday)
[2022-06-05 22:30:14] - 상품 리뷰 작성 안내(remind_review)
[2022-06-05 22:30:14] - 타임세일 종료 상품 안내(remind_timesale)
[2022-06-05 22:30:14] - 회원등급 혜택 안내(remind_membership)
[2022-06-05 22:30:14] - 장바구니/위시리스트 상품 안내(remind_cart)
[2022-06-05 22:30:14] - 소멸 마일리지 안내(remind_emoney)
[2022-06-05 22:30:14] - 만료 할인쿠폰 알림(remind_coupon)
[2022-06-06 22:30:11] - 만료 할인쿠폰 알림(remind_coupon) - Err(Today is not monday)
[2022-06-06 22:30:11] - 소멸 마일리지 안내(remind_emoney) - Err(Today is not monday)
[2022-06-06 22:30:11] - 기념일 축하 안내(remind_anniversary)
[2022-06-06 22:30:11] - 생일 축하 안내(remind_birthday)
[2022-06-06 22:30:11] - 상품 리뷰 작성 안내(remind_review)
[2022-06-06 22:30:11] - 타임세일 종료 상품 안내(remind_timesale)
[2022-06-06 22:30:11] - 회원등급 혜택 안내(remind_membership)
[2022-06-06 22:30:11] - 장바구니/위시리스트 상품 안내(remind_cart)
[2022-06-06 22:30:11] - 소멸 마일리지 안내(remind_emoney)
[2022-06-06 22:30:11] - 만료 할인쿠폰 알림(remind_coupon)
[2022-06-07 22:30:12] - 만료 할인쿠폰 알림(remind_coupon) - Err(Today is not monday)
[2022-06-07 22:30:12] - 소멸 마일리지 안내(remind_emoney) - Err(Today is not monday)
[2022-06-07 22:30:12] - 기념일 축하 안내(remind_anniversary)
[2022-06-07 22:30:12] - 생일 축하 안내(remind_birthday)
[2022-06-07 22:30:12] - 상품 리뷰 작성 안내(remind_review)
[2022-06-07 22:30:12] - 타임세일 종료 상품 안내(remind_timesale)
[2022-06-07 22:30:12] - 회원등급 혜택 안내(remind_membership)
[2022-06-07 22:30:12] - 장바구니/위시리스트 상품 안내(remind_cart)
[2022-06-07 22:30:12] - 소멸 마일리지 안내(remind_emoney)
[2022-06-07 22:30:12] - 만료 할인쿠폰 알림(remind_coupon)
[2022-06-08 22:30:08] - 만료 할인쿠폰 알림(remind_coupon) - Err(Today is not monday)
[2022-06-08 22:30:08] - 소멸 마일리지 안내(remind_emoney) - Err(Today is not monday)
[2022-06-08 22:30:08] - 기념일 축하 안내(remind_anniversary)
[2022-06-08 22:30:08] - 생일 축하 안내(remind_birthday)
[2022-06-08 22:30:08] - 상품 리뷰 작성 안내(remind_review)
[2022-06-08 22:30:08] - 타임세일 종료 상품 안내(remind_timesale)
[2022-06-08 22:30:08] - 회원등급 혜택 안내(remind_membership)
[2022-06-08 22:30:08] - 장바구니/위시리스트 상품 안내(remind_cart)
[2022-06-08 22:30:08] - 소멸 마일리지 안내(remind_emoney)
[2022-06-08 22:30:08] - 만료 할인쿠폰 알림(remind_coupon)
[2022-06-09 22:30:15] - 만료 할인쿠폰 알림(remind_coupon) - Err(Today is not monday)
[2022-06-09 22:30:15] - 소멸 마일리지 안내(remind_emoney) - Err(Today is not monday)
[2022-06-09 22:30:15] - 기념일 축하 안내(remind_anniversary)
[2022-06-09 22:30:15] - 생일 축하 안내(remind_birthday)
[2022-06-09 22:30:15] - 상품 리뷰 작성 안내(remind_review)
[2022-06-09 22:30:15] - 타임세일 종료 상품 안내(remind_timesale)
[2022-06-09 22:30:15] - 회원등급 혜택 안내(remind_membership)
[2022-06-09 22:30:15] - 장바구니/위시리스트 상품 안내(remind_cart)
[2022-06-09 22:30:15] - 소멸 마일리지 안내(remind_emoney)
[2022-06-09 22:30:15] - 만료 할인쿠폰 알림(remind_coupon)
[2022-06-10 22:30:14] - 만료 할인쿠폰 알림(remind_coupon) - Err(Today is not monday)
[2022-06-10 22:30:14] - 소멸 마일리지 안내(remind_emoney) - Err(Today is not monday)
[2022-06-10 22:30:14] - 기념일 축하 안내(remind_anniversary)
[2022-06-10 22:30:14] - 생일 축하 안내(remind_birthday)
[2022-06-10 22:30:14] - 상품 리뷰 작성 안내(remind_review)
[2022-06-10 22:30:14] - 타임세일 종료 상품 안내(remind_timesale)
[2022-06-10 22:30:14] - 회원등급 혜택 안내(remind_membership)
[2022-06-10 22:30:14] - 장바구니/위시리스트 상품 안내(remind_cart)
[2022-06-10 22:30:14] - 소멸 마일리지 안내(remind_emoney)
[2022-06-10 22:30:14] - 만료 할인쿠폰 알림(remind_coupon)
[2022-06-11 22:30:14] - 만료 할인쿠폰 알림(remind_coupon) - Err(Today is not monday)
[2022-06-11 22:30:14] - 소멸 마일리지 안내(remind_emoney) - Err(Today is not monday)
[2022-06-11 22:30:14] - 기념일 축하 안내(remind_anniversary)
[2022-06-11 22:30:14] - 생일 축하 안내(remind_birthday)
[2022-06-11 22:30:14] - 상품 리뷰 작성 안내(remind_review)
[2022-06-11 22:30:14] - 타임세일 종료 상품 안내(remind_timesale)
[2022-06-11 22:30:14] - 회원등급 혜택 안내(remind_membership)
[2022-06-11 22:30:14] - 장바구니/위시리스트 상품 안내(remind_cart)
[2022-06-11 22:30:14] - 소멸 마일리지 안내(remind_emoney)
[2022-06-11 22:30:14] - 만료 할인쿠폰 알림(remind_coupon)
[2022-06-12 22:30:11] - 만료 할인쿠폰 알림(remind_coupon) - Err(Today is not monday)
[2022-06-12 22:30:11] - 소멸 마일리지 안내(remind_emoney) - Err(Today is not monday)
[2022-06-12 22:30:11] - 기념일 축하 안내(remind_anniversary)
[2022-06-12 22:30:11] - 생일 축하 안내(remind_birthday)
[2022-06-12 22:30:11] - 상품 리뷰 작성 안내(remind_review)
[2022-06-12 22:30:11] - 타임세일 종료 상품 안내(remind_timesale)
[2022-06-12 22:30:11] - 회원등급 혜택 안내(remind_membership)
[2022-06-12 22:30:11] - 장바구니/위시리스트 상품 안내(remind_cart)
[2022-06-12 22:30:11] - 소멸 마일리지 안내(remind_emoney)
[2022-06-12 22:30:11] - 만료 할인쿠폰 알림(remind_coupon)
