[2022-03-10 22:30:10] - 티켓 상품 자동 배송 완료(batch_social_goods_confirm) - batch_social_goods_confirm  no data
[2022-03-10 22:30:10] - 미입금 통보 확인(deposit_request)
[2022-03-10 22:30:10] - 굿스플로 배송정보(receiveTrackingResults) - OK
[2022-03-10 22:30:10] - 티켓 상품 자동 배송 완료(batch_social_goods_confirm)
[2022-03-10 22:30:10] - 자동 구매 확정(batch_buy_confirm)
[2022-03-10 22:30:10] - 자동 주문 취소(order_cancel)
[2022-03-11 22:30:10] - 티켓 상품 자동 배송 완료(batch_social_goods_confirm) - batch_social_goods_confirm  no data
[2022-03-11 22:30:10] - 미입금 통보 확인(deposit_request)
[2022-03-11 22:30:10] - 굿스플로 배송정보(receiveTrackingResults) - OK
[2022-03-11 22:30:10] - 티켓 상품 자동 배송 완료(batch_social_goods_confirm)
[2022-03-11 22:30:10] - 자동 구매 확정(batch_buy_confirm)
[2022-03-11 22:30:10] - 자동 주문 취소(order_cancel)
[2022-03-12 22:30:13] - 티켓 상품 자동 배송 완료(batch_social_goods_confirm) - batch_social_goods_confirm  no data
[2022-03-12 22:30:13] - 미입금 통보 확인(deposit_request)
[2022-03-12 22:30:13] - 굿스플로 배송정보(receiveTrackingResults) - OK
[2022-03-12 22:30:13] - 티켓 상품 자동 배송 완료(batch_social_goods_confirm)
[2022-03-12 22:30:13] - 자동 구매 확정(batch_buy_confirm)
[2022-03-12 22:30:13] - 자동 주문 취소(order_cancel)
[2022-03-13 22:30:13] - 티켓 상품 자동 배송 완료(batch_social_goods_confirm) - batch_social_goods_confirm  no data
[2022-03-13 22:30:13] - 미입금 통보 확인(deposit_request)
[2022-03-13 22:30:13] - 굿스플로 배송정보(receiveTrackingResults) - OK
[2022-03-13 22:30:13] - 티켓 상품 자동 배송 완료(batch_social_goods_confirm)
[2022-03-13 22:30:13] - 자동 구매 확정(batch_buy_confirm)
[2022-03-13 22:30:13] - 자동 주문 취소(order_cancel)
[2022-03-14 22:30:08] - 티켓 상품 자동 배송 완료(batch_social_goods_confirm) - batch_social_goods_confirm  no data
[2022-03-14 22:30:08] - 미입금 통보 확인(deposit_request)
[2022-03-14 22:30:08] - 굿스플로 배송정보(receiveTrackingResults) - OK
[2022-03-14 22:30:08] - 티켓 상품 자동 배송 완료(batch_social_goods_confirm)
[2022-03-14 22:30:08] - 자동 구매 확정(batch_buy_confirm)
[2022-03-14 22:30:08] - 자동 주문 취소(order_cancel)
[2022-03-15 22:30:14] - 티켓 상품 자동 배송 완료(batch_social_goods_confirm) - batch_social_goods_confirm  no data
[2022-03-15 22:30:15] - 미입금 통보 확인(deposit_request)
[2022-03-15 22:30:15] - 굿스플로 배송정보(receiveTrackingResults) - OK
[2022-03-15 22:30:15] - 티켓 상품 자동 배송 완료(batch_social_goods_confirm)
[2022-03-15 22:30:15] - 자동 구매 확정(batch_buy_confirm)
[2022-03-15 22:30:15] - 자동 주문 취소(order_cancel)
[2022-03-16 22:30:09] - 티켓 상품 자동 배송 완료(batch_social_goods_confirm) - batch_social_goods_confirm  no data
[2022-03-16 22:30:09] - 미입금 통보 확인(deposit_request)
[2022-03-16 22:30:09] - 굿스플로 배송정보(receiveTrackingResults) - OK
[2022-03-16 22:30:09] - 티켓 상품 자동 배송 완료(batch_social_goods_confirm)
[2022-03-16 22:30:09] - 자동 구매 확정(batch_buy_confirm)
[2022-03-16 22:30:09] - 자동 주문 취소(order_cancel)
[2022-03-17 22:30:14] - 티켓 상품 자동 배송 완료(batch_social_goods_confirm) - batch_social_goods_confirm  no data
[2022-03-17 22:30:14] - 미입금 통보 확인(deposit_request)
[2022-03-17 22:30:14] - 굿스플로 배송정보(receiveTrackingResults) - OK
[2022-03-17 22:30:14] - 티켓 상품 자동 배송 완료(batch_social_goods_confirm)
[2022-03-17 22:30:14] - 자동 구매 확정(batch_buy_confirm)
[2022-03-17 22:30:14] - 자동 주문 취소(order_cancel)
[2022-03-18 22:30:14] - 티켓 상품 자동 배송 완료(batch_social_goods_confirm) - batch_social_goods_confirm  no data
[2022-03-18 22:30:14] - 미입금 통보 확인(deposit_request)
[2022-03-18 22:30:14] - 굿스플로 배송정보(receiveTrackingResults) - OK
[2022-03-18 22:30:14] - 티켓 상품 자동 배송 완료(batch_social_goods_confirm)
[2022-03-18 22:30:14] - 자동 구매 확정(batch_buy_confirm)
[2022-03-18 22:30:14] - 자동 주문 취소(order_cancel)
[2022-03-19 22:30:14] - 티켓 상품 자동 배송 완료(batch_social_goods_confirm) - batch_social_goods_confirm  no data
[2022-03-19 22:30:14] - 미입금 통보 확인(deposit_request)
[2022-03-19 22:30:14] - 굿스플로 배송정보(receiveTrackingResults) - OK
[2022-03-19 22:30:14] - 티켓 상품 자동 배송 완료(batch_social_goods_confirm)
[2022-03-19 22:30:14] - 자동 구매 확정(batch_buy_confirm)
[2022-03-19 22:30:14] - 자동 주문 취소(order_cancel)
[2022-03-20 22:30:08] - 티켓 상품 자동 배송 완료(batch_social_goods_confirm) - batch_social_goods_confirm  no data
[2022-03-20 22:30:08] - 미입금 통보 확인(deposit_request)
[2022-03-20 22:30:08] - 굿스플로 배송정보(receiveTrackingResults) - OK
[2022-03-20 22:30:08] - 티켓 상품 자동 배송 완료(batch_social_goods_confirm)
[2022-03-20 22:30:08] - 자동 구매 확정(batch_buy_confirm)
[2022-03-20 22:30:08] - 자동 주문 취소(order_cancel)
[2022-03-21 22:30:13] - 티켓 상품 자동 배송 완료(batch_social_goods_confirm) - batch_social_goods_confirm  no data
[2022-03-21 22:30:13] - 미입금 통보 확인(deposit_request)
[2022-03-21 22:30:13] - 굿스플로 배송정보(receiveTrackingResults) - OK
[2022-03-21 22:30:13] - 티켓 상품 자동 배송 완료(batch_social_goods_confirm)
[2022-03-21 22:30:13] - 자동 구매 확정(batch_buy_confirm)
[2022-03-21 22:30:13] - 자동 주문 취소(order_cancel)
[2022-03-22 22:30:10] - 티켓 상품 자동 배송 완료(batch_social_goods_confirm) - batch_social_goods_confirm  no data
[2022-03-22 22:30:11] - 미입금 통보 확인(deposit_request)
[2022-03-22 22:30:11] - 굿스플로 배송정보(receiveTrackingResults) - OK
[2022-03-22 22:30:11] - 티켓 상품 자동 배송 완료(batch_social_goods_confirm)
[2022-03-22 22:30:11] - 자동 구매 확정(batch_buy_confirm)
[2022-03-22 22:30:11] - 자동 주문 취소(order_cancel)
[2022-03-23 22:30:15] - 티켓 상품 자동 배송 완료(batch_social_goods_confirm) - batch_social_goods_confirm  no data
[2022-03-23 22:30:15] - 미입금 통보 확인(deposit_request)
[2022-03-23 22:30:15] - 굿스플로 배송정보(receiveTrackingResults) - OK
[2022-03-23 22:30:15] - 티켓 상품 자동 배송 완료(batch_social_goods_confirm)
[2022-03-23 22:30:15] - 자동 구매 확정(batch_buy_confirm)
[2022-03-23 22:30:15] - 자동 주문 취소(order_cancel)
[2022-03-24 22:30:10] - 티켓 상품 자동 배송 완료(batch_social_goods_confirm) - batch_social_goods_confirm  no data
[2022-03-24 22:30:10] - 미입금 통보 확인(deposit_request)
[2022-03-24 22:30:10] - 굿스플로 배송정보(receiveTrackingResults) - OK
[2022-03-24 22:30:10] - 티켓 상품 자동 배송 완료(batch_social_goods_confirm)
[2022-03-24 22:30:10] - 자동 구매 확정(batch_buy_confirm)
[2022-03-24 22:30:10] - 자동 주문 취소(order_cancel)
[2022-03-25 22:30:14] - 티켓 상품 자동 배송 완료(batch_social_goods_confirm) - batch_social_goods_confirm  no data
[2022-03-25 22:30:14] - 미입금 통보 확인(deposit_request)
[2022-03-25 22:30:14] - 굿스플로 배송정보(receiveTrackingResults) - OK
[2022-03-25 22:30:14] - 티켓 상품 자동 배송 완료(batch_social_goods_confirm)
[2022-03-25 22:30:14] - 자동 구매 확정(batch_buy_confirm)
[2022-03-25 22:30:14] - 자동 주문 취소(order_cancel)
[2022-03-26 22:30:15] - 티켓 상품 자동 배송 완료(batch_social_goods_confirm) - batch_social_goods_confirm  no data
[2022-03-26 22:30:15] - 미입금 통보 확인(deposit_request)
[2022-03-26 22:30:15] - 굿스플로 배송정보(receiveTrackingResults) - OK
[2022-03-26 22:30:15] - 티켓 상품 자동 배송 완료(batch_social_goods_confirm)
[2022-03-26 22:30:15] - 자동 구매 확정(batch_buy_confirm)
[2022-03-26 22:30:15] - 자동 주문 취소(order_cancel)
[2022-03-27 22:30:11] - 티켓 상품 자동 배송 완료(batch_social_goods_confirm) - batch_social_goods_confirm  no data
[2022-03-27 22:30:11] - 미입금 통보 확인(deposit_request)
[2022-03-27 22:30:11] - 굿스플로 배송정보(receiveTrackingResults) - OK
[2022-03-27 22:30:11] - 티켓 상품 자동 배송 완료(batch_social_goods_confirm)
[2022-03-27 22:30:11] - 자동 구매 확정(batch_buy_confirm)
[2022-03-27 22:30:11] - 자동 주문 취소(order_cancel)
[2022-03-28 22:30:12] - 티켓 상품 자동 배송 완료(batch_social_goods_confirm) - batch_social_goods_confirm  no data
[2022-03-28 22:30:12] - 미입금 통보 확인(deposit_request)
[2022-03-28 22:30:12] - 굿스플로 배송정보(receiveTrackingResults) - OK
[2022-03-28 22:30:12] - 티켓 상품 자동 배송 완료(batch_social_goods_confirm)
[2022-03-28 22:30:12] - 자동 구매 확정(batch_buy_confirm)
[2022-03-28 22:30:12] - 자동 주문 취소(order_cancel)
[2022-03-29 22:30:13] - 티켓 상품 자동 배송 완료(batch_social_goods_confirm) - batch_social_goods_confirm  no data
[2022-03-29 22:30:13] - 미입금 통보 확인(deposit_request)
[2022-03-29 22:30:13] - 굿스플로 배송정보(receiveTrackingResults) - OK
[2022-03-29 22:30:13] - 티켓 상품 자동 배송 완료(batch_social_goods_confirm)
[2022-03-29 22:30:13] - 자동 구매 확정(batch_buy_confirm)
[2022-03-29 22:30:13] - 자동 주문 취소(order_cancel)
[2022-03-30 22:30:14] - 티켓 상품 자동 배송 완료(batch_social_goods_confirm) - batch_social_goods_confirm  no data
[2022-03-30 22:30:15] - 미입금 통보 확인(deposit_request)
[2022-03-30 22:30:15] - 굿스플로 배송정보(receiveTrackingResults) - OK
[2022-03-30 22:30:15] - 티켓 상품 자동 배송 완료(batch_social_goods_confirm)
[2022-03-30 22:30:15] - 자동 구매 확정(batch_buy_confirm)
[2022-03-30 22:30:15] - 자동 주문 취소(order_cancel)
[2022-03-31 22:30:14] - 티켓 상품 자동 배송 완료(batch_social_goods_confirm) - batch_social_goods_confirm  no data
[2022-03-31 22:30:14] - 미입금 통보 확인(deposit_request)
[2022-03-31 22:30:14] - 굿스플로 배송정보(receiveTrackingResults) - OK
[2022-03-31 22:30:14] - 티켓 상품 자동 배송 완료(batch_social_goods_confirm)
[2022-03-31 22:30:14] - 자동 구매 확정(batch_buy_confirm)
[2022-03-31 22:30:14] - 자동 주문 취소(order_cancel)
