[2022-03-10 22:30:10] - 2022-03-09 - daily_order start
[2022-03-10 22:30:10] - 2022-03-09 - daily_order success
[2022-03-10 22:30:10] - 2022-03-09 - daily_fblike start
[2022-03-10 22:30:10] - 2022-03-09 - daily_fblike success
[2022-03-10 22:30:10] - 2022-03-09 - daily_review start
[2022-03-10 22:30:10] - 2022-03-09 - daily_review success
[2022-03-10 22:30:10] - 2022-03-09 - daily_restock_notify start
[2022-03-10 22:30:10] - 2022-03-09 - daily_restock_notify success
[2022-03-10 22:30:10] - 2022-03-09 - daily_wish start
[2022-03-10 22:30:10] - 2022-03-09 - daily_wish success
[2022-03-10 22:30:10] - 2022-03-09 - daily_cart start
[2022-03-10 22:30:10] - 2022-03-09 - daily_cart success
[2022-03-10 22:30:10] - 2022-03-09 - daily_view start
[2022-03-10 22:30:10] - 2022-03-09 - daily_view success
[2022-03-10 22:30:10] - 2022-03-09 - daily_sales_price start
[2022-03-10 22:30:10] - 2022-03-09 - daily_sales_price success
[2022-03-10 22:30:10] - 2022-03-09 - case1 start
[2022-03-10 22:30:10] - 2022-03-09 - case1 success
[2022-03-10 22:30:10] - 2022-03-09 - case2 start
[2022-03-10 22:30:11] - 2022-03-09 - case2 success
[2022-03-10 22:30:11] - 2022-03-09 - delete start
[2022-03-10 22:30:11] - 2022-03-09 - fm_daily_stats_fblike_vw start
[2022-03-10 22:30:11] - 2022-03-09 - fm_daily_stats_fblike_vw success
[2022-03-10 22:30:11] - 2022-03-09 - fm_daily_stats_review_vw start
[2022-03-10 22:30:11] - 2022-03-09 - fm_daily_stats_review_vw success
[2022-03-10 22:30:11] - 2022-03-09 - fm_daily_stats_restock_notify_vw start
[2022-03-10 22:30:11] - 2022-03-09 - fm_daily_stats_restock_notify_vw success
[2022-03-10 22:30:11] - 2022-03-09 - fm_daily_stats_wish_vw start
[2022-03-10 22:30:11] - 2022-03-09 - fm_daily_stats_wish_vw success
[2022-03-10 22:30:11] - 2022-03-09 - fm_daily_stats_cart_vw start
[2022-03-10 22:30:11] - 2022-03-09 - fm_daily_stats_cart_vw success
[2022-03-10 22:30:11] - 2022-03-09 - fm_daily_stats_order_vw start
[2022-03-10 22:30:11] - 2022-03-09 - fm_daily_stats_order_vw success
[2022-03-10 22:30:11] - 2022-03-09 - fm_daily_stats_view_vw start
[2022-03-10 22:30:11] - 2022-03-09 - fm_daily_stats_view_vw success
[2022-03-10 22:30:11] - 2022-03-09 - delete success
[2022-03-10 22:30:11] - 상품별 3개월 구매수량 등록(goods_purchase_ea)
[2022-03-10 22:30:11] - 입점사 정산 주기 변경(account_seller_period_update)
[2022-03-10 22:30:11] - 입점사별 정산 집계(account_seller_stats)
[2022-03-10 22:30:11] - 불필요한 이월데이터 삭제(account_seller_del_sales)
[2022-03-10 22:30:11] - 일일통계 (주문,좋아요,리뷰,재입고알림,찜,장바구니,보기) 집계(daily_stats)
[2022-03-10 22:30:11] - 마일리지, 포인트,캐쉬 통계 집계(statistic_epc)
[2022-03-10 22:30:11] - referer 도메인 업데이트(set_referer_domain)
[2022-03-10 22:30:11] - 일일통계 데이터 삭제(stats_delete)
[2022-03-11 22:30:10] - 2022-03-10 - daily_order start
[2022-03-11 22:30:10] - 2022-03-10 - daily_order success
[2022-03-11 22:30:10] - 2022-03-10 - daily_fblike start
[2022-03-11 22:30:10] - 2022-03-10 - daily_fblike success
[2022-03-11 22:30:10] - 2022-03-10 - daily_review start
[2022-03-11 22:30:10] - 2022-03-10 - daily_review success
[2022-03-11 22:30:10] - 2022-03-10 - daily_restock_notify start
[2022-03-11 22:30:10] - 2022-03-10 - daily_restock_notify success
[2022-03-11 22:30:10] - 2022-03-10 - daily_wish start
[2022-03-11 22:30:10] - 2022-03-10 - daily_wish success
[2022-03-11 22:30:10] - 2022-03-10 - daily_cart start
[2022-03-11 22:30:10] - 2022-03-10 - daily_cart success
[2022-03-11 22:30:10] - 2022-03-10 - daily_view start
[2022-03-11 22:30:10] - 2022-03-10 - daily_view success
[2022-03-11 22:30:10] - 2022-03-10 - daily_sales_price start
[2022-03-11 22:30:10] - 2022-03-10 - daily_sales_price success
[2022-03-11 22:30:10] - 2022-03-10 - case1 start
[2022-03-11 22:30:10] - 2022-03-10 - case1 success
[2022-03-11 22:30:10] - 2022-03-10 - case2 start
[2022-03-11 22:30:11] - 2022-03-10 - case2 success
[2022-03-11 22:30:11] - 2022-03-10 - delete start
[2022-03-11 22:30:11] - 2022-03-10 - fm_daily_stats_fblike_vw start
[2022-03-11 22:30:11] - 2022-03-10 - fm_daily_stats_fblike_vw success
[2022-03-11 22:30:11] - 2022-03-10 - fm_daily_stats_review_vw start
[2022-03-11 22:30:11] - 2022-03-10 - fm_daily_stats_review_vw success
[2022-03-11 22:30:11] - 2022-03-10 - fm_daily_stats_restock_notify_vw start
[2022-03-11 22:30:11] - 2022-03-10 - fm_daily_stats_restock_notify_vw success
[2022-03-11 22:30:11] - 2022-03-10 - fm_daily_stats_wish_vw start
[2022-03-11 22:30:11] - 2022-03-10 - fm_daily_stats_wish_vw success
[2022-03-11 22:30:11] - 2022-03-10 - fm_daily_stats_cart_vw start
[2022-03-11 22:30:11] - 2022-03-10 - fm_daily_stats_cart_vw success
[2022-03-11 22:30:11] - 2022-03-10 - fm_daily_stats_order_vw start
[2022-03-11 22:30:11] - 2022-03-10 - fm_daily_stats_order_vw success
[2022-03-11 22:30:11] - 2022-03-10 - fm_daily_stats_view_vw start
[2022-03-11 22:30:11] - 2022-03-10 - fm_daily_stats_view_vw success
[2022-03-11 22:30:11] - 2022-03-10 - delete success
[2022-03-11 22:30:11] - 상품별 3개월 구매수량 등록(goods_purchase_ea)
[2022-03-11 22:30:11] - 입점사 정산 주기 변경(account_seller_period_update)
[2022-03-11 22:30:11] - 입점사별 정산 집계(account_seller_stats)
[2022-03-11 22:30:11] - 불필요한 이월데이터 삭제(account_seller_del_sales)
[2022-03-11 22:30:11] - 일일통계 (주문,좋아요,리뷰,재입고알림,찜,장바구니,보기) 집계(daily_stats)
[2022-03-11 22:30:11] - 마일리지, 포인트,캐쉬 통계 집계(statistic_epc)
[2022-03-11 22:30:11] - referer 도메인 업데이트(set_referer_domain)
[2022-03-11 22:30:11] - 일일통계 데이터 삭제(stats_delete)
[2022-03-12 22:30:13] - 2022-03-11 - daily_order start
[2022-03-12 22:30:13] - 2022-03-11 - daily_order success
[2022-03-12 22:30:13] - 2022-03-11 - daily_fblike start
[2022-03-12 22:30:13] - 2022-03-11 - daily_fblike success
[2022-03-12 22:30:13] - 2022-03-11 - daily_review start
[2022-03-12 22:30:13] - 2022-03-11 - daily_review success
[2022-03-12 22:30:13] - 2022-03-11 - daily_restock_notify start
[2022-03-12 22:30:13] - 2022-03-11 - daily_restock_notify success
[2022-03-12 22:30:13] - 2022-03-11 - daily_wish start
[2022-03-12 22:30:13] - 2022-03-11 - daily_wish success
[2022-03-12 22:30:13] - 2022-03-11 - daily_cart start
[2022-03-12 22:30:13] - 2022-03-11 - daily_cart success
[2022-03-12 22:30:13] - 2022-03-11 - daily_view start
[2022-03-12 22:30:13] - 2022-03-11 - daily_view success
[2022-03-12 22:30:13] - 2022-03-11 - daily_sales_price start
[2022-03-12 22:30:13] - 2022-03-11 - daily_sales_price success
[2022-03-12 22:30:13] - 2022-03-11 - case1 start
[2022-03-12 22:30:13] - 2022-03-11 - case1 success
[2022-03-12 22:30:13] - 2022-03-11 - case2 start
[2022-03-12 22:30:14] - 2022-03-11 - case2 success
[2022-03-12 22:30:14] - 2022-03-11 - delete start
[2022-03-12 22:30:14] - 2022-03-11 - fm_daily_stats_fblike_vw start
[2022-03-12 22:30:14] - 2022-03-11 - fm_daily_stats_fblike_vw success
[2022-03-12 22:30:14] - 2022-03-11 - fm_daily_stats_review_vw start
[2022-03-12 22:30:14] - 2022-03-11 - fm_daily_stats_review_vw success
[2022-03-12 22:30:14] - 2022-03-11 - fm_daily_stats_restock_notify_vw start
[2022-03-12 22:30:14] - 2022-03-11 - fm_daily_stats_restock_notify_vw success
[2022-03-12 22:30:14] - 2022-03-11 - fm_daily_stats_wish_vw start
[2022-03-12 22:30:14] - 2022-03-11 - fm_daily_stats_wish_vw success
[2022-03-12 22:30:14] - 2022-03-11 - fm_daily_stats_cart_vw start
[2022-03-12 22:30:14] - 2022-03-11 - fm_daily_stats_cart_vw success
[2022-03-12 22:30:14] - 2022-03-11 - fm_daily_stats_order_vw start
[2022-03-12 22:30:14] - 2022-03-11 - fm_daily_stats_order_vw success
[2022-03-12 22:30:14] - 2022-03-11 - fm_daily_stats_view_vw start
[2022-03-12 22:30:14] - 2022-03-11 - fm_daily_stats_view_vw success
[2022-03-12 22:30:14] - 2022-03-11 - delete success
[2022-03-12 22:30:14] - 상품별 3개월 구매수량 등록(goods_purchase_ea)
[2022-03-12 22:30:14] - 입점사 정산 주기 변경(account_seller_period_update)
[2022-03-12 22:30:14] - 입점사별 정산 집계(account_seller_stats)
[2022-03-12 22:30:14] - 불필요한 이월데이터 삭제(account_seller_del_sales)
[2022-03-12 22:30:14] - 일일통계 (주문,좋아요,리뷰,재입고알림,찜,장바구니,보기) 집계(daily_stats)
[2022-03-12 22:30:14] - 마일리지, 포인트,캐쉬 통계 집계(statistic_epc)
[2022-03-12 22:30:14] - referer 도메인 업데이트(set_referer_domain)
[2022-03-12 22:30:14] - 일일통계 데이터 삭제(stats_delete)
[2022-03-13 22:30:13] - 2022-03-12 - daily_order start
[2022-03-13 22:30:13] - 2022-03-12 - daily_order success
[2022-03-13 22:30:13] - 2022-03-12 - daily_fblike start
[2022-03-13 22:30:13] - 2022-03-12 - daily_fblike success
[2022-03-13 22:30:13] - 2022-03-12 - daily_review start
[2022-03-13 22:30:13] - 2022-03-12 - daily_review success
[2022-03-13 22:30:13] - 2022-03-12 - daily_restock_notify start
[2022-03-13 22:30:13] - 2022-03-12 - daily_restock_notify success
[2022-03-13 22:30:13] - 2022-03-12 - daily_wish start
[2022-03-13 22:30:13] - 2022-03-12 - daily_wish success
[2022-03-13 22:30:13] - 2022-03-12 - daily_cart start
[2022-03-13 22:30:13] - 2022-03-12 - daily_cart success
[2022-03-13 22:30:13] - 2022-03-12 - daily_view start
[2022-03-13 22:30:13] - 2022-03-12 - daily_view success
[2022-03-13 22:30:13] - 2022-03-12 - daily_sales_price start
[2022-03-13 22:30:13] - 2022-03-12 - daily_sales_price success
[2022-03-13 22:30:13] - 2022-03-12 - case1 start
[2022-03-13 22:30:13] - 2022-03-12 - case1 success
[2022-03-13 22:30:13] - 2022-03-12 - case2 start
[2022-03-13 22:30:14] - 2022-03-12 - case2 success
[2022-03-13 22:30:14] - 2022-03-12 - delete start
[2022-03-13 22:30:14] - 2022-03-12 - fm_daily_stats_fblike_vw start
[2022-03-13 22:30:14] - 2022-03-12 - fm_daily_stats_fblike_vw success
[2022-03-13 22:30:14] - 2022-03-12 - fm_daily_stats_review_vw start
[2022-03-13 22:30:14] - 2022-03-12 - fm_daily_stats_review_vw success
[2022-03-13 22:30:14] - 2022-03-12 - fm_daily_stats_restock_notify_vw start
[2022-03-13 22:30:14] - 2022-03-12 - fm_daily_stats_restock_notify_vw success
[2022-03-13 22:30:14] - 2022-03-12 - fm_daily_stats_wish_vw start
[2022-03-13 22:30:14] - 2022-03-12 - fm_daily_stats_wish_vw success
[2022-03-13 22:30:14] - 2022-03-12 - fm_daily_stats_cart_vw start
[2022-03-13 22:30:14] - 2022-03-12 - fm_daily_stats_cart_vw success
[2022-03-13 22:30:14] - 2022-03-12 - fm_daily_stats_order_vw start
[2022-03-13 22:30:14] - 2022-03-12 - fm_daily_stats_order_vw success
[2022-03-13 22:30:14] - 2022-03-12 - fm_daily_stats_view_vw start
[2022-03-13 22:30:14] - 2022-03-12 - fm_daily_stats_view_vw success
[2022-03-13 22:30:14] - 2022-03-12 - delete success
[2022-03-13 22:30:14] - 상품별 3개월 구매수량 등록(goods_purchase_ea)
[2022-03-13 22:30:14] - 입점사 정산 주기 변경(account_seller_period_update)
[2022-03-13 22:30:14] - 입점사별 정산 집계(account_seller_stats)
[2022-03-13 22:30:14] - 불필요한 이월데이터 삭제(account_seller_del_sales)
[2022-03-13 22:30:14] - 일일통계 (주문,좋아요,리뷰,재입고알림,찜,장바구니,보기) 집계(daily_stats)
[2022-03-13 22:30:14] - 마일리지, 포인트,캐쉬 통계 집계(statistic_epc)
[2022-03-13 22:30:14] - referer 도메인 업데이트(set_referer_domain)
[2022-03-13 22:30:14] - 일일통계 데이터 삭제(stats_delete)
[2022-03-14 22:30:08] - 2022-03-13 - daily_order start
[2022-03-14 22:30:08] - 2022-03-13 - daily_order success
[2022-03-14 22:30:08] - 2022-03-13 - daily_fblike start
[2022-03-14 22:30:08] - 2022-03-13 - daily_fblike success
[2022-03-14 22:30:08] - 2022-03-13 - daily_review start
[2022-03-14 22:30:08] - 2022-03-13 - daily_review success
[2022-03-14 22:30:08] - 2022-03-13 - daily_restock_notify start
[2022-03-14 22:30:08] - 2022-03-13 - daily_restock_notify success
[2022-03-14 22:30:08] - 2022-03-13 - daily_wish start
[2022-03-14 22:30:08] - 2022-03-13 - daily_wish success
[2022-03-14 22:30:08] - 2022-03-13 - daily_cart start
[2022-03-14 22:30:08] - 2022-03-13 - daily_cart success
[2022-03-14 22:30:08] - 2022-03-13 - daily_view start
[2022-03-14 22:30:08] - 2022-03-13 - daily_view success
[2022-03-14 22:30:08] - 2022-03-13 - daily_sales_price start
[2022-03-14 22:30:08] - 2022-03-13 - daily_sales_price success
[2022-03-14 22:30:08] - 2022-03-13 - case1 start
[2022-03-14 22:30:08] - 2022-03-13 - case1 success
[2022-03-14 22:30:08] - 2022-03-13 - case2 start
[2022-03-14 22:30:08] - 2022-03-13 - case2 success
[2022-03-14 22:30:08] - 2022-03-13 - delete start
[2022-03-14 22:30:08] - 2022-03-13 - fm_daily_stats_fblike_vw start
[2022-03-14 22:30:08] - 2022-03-13 - fm_daily_stats_fblike_vw success
[2022-03-14 22:30:08] - 2022-03-13 - fm_daily_stats_review_vw start
[2022-03-14 22:30:08] - 2022-03-13 - fm_daily_stats_review_vw success
[2022-03-14 22:30:08] - 2022-03-13 - fm_daily_stats_restock_notify_vw start
[2022-03-14 22:30:08] - 2022-03-13 - fm_daily_stats_restock_notify_vw success
[2022-03-14 22:30:08] - 2022-03-13 - fm_daily_stats_wish_vw start
[2022-03-14 22:30:08] - 2022-03-13 - fm_daily_stats_wish_vw success
[2022-03-14 22:30:08] - 2022-03-13 - fm_daily_stats_cart_vw start
[2022-03-14 22:30:08] - 2022-03-13 - fm_daily_stats_cart_vw success
[2022-03-14 22:30:08] - 2022-03-13 - fm_daily_stats_order_vw start
[2022-03-14 22:30:08] - 2022-03-13 - fm_daily_stats_order_vw success
[2022-03-14 22:30:08] - 2022-03-13 - fm_daily_stats_view_vw start
[2022-03-14 22:30:08] - 2022-03-13 - fm_daily_stats_view_vw success
[2022-03-14 22:30:08] - 2022-03-13 - delete success
[2022-03-14 22:30:08] - 상품별 3개월 구매수량 등록(goods_purchase_ea)
[2022-03-14 22:30:08] - 입점사 정산 주기 변경(account_seller_period_update)
[2022-03-14 22:30:08] - 입점사별 정산 집계(account_seller_stats)
[2022-03-14 22:30:08] - 불필요한 이월데이터 삭제(account_seller_del_sales)
[2022-03-14 22:30:08] - 일일통계 (주문,좋아요,리뷰,재입고알림,찜,장바구니,보기) 집계(daily_stats)
[2022-03-14 22:30:08] - 마일리지, 포인트,캐쉬 통계 집계(statistic_epc)
[2022-03-14 22:30:08] - referer 도메인 업데이트(set_referer_domain)
[2022-03-14 22:30:08] - 일일통계 데이터 삭제(stats_delete)
[2022-03-15 22:30:15] - 2022-03-14 - daily_order start
[2022-03-15 22:30:15] - 2022-03-14 - daily_order success
[2022-03-15 22:30:15] - 2022-03-14 - daily_fblike start
[2022-03-15 22:30:15] - 2022-03-14 - daily_fblike success
[2022-03-15 22:30:15] - 2022-03-14 - daily_review start
[2022-03-15 22:30:15] - 2022-03-14 - daily_review success
[2022-03-15 22:30:15] - 2022-03-14 - daily_restock_notify start
[2022-03-15 22:30:15] - 2022-03-14 - daily_restock_notify success
[2022-03-15 22:30:15] - 2022-03-14 - daily_wish start
[2022-03-15 22:30:15] - 2022-03-14 - daily_wish success
[2022-03-15 22:30:15] - 2022-03-14 - daily_cart start
[2022-03-15 22:30:15] - 2022-03-14 - daily_cart success
[2022-03-15 22:30:15] - 2022-03-14 - daily_view start
[2022-03-15 22:30:15] - 2022-03-14 - daily_view success
[2022-03-15 22:30:15] - 2022-03-14 - daily_sales_price start
[2022-03-15 22:30:15] - 2022-03-14 - daily_sales_price success
[2022-03-15 22:30:15] - 2022-03-14 - case1 start
[2022-03-15 22:30:15] - 2022-03-14 - case1 success
[2022-03-15 22:30:15] - 2022-03-14 - case2 start
[2022-03-15 22:30:15] - 2022-03-14 - case2 success
[2022-03-15 22:30:15] - 2022-03-14 - delete start
[2022-03-15 22:30:15] - 2022-03-14 - fm_daily_stats_fblike_vw start
[2022-03-15 22:30:15] - 2022-03-14 - fm_daily_stats_fblike_vw success
[2022-03-15 22:30:15] - 2022-03-14 - fm_daily_stats_review_vw start
[2022-03-15 22:30:15] - 2022-03-14 - fm_daily_stats_review_vw success
[2022-03-15 22:30:15] - 2022-03-14 - fm_daily_stats_restock_notify_vw start
[2022-03-15 22:30:15] - 2022-03-14 - fm_daily_stats_restock_notify_vw success
[2022-03-15 22:30:15] - 2022-03-14 - fm_daily_stats_wish_vw start
[2022-03-15 22:30:15] - 2022-03-14 - fm_daily_stats_wish_vw success
[2022-03-15 22:30:15] - 2022-03-14 - fm_daily_stats_cart_vw start
[2022-03-15 22:30:15] - 2022-03-14 - fm_daily_stats_cart_vw success
[2022-03-15 22:30:15] - 2022-03-14 - fm_daily_stats_order_vw start
[2022-03-15 22:30:15] - 2022-03-14 - fm_daily_stats_order_vw success
[2022-03-15 22:30:15] - 2022-03-14 - fm_daily_stats_view_vw start
[2022-03-15 22:30:15] - 2022-03-14 - fm_daily_stats_view_vw success
[2022-03-15 22:30:15] - 2022-03-14 - delete success
[2022-03-15 22:30:15] - 상품별 3개월 구매수량 등록(goods_purchase_ea)
[2022-03-15 22:30:15] - 입점사 정산 주기 변경(account_seller_period_update)
[2022-03-15 22:30:15] - 입점사별 정산 집계(account_seller_stats)
[2022-03-15 22:30:15] - 불필요한 이월데이터 삭제(account_seller_del_sales)
[2022-03-15 22:30:15] - 일일통계 (주문,좋아요,리뷰,재입고알림,찜,장바구니,보기) 집계(daily_stats)
[2022-03-15 22:30:15] - 마일리지, 포인트,캐쉬 통계 집계(statistic_epc)
[2022-03-15 22:30:15] - referer 도메인 업데이트(set_referer_domain)
[2022-03-15 22:30:15] - 일일통계 데이터 삭제(stats_delete)
[2022-03-16 22:30:10] - 2022-03-15 - daily_order start
[2022-03-16 22:30:10] - 2022-03-15 - daily_order success
[2022-03-16 22:30:10] - 2022-03-15 - daily_fblike start
[2022-03-16 22:30:10] - 2022-03-15 - daily_fblike success
[2022-03-16 22:30:10] - 2022-03-15 - daily_review start
[2022-03-16 22:30:10] - 2022-03-15 - daily_review success
[2022-03-16 22:30:10] - 2022-03-15 - daily_restock_notify start
[2022-03-16 22:30:10] - 2022-03-15 - daily_restock_notify success
[2022-03-16 22:30:10] - 2022-03-15 - daily_wish start
[2022-03-16 22:30:10] - 2022-03-15 - daily_wish success
[2022-03-16 22:30:10] - 2022-03-15 - daily_cart start
[2022-03-16 22:30:10] - 2022-03-15 - daily_cart success
[2022-03-16 22:30:10] - 2022-03-15 - daily_view start
[2022-03-16 22:30:10] - 2022-03-15 - daily_view success
[2022-03-16 22:30:10] - 2022-03-15 - daily_sales_price start
[2022-03-16 22:30:10] - 2022-03-15 - daily_sales_price success
[2022-03-16 22:30:10] - 2022-03-15 - case1 start
[2022-03-16 22:30:10] - 2022-03-15 - case1 success
[2022-03-16 22:30:10] - 2022-03-15 - case2 start
[2022-03-16 22:30:10] - 2022-03-15 - case2 success
[2022-03-16 22:30:10] - 2022-03-15 - delete start
[2022-03-16 22:30:10] - 2022-03-15 - fm_daily_stats_fblike_vw start
[2022-03-16 22:30:10] - 2022-03-15 - fm_daily_stats_fblike_vw success
[2022-03-16 22:30:10] - 2022-03-15 - fm_daily_stats_review_vw start
[2022-03-16 22:30:10] - 2022-03-15 - fm_daily_stats_review_vw success
[2022-03-16 22:30:10] - 2022-03-15 - fm_daily_stats_restock_notify_vw start
[2022-03-16 22:30:10] - 2022-03-15 - fm_daily_stats_restock_notify_vw success
[2022-03-16 22:30:10] - 2022-03-15 - fm_daily_stats_wish_vw start
[2022-03-16 22:30:10] - 2022-03-15 - fm_daily_stats_wish_vw success
[2022-03-16 22:30:10] - 2022-03-15 - fm_daily_stats_cart_vw start
[2022-03-16 22:30:10] - 2022-03-15 - fm_daily_stats_cart_vw success
[2022-03-16 22:30:10] - 2022-03-15 - fm_daily_stats_order_vw start
[2022-03-16 22:30:10] - 2022-03-15 - fm_daily_stats_order_vw success
[2022-03-16 22:30:10] - 2022-03-15 - fm_daily_stats_view_vw start
[2022-03-16 22:30:10] - 2022-03-15 - fm_daily_stats_view_vw success
[2022-03-16 22:30:10] - 2022-03-15 - delete success
[2022-03-16 22:30:10] - 상품별 3개월 구매수량 등록(goods_purchase_ea)
[2022-03-16 22:30:10] - 입점사 정산 주기 변경(account_seller_period_update)
[2022-03-16 22:30:10] - 입점사별 정산 집계(account_seller_stats)
[2022-03-16 22:30:10] - 불필요한 이월데이터 삭제(account_seller_del_sales)
[2022-03-16 22:30:10] - 일일통계 (주문,좋아요,리뷰,재입고알림,찜,장바구니,보기) 집계(daily_stats)
[2022-03-16 22:30:10] - 마일리지, 포인트,캐쉬 통계 집계(statistic_epc)
[2022-03-16 22:30:10] - referer 도메인 업데이트(set_referer_domain)
[2022-03-16 22:30:10] - 일일통계 데이터 삭제(stats_delete)
[2022-03-17 22:30:14] - 2022-03-16 - daily_order start
[2022-03-17 22:30:14] - 2022-03-16 - daily_order success
[2022-03-17 22:30:14] - 2022-03-16 - daily_fblike start
[2022-03-17 22:30:14] - 2022-03-16 - daily_fblike success
[2022-03-17 22:30:14] - 2022-03-16 - daily_review start
[2022-03-17 22:30:14] - 2022-03-16 - daily_review success
[2022-03-17 22:30:14] - 2022-03-16 - daily_restock_notify start
[2022-03-17 22:30:14] - 2022-03-16 - daily_restock_notify success
[2022-03-17 22:30:14] - 2022-03-16 - daily_wish start
[2022-03-17 22:30:14] - 2022-03-16 - daily_wish success
[2022-03-17 22:30:14] - 2022-03-16 - daily_cart start
[2022-03-17 22:30:14] - 2022-03-16 - daily_cart success
[2022-03-17 22:30:14] - 2022-03-16 - daily_view start
[2022-03-17 22:30:14] - 2022-03-16 - daily_view success
[2022-03-17 22:30:14] - 2022-03-16 - daily_sales_price start
[2022-03-17 22:30:14] - 2022-03-16 - daily_sales_price success
[2022-03-17 22:30:14] - 2022-03-16 - case1 start
[2022-03-17 22:30:14] - 2022-03-16 - case1 success
[2022-03-17 22:30:14] - 2022-03-16 - case2 start
[2022-03-17 22:30:14] - 2022-03-16 - case2 success
[2022-03-17 22:30:14] - 2022-03-16 - delete start
[2022-03-17 22:30:14] - 2022-03-16 - fm_daily_stats_fblike_vw start
[2022-03-17 22:30:14] - 2022-03-16 - fm_daily_stats_fblike_vw success
[2022-03-17 22:30:14] - 2022-03-16 - fm_daily_stats_review_vw start
[2022-03-17 22:30:14] - 2022-03-16 - fm_daily_stats_review_vw success
[2022-03-17 22:30:14] - 2022-03-16 - fm_daily_stats_restock_notify_vw start
[2022-03-17 22:30:14] - 2022-03-16 - fm_daily_stats_restock_notify_vw success
[2022-03-17 22:30:14] - 2022-03-16 - fm_daily_stats_wish_vw start
[2022-03-17 22:30:14] - 2022-03-16 - fm_daily_stats_wish_vw success
[2022-03-17 22:30:14] - 2022-03-16 - fm_daily_stats_cart_vw start
[2022-03-17 22:30:14] - 2022-03-16 - fm_daily_stats_cart_vw success
[2022-03-17 22:30:14] - 2022-03-16 - fm_daily_stats_order_vw start
[2022-03-17 22:30:14] - 2022-03-16 - fm_daily_stats_order_vw success
[2022-03-17 22:30:14] - 2022-03-16 - fm_daily_stats_view_vw start
[2022-03-17 22:30:14] - 2022-03-16 - fm_daily_stats_view_vw success
[2022-03-17 22:30:14] - 2022-03-16 - delete success
[2022-03-17 22:30:14] - 상품별 3개월 구매수량 등록(goods_purchase_ea)
[2022-03-17 22:30:14] - 입점사 정산 주기 변경(account_seller_period_update)
[2022-03-17 22:30:14] - 입점사별 정산 집계(account_seller_stats)
[2022-03-17 22:30:14] - 불필요한 이월데이터 삭제(account_seller_del_sales)
[2022-03-17 22:30:14] - 일일통계 (주문,좋아요,리뷰,재입고알림,찜,장바구니,보기) 집계(daily_stats)
[2022-03-17 22:30:14] - 마일리지, 포인트,캐쉬 통계 집계(statistic_epc)
[2022-03-17 22:30:14] - referer 도메인 업데이트(set_referer_domain)
[2022-03-17 22:30:14] - 일일통계 데이터 삭제(stats_delete)
[2022-03-18 22:30:14] - 2022-03-17 - daily_order start
[2022-03-18 22:30:14] - 2022-03-17 - daily_order success
[2022-03-18 22:30:14] - 2022-03-17 - daily_fblike start
[2022-03-18 22:30:14] - 2022-03-17 - daily_fblike success
[2022-03-18 22:30:14] - 2022-03-17 - daily_review start
[2022-03-18 22:30:14] - 2022-03-17 - daily_review success
[2022-03-18 22:30:14] - 2022-03-17 - daily_restock_notify start
[2022-03-18 22:30:14] - 2022-03-17 - daily_restock_notify success
[2022-03-18 22:30:14] - 2022-03-17 - daily_wish start
[2022-03-18 22:30:14] - 2022-03-17 - daily_wish success
[2022-03-18 22:30:14] - 2022-03-17 - daily_cart start
[2022-03-18 22:30:14] - 2022-03-17 - daily_cart success
[2022-03-18 22:30:14] - 2022-03-17 - daily_view start
[2022-03-18 22:30:14] - 2022-03-17 - daily_view success
[2022-03-18 22:30:14] - 2022-03-17 - daily_sales_price start
[2022-03-18 22:30:14] - 2022-03-17 - daily_sales_price success
[2022-03-18 22:30:14] - 2022-03-17 - case1 start
[2022-03-18 22:30:14] - 2022-03-17 - case1 success
[2022-03-18 22:30:14] - 2022-03-17 - case2 start
[2022-03-18 22:30:14] - 2022-03-17 - case2 success
[2022-03-18 22:30:14] - 2022-03-17 - delete start
[2022-03-18 22:30:14] - 2022-03-17 - fm_daily_stats_fblike_vw start
[2022-03-18 22:30:14] - 2022-03-17 - fm_daily_stats_fblike_vw success
[2022-03-18 22:30:14] - 2022-03-17 - fm_daily_stats_review_vw start
[2022-03-18 22:30:14] - 2022-03-17 - fm_daily_stats_review_vw success
[2022-03-18 22:30:14] - 2022-03-17 - fm_daily_stats_restock_notify_vw start
[2022-03-18 22:30:14] - 2022-03-17 - fm_daily_stats_restock_notify_vw success
[2022-03-18 22:30:14] - 2022-03-17 - fm_daily_stats_wish_vw start
[2022-03-18 22:30:14] - 2022-03-17 - fm_daily_stats_wish_vw success
[2022-03-18 22:30:14] - 2022-03-17 - fm_daily_stats_cart_vw start
[2022-03-18 22:30:14] - 2022-03-17 - fm_daily_stats_cart_vw success
[2022-03-18 22:30:14] - 2022-03-17 - fm_daily_stats_order_vw start
[2022-03-18 22:30:14] - 2022-03-17 - fm_daily_stats_order_vw success
[2022-03-18 22:30:14] - 2022-03-17 - fm_daily_stats_view_vw start
[2022-03-18 22:30:14] - 2022-03-17 - fm_daily_stats_view_vw success
[2022-03-18 22:30:14] - 2022-03-17 - delete success
[2022-03-18 22:30:14] - 상품별 3개월 구매수량 등록(goods_purchase_ea)
[2022-03-18 22:30:14] - 입점사 정산 주기 변경(account_seller_period_update)
[2022-03-18 22:30:14] - 입점사별 정산 집계(account_seller_stats)
[2022-03-18 22:30:14] - 불필요한 이월데이터 삭제(account_seller_del_sales)
[2022-03-18 22:30:14] - 일일통계 (주문,좋아요,리뷰,재입고알림,찜,장바구니,보기) 집계(daily_stats)
[2022-03-18 22:30:14] - 마일리지, 포인트,캐쉬 통계 집계(statistic_epc)
[2022-03-18 22:30:14] - referer 도메인 업데이트(set_referer_domain)
[2022-03-18 22:30:14] - 일일통계 데이터 삭제(stats_delete)
[2022-03-19 22:30:14] - 2022-03-18 - daily_order start
[2022-03-19 22:30:14] - 2022-03-18 - daily_order success
[2022-03-19 22:30:14] - 2022-03-18 - daily_fblike start
[2022-03-19 22:30:14] - 2022-03-18 - daily_fblike success
[2022-03-19 22:30:14] - 2022-03-18 - daily_review start
[2022-03-19 22:30:14] - 2022-03-18 - daily_review success
[2022-03-19 22:30:14] - 2022-03-18 - daily_restock_notify start
[2022-03-19 22:30:14] - 2022-03-18 - daily_restock_notify success
[2022-03-19 22:30:14] - 2022-03-18 - daily_wish start
[2022-03-19 22:30:14] - 2022-03-18 - daily_wish success
[2022-03-19 22:30:14] - 2022-03-18 - daily_cart start
[2022-03-19 22:30:14] - 2022-03-18 - daily_cart success
[2022-03-19 22:30:14] - 2022-03-18 - daily_view start
[2022-03-19 22:30:15] - 2022-03-18 - daily_view success
[2022-03-19 22:30:15] - 2022-03-18 - daily_sales_price start
[2022-03-19 22:30:15] - 2022-03-18 - daily_sales_price success
[2022-03-19 22:30:15] - 2022-03-18 - case1 start
[2022-03-19 22:30:15] - 2022-03-18 - case1 success
[2022-03-19 22:30:15] - 2022-03-18 - case2 start
[2022-03-19 22:30:15] - 2022-03-18 - case2 success
[2022-03-19 22:30:15] - 2022-03-18 - delete start
[2022-03-19 22:30:15] - 2022-03-18 - fm_daily_stats_fblike_vw start
[2022-03-19 22:30:15] - 2022-03-18 - fm_daily_stats_fblike_vw success
[2022-03-19 22:30:15] - 2022-03-18 - fm_daily_stats_review_vw start
[2022-03-19 22:30:15] - 2022-03-18 - fm_daily_stats_review_vw success
[2022-03-19 22:30:15] - 2022-03-18 - fm_daily_stats_restock_notify_vw start
[2022-03-19 22:30:15] - 2022-03-18 - fm_daily_stats_restock_notify_vw success
[2022-03-19 22:30:15] - 2022-03-18 - fm_daily_stats_wish_vw start
[2022-03-19 22:30:15] - 2022-03-18 - fm_daily_stats_wish_vw success
[2022-03-19 22:30:15] - 2022-03-18 - fm_daily_stats_cart_vw start
[2022-03-19 22:30:15] - 2022-03-18 - fm_daily_stats_cart_vw success
[2022-03-19 22:30:15] - 2022-03-18 - fm_daily_stats_order_vw start
[2022-03-19 22:30:15] - 2022-03-18 - fm_daily_stats_order_vw success
[2022-03-19 22:30:15] - 2022-03-18 - fm_daily_stats_view_vw start
[2022-03-19 22:30:15] - 2022-03-18 - fm_daily_stats_view_vw success
[2022-03-19 22:30:15] - 2022-03-18 - delete success
[2022-03-19 22:30:15] - 상품별 3개월 구매수량 등록(goods_purchase_ea)
[2022-03-19 22:30:15] - 입점사 정산 주기 변경(account_seller_period_update)
[2022-03-19 22:30:15] - 입점사별 정산 집계(account_seller_stats)
[2022-03-19 22:30:15] - 불필요한 이월데이터 삭제(account_seller_del_sales)
[2022-03-19 22:30:15] - 일일통계 (주문,좋아요,리뷰,재입고알림,찜,장바구니,보기) 집계(daily_stats)
[2022-03-19 22:30:15] - 마일리지, 포인트,캐쉬 통계 집계(statistic_epc)
[2022-03-19 22:30:15] - referer 도메인 업데이트(set_referer_domain)
[2022-03-19 22:30:15] - 일일통계 데이터 삭제(stats_delete)
[2022-03-20 22:30:08] - 2022-03-19 - daily_order start
[2022-03-20 22:30:08] - 2022-03-19 - daily_order success
[2022-03-20 22:30:08] - 2022-03-19 - daily_fblike start
[2022-03-20 22:30:08] - 2022-03-19 - daily_fblike success
[2022-03-20 22:30:08] - 2022-03-19 - daily_review start
[2022-03-20 22:30:08] - 2022-03-19 - daily_review success
[2022-03-20 22:30:08] - 2022-03-19 - daily_restock_notify start
[2022-03-20 22:30:08] - 2022-03-19 - daily_restock_notify success
[2022-03-20 22:30:08] - 2022-03-19 - daily_wish start
[2022-03-20 22:30:08] - 2022-03-19 - daily_wish success
[2022-03-20 22:30:08] - 2022-03-19 - daily_cart start
[2022-03-20 22:30:08] - 2022-03-19 - daily_cart success
[2022-03-20 22:30:08] - 2022-03-19 - daily_view start
[2022-03-20 22:30:08] - 2022-03-19 - daily_view success
[2022-03-20 22:30:08] - 2022-03-19 - daily_sales_price start
[2022-03-20 22:30:09] - 2022-03-19 - daily_sales_price success
[2022-03-20 22:30:09] - 2022-03-19 - case1 start
[2022-03-20 22:30:09] - 2022-03-19 - case1 success
[2022-03-20 22:30:09] - 2022-03-19 - case2 start
[2022-03-20 22:30:09] - 2022-03-19 - case2 success
[2022-03-20 22:30:09] - 2022-03-19 - delete start
[2022-03-20 22:30:09] - 2022-03-19 - fm_daily_stats_fblike_vw start
[2022-03-20 22:30:09] - 2022-03-19 - fm_daily_stats_fblike_vw success
[2022-03-20 22:30:09] - 2022-03-19 - fm_daily_stats_review_vw start
[2022-03-20 22:30:09] - 2022-03-19 - fm_daily_stats_review_vw success
[2022-03-20 22:30:09] - 2022-03-19 - fm_daily_stats_restock_notify_vw start
[2022-03-20 22:30:09] - 2022-03-19 - fm_daily_stats_restock_notify_vw success
[2022-03-20 22:30:09] - 2022-03-19 - fm_daily_stats_wish_vw start
[2022-03-20 22:30:09] - 2022-03-19 - fm_daily_stats_wish_vw success
[2022-03-20 22:30:09] - 2022-03-19 - fm_daily_stats_cart_vw start
[2022-03-20 22:30:09] - 2022-03-19 - fm_daily_stats_cart_vw success
[2022-03-20 22:30:09] - 2022-03-19 - fm_daily_stats_order_vw start
[2022-03-20 22:30:09] - 2022-03-19 - fm_daily_stats_order_vw success
[2022-03-20 22:30:09] - 2022-03-19 - fm_daily_stats_view_vw start
[2022-03-20 22:30:09] - 2022-03-19 - fm_daily_stats_view_vw success
[2022-03-20 22:30:09] - 2022-03-19 - delete success
[2022-03-20 22:30:09] - 상품별 3개월 구매수량 등록(goods_purchase_ea)
[2022-03-20 22:30:09] - 입점사 정산 주기 변경(account_seller_period_update)
[2022-03-20 22:30:09] - 입점사별 정산 집계(account_seller_stats)
[2022-03-20 22:30:09] - 불필요한 이월데이터 삭제(account_seller_del_sales)
[2022-03-20 22:30:09] - 일일통계 (주문,좋아요,리뷰,재입고알림,찜,장바구니,보기) 집계(daily_stats)
[2022-03-20 22:30:09] - 마일리지, 포인트,캐쉬 통계 집계(statistic_epc)
[2022-03-20 22:30:09] - referer 도메인 업데이트(set_referer_domain)
[2022-03-20 22:30:09] - 일일통계 데이터 삭제(stats_delete)
[2022-03-21 22:30:13] - 2022-03-20 - daily_order start
[2022-03-21 22:30:13] - 2022-03-20 - daily_order success
[2022-03-21 22:30:13] - 2022-03-20 - daily_fblike start
[2022-03-21 22:30:13] - 2022-03-20 - daily_fblike success
[2022-03-21 22:30:13] - 2022-03-20 - daily_review start
[2022-03-21 22:30:13] - 2022-03-20 - daily_review success
[2022-03-21 22:30:13] - 2022-03-20 - daily_restock_notify start
[2022-03-21 22:30:13] - 2022-03-20 - daily_restock_notify success
[2022-03-21 22:30:13] - 2022-03-20 - daily_wish start
[2022-03-21 22:30:13] - 2022-03-20 - daily_wish success
[2022-03-21 22:30:13] - 2022-03-20 - daily_cart start
[2022-03-21 22:30:13] - 2022-03-20 - daily_cart success
[2022-03-21 22:30:13] - 2022-03-20 - daily_view start
[2022-03-21 22:30:13] - 2022-03-20 - daily_view success
[2022-03-21 22:30:13] - 2022-03-20 - daily_sales_price start
[2022-03-21 22:30:13] - 2022-03-20 - daily_sales_price success
[2022-03-21 22:30:13] - 2022-03-20 - case1 start
[2022-03-21 22:30:13] - 2022-03-20 - case1 success
[2022-03-21 22:30:13] - 2022-03-20 - case2 start
[2022-03-21 22:30:14] - 2022-03-20 - case2 success
[2022-03-21 22:30:14] - 2022-03-20 - delete start
[2022-03-21 22:30:14] - 2022-03-20 - fm_daily_stats_fblike_vw start
[2022-03-21 22:30:14] - 2022-03-20 - fm_daily_stats_fblike_vw success
[2022-03-21 22:30:14] - 2022-03-20 - fm_daily_stats_review_vw start
[2022-03-21 22:30:14] - 2022-03-20 - fm_daily_stats_review_vw success
[2022-03-21 22:30:14] - 2022-03-20 - fm_daily_stats_restock_notify_vw start
[2022-03-21 22:30:14] - 2022-03-20 - fm_daily_stats_restock_notify_vw success
[2022-03-21 22:30:14] - 2022-03-20 - fm_daily_stats_wish_vw start
[2022-03-21 22:30:14] - 2022-03-20 - fm_daily_stats_wish_vw success
[2022-03-21 22:30:14] - 2022-03-20 - fm_daily_stats_cart_vw start
[2022-03-21 22:30:14] - 2022-03-20 - fm_daily_stats_cart_vw success
[2022-03-21 22:30:14] - 2022-03-20 - fm_daily_stats_order_vw start
[2022-03-21 22:30:14] - 2022-03-20 - fm_daily_stats_order_vw success
[2022-03-21 22:30:14] - 2022-03-20 - fm_daily_stats_view_vw start
[2022-03-21 22:30:14] - 2022-03-20 - fm_daily_stats_view_vw success
[2022-03-21 22:30:14] - 2022-03-20 - delete success
[2022-03-21 22:30:14] - 상품별 3개월 구매수량 등록(goods_purchase_ea)
[2022-03-21 22:30:14] - 입점사 정산 주기 변경(account_seller_period_update)
[2022-03-21 22:30:14] - 입점사별 정산 집계(account_seller_stats)
[2022-03-21 22:30:14] - 불필요한 이월데이터 삭제(account_seller_del_sales)
[2022-03-21 22:30:14] - 일일통계 (주문,좋아요,리뷰,재입고알림,찜,장바구니,보기) 집계(daily_stats)
[2022-03-21 22:30:14] - 마일리지, 포인트,캐쉬 통계 집계(statistic_epc)
[2022-03-21 22:30:14] - referer 도메인 업데이트(set_referer_domain)
[2022-03-21 22:30:14] - 일일통계 데이터 삭제(stats_delete)
[2022-03-22 22:30:11] - 2022-03-21 - daily_order start
[2022-03-22 22:30:11] - 2022-03-21 - daily_order success
[2022-03-22 22:30:11] - 2022-03-21 - daily_fblike start
[2022-03-22 22:30:11] - 2022-03-21 - daily_fblike success
[2022-03-22 22:30:11] - 2022-03-21 - daily_review start
[2022-03-22 22:30:11] - 2022-03-21 - daily_review success
[2022-03-22 22:30:11] - 2022-03-21 - daily_restock_notify start
[2022-03-22 22:30:11] - 2022-03-21 - daily_restock_notify success
[2022-03-22 22:30:11] - 2022-03-21 - daily_wish start
[2022-03-22 22:30:11] - 2022-03-21 - daily_wish success
[2022-03-22 22:30:11] - 2022-03-21 - daily_cart start
[2022-03-22 22:30:11] - 2022-03-21 - daily_cart success
[2022-03-22 22:30:11] - 2022-03-21 - daily_view start
[2022-03-22 22:30:11] - 2022-03-21 - daily_view success
[2022-03-22 22:30:11] - 2022-03-21 - daily_sales_price start
[2022-03-22 22:30:11] - 2022-03-21 - daily_sales_price success
[2022-03-22 22:30:11] - 2022-03-21 - case1 start
[2022-03-22 22:30:11] - 2022-03-21 - case1 success
[2022-03-22 22:30:11] - 2022-03-21 - case2 start
[2022-03-22 22:30:11] - 2022-03-21 - case2 success
[2022-03-22 22:30:11] - 2022-03-21 - delete start
[2022-03-22 22:30:11] - 2022-03-21 - fm_daily_stats_fblike_vw start
[2022-03-22 22:30:11] - 2022-03-21 - fm_daily_stats_fblike_vw success
[2022-03-22 22:30:11] - 2022-03-21 - fm_daily_stats_review_vw start
[2022-03-22 22:30:11] - 2022-03-21 - fm_daily_stats_review_vw success
[2022-03-22 22:30:11] - 2022-03-21 - fm_daily_stats_restock_notify_vw start
[2022-03-22 22:30:11] - 2022-03-21 - fm_daily_stats_restock_notify_vw success
[2022-03-22 22:30:11] - 2022-03-21 - fm_daily_stats_wish_vw start
[2022-03-22 22:30:11] - 2022-03-21 - fm_daily_stats_wish_vw success
[2022-03-22 22:30:11] - 2022-03-21 - fm_daily_stats_cart_vw start
[2022-03-22 22:30:11] - 2022-03-21 - fm_daily_stats_cart_vw success
[2022-03-22 22:30:11] - 2022-03-21 - fm_daily_stats_order_vw start
[2022-03-22 22:30:11] - 2022-03-21 - fm_daily_stats_order_vw success
[2022-03-22 22:30:11] - 2022-03-21 - fm_daily_stats_view_vw start
[2022-03-22 22:30:11] - 2022-03-21 - fm_daily_stats_view_vw success
[2022-03-22 22:30:11] - 2022-03-21 - delete success
[2022-03-22 22:30:11] - 상품별 3개월 구매수량 등록(goods_purchase_ea)
[2022-03-22 22:30:11] - 입점사 정산 주기 변경(account_seller_period_update)
[2022-03-22 22:30:11] - 입점사별 정산 집계(account_seller_stats)
[2022-03-22 22:30:11] - 불필요한 이월데이터 삭제(account_seller_del_sales)
[2022-03-22 22:30:11] - 일일통계 (주문,좋아요,리뷰,재입고알림,찜,장바구니,보기) 집계(daily_stats)
[2022-03-22 22:30:11] - 마일리지, 포인트,캐쉬 통계 집계(statistic_epc)
[2022-03-22 22:30:11] - referer 도메인 업데이트(set_referer_domain)
[2022-03-22 22:30:11] - 일일통계 데이터 삭제(stats_delete)
[2022-03-23 22:30:15] - 2022-03-22 - daily_order start
[2022-03-23 22:30:15] - 2022-03-22 - daily_order success
[2022-03-23 22:30:15] - 2022-03-22 - daily_fblike start
[2022-03-23 22:30:15] - 2022-03-22 - daily_fblike success
[2022-03-23 22:30:15] - 2022-03-22 - daily_review start
[2022-03-23 22:30:15] - 2022-03-22 - daily_review success
[2022-03-23 22:30:15] - 2022-03-22 - daily_restock_notify start
[2022-03-23 22:30:15] - 2022-03-22 - daily_restock_notify success
[2022-03-23 22:30:15] - 2022-03-22 - daily_wish start
[2022-03-23 22:30:15] - 2022-03-22 - daily_wish success
[2022-03-23 22:30:15] - 2022-03-22 - daily_cart start
[2022-03-23 22:30:15] - 2022-03-22 - daily_cart success
[2022-03-23 22:30:15] - 2022-03-22 - daily_view start
[2022-03-23 22:30:15] - 2022-03-22 - daily_view success
[2022-03-23 22:30:15] - 2022-03-22 - daily_sales_price start
[2022-03-23 22:30:15] - 2022-03-22 - daily_sales_price success
[2022-03-23 22:30:15] - 2022-03-22 - case1 start
[2022-03-23 22:30:15] - 2022-03-22 - case1 success
[2022-03-23 22:30:15] - 2022-03-22 - case2 start
[2022-03-23 22:30:15] - 2022-03-22 - case2 success
[2022-03-23 22:30:15] - 2022-03-22 - delete start
[2022-03-23 22:30:15] - 2022-03-22 - fm_daily_stats_fblike_vw start
[2022-03-23 22:30:15] - 2022-03-22 - fm_daily_stats_fblike_vw success
[2022-03-23 22:30:15] - 2022-03-22 - fm_daily_stats_review_vw start
[2022-03-23 22:30:15] - 2022-03-22 - fm_daily_stats_review_vw success
[2022-03-23 22:30:15] - 2022-03-22 - fm_daily_stats_restock_notify_vw start
[2022-03-23 22:30:15] - 2022-03-22 - fm_daily_stats_restock_notify_vw success
[2022-03-23 22:30:15] - 2022-03-22 - fm_daily_stats_wish_vw start
[2022-03-23 22:30:15] - 2022-03-22 - fm_daily_stats_wish_vw success
[2022-03-23 22:30:15] - 2022-03-22 - fm_daily_stats_cart_vw start
[2022-03-23 22:30:15] - 2022-03-22 - fm_daily_stats_cart_vw success
[2022-03-23 22:30:15] - 2022-03-22 - fm_daily_stats_order_vw start
[2022-03-23 22:30:15] - 2022-03-22 - fm_daily_stats_order_vw success
[2022-03-23 22:30:15] - 2022-03-22 - fm_daily_stats_view_vw start
[2022-03-23 22:30:15] - 2022-03-22 - fm_daily_stats_view_vw success
[2022-03-23 22:30:15] - 2022-03-22 - delete success
[2022-03-23 22:30:15] - 상품별 3개월 구매수량 등록(goods_purchase_ea)
[2022-03-23 22:30:15] - 입점사 정산 주기 변경(account_seller_period_update)
[2022-03-23 22:30:15] - 입점사별 정산 집계(account_seller_stats)
[2022-03-23 22:30:15] - 불필요한 이월데이터 삭제(account_seller_del_sales)
[2022-03-23 22:30:15] - 일일통계 (주문,좋아요,리뷰,재입고알림,찜,장바구니,보기) 집계(daily_stats)
[2022-03-23 22:30:15] - 마일리지, 포인트,캐쉬 통계 집계(statistic_epc)
[2022-03-23 22:30:15] - referer 도메인 업데이트(set_referer_domain)
[2022-03-23 22:30:15] - 일일통계 데이터 삭제(stats_delete)
[2022-03-24 22:30:10] - 2022-03-23 - daily_order start
[2022-03-24 22:30:10] - 2022-03-23 - daily_order success
[2022-03-24 22:30:10] - 2022-03-23 - daily_fblike start
[2022-03-24 22:30:10] - 2022-03-23 - daily_fblike success
[2022-03-24 22:30:10] - 2022-03-23 - daily_review start
[2022-03-24 22:30:10] - 2022-03-23 - daily_review success
[2022-03-24 22:30:10] - 2022-03-23 - daily_restock_notify start
[2022-03-24 22:30:10] - 2022-03-23 - daily_restock_notify success
[2022-03-24 22:30:10] - 2022-03-23 - daily_wish start
[2022-03-24 22:30:10] - 2022-03-23 - daily_wish success
[2022-03-24 22:30:10] - 2022-03-23 - daily_cart start
[2022-03-24 22:30:10] - 2022-03-23 - daily_cart success
[2022-03-24 22:30:10] - 2022-03-23 - daily_view start
[2022-03-24 22:30:10] - 2022-03-23 - daily_view success
[2022-03-24 22:30:10] - 2022-03-23 - daily_sales_price start
[2022-03-24 22:30:10] - 2022-03-23 - daily_sales_price success
[2022-03-24 22:30:10] - 2022-03-23 - case1 start
[2022-03-24 22:30:10] - 2022-03-23 - case1 success
[2022-03-24 22:30:10] - 2022-03-23 - case2 start
[2022-03-24 22:30:11] - 2022-03-23 - case2 success
[2022-03-24 22:30:11] - 2022-03-23 - delete start
[2022-03-24 22:30:11] - 2022-03-23 - fm_daily_stats_fblike_vw start
[2022-03-24 22:30:11] - 2022-03-23 - fm_daily_stats_fblike_vw success
[2022-03-24 22:30:11] - 2022-03-23 - fm_daily_stats_review_vw start
[2022-03-24 22:30:11] - 2022-03-23 - fm_daily_stats_review_vw success
[2022-03-24 22:30:11] - 2022-03-23 - fm_daily_stats_restock_notify_vw start
[2022-03-24 22:30:11] - 2022-03-23 - fm_daily_stats_restock_notify_vw success
[2022-03-24 22:30:11] - 2022-03-23 - fm_daily_stats_wish_vw start
[2022-03-24 22:30:11] - 2022-03-23 - fm_daily_stats_wish_vw success
[2022-03-24 22:30:11] - 2022-03-23 - fm_daily_stats_cart_vw start
[2022-03-24 22:30:11] - 2022-03-23 - fm_daily_stats_cart_vw success
[2022-03-24 22:30:11] - 2022-03-23 - fm_daily_stats_order_vw start
[2022-03-24 22:30:11] - 2022-03-23 - fm_daily_stats_order_vw success
[2022-03-24 22:30:11] - 2022-03-23 - fm_daily_stats_view_vw start
[2022-03-24 22:30:11] - 2022-03-23 - fm_daily_stats_view_vw success
[2022-03-24 22:30:11] - 2022-03-23 - delete success
[2022-03-24 22:30:11] - 상품별 3개월 구매수량 등록(goods_purchase_ea)
[2022-03-24 22:30:11] - 입점사 정산 주기 변경(account_seller_period_update)
[2022-03-24 22:30:11] - 입점사별 정산 집계(account_seller_stats)
[2022-03-24 22:30:11] - 불필요한 이월데이터 삭제(account_seller_del_sales)
[2022-03-24 22:30:11] - 일일통계 (주문,좋아요,리뷰,재입고알림,찜,장바구니,보기) 집계(daily_stats)
[2022-03-24 22:30:11] - 마일리지, 포인트,캐쉬 통계 집계(statistic_epc)
[2022-03-24 22:30:11] - referer 도메인 업데이트(set_referer_domain)
[2022-03-24 22:30:11] - 일일통계 데이터 삭제(stats_delete)
[2022-03-25 22:30:14] - 2022-03-24 - daily_order start
[2022-03-25 22:30:14] - 2022-03-24 - daily_order success
[2022-03-25 22:30:14] - 2022-03-24 - daily_fblike start
[2022-03-25 22:30:14] - 2022-03-24 - daily_fblike success
[2022-03-25 22:30:14] - 2022-03-24 - daily_review start
[2022-03-25 22:30:14] - 2022-03-24 - daily_review success
[2022-03-25 22:30:14] - 2022-03-24 - daily_restock_notify start
[2022-03-25 22:30:14] - 2022-03-24 - daily_restock_notify success
[2022-03-25 22:30:14] - 2022-03-24 - daily_wish start
[2022-03-25 22:30:14] - 2022-03-24 - daily_wish success
[2022-03-25 22:30:14] - 2022-03-24 - daily_cart start
[2022-03-25 22:30:14] - 2022-03-24 - daily_cart success
[2022-03-25 22:30:14] - 2022-03-24 - daily_view start
[2022-03-25 22:30:14] - 2022-03-24 - daily_view success
[2022-03-25 22:30:14] - 2022-03-24 - daily_sales_price start
[2022-03-25 22:30:14] - 2022-03-24 - daily_sales_price success
[2022-03-25 22:30:14] - 2022-03-24 - case1 start
[2022-03-25 22:30:14] - 2022-03-24 - case1 success
[2022-03-25 22:30:14] - 2022-03-24 - case2 start
[2022-03-25 22:30:15] - 2022-03-24 - case2 success
[2022-03-25 22:30:15] - 2022-03-24 - delete start
[2022-03-25 22:30:15] - 2022-03-24 - fm_daily_stats_fblike_vw start
[2022-03-25 22:30:15] - 2022-03-24 - fm_daily_stats_fblike_vw success
[2022-03-25 22:30:15] - 2022-03-24 - fm_daily_stats_review_vw start
[2022-03-25 22:30:15] - 2022-03-24 - fm_daily_stats_review_vw success
[2022-03-25 22:30:15] - 2022-03-24 - fm_daily_stats_restock_notify_vw start
[2022-03-25 22:30:15] - 2022-03-24 - fm_daily_stats_restock_notify_vw success
[2022-03-25 22:30:15] - 2022-03-24 - fm_daily_stats_wish_vw start
[2022-03-25 22:30:15] - 2022-03-24 - fm_daily_stats_wish_vw success
[2022-03-25 22:30:15] - 2022-03-24 - fm_daily_stats_cart_vw start
[2022-03-25 22:30:15] - 2022-03-24 - fm_daily_stats_cart_vw success
[2022-03-25 22:30:15] - 2022-03-24 - fm_daily_stats_order_vw start
[2022-03-25 22:30:15] - 2022-03-24 - fm_daily_stats_order_vw success
[2022-03-25 22:30:15] - 2022-03-24 - fm_daily_stats_view_vw start
[2022-03-25 22:30:15] - 2022-03-24 - fm_daily_stats_view_vw success
[2022-03-25 22:30:15] - 2022-03-24 - delete success
[2022-03-25 22:30:15] - 상품별 3개월 구매수량 등록(goods_purchase_ea)
[2022-03-25 22:30:15] - 입점사 정산 주기 변경(account_seller_period_update)
[2022-03-25 22:30:15] - 입점사별 정산 집계(account_seller_stats)
[2022-03-25 22:30:15] - 불필요한 이월데이터 삭제(account_seller_del_sales)
[2022-03-25 22:30:15] - 일일통계 (주문,좋아요,리뷰,재입고알림,찜,장바구니,보기) 집계(daily_stats)
[2022-03-25 22:30:15] - 마일리지, 포인트,캐쉬 통계 집계(statistic_epc)
[2022-03-25 22:30:15] - referer 도메인 업데이트(set_referer_domain)
[2022-03-25 22:30:15] - 일일통계 데이터 삭제(stats_delete)
[2022-03-26 22:30:15] - 2022-03-25 - daily_order start
[2022-03-26 22:30:15] - 2022-03-25 - daily_order success
[2022-03-26 22:30:15] - 2022-03-25 - daily_fblike start
[2022-03-26 22:30:15] - 2022-03-25 - daily_fblike success
[2022-03-26 22:30:15] - 2022-03-25 - daily_review start
[2022-03-26 22:30:15] - 2022-03-25 - daily_review success
[2022-03-26 22:30:15] - 2022-03-25 - daily_restock_notify start
[2022-03-26 22:30:15] - 2022-03-25 - daily_restock_notify success
[2022-03-26 22:30:15] - 2022-03-25 - daily_wish start
[2022-03-26 22:30:15] - 2022-03-25 - daily_wish success
[2022-03-26 22:30:15] - 2022-03-25 - daily_cart start
[2022-03-26 22:30:15] - 2022-03-25 - daily_cart success
[2022-03-26 22:30:15] - 2022-03-25 - daily_view start
[2022-03-26 22:30:15] - 2022-03-25 - daily_view success
[2022-03-26 22:30:15] - 2022-03-25 - daily_sales_price start
[2022-03-26 22:30:15] - 2022-03-25 - daily_sales_price success
[2022-03-26 22:30:15] - 2022-03-25 - case1 start
[2022-03-26 22:30:15] - 2022-03-25 - case1 success
[2022-03-26 22:30:15] - 2022-03-25 - case2 start
[2022-03-26 22:30:16] - 2022-03-25 - case2 success
[2022-03-26 22:30:16] - 2022-03-25 - delete start
[2022-03-26 22:30:16] - 2022-03-25 - fm_daily_stats_fblike_vw start
[2022-03-26 22:30:16] - 2022-03-25 - fm_daily_stats_fblike_vw success
[2022-03-26 22:30:16] - 2022-03-25 - fm_daily_stats_review_vw start
[2022-03-26 22:30:16] - 2022-03-25 - fm_daily_stats_review_vw success
[2022-03-26 22:30:16] - 2022-03-25 - fm_daily_stats_restock_notify_vw start
[2022-03-26 22:30:16] - 2022-03-25 - fm_daily_stats_restock_notify_vw success
[2022-03-26 22:30:16] - 2022-03-25 - fm_daily_stats_wish_vw start
[2022-03-26 22:30:16] - 2022-03-25 - fm_daily_stats_wish_vw success
[2022-03-26 22:30:16] - 2022-03-25 - fm_daily_stats_cart_vw start
[2022-03-26 22:30:16] - 2022-03-25 - fm_daily_stats_cart_vw success
[2022-03-26 22:30:16] - 2022-03-25 - fm_daily_stats_order_vw start
[2022-03-26 22:30:16] - 2022-03-25 - fm_daily_stats_order_vw success
[2022-03-26 22:30:16] - 2022-03-25 - fm_daily_stats_view_vw start
[2022-03-26 22:30:16] - 2022-03-25 - fm_daily_stats_view_vw success
[2022-03-26 22:30:16] - 2022-03-25 - delete success
[2022-03-26 22:30:16] - 상품별 3개월 구매수량 등록(goods_purchase_ea)
[2022-03-26 22:30:16] - 입점사 정산 주기 변경(account_seller_period_update)
[2022-03-26 22:30:16] - 입점사별 정산 집계(account_seller_stats)
[2022-03-26 22:30:16] - 불필요한 이월데이터 삭제(account_seller_del_sales)
[2022-03-26 22:30:16] - 일일통계 (주문,좋아요,리뷰,재입고알림,찜,장바구니,보기) 집계(daily_stats)
[2022-03-26 22:30:16] - 마일리지, 포인트,캐쉬 통계 집계(statistic_epc)
[2022-03-26 22:30:16] - referer 도메인 업데이트(set_referer_domain)
[2022-03-26 22:30:16] - 일일통계 데이터 삭제(stats_delete)
[2022-03-27 22:30:11] - 2022-03-26 - daily_order start
[2022-03-27 22:30:11] - 2022-03-26 - daily_order success
[2022-03-27 22:30:11] - 2022-03-26 - daily_fblike start
[2022-03-27 22:30:11] - 2022-03-26 - daily_fblike success
[2022-03-27 22:30:11] - 2022-03-26 - daily_review start
[2022-03-27 22:30:11] - 2022-03-26 - daily_review success
[2022-03-27 22:30:11] - 2022-03-26 - daily_restock_notify start
[2022-03-27 22:30:11] - 2022-03-26 - daily_restock_notify success
[2022-03-27 22:30:11] - 2022-03-26 - daily_wish start
[2022-03-27 22:30:11] - 2022-03-26 - daily_wish success
[2022-03-27 22:30:11] - 2022-03-26 - daily_cart start
[2022-03-27 22:30:11] - 2022-03-26 - daily_cart success
[2022-03-27 22:30:11] - 2022-03-26 - daily_view start
[2022-03-27 22:30:11] - 2022-03-26 - daily_view success
[2022-03-27 22:30:11] - 2022-03-26 - daily_sales_price start
[2022-03-27 22:30:11] - 2022-03-26 - daily_sales_price success
[2022-03-27 22:30:11] - 2022-03-26 - case1 start
[2022-03-27 22:30:11] - 2022-03-26 - case1 success
[2022-03-27 22:30:11] - 2022-03-26 - case2 start
[2022-03-27 22:30:11] - 2022-03-26 - case2 success
[2022-03-27 22:30:11] - 2022-03-26 - delete start
[2022-03-27 22:30:11] - 2022-03-26 - fm_daily_stats_fblike_vw start
[2022-03-27 22:30:11] - 2022-03-26 - fm_daily_stats_fblike_vw success
[2022-03-27 22:30:11] - 2022-03-26 - fm_daily_stats_review_vw start
[2022-03-27 22:30:11] - 2022-03-26 - fm_daily_stats_review_vw success
[2022-03-27 22:30:11] - 2022-03-26 - fm_daily_stats_restock_notify_vw start
[2022-03-27 22:30:11] - 2022-03-26 - fm_daily_stats_restock_notify_vw success
[2022-03-27 22:30:11] - 2022-03-26 - fm_daily_stats_wish_vw start
[2022-03-27 22:30:11] - 2022-03-26 - fm_daily_stats_wish_vw success
[2022-03-27 22:30:11] - 2022-03-26 - fm_daily_stats_cart_vw start
[2022-03-27 22:30:11] - 2022-03-26 - fm_daily_stats_cart_vw success
[2022-03-27 22:30:11] - 2022-03-26 - fm_daily_stats_order_vw start
[2022-03-27 22:30:11] - 2022-03-26 - fm_daily_stats_order_vw success
[2022-03-27 22:30:11] - 2022-03-26 - fm_daily_stats_view_vw start
[2022-03-27 22:30:11] - 2022-03-26 - fm_daily_stats_view_vw success
[2022-03-27 22:30:11] - 2022-03-26 - delete success
[2022-03-27 22:30:11] - 상품별 3개월 구매수량 등록(goods_purchase_ea)
[2022-03-27 22:30:11] - 입점사 정산 주기 변경(account_seller_period_update)
[2022-03-27 22:30:11] - 입점사별 정산 집계(account_seller_stats)
[2022-03-27 22:30:11] - 불필요한 이월데이터 삭제(account_seller_del_sales)
[2022-03-27 22:30:11] - 일일통계 (주문,좋아요,리뷰,재입고알림,찜,장바구니,보기) 집계(daily_stats)
[2022-03-27 22:30:11] - 마일리지, 포인트,캐쉬 통계 집계(statistic_epc)
[2022-03-27 22:30:11] - referer 도메인 업데이트(set_referer_domain)
[2022-03-27 22:30:11] - 일일통계 데이터 삭제(stats_delete)
[2022-03-28 22:30:12] - 2022-03-27 - daily_order start
[2022-03-28 22:30:12] - 2022-03-27 - daily_order success
[2022-03-28 22:30:12] - 2022-03-27 - daily_fblike start
[2022-03-28 22:30:12] - 2022-03-27 - daily_fblike success
[2022-03-28 22:30:12] - 2022-03-27 - daily_review start
[2022-03-28 22:30:12] - 2022-03-27 - daily_review success
[2022-03-28 22:30:12] - 2022-03-27 - daily_restock_notify start
[2022-03-28 22:30:12] - 2022-03-27 - daily_restock_notify success
[2022-03-28 22:30:12] - 2022-03-27 - daily_wish start
[2022-03-28 22:30:12] - 2022-03-27 - daily_wish success
[2022-03-28 22:30:12] - 2022-03-27 - daily_cart start
[2022-03-28 22:30:12] - 2022-03-27 - daily_cart success
[2022-03-28 22:30:12] - 2022-03-27 - daily_view start
[2022-03-28 22:30:12] - 2022-03-27 - daily_view success
[2022-03-28 22:30:12] - 2022-03-27 - daily_sales_price start
[2022-03-28 22:30:12] - 2022-03-27 - daily_sales_price success
[2022-03-28 22:30:12] - 2022-03-27 - case1 start
[2022-03-28 22:30:12] - 2022-03-27 - case1 success
[2022-03-28 22:30:12] - 2022-03-27 - case2 start
[2022-03-28 22:30:12] - 2022-03-27 - case2 success
[2022-03-28 22:30:12] - 2022-03-27 - delete start
[2022-03-28 22:30:12] - 2022-03-27 - fm_daily_stats_fblike_vw start
[2022-03-28 22:30:12] - 2022-03-27 - fm_daily_stats_fblike_vw success
[2022-03-28 22:30:12] - 2022-03-27 - fm_daily_stats_review_vw start
[2022-03-28 22:30:12] - 2022-03-27 - fm_daily_stats_review_vw success
[2022-03-28 22:30:12] - 2022-03-27 - fm_daily_stats_restock_notify_vw start
[2022-03-28 22:30:12] - 2022-03-27 - fm_daily_stats_restock_notify_vw success
[2022-03-28 22:30:12] - 2022-03-27 - fm_daily_stats_wish_vw start
[2022-03-28 22:30:12] - 2022-03-27 - fm_daily_stats_wish_vw success
[2022-03-28 22:30:12] - 2022-03-27 - fm_daily_stats_cart_vw start
[2022-03-28 22:30:12] - 2022-03-27 - fm_daily_stats_cart_vw success
[2022-03-28 22:30:12] - 2022-03-27 - fm_daily_stats_order_vw start
[2022-03-28 22:30:12] - 2022-03-27 - fm_daily_stats_order_vw success
[2022-03-28 22:30:12] - 2022-03-27 - fm_daily_stats_view_vw start
[2022-03-28 22:30:12] - 2022-03-27 - fm_daily_stats_view_vw success
[2022-03-28 22:30:12] - 2022-03-27 - delete success
[2022-03-28 22:30:12] - 상품별 3개월 구매수량 등록(goods_purchase_ea)
[2022-03-28 22:30:12] - 입점사 정산 주기 변경(account_seller_period_update)
[2022-03-28 22:30:12] - 입점사별 정산 집계(account_seller_stats)
[2022-03-28 22:30:12] - 불필요한 이월데이터 삭제(account_seller_del_sales)
[2022-03-28 22:30:12] - 일일통계 (주문,좋아요,리뷰,재입고알림,찜,장바구니,보기) 집계(daily_stats)
[2022-03-28 22:30:12] - 마일리지, 포인트,캐쉬 통계 집계(statistic_epc)
[2022-03-28 22:30:12] - referer 도메인 업데이트(set_referer_domain)
[2022-03-28 22:30:12] - 일일통계 데이터 삭제(stats_delete)
[2022-03-29 22:30:13] - 2022-03-28 - daily_order start
[2022-03-29 22:30:13] - 2022-03-28 - daily_order success
[2022-03-29 22:30:13] - 2022-03-28 - daily_fblike start
[2022-03-29 22:30:13] - 2022-03-28 - daily_fblike success
[2022-03-29 22:30:13] - 2022-03-28 - daily_review start
[2022-03-29 22:30:13] - 2022-03-28 - daily_review success
[2022-03-29 22:30:13] - 2022-03-28 - daily_restock_notify start
[2022-03-29 22:30:13] - 2022-03-28 - daily_restock_notify success
[2022-03-29 22:30:13] - 2022-03-28 - daily_wish start
[2022-03-29 22:30:13] - 2022-03-28 - daily_wish success
[2022-03-29 22:30:13] - 2022-03-28 - daily_cart start
[2022-03-29 22:30:13] - 2022-03-28 - daily_cart success
[2022-03-29 22:30:13] - 2022-03-28 - daily_view start
[2022-03-29 22:30:13] - 2022-03-28 - daily_view success
[2022-03-29 22:30:13] - 2022-03-28 - daily_sales_price start
[2022-03-29 22:30:13] - 2022-03-28 - daily_sales_price success
[2022-03-29 22:30:13] - 2022-03-28 - case1 start
[2022-03-29 22:30:13] - 2022-03-28 - case1 success
[2022-03-29 22:30:13] - 2022-03-28 - case2 start
[2022-03-29 22:30:14] - 2022-03-28 - case2 success
[2022-03-29 22:30:14] - 2022-03-28 - delete start
[2022-03-29 22:30:14] - 2022-03-28 - fm_daily_stats_fblike_vw start
[2022-03-29 22:30:14] - 2022-03-28 - fm_daily_stats_fblike_vw success
[2022-03-29 22:30:14] - 2022-03-28 - fm_daily_stats_review_vw start
[2022-03-29 22:30:14] - 2022-03-28 - fm_daily_stats_review_vw success
[2022-03-29 22:30:14] - 2022-03-28 - fm_daily_stats_restock_notify_vw start
[2022-03-29 22:30:14] - 2022-03-28 - fm_daily_stats_restock_notify_vw success
[2022-03-29 22:30:14] - 2022-03-28 - fm_daily_stats_wish_vw start
[2022-03-29 22:30:14] - 2022-03-28 - fm_daily_stats_wish_vw success
[2022-03-29 22:30:14] - 2022-03-28 - fm_daily_stats_cart_vw start
[2022-03-29 22:30:14] - 2022-03-28 - fm_daily_stats_cart_vw success
[2022-03-29 22:30:14] - 2022-03-28 - fm_daily_stats_order_vw start
[2022-03-29 22:30:14] - 2022-03-28 - fm_daily_stats_order_vw success
[2022-03-29 22:30:14] - 2022-03-28 - fm_daily_stats_view_vw start
[2022-03-29 22:30:14] - 2022-03-28 - fm_daily_stats_view_vw success
[2022-03-29 22:30:14] - 2022-03-28 - delete success
[2022-03-29 22:30:14] - 상품별 3개월 구매수량 등록(goods_purchase_ea)
[2022-03-29 22:30:14] - 입점사 정산 주기 변경(account_seller_period_update)
[2022-03-29 22:30:14] - 입점사별 정산 집계(account_seller_stats)
[2022-03-29 22:30:14] - 불필요한 이월데이터 삭제(account_seller_del_sales)
[2022-03-29 22:30:14] - 일일통계 (주문,좋아요,리뷰,재입고알림,찜,장바구니,보기) 집계(daily_stats)
[2022-03-29 22:30:14] - 마일리지, 포인트,캐쉬 통계 집계(statistic_epc)
[2022-03-29 22:30:14] - referer 도메인 업데이트(set_referer_domain)
[2022-03-29 22:30:14] - 일일통계 데이터 삭제(stats_delete)
[2022-03-30 22:30:15] - 2022-03-29 - daily_order start
[2022-03-30 22:30:15] - 2022-03-29 - daily_order success
[2022-03-30 22:30:15] - 2022-03-29 - daily_fblike start
[2022-03-30 22:30:15] - 2022-03-29 - daily_fblike success
[2022-03-30 22:30:15] - 2022-03-29 - daily_review start
[2022-03-30 22:30:15] - 2022-03-29 - daily_review success
[2022-03-30 22:30:15] - 2022-03-29 - daily_restock_notify start
[2022-03-30 22:30:15] - 2022-03-29 - daily_restock_notify success
[2022-03-30 22:30:15] - 2022-03-29 - daily_wish start
[2022-03-30 22:30:15] - 2022-03-29 - daily_wish success
[2022-03-30 22:30:15] - 2022-03-29 - daily_cart start
[2022-03-30 22:30:15] - 2022-03-29 - daily_cart success
[2022-03-30 22:30:15] - 2022-03-29 - daily_view start
[2022-03-30 22:30:15] - 2022-03-29 - daily_view success
[2022-03-30 22:30:15] - 2022-03-29 - daily_sales_price start
[2022-03-30 22:30:15] - 2022-03-29 - daily_sales_price success
[2022-03-30 22:30:15] - 2022-03-29 - case1 start
[2022-03-30 22:30:15] - 2022-03-29 - case1 success
[2022-03-30 22:30:15] - 2022-03-29 - case2 start
[2022-03-30 22:30:15] - 2022-03-29 - case2 success
[2022-03-30 22:30:15] - 2022-03-29 - delete start
[2022-03-30 22:30:15] - 2022-03-29 - fm_daily_stats_fblike_vw start
[2022-03-30 22:30:15] - 2022-03-29 - fm_daily_stats_fblike_vw success
[2022-03-30 22:30:15] - 2022-03-29 - fm_daily_stats_review_vw start
[2022-03-30 22:30:15] - 2022-03-29 - fm_daily_stats_review_vw success
[2022-03-30 22:30:15] - 2022-03-29 - fm_daily_stats_restock_notify_vw start
[2022-03-30 22:30:15] - 2022-03-29 - fm_daily_stats_restock_notify_vw success
[2022-03-30 22:30:15] - 2022-03-29 - fm_daily_stats_wish_vw start
[2022-03-30 22:30:15] - 2022-03-29 - fm_daily_stats_wish_vw success
[2022-03-30 22:30:15] - 2022-03-29 - fm_daily_stats_cart_vw start
[2022-03-30 22:30:15] - 2022-03-29 - fm_daily_stats_cart_vw success
[2022-03-30 22:30:15] - 2022-03-29 - fm_daily_stats_order_vw start
[2022-03-30 22:30:15] - 2022-03-29 - fm_daily_stats_order_vw success
[2022-03-30 22:30:15] - 2022-03-29 - fm_daily_stats_view_vw start
[2022-03-30 22:30:15] - 2022-03-29 - fm_daily_stats_view_vw success
[2022-03-30 22:30:15] - 2022-03-29 - delete success
[2022-03-30 22:30:15] - 상품별 3개월 구매수량 등록(goods_purchase_ea)
[2022-03-30 22:30:15] - 입점사 정산 주기 변경(account_seller_period_update)
[2022-03-30 22:30:15] - 입점사별 정산 집계(account_seller_stats)
[2022-03-30 22:30:15] - 불필요한 이월데이터 삭제(account_seller_del_sales)
[2022-03-30 22:30:15] - 일일통계 (주문,좋아요,리뷰,재입고알림,찜,장바구니,보기) 집계(daily_stats)
[2022-03-30 22:30:15] - 마일리지, 포인트,캐쉬 통계 집계(statistic_epc)
[2022-03-30 22:30:15] - referer 도메인 업데이트(set_referer_domain)
[2022-03-30 22:30:15] - 일일통계 데이터 삭제(stats_delete)
[2022-03-31 22:30:14] - 2022-03-30 - daily_order start
[2022-03-31 22:30:14] - 2022-03-30 - daily_order success
[2022-03-31 22:30:14] - 2022-03-30 - daily_fblike start
[2022-03-31 22:30:14] - 2022-03-30 - daily_fblike success
[2022-03-31 22:30:14] - 2022-03-30 - daily_review start
[2022-03-31 22:30:14] - 2022-03-30 - daily_review success
[2022-03-31 22:30:14] - 2022-03-30 - daily_restock_notify start
[2022-03-31 22:30:14] - 2022-03-30 - daily_restock_notify success
[2022-03-31 22:30:14] - 2022-03-30 - daily_wish start
[2022-03-31 22:30:14] - 2022-03-30 - daily_wish success
[2022-03-31 22:30:14] - 2022-03-30 - daily_cart start
[2022-03-31 22:30:14] - 2022-03-30 - daily_cart success
[2022-03-31 22:30:14] - 2022-03-30 - daily_view start
[2022-03-31 22:30:14] - 2022-03-30 - daily_view success
[2022-03-31 22:30:14] - 2022-03-30 - daily_sales_price start
[2022-03-31 22:30:14] - 2022-03-30 - daily_sales_price success
[2022-03-31 22:30:14] - 2022-03-30 - case1 start
[2022-03-31 22:30:14] - 2022-03-30 - case1 success
[2022-03-31 22:30:14] - 2022-03-30 - case2 start
[2022-03-31 22:30:15] - 2022-03-30 - case2 success
[2022-03-31 22:30:15] - 2022-03-30 - delete start
[2022-03-31 22:30:15] - 2022-03-30 - fm_daily_stats_fblike_vw start
[2022-03-31 22:30:15] - 2022-03-30 - fm_daily_stats_fblike_vw success
[2022-03-31 22:30:15] - 2022-03-30 - fm_daily_stats_review_vw start
[2022-03-31 22:30:15] - 2022-03-30 - fm_daily_stats_review_vw success
[2022-03-31 22:30:15] - 2022-03-30 - fm_daily_stats_restock_notify_vw start
[2022-03-31 22:30:15] - 2022-03-30 - fm_daily_stats_restock_notify_vw success
[2022-03-31 22:30:15] - 2022-03-30 - fm_daily_stats_wish_vw start
[2022-03-31 22:30:15] - 2022-03-30 - fm_daily_stats_wish_vw success
[2022-03-31 22:30:15] - 2022-03-30 - fm_daily_stats_cart_vw start
[2022-03-31 22:30:15] - 2022-03-30 - fm_daily_stats_cart_vw success
[2022-03-31 22:30:15] - 2022-03-30 - fm_daily_stats_order_vw start
[2022-03-31 22:30:15] - 2022-03-30 - fm_daily_stats_order_vw success
[2022-03-31 22:30:15] - 2022-03-30 - fm_daily_stats_view_vw start
[2022-03-31 22:30:15] - 2022-03-30 - fm_daily_stats_view_vw success
[2022-03-31 22:30:15] - 2022-03-30 - delete success
[2022-03-31 22:30:15] - 상품별 3개월 구매수량 등록(goods_purchase_ea)
[2022-03-31 22:30:15] - 입점사 정산 주기 변경(account_seller_period_update)
[2022-03-31 22:30:15] - 입점사별 정산 집계(account_seller_stats)
[2022-03-31 22:30:15] - 불필요한 이월데이터 삭제(account_seller_del_sales)
[2022-03-31 22:30:15] - 일일통계 (주문,좋아요,리뷰,재입고알림,찜,장바구니,보기) 집계(daily_stats)
[2022-03-31 22:30:15] - 마일리지, 포인트,캐쉬 통계 집계(statistic_epc)
[2022-03-31 22:30:15] - referer 도메인 업데이트(set_referer_domain)
[2022-03-31 22:30:15] - 일일통계 데이터 삭제(stats_delete)
