[2022-04-01 22:30:15] - 티켓 상품 자동 배송 완료(batch_social_goods_confirm) - batch_social_goods_confirm  no data
[2022-04-01 22:30:15] - 미입금 통보 확인(deposit_request)
[2022-04-01 22:30:15] - 굿스플로 배송정보(receiveTrackingResults) - OK
[2022-04-01 22:30:15] - 티켓 상품 자동 배송 완료(batch_social_goods_confirm)
[2022-04-01 22:30:15] - 자동 구매 확정(batch_buy_confirm)
[2022-04-01 22:30:15] - 자동 주문 취소(order_cancel)
[2022-04-02 22:30:15] - 티켓 상품 자동 배송 완료(batch_social_goods_confirm) - batch_social_goods_confirm  no data
[2022-04-02 22:30:15] - 미입금 통보 확인(deposit_request)
[2022-04-02 22:30:15] - 굿스플로 배송정보(receiveTrackingResults) - OK
[2022-04-02 22:30:15] - 티켓 상품 자동 배송 완료(batch_social_goods_confirm)
[2022-04-02 22:30:15] - 자동 구매 확정(batch_buy_confirm)
[2022-04-02 22:30:15] - 자동 주문 취소(order_cancel)
[2022-04-03 22:30:15] - 티켓 상품 자동 배송 완료(batch_social_goods_confirm) - batch_social_goods_confirm  no data
[2022-04-03 22:30:15] - 미입금 통보 확인(deposit_request)
[2022-04-03 22:30:15] - 굿스플로 배송정보(receiveTrackingResults) - OK
[2022-04-03 22:30:15] - 티켓 상품 자동 배송 완료(batch_social_goods_confirm)
[2022-04-03 22:30:15] - 자동 구매 확정(batch_buy_confirm)
[2022-04-03 22:30:15] - 자동 주문 취소(order_cancel)
[2022-04-04 22:30:12] - 티켓 상품 자동 배송 완료(batch_social_goods_confirm) - batch_social_goods_confirm  no data
[2022-04-04 22:30:12] - 미입금 통보 확인(deposit_request)
[2022-04-04 22:30:12] - 굿스플로 배송정보(receiveTrackingResults) - OK
[2022-04-04 22:30:12] - 티켓 상품 자동 배송 완료(batch_social_goods_confirm)
[2022-04-04 22:30:12] - 자동 구매 확정(batch_buy_confirm)
[2022-04-04 22:30:12] - 자동 주문 취소(order_cancel)
[2022-04-05 22:30:13] - 티켓 상품 자동 배송 완료(batch_social_goods_confirm) - batch_social_goods_confirm  no data
[2022-04-05 22:30:13] - 미입금 통보 확인(deposit_request)
[2022-04-05 22:30:13] - 굿스플로 배송정보(receiveTrackingResults) - OK
[2022-04-05 22:30:13] - 티켓 상품 자동 배송 완료(batch_social_goods_confirm)
[2022-04-05 22:30:13] - 자동 구매 확정(batch_buy_confirm)
[2022-04-05 22:30:13] - 자동 주문 취소(order_cancel)
[2022-04-06 22:30:15] - 티켓 상품 자동 배송 완료(batch_social_goods_confirm) - batch_social_goods_confirm  no data
[2022-04-06 22:30:15] - 미입금 통보 확인(deposit_request)
[2022-04-06 22:30:15] - 굿스플로 배송정보(receiveTrackingResults) - OK
[2022-04-06 22:30:15] - 티켓 상품 자동 배송 완료(batch_social_goods_confirm)
[2022-04-06 22:30:15] - 자동 구매 확정(batch_buy_confirm)
[2022-04-06 22:30:15] - 자동 주문 취소(order_cancel)
[2022-04-07 22:30:16] - 티켓 상품 자동 배송 완료(batch_social_goods_confirm) - batch_social_goods_confirm  no data
[2022-04-07 22:30:16] - 미입금 통보 확인(deposit_request)
[2022-04-07 22:30:16] - 굿스플로 배송정보(receiveTrackingResults) - OK
[2022-04-07 22:30:16] - 티켓 상품 자동 배송 완료(batch_social_goods_confirm)
[2022-04-07 22:30:16] - 자동 구매 확정(batch_buy_confirm)
[2022-04-07 22:30:16] - 자동 주문 취소(order_cancel)
[2022-04-08 22:30:15] - 티켓 상품 자동 배송 완료(batch_social_goods_confirm) - batch_social_goods_confirm  no data
[2022-04-08 22:30:16] - 미입금 통보 확인(deposit_request)
[2022-04-08 22:30:16] - 굿스플로 배송정보(receiveTrackingResults) - OK
[2022-04-08 22:30:16] - 티켓 상품 자동 배송 완료(batch_social_goods_confirm)
[2022-04-08 22:30:16] - 자동 구매 확정(batch_buy_confirm)
[2022-04-08 22:30:16] - 자동 주문 취소(order_cancel)
[2022-04-09 22:30:15] - 티켓 상품 자동 배송 완료(batch_social_goods_confirm) - batch_social_goods_confirm  no data
[2022-04-09 22:30:16] - 미입금 통보 확인(deposit_request)
[2022-04-09 22:30:16] - 굿스플로 배송정보(receiveTrackingResults) - OK
[2022-04-09 22:30:16] - 티켓 상품 자동 배송 완료(batch_social_goods_confirm)
[2022-04-09 22:30:16] - 자동 구매 확정(batch_buy_confirm)
[2022-04-09 22:30:16] - 자동 주문 취소(order_cancel)
[2022-04-10 22:30:15] - 티켓 상품 자동 배송 완료(batch_social_goods_confirm) - batch_social_goods_confirm  no data
[2022-04-10 22:30:15] - 미입금 통보 확인(deposit_request)
[2022-04-10 22:30:15] - 굿스플로 배송정보(receiveTrackingResults) - OK
[2022-04-10 22:30:15] - 티켓 상품 자동 배송 완료(batch_social_goods_confirm)
[2022-04-10 22:30:15] - 자동 구매 확정(batch_buy_confirm)
[2022-04-10 22:30:15] - 자동 주문 취소(order_cancel)
[2022-04-11 22:30:15] - 티켓 상품 자동 배송 완료(batch_social_goods_confirm) - batch_social_goods_confirm  no data
[2022-04-11 22:30:15] - 미입금 통보 확인(deposit_request)
[2022-04-11 22:30:15] - 굿스플로 배송정보(receiveTrackingResults) - OK
[2022-04-11 22:30:15] - 티켓 상품 자동 배송 완료(batch_social_goods_confirm)
[2022-04-11 22:30:15] - 자동 구매 확정(batch_buy_confirm)
[2022-04-11 22:30:15] - 자동 주문 취소(order_cancel)
[2022-04-12 22:30:15] - 티켓 상품 자동 배송 완료(batch_social_goods_confirm) - batch_social_goods_confirm  no data
[2022-04-12 22:30:15] - 미입금 통보 확인(deposit_request)
[2022-04-12 22:30:15] - 굿스플로 배송정보(receiveTrackingResults) - OK
[2022-04-12 22:30:15] - 티켓 상품 자동 배송 완료(batch_social_goods_confirm)
[2022-04-12 22:30:15] - 자동 구매 확정(batch_buy_confirm)
[2022-04-12 22:30:15] - 자동 주문 취소(order_cancel)
[2022-04-13 22:30:15] - 티켓 상품 자동 배송 완료(batch_social_goods_confirm) - batch_social_goods_confirm  no data
[2022-04-13 22:30:15] - 미입금 통보 확인(deposit_request)
[2022-04-13 22:30:15] - 굿스플로 배송정보(receiveTrackingResults) - OK
[2022-04-13 22:30:15] - 티켓 상품 자동 배송 완료(batch_social_goods_confirm)
[2022-04-13 22:30:15] - 자동 구매 확정(batch_buy_confirm)
[2022-04-13 22:30:15] - 자동 주문 취소(order_cancel)
[2022-04-14 22:30:15] - 티켓 상품 자동 배송 완료(batch_social_goods_confirm) - batch_social_goods_confirm  no data
[2022-04-14 22:30:15] - 미입금 통보 확인(deposit_request)
[2022-04-14 22:30:15] - 굿스플로 배송정보(receiveTrackingResults) - OK
[2022-04-14 22:30:15] - 티켓 상품 자동 배송 완료(batch_social_goods_confirm)
[2022-04-14 22:30:15] - 자동 구매 확정(batch_buy_confirm)
[2022-04-14 22:30:15] - 자동 주문 취소(order_cancel)
[2022-04-15 22:30:14] - 티켓 상품 자동 배송 완료(batch_social_goods_confirm) - batch_social_goods_confirm  no data
[2022-04-15 22:30:14] - 미입금 통보 확인(deposit_request)
[2022-04-15 22:30:14] - 굿스플로 배송정보(receiveTrackingResults) - OK
[2022-04-15 22:30:14] - 티켓 상품 자동 배송 완료(batch_social_goods_confirm)
[2022-04-15 22:30:14] - 자동 구매 확정(batch_buy_confirm)
[2022-04-15 22:30:14] - 자동 주문 취소(order_cancel)
[2022-04-16 22:30:10] - 티켓 상품 자동 배송 완료(batch_social_goods_confirm) - batch_social_goods_confirm  no data
[2022-04-16 22:30:11] - 미입금 통보 확인(deposit_request)
[2022-04-16 22:30:11] - 굿스플로 배송정보(receiveTrackingResults) - OK
[2022-04-16 22:30:11] - 티켓 상품 자동 배송 완료(batch_social_goods_confirm)
[2022-04-16 22:30:11] - 자동 구매 확정(batch_buy_confirm)
[2022-04-16 22:30:11] - 자동 주문 취소(order_cancel)
[2022-04-17 22:30:15] - 티켓 상품 자동 배송 완료(batch_social_goods_confirm) - batch_social_goods_confirm  no data
[2022-04-17 22:30:15] - 미입금 통보 확인(deposit_request)
[2022-04-17 22:30:15] - 굿스플로 배송정보(receiveTrackingResults) - OK
[2022-04-17 22:30:15] - 티켓 상품 자동 배송 완료(batch_social_goods_confirm)
[2022-04-17 22:30:15] - 자동 구매 확정(batch_buy_confirm)
[2022-04-17 22:30:15] - 자동 주문 취소(order_cancel)
[2022-04-18 22:30:15] - 티켓 상품 자동 배송 완료(batch_social_goods_confirm) - batch_social_goods_confirm  no data
[2022-04-18 22:30:15] - 미입금 통보 확인(deposit_request)
[2022-04-18 22:30:15] - 굿스플로 배송정보(receiveTrackingResults) - OK
[2022-04-18 22:30:15] - 티켓 상품 자동 배송 완료(batch_social_goods_confirm)
[2022-04-18 22:30:15] - 자동 구매 확정(batch_buy_confirm)
[2022-04-18 22:30:15] - 자동 주문 취소(order_cancel)
[2022-04-19 22:30:13] - 티켓 상품 자동 배송 완료(batch_social_goods_confirm) - batch_social_goods_confirm  no data
[2022-04-19 22:30:13] - 미입금 통보 확인(deposit_request)
[2022-04-19 22:30:13] - 굿스플로 배송정보(receiveTrackingResults) - OK
[2022-04-19 22:30:13] - 티켓 상품 자동 배송 완료(batch_social_goods_confirm)
[2022-04-19 22:30:13] - 자동 구매 확정(batch_buy_confirm)
[2022-04-19 22:30:13] - 자동 주문 취소(order_cancel)
[2022-04-20 22:30:10] - 티켓 상품 자동 배송 완료(batch_social_goods_confirm) - batch_social_goods_confirm  no data
[2022-04-20 22:30:11] - 미입금 통보 확인(deposit_request)
[2022-04-20 22:30:11] - 굿스플로 배송정보(receiveTrackingResults) - OK
[2022-04-20 22:30:11] - 티켓 상품 자동 배송 완료(batch_social_goods_confirm)
[2022-04-20 22:30:11] - 자동 구매 확정(batch_buy_confirm)
[2022-04-20 22:30:11] - 자동 주문 취소(order_cancel)
[2022-04-21 22:30:14] - 티켓 상품 자동 배송 완료(batch_social_goods_confirm) - batch_social_goods_confirm  no data
[2022-04-21 22:30:14] - 미입금 통보 확인(deposit_request)
[2022-04-21 22:30:14] - 굿스플로 배송정보(receiveTrackingResults) - OK
[2022-04-21 22:30:14] - 티켓 상품 자동 배송 완료(batch_social_goods_confirm)
[2022-04-21 22:30:14] - 자동 구매 확정(batch_buy_confirm)
[2022-04-21 22:30:14] - 자동 주문 취소(order_cancel)
[2022-04-22 22:30:15] - 티켓 상품 자동 배송 완료(batch_social_goods_confirm) - batch_social_goods_confirm  no data
[2022-04-22 22:30:16] - 미입금 통보 확인(deposit_request)
[2022-04-22 22:30:16] - 굿스플로 배송정보(receiveTrackingResults) - OK
[2022-04-22 22:30:16] - 티켓 상품 자동 배송 완료(batch_social_goods_confirm)
[2022-04-22 22:30:16] - 자동 구매 확정(batch_buy_confirm)
[2022-04-22 22:30:16] - 자동 주문 취소(order_cancel)
[2022-04-23 22:30:11] - 티켓 상품 자동 배송 완료(batch_social_goods_confirm) - batch_social_goods_confirm  no data
[2022-04-23 22:30:11] - 미입금 통보 확인(deposit_request)
[2022-04-23 22:30:11] - 굿스플로 배송정보(receiveTrackingResults) - OK
[2022-04-23 22:30:11] - 티켓 상품 자동 배송 완료(batch_social_goods_confirm)
[2022-04-23 22:30:11] - 자동 구매 확정(batch_buy_confirm)
[2022-04-23 22:30:11] - 자동 주문 취소(order_cancel)
[2022-04-24 22:30:15] - 티켓 상품 자동 배송 완료(batch_social_goods_confirm) - batch_social_goods_confirm  no data
[2022-04-24 22:30:16] - 미입금 통보 확인(deposit_request)
[2022-04-24 22:30:16] - 굿스플로 배송정보(receiveTrackingResults) - OK
[2022-04-24 22:30:16] - 티켓 상품 자동 배송 완료(batch_social_goods_confirm)
[2022-04-24 22:30:16] - 자동 구매 확정(batch_buy_confirm)
[2022-04-24 22:30:16] - 자동 주문 취소(order_cancel)
[2022-04-25 22:30:11] - 티켓 상품 자동 배송 완료(batch_social_goods_confirm) - batch_social_goods_confirm  no data
[2022-04-25 22:30:11] - 미입금 통보 확인(deposit_request)
[2022-04-25 22:30:11] - 굿스플로 배송정보(receiveTrackingResults) - OK
[2022-04-25 22:30:11] - 티켓 상품 자동 배송 완료(batch_social_goods_confirm)
[2022-04-25 22:30:11] - 자동 구매 확정(batch_buy_confirm)
[2022-04-25 22:30:11] - 자동 주문 취소(order_cancel)
[2022-04-26 22:30:15] - 티켓 상품 자동 배송 완료(batch_social_goods_confirm) - batch_social_goods_confirm  no data
[2022-04-26 22:30:15] - 미입금 통보 확인(deposit_request)
[2022-04-26 22:30:15] - 굿스플로 배송정보(receiveTrackingResults) - OK
[2022-04-26 22:30:15] - 티켓 상품 자동 배송 완료(batch_social_goods_confirm)
[2022-04-26 22:30:15] - 자동 구매 확정(batch_buy_confirm)
[2022-04-26 22:30:15] - 자동 주문 취소(order_cancel)
[2022-04-27 22:30:12] - 티켓 상품 자동 배송 완료(batch_social_goods_confirm) - batch_social_goods_confirm  no data
[2022-04-27 22:30:13] - 미입금 통보 확인(deposit_request)
[2022-04-27 22:30:13] - 굿스플로 배송정보(receiveTrackingResults) - OK
[2022-04-27 22:30:13] - 티켓 상품 자동 배송 완료(batch_social_goods_confirm)
[2022-04-27 22:30:13] - 자동 구매 확정(batch_buy_confirm)
[2022-04-27 22:30:13] - 자동 주문 취소(order_cancel)
[2022-04-28 22:30:10] - 티켓 상품 자동 배송 완료(batch_social_goods_confirm) - batch_social_goods_confirm  no data
[2022-04-28 22:30:10] - 미입금 통보 확인(deposit_request)
[2022-04-28 22:30:10] - 굿스플로 배송정보(receiveTrackingResults) - OK
[2022-04-28 22:30:10] - 티켓 상품 자동 배송 완료(batch_social_goods_confirm)
[2022-04-28 22:30:10] - 자동 구매 확정(batch_buy_confirm)
[2022-04-28 22:30:10] - 자동 주문 취소(order_cancel)
[2022-04-29 22:30:14] - 티켓 상품 자동 배송 완료(batch_social_goods_confirm) - batch_social_goods_confirm  no data
[2022-04-29 22:30:14] - 미입금 통보 확인(deposit_request)
[2022-04-29 22:30:14] - 굿스플로 배송정보(receiveTrackingResults) - OK
[2022-04-29 22:30:14] - 티켓 상품 자동 배송 완료(batch_social_goods_confirm)
[2022-04-29 22:30:14] - 자동 구매 확정(batch_buy_confirm)
[2022-04-29 22:30:14] - 자동 주문 취소(order_cancel)
[2022-04-30 22:30:09] - 티켓 상품 자동 배송 완료(batch_social_goods_confirm) - batch_social_goods_confirm  no data
[2022-04-30 22:30:09] - 미입금 통보 확인(deposit_request)
[2022-04-30 22:30:09] - 굿스플로 배송정보(receiveTrackingResults) - OK
[2022-04-30 22:30:09] - 티켓 상품 자동 배송 완료(batch_social_goods_confirm)
[2022-04-30 22:30:09] - 자동 구매 확정(batch_buy_confirm)
[2022-04-30 22:30:09] - 자동 주문 취소(order_cancel)
