[2022-04-01 22:30:14] - 회원등급 업그레이드(update_member_grade) - update_member_grade unused
[2022-04-01 22:30:14] - 광고수신동의 메일 발송 대상 수집(send_marketing_agree)
[2022-04-01 22:30:14] - 광고수신동의 메일 발송 일자 수정(update_marketing_agree_date)
[2022-04-01 22:30:14] - 미접속자 휴면처리(dormancy_request)
[2022-04-01 22:30:14] - 회원등급 업그레이드(update_member_grade)
[2022-04-01 22:30:14] - 입점사 등급 자동 갱신(exec_update_provider_group)
[2022-04-01 22:30:14] - 회원정보 다운로드 로그 기록 삭제(log_member_excel_delete)
[2022-04-01 22:30:14] - 만료된 포인트 차감(member_point_deduction)
[2022-04-01 22:30:14] - 만료된 마일리지 차감(member_emoney_deduction)
[2022-04-02 22:30:15] - 광고수신동의 메일 발송 대상 수집(send_marketing_agree)
[2022-04-02 22:30:15] - 광고수신동의 메일 발송 일자 수정(update_marketing_agree_date)
[2022-04-02 22:30:15] - 미접속자 휴면처리(dormancy_request)
[2022-04-02 22:30:15] - 회원등급 업그레이드(update_member_grade)
[2022-04-02 22:30:15] - 입점사 등급 자동 갱신(exec_update_provider_group)
[2022-04-02 22:30:15] - 회원정보 다운로드 로그 기록 삭제(log_member_excel_delete)
[2022-04-02 22:30:15] - 만료된 포인트 차감(member_point_deduction)
[2022-04-02 22:30:15] - 만료된 마일리지 차감(member_emoney_deduction)
[2022-04-03 22:30:14] - 광고수신동의 메일 발송 대상 수집(send_marketing_agree)
[2022-04-03 22:30:14] - 광고수신동의 메일 발송 일자 수정(update_marketing_agree_date)
[2022-04-03 22:30:14] - 미접속자 휴면처리(dormancy_request)
[2022-04-03 22:30:14] - 회원등급 업그레이드(update_member_grade)
[2022-04-03 22:30:14] - 입점사 등급 자동 갱신(exec_update_provider_group)
[2022-04-03 22:30:14] - 회원정보 다운로드 로그 기록 삭제(log_member_excel_delete)
[2022-04-03 22:30:14] - 만료된 포인트 차감(member_point_deduction)
[2022-04-03 22:30:14] - 만료된 마일리지 차감(member_emoney_deduction)
[2022-04-04 22:30:12] - 광고수신동의 메일 발송 대상 수집(send_marketing_agree)
[2022-04-04 22:30:12] - 광고수신동의 메일 발송 일자 수정(update_marketing_agree_date)
[2022-04-04 22:30:12] - 미접속자 휴면처리(dormancy_request)
[2022-04-04 22:30:12] - 회원등급 업그레이드(update_member_grade)
[2022-04-04 22:30:12] - 입점사 등급 자동 갱신(exec_update_provider_group)
[2022-04-04 22:30:12] - 회원정보 다운로드 로그 기록 삭제(log_member_excel_delete)
[2022-04-04 22:30:12] - 만료된 포인트 차감(member_point_deduction)
[2022-04-04 22:30:12] - 만료된 마일리지 차감(member_emoney_deduction)
[2022-04-05 22:30:13] - 광고수신동의 메일 발송 대상 수집(send_marketing_agree)
[2022-04-05 22:30:13] - 광고수신동의 메일 발송 일자 수정(update_marketing_agree_date)
[2022-04-05 22:30:13] - 미접속자 휴면처리(dormancy_request)
[2022-04-05 22:30:13] - 회원등급 업그레이드(update_member_grade)
[2022-04-05 22:30:13] - 입점사 등급 자동 갱신(exec_update_provider_group)
[2022-04-05 22:30:13] - 회원정보 다운로드 로그 기록 삭제(log_member_excel_delete)
[2022-04-05 22:30:13] - 만료된 포인트 차감(member_point_deduction)
[2022-04-05 22:30:13] - 만료된 마일리지 차감(member_emoney_deduction)
[2022-04-06 22:30:15] - 광고수신동의 메일 발송 대상 수집(send_marketing_agree)
[2022-04-06 22:30:15] - 광고수신동의 메일 발송 일자 수정(update_marketing_agree_date)
[2022-04-06 22:30:15] - 미접속자 휴면처리(dormancy_request)
[2022-04-06 22:30:15] - 회원등급 업그레이드(update_member_grade)
[2022-04-06 22:30:15] - 입점사 등급 자동 갱신(exec_update_provider_group)
[2022-04-06 22:30:15] - 회원정보 다운로드 로그 기록 삭제(log_member_excel_delete)
[2022-04-06 22:30:15] - 만료된 포인트 차감(member_point_deduction)
[2022-04-06 22:30:15] - 만료된 마일리지 차감(member_emoney_deduction)
[2022-04-07 22:30:16] - 광고수신동의 메일 발송 대상 수집(send_marketing_agree)
[2022-04-07 22:30:16] - 광고수신동의 메일 발송 일자 수정(update_marketing_agree_date)
[2022-04-07 22:30:16] - 미접속자 휴면처리(dormancy_request)
[2022-04-07 22:30:16] - 회원등급 업그레이드(update_member_grade)
[2022-04-07 22:30:16] - 입점사 등급 자동 갱신(exec_update_provider_group)
[2022-04-07 22:30:16] - 회원정보 다운로드 로그 기록 삭제(log_member_excel_delete)
[2022-04-07 22:30:16] - 만료된 포인트 차감(member_point_deduction)
[2022-04-07 22:30:16] - 만료된 마일리지 차감(member_emoney_deduction)
[2022-04-08 22:30:15] - 광고수신동의 메일 발송 대상 수집(send_marketing_agree)
[2022-04-08 22:30:15] - 광고수신동의 메일 발송 일자 수정(update_marketing_agree_date)
[2022-04-08 22:30:15] - 미접속자 휴면처리(dormancy_request)
[2022-04-08 22:30:15] - 회원등급 업그레이드(update_member_grade)
[2022-04-08 22:30:15] - 입점사 등급 자동 갱신(exec_update_provider_group)
[2022-04-08 22:30:15] - 회원정보 다운로드 로그 기록 삭제(log_member_excel_delete)
[2022-04-08 22:30:15] - 만료된 포인트 차감(member_point_deduction)
[2022-04-08 22:30:15] - 만료된 마일리지 차감(member_emoney_deduction)
[2022-04-09 22:30:15] - 광고수신동의 메일 발송 대상 수집(send_marketing_agree)
[2022-04-09 22:30:15] - 광고수신동의 메일 발송 일자 수정(update_marketing_agree_date)
[2022-04-09 22:30:15] - 미접속자 휴면처리(dormancy_request)
[2022-04-09 22:30:15] - 회원등급 업그레이드(update_member_grade)
[2022-04-09 22:30:15] - 입점사 등급 자동 갱신(exec_update_provider_group)
[2022-04-09 22:30:15] - 회원정보 다운로드 로그 기록 삭제(log_member_excel_delete)
[2022-04-09 22:30:15] - 만료된 포인트 차감(member_point_deduction)
[2022-04-09 22:30:15] - 만료된 마일리지 차감(member_emoney_deduction)
[2022-04-10 22:30:15] - 광고수신동의 메일 발송 대상 수집(send_marketing_agree)
[2022-04-10 22:30:15] - 광고수신동의 메일 발송 일자 수정(update_marketing_agree_date)
[2022-04-10 22:30:15] - 미접속자 휴면처리(dormancy_request)
[2022-04-10 22:30:15] - 회원등급 업그레이드(update_member_grade)
[2022-04-10 22:30:15] - 입점사 등급 자동 갱신(exec_update_provider_group)
[2022-04-10 22:30:15] - 회원정보 다운로드 로그 기록 삭제(log_member_excel_delete)
[2022-04-10 22:30:15] - 만료된 포인트 차감(member_point_deduction)
[2022-04-10 22:30:15] - 만료된 마일리지 차감(member_emoney_deduction)
[2022-04-11 22:30:15] - 광고수신동의 메일 발송 대상 수집(send_marketing_agree)
[2022-04-11 22:30:15] - 광고수신동의 메일 발송 일자 수정(update_marketing_agree_date)
[2022-04-11 22:30:15] - 미접속자 휴면처리(dormancy_request)
[2022-04-11 22:30:15] - 회원등급 업그레이드(update_member_grade)
[2022-04-11 22:30:15] - 입점사 등급 자동 갱신(exec_update_provider_group)
[2022-04-11 22:30:15] - 회원정보 다운로드 로그 기록 삭제(log_member_excel_delete)
[2022-04-11 22:30:15] - 만료된 포인트 차감(member_point_deduction)
[2022-04-11 22:30:15] - 만료된 마일리지 차감(member_emoney_deduction)
[2022-04-12 22:30:15] - 광고수신동의 메일 발송 대상 수집(send_marketing_agree)
[2022-04-12 22:30:15] - 광고수신동의 메일 발송 일자 수정(update_marketing_agree_date)
[2022-04-12 22:30:15] - 미접속자 휴면처리(dormancy_request)
[2022-04-12 22:30:15] - 회원등급 업그레이드(update_member_grade)
[2022-04-12 22:30:15] - 입점사 등급 자동 갱신(exec_update_provider_group)
[2022-04-12 22:30:15] - 회원정보 다운로드 로그 기록 삭제(log_member_excel_delete)
[2022-04-12 22:30:15] - 만료된 포인트 차감(member_point_deduction)
[2022-04-12 22:30:15] - 만료된 마일리지 차감(member_emoney_deduction)
[2022-04-13 22:30:15] - 광고수신동의 메일 발송 대상 수집(send_marketing_agree)
[2022-04-13 22:30:15] - 광고수신동의 메일 발송 일자 수정(update_marketing_agree_date)
[2022-04-13 22:30:15] - 미접속자 휴면처리(dormancy_request)
[2022-04-13 22:30:15] - 회원등급 업그레이드(update_member_grade)
[2022-04-13 22:30:15] - 입점사 등급 자동 갱신(exec_update_provider_group)
[2022-04-13 22:30:15] - 회원정보 다운로드 로그 기록 삭제(log_member_excel_delete)
[2022-04-13 22:30:15] - 만료된 포인트 차감(member_point_deduction)
[2022-04-13 22:30:15] - 만료된 마일리지 차감(member_emoney_deduction)
[2022-04-14 22:30:15] - 광고수신동의 메일 발송 대상 수집(send_marketing_agree)
[2022-04-14 22:30:15] - 광고수신동의 메일 발송 일자 수정(update_marketing_agree_date)
[2022-04-14 22:30:15] - 미접속자 휴면처리(dormancy_request)
[2022-04-14 22:30:15] - 회원등급 업그레이드(update_member_grade)
[2022-04-14 22:30:15] - 입점사 등급 자동 갱신(exec_update_provider_group)
[2022-04-14 22:30:15] - 회원정보 다운로드 로그 기록 삭제(log_member_excel_delete)
[2022-04-14 22:30:15] - 만료된 포인트 차감(member_point_deduction)
[2022-04-14 22:30:15] - 만료된 마일리지 차감(member_emoney_deduction)
[2022-04-15 22:30:14] - 회원등급 업그레이드(update_member_grade) - update_member_grade unused
[2022-04-15 22:30:14] - 광고수신동의 메일 발송 대상 수집(send_marketing_agree)
[2022-04-15 22:30:14] - 광고수신동의 메일 발송 일자 수정(update_marketing_agree_date)
[2022-04-15 22:30:14] - 미접속자 휴면처리(dormancy_request)
[2022-04-15 22:30:14] - 회원등급 업그레이드(update_member_grade)
[2022-04-15 22:30:14] - 입점사 등급 자동 갱신(exec_update_provider_group)
[2022-04-15 22:30:14] - 회원정보 다운로드 로그 기록 삭제(log_member_excel_delete)
[2022-04-15 22:30:14] - 만료된 포인트 차감(member_point_deduction)
[2022-04-15 22:30:14] - 만료된 마일리지 차감(member_emoney_deduction)
[2022-04-16 22:30:10] - 광고수신동의 메일 발송 대상 수집(send_marketing_agree)
[2022-04-16 22:30:10] - 광고수신동의 메일 발송 일자 수정(update_marketing_agree_date)
[2022-04-16 22:30:10] - 미접속자 휴면처리(dormancy_request)
[2022-04-16 22:30:10] - 회원등급 업그레이드(update_member_grade)
[2022-04-16 22:30:10] - 입점사 등급 자동 갱신(exec_update_provider_group)
[2022-04-16 22:30:10] - 회원정보 다운로드 로그 기록 삭제(log_member_excel_delete)
[2022-04-16 22:30:10] - 만료된 포인트 차감(member_point_deduction)
[2022-04-16 22:30:10] - 만료된 마일리지 차감(member_emoney_deduction)
[2022-04-17 22:30:15] - 광고수신동의 메일 발송 대상 수집(send_marketing_agree)
[2022-04-17 22:30:15] - 광고수신동의 메일 발송 일자 수정(update_marketing_agree_date)
[2022-04-17 22:30:15] - 미접속자 휴면처리(dormancy_request)
[2022-04-17 22:30:15] - 회원등급 업그레이드(update_member_grade)
[2022-04-17 22:30:15] - 입점사 등급 자동 갱신(exec_update_provider_group)
[2022-04-17 22:30:15] - 회원정보 다운로드 로그 기록 삭제(log_member_excel_delete)
[2022-04-17 22:30:15] - 만료된 포인트 차감(member_point_deduction)
[2022-04-17 22:30:15] - 만료된 마일리지 차감(member_emoney_deduction)
[2022-04-18 22:30:14] - 광고수신동의 메일 발송 대상 수집(send_marketing_agree)
[2022-04-18 22:30:14] - 광고수신동의 메일 발송 일자 수정(update_marketing_agree_date)
[2022-04-18 22:30:14] - 미접속자 휴면처리(dormancy_request)
[2022-04-18 22:30:14] - 회원등급 업그레이드(update_member_grade)
[2022-04-18 22:30:14] - 입점사 등급 자동 갱신(exec_update_provider_group)
[2022-04-18 22:30:14] - 회원정보 다운로드 로그 기록 삭제(log_member_excel_delete)
[2022-04-18 22:30:14] - 만료된 포인트 차감(member_point_deduction)
[2022-04-18 22:30:14] - 만료된 마일리지 차감(member_emoney_deduction)
[2022-04-19 22:30:13] - 광고수신동의 메일 발송 대상 수집(send_marketing_agree)
[2022-04-19 22:30:13] - 광고수신동의 메일 발송 일자 수정(update_marketing_agree_date)
[2022-04-19 22:30:13] - 미접속자 휴면처리(dormancy_request)
[2022-04-19 22:30:13] - 회원등급 업그레이드(update_member_grade)
[2022-04-19 22:30:13] - 입점사 등급 자동 갱신(exec_update_provider_group)
[2022-04-19 22:30:13] - 회원정보 다운로드 로그 기록 삭제(log_member_excel_delete)
[2022-04-19 22:30:13] - 만료된 포인트 차감(member_point_deduction)
[2022-04-19 22:30:13] - 만료된 마일리지 차감(member_emoney_deduction)
[2022-04-20 22:30:10] - 광고수신동의 메일 발송 대상 수집(send_marketing_agree)
[2022-04-20 22:30:10] - 광고수신동의 메일 발송 일자 수정(update_marketing_agree_date)
[2022-04-20 22:30:10] - 미접속자 휴면처리(dormancy_request)
[2022-04-20 22:30:10] - 회원등급 업그레이드(update_member_grade)
[2022-04-20 22:30:10] - 입점사 등급 자동 갱신(exec_update_provider_group)
[2022-04-20 22:30:10] - 회원정보 다운로드 로그 기록 삭제(log_member_excel_delete)
[2022-04-20 22:30:10] - 만료된 포인트 차감(member_point_deduction)
[2022-04-20 22:30:10] - 만료된 마일리지 차감(member_emoney_deduction)
[2022-04-21 22:30:13] - 광고수신동의 메일 발송 대상 수집(send_marketing_agree)
[2022-04-21 22:30:13] - 광고수신동의 메일 발송 일자 수정(update_marketing_agree_date)
[2022-04-21 22:30:13] - 미접속자 휴면처리(dormancy_request)
[2022-04-21 22:30:13] - 회원등급 업그레이드(update_member_grade)
[2022-04-21 22:30:13] - 입점사 등급 자동 갱신(exec_update_provider_group)
[2022-04-21 22:30:13] - 회원정보 다운로드 로그 기록 삭제(log_member_excel_delete)
[2022-04-21 22:30:13] - 만료된 포인트 차감(member_point_deduction)
[2022-04-21 22:30:13] - 만료된 마일리지 차감(member_emoney_deduction)
[2022-04-22 22:30:15] - 광고수신동의 메일 발송 대상 수집(send_marketing_agree)
[2022-04-22 22:30:15] - 광고수신동의 메일 발송 일자 수정(update_marketing_agree_date)
[2022-04-22 22:30:15] - 미접속자 휴면처리(dormancy_request)
[2022-04-22 22:30:15] - 회원등급 업그레이드(update_member_grade)
[2022-04-22 22:30:15] - 입점사 등급 자동 갱신(exec_update_provider_group)
[2022-04-22 22:30:15] - 회원정보 다운로드 로그 기록 삭제(log_member_excel_delete)
[2022-04-22 22:30:15] - 만료된 포인트 차감(member_point_deduction)
[2022-04-22 22:30:15] - 만료된 마일리지 차감(member_emoney_deduction)
[2022-04-23 22:30:11] - 광고수신동의 메일 발송 대상 수집(send_marketing_agree)
[2022-04-23 22:30:11] - 광고수신동의 메일 발송 일자 수정(update_marketing_agree_date)
[2022-04-23 22:30:11] - 미접속자 휴면처리(dormancy_request)
[2022-04-23 22:30:11] - 회원등급 업그레이드(update_member_grade)
[2022-04-23 22:30:11] - 입점사 등급 자동 갱신(exec_update_provider_group)
[2022-04-23 22:30:11] - 회원정보 다운로드 로그 기록 삭제(log_member_excel_delete)
[2022-04-23 22:30:11] - 만료된 포인트 차감(member_point_deduction)
[2022-04-23 22:30:11] - 만료된 마일리지 차감(member_emoney_deduction)
[2022-04-24 22:30:15] - 광고수신동의 메일 발송 대상 수집(send_marketing_agree)
[2022-04-24 22:30:15] - 광고수신동의 메일 발송 일자 수정(update_marketing_agree_date)
[2022-04-24 22:30:15] - 미접속자 휴면처리(dormancy_request)
[2022-04-24 22:30:15] - 회원등급 업그레이드(update_member_grade)
[2022-04-24 22:30:15] - 입점사 등급 자동 갱신(exec_update_provider_group)
[2022-04-24 22:30:15] - 회원정보 다운로드 로그 기록 삭제(log_member_excel_delete)
[2022-04-24 22:30:15] - 만료된 포인트 차감(member_point_deduction)
[2022-04-24 22:30:15] - 만료된 마일리지 차감(member_emoney_deduction)
[2022-04-25 22:30:10] - 광고수신동의 메일 발송 대상 수집(send_marketing_agree)
[2022-04-25 22:30:10] - 광고수신동의 메일 발송 일자 수정(update_marketing_agree_date)
[2022-04-25 22:30:10] - 미접속자 휴면처리(dormancy_request)
[2022-04-25 22:30:10] - 회원등급 업그레이드(update_member_grade)
[2022-04-25 22:30:10] - 입점사 등급 자동 갱신(exec_update_provider_group)
[2022-04-25 22:30:10] - 회원정보 다운로드 로그 기록 삭제(log_member_excel_delete)
[2022-04-25 22:30:10] - 만료된 포인트 차감(member_point_deduction)
[2022-04-25 22:30:10] - 만료된 마일리지 차감(member_emoney_deduction)
[2022-04-26 22:30:15] - 광고수신동의 메일 발송 대상 수집(send_marketing_agree)
[2022-04-26 22:30:15] - 광고수신동의 메일 발송 일자 수정(update_marketing_agree_date)
[2022-04-26 22:30:15] - 미접속자 휴면처리(dormancy_request)
[2022-04-26 22:30:15] - 회원등급 업그레이드(update_member_grade)
[2022-04-26 22:30:15] - 입점사 등급 자동 갱신(exec_update_provider_group)
[2022-04-26 22:30:15] - 회원정보 다운로드 로그 기록 삭제(log_member_excel_delete)
[2022-04-26 22:30:15] - 만료된 포인트 차감(member_point_deduction)
[2022-04-26 22:30:15] - 만료된 마일리지 차감(member_emoney_deduction)
[2022-04-27 22:30:12] - 광고수신동의 메일 발송 대상 수집(send_marketing_agree)
[2022-04-27 22:30:12] - 광고수신동의 메일 발송 일자 수정(update_marketing_agree_date)
[2022-04-27 22:30:12] - 미접속자 휴면처리(dormancy_request)
[2022-04-27 22:30:12] - 회원등급 업그레이드(update_member_grade)
[2022-04-27 22:30:12] - 입점사 등급 자동 갱신(exec_update_provider_group)
[2022-04-27 22:30:12] - 회원정보 다운로드 로그 기록 삭제(log_member_excel_delete)
[2022-04-27 22:30:12] - 만료된 포인트 차감(member_point_deduction)
[2022-04-27 22:30:12] - 만료된 마일리지 차감(member_emoney_deduction)
[2022-04-28 22:30:10] - 광고수신동의 메일 발송 대상 수집(send_marketing_agree)
[2022-04-28 22:30:10] - 광고수신동의 메일 발송 일자 수정(update_marketing_agree_date)
[2022-04-28 22:30:10] - 미접속자 휴면처리(dormancy_request)
[2022-04-28 22:30:10] - 회원등급 업그레이드(update_member_grade)
[2022-04-28 22:30:10] - 입점사 등급 자동 갱신(exec_update_provider_group)
[2022-04-28 22:30:10] - 회원정보 다운로드 로그 기록 삭제(log_member_excel_delete)
[2022-04-28 22:30:10] - 만료된 포인트 차감(member_point_deduction)
[2022-04-28 22:30:10] - 만료된 마일리지 차감(member_emoney_deduction)
[2022-04-29 22:30:14] - 광고수신동의 메일 발송 대상 수집(send_marketing_agree)
[2022-04-29 22:30:14] - 광고수신동의 메일 발송 일자 수정(update_marketing_agree_date)
[2022-04-29 22:30:14] - 미접속자 휴면처리(dormancy_request)
[2022-04-29 22:30:14] - 회원등급 업그레이드(update_member_grade)
[2022-04-29 22:30:14] - 입점사 등급 자동 갱신(exec_update_provider_group)
[2022-04-29 22:30:14] - 회원정보 다운로드 로그 기록 삭제(log_member_excel_delete)
[2022-04-29 22:30:14] - 만료된 포인트 차감(member_point_deduction)
[2022-04-29 22:30:14] - 만료된 마일리지 차감(member_emoney_deduction)
[2022-04-30 22:30:09] - 광고수신동의 메일 발송 대상 수집(send_marketing_agree)
[2022-04-30 22:30:09] - 광고수신동의 메일 발송 일자 수정(update_marketing_agree_date)
[2022-04-30 22:30:09] - 미접속자 휴면처리(dormancy_request)
[2022-04-30 22:30:09] - 회원등급 업그레이드(update_member_grade)
[2022-04-30 22:30:09] - 입점사 등급 자동 갱신(exec_update_provider_group)
[2022-04-30 22:30:09] - 회원정보 다운로드 로그 기록 삭제(log_member_excel_delete)
[2022-04-30 22:30:09] - 만료된 포인트 차감(member_point_deduction)
[2022-04-30 22:30:09] - 만료된 마일리지 차감(member_emoney_deduction)
