[2022-03-10 22:30:10] - 지역 상품 정렬 맞춤(sort_location_goods)
[2022-03-10 22:30:10] - 브랜드 상품 정렬 맞춤(sort_brand_goods)
[2022-03-10 22:30:10] - 카테고리 상품 정렬 맞춤(sort_category_goods)
[2022-03-10 22:30:10] - 브랜드 연결 수 저장(all_brand_count)
[2022-03-10 22:30:10] - 카테고리 연결 수 저장(all_category_count)
[2022-03-10 22:30:10] - 빠른상품등록 임시 데이터 삭제(truncate_tmp_goods_data)
[2022-03-10 22:30:10] - 수불부 월별 집계(save_scm_ledger_month)
[2022-03-10 22:30:10] - 자동노출 종료상품 수동 전환(endOfAutoDisplay)
[2022-03-10 22:30:10] - 시간대별 이벤트가 추가(set_goods_event_price)
[2022-03-10 22:30:10] - 옵션 임시 데이터 삭제(delete_tmp_option_data)
[2022-03-10 22:30:10] - 티켓상품의 모든옵션의 유효기간이 만기시 판매중지(social_goods_validate)
[2022-03-11 22:30:10] - 카테고리 상품 정렬 맞춤(sort_category_goods) - Already Category Sort
[2022-03-11 22:30:10] - 브랜드 상품 정렬 맞춤(sort_brand_goods) - Already Brand Sort
[2022-03-11 22:30:10] - 지역 상품 정렬 맞춤(sort_location_goods) - Already Location Sort
[2022-03-11 22:30:10] - 지역 상품 정렬 맞춤(sort_location_goods)
[2022-03-11 22:30:10] - 브랜드 상품 정렬 맞춤(sort_brand_goods)
[2022-03-11 22:30:10] - 카테고리 상품 정렬 맞춤(sort_category_goods)
[2022-03-11 22:30:10] - 브랜드 연결 수 저장(all_brand_count)
[2022-03-11 22:30:10] - 카테고리 연결 수 저장(all_category_count)
[2022-03-11 22:30:10] - 빠른상품등록 임시 데이터 삭제(truncate_tmp_goods_data)
[2022-03-11 22:30:10] - 수불부 월별 집계(save_scm_ledger_month)
[2022-03-11 22:30:10] - 자동노출 종료상품 수동 전환(endOfAutoDisplay)
[2022-03-11 22:30:10] - 시간대별 이벤트가 추가(set_goods_event_price)
[2022-03-11 22:30:10] - 옵션 임시 데이터 삭제(delete_tmp_option_data)
[2022-03-11 22:30:10] - 티켓상품의 모든옵션의 유효기간이 만기시 판매중지(social_goods_validate)
[2022-03-12 22:30:13] - 카테고리 상품 정렬 맞춤(sort_category_goods) - Already Category Sort
[2022-03-12 22:30:13] - 브랜드 상품 정렬 맞춤(sort_brand_goods) - Already Brand Sort
[2022-03-12 22:30:13] - 지역 상품 정렬 맞춤(sort_location_goods) - Already Location Sort
[2022-03-12 22:30:13] - 지역 상품 정렬 맞춤(sort_location_goods)
[2022-03-12 22:30:13] - 브랜드 상품 정렬 맞춤(sort_brand_goods)
[2022-03-12 22:30:13] - 카테고리 상품 정렬 맞춤(sort_category_goods)
[2022-03-12 22:30:13] - 브랜드 연결 수 저장(all_brand_count)
[2022-03-12 22:30:13] - 카테고리 연결 수 저장(all_category_count)
[2022-03-12 22:30:13] - 빠른상품등록 임시 데이터 삭제(truncate_tmp_goods_data)
[2022-03-12 22:30:13] - 수불부 월별 집계(save_scm_ledger_month)
[2022-03-12 22:30:13] - 자동노출 종료상품 수동 전환(endOfAutoDisplay)
[2022-03-12 22:30:13] - 시간대별 이벤트가 추가(set_goods_event_price)
[2022-03-12 22:30:13] - 옵션 임시 데이터 삭제(delete_tmp_option_data)
[2022-03-12 22:30:13] - 티켓상품의 모든옵션의 유효기간이 만기시 판매중지(social_goods_validate)
[2022-03-13 22:30:13] - 카테고리 상품 정렬 맞춤(sort_category_goods) - Already Category Sort
[2022-03-13 22:30:13] - 브랜드 상품 정렬 맞춤(sort_brand_goods) - Already Brand Sort
[2022-03-13 22:30:13] - 지역 상품 정렬 맞춤(sort_location_goods) - Already Location Sort
[2022-03-13 22:30:13] - 지역 상품 정렬 맞춤(sort_location_goods)
[2022-03-13 22:30:13] - 브랜드 상품 정렬 맞춤(sort_brand_goods)
[2022-03-13 22:30:13] - 카테고리 상품 정렬 맞춤(sort_category_goods)
[2022-03-13 22:30:13] - 브랜드 연결 수 저장(all_brand_count)
[2022-03-13 22:30:13] - 카테고리 연결 수 저장(all_category_count)
[2022-03-13 22:30:13] - 빠른상품등록 임시 데이터 삭제(truncate_tmp_goods_data)
[2022-03-13 22:30:13] - 수불부 월별 집계(save_scm_ledger_month)
[2022-03-13 22:30:13] - 자동노출 종료상품 수동 전환(endOfAutoDisplay)
[2022-03-13 22:30:13] - 시간대별 이벤트가 추가(set_goods_event_price)
[2022-03-13 22:30:13] - 옵션 임시 데이터 삭제(delete_tmp_option_data)
[2022-03-13 22:30:13] - 티켓상품의 모든옵션의 유효기간이 만기시 판매중지(social_goods_validate)
[2022-03-14 22:30:08] - 카테고리 상품 정렬 맞춤(sort_category_goods) - Already Category Sort
[2022-03-14 22:30:08] - 브랜드 상품 정렬 맞춤(sort_brand_goods) - Already Brand Sort
[2022-03-14 22:30:08] - 지역 상품 정렬 맞춤(sort_location_goods) - Already Location Sort
[2022-03-14 22:30:08] - 지역 상품 정렬 맞춤(sort_location_goods)
[2022-03-14 22:30:08] - 브랜드 상품 정렬 맞춤(sort_brand_goods)
[2022-03-14 22:30:08] - 카테고리 상품 정렬 맞춤(sort_category_goods)
[2022-03-14 22:30:08] - 브랜드 연결 수 저장(all_brand_count)
[2022-03-14 22:30:08] - 카테고리 연결 수 저장(all_category_count)
[2022-03-14 22:30:08] - 빠른상품등록 임시 데이터 삭제(truncate_tmp_goods_data)
[2022-03-14 22:30:08] - 수불부 월별 집계(save_scm_ledger_month)
[2022-03-14 22:30:08] - 자동노출 종료상품 수동 전환(endOfAutoDisplay)
[2022-03-14 22:30:08] - 시간대별 이벤트가 추가(set_goods_event_price)
[2022-03-14 22:30:08] - 옵션 임시 데이터 삭제(delete_tmp_option_data)
[2022-03-14 22:30:08] - 티켓상품의 모든옵션의 유효기간이 만기시 판매중지(social_goods_validate)
[2022-03-15 22:30:14] - 카테고리 상품 정렬 맞춤(sort_category_goods) - Already Category Sort
[2022-03-15 22:30:14] - 브랜드 상품 정렬 맞춤(sort_brand_goods) - Already Brand Sort
[2022-03-15 22:30:14] - 지역 상품 정렬 맞춤(sort_location_goods) - Already Location Sort
[2022-03-15 22:30:14] - 지역 상품 정렬 맞춤(sort_location_goods)
[2022-03-15 22:30:14] - 브랜드 상품 정렬 맞춤(sort_brand_goods)
[2022-03-15 22:30:14] - 카테고리 상품 정렬 맞춤(sort_category_goods)
[2022-03-15 22:30:14] - 브랜드 연결 수 저장(all_brand_count)
[2022-03-15 22:30:14] - 카테고리 연결 수 저장(all_category_count)
[2022-03-15 22:30:14] - 빠른상품등록 임시 데이터 삭제(truncate_tmp_goods_data)
[2022-03-15 22:30:14] - 수불부 월별 집계(save_scm_ledger_month)
[2022-03-15 22:30:14] - 자동노출 종료상품 수동 전환(endOfAutoDisplay)
[2022-03-15 22:30:14] - 시간대별 이벤트가 추가(set_goods_event_price)
[2022-03-15 22:30:14] - 옵션 임시 데이터 삭제(delete_tmp_option_data)
[2022-03-15 22:30:14] - 티켓상품의 모든옵션의 유효기간이 만기시 판매중지(social_goods_validate)
[2022-03-16 22:30:09] - 카테고리 상품 정렬 맞춤(sort_category_goods) - Already Category Sort
[2022-03-16 22:30:09] - 브랜드 상품 정렬 맞춤(sort_brand_goods) - Already Brand Sort
[2022-03-16 22:30:09] - 지역 상품 정렬 맞춤(sort_location_goods) - Already Location Sort
[2022-03-16 22:30:09] - 지역 상품 정렬 맞춤(sort_location_goods)
[2022-03-16 22:30:09] - 브랜드 상품 정렬 맞춤(sort_brand_goods)
[2022-03-16 22:30:09] - 카테고리 상품 정렬 맞춤(sort_category_goods)
[2022-03-16 22:30:09] - 브랜드 연결 수 저장(all_brand_count)
[2022-03-16 22:30:09] - 카테고리 연결 수 저장(all_category_count)
[2022-03-16 22:30:09] - 빠른상품등록 임시 데이터 삭제(truncate_tmp_goods_data)
[2022-03-16 22:30:09] - 수불부 월별 집계(save_scm_ledger_month)
[2022-03-16 22:30:09] - 자동노출 종료상품 수동 전환(endOfAutoDisplay)
[2022-03-16 22:30:09] - 시간대별 이벤트가 추가(set_goods_event_price)
[2022-03-16 22:30:09] - 옵션 임시 데이터 삭제(delete_tmp_option_data)
[2022-03-16 22:30:09] - 티켓상품의 모든옵션의 유효기간이 만기시 판매중지(social_goods_validate)
[2022-03-17 22:30:14] - 카테고리 상품 정렬 맞춤(sort_category_goods) - Already Category Sort
[2022-03-17 22:30:14] - 브랜드 상품 정렬 맞춤(sort_brand_goods) - Already Brand Sort
[2022-03-17 22:30:14] - 지역 상품 정렬 맞춤(sort_location_goods) - Already Location Sort
[2022-03-17 22:30:14] - 지역 상품 정렬 맞춤(sort_location_goods)
[2022-03-17 22:30:14] - 브랜드 상품 정렬 맞춤(sort_brand_goods)
[2022-03-17 22:30:14] - 카테고리 상품 정렬 맞춤(sort_category_goods)
[2022-03-17 22:30:14] - 브랜드 연결 수 저장(all_brand_count)
[2022-03-17 22:30:14] - 카테고리 연결 수 저장(all_category_count)
[2022-03-17 22:30:14] - 빠른상품등록 임시 데이터 삭제(truncate_tmp_goods_data)
[2022-03-17 22:30:14] - 수불부 월별 집계(save_scm_ledger_month)
[2022-03-17 22:30:14] - 자동노출 종료상품 수동 전환(endOfAutoDisplay)
[2022-03-17 22:30:14] - 시간대별 이벤트가 추가(set_goods_event_price)
[2022-03-17 22:30:14] - 옵션 임시 데이터 삭제(delete_tmp_option_data)
[2022-03-17 22:30:14] - 티켓상품의 모든옵션의 유효기간이 만기시 판매중지(social_goods_validate)
[2022-03-18 22:30:14] - 카테고리 상품 정렬 맞춤(sort_category_goods) - Already Category Sort
[2022-03-18 22:30:14] - 브랜드 상품 정렬 맞춤(sort_brand_goods) - Already Brand Sort
[2022-03-18 22:30:14] - 지역 상품 정렬 맞춤(sort_location_goods) - Already Location Sort
[2022-03-18 22:30:14] - 지역 상품 정렬 맞춤(sort_location_goods)
[2022-03-18 22:30:14] - 브랜드 상품 정렬 맞춤(sort_brand_goods)
[2022-03-18 22:30:14] - 카테고리 상품 정렬 맞춤(sort_category_goods)
[2022-03-18 22:30:14] - 브랜드 연결 수 저장(all_brand_count)
[2022-03-18 22:30:14] - 카테고리 연결 수 저장(all_category_count)
[2022-03-18 22:30:14] - 빠른상품등록 임시 데이터 삭제(truncate_tmp_goods_data)
[2022-03-18 22:30:14] - 수불부 월별 집계(save_scm_ledger_month)
[2022-03-18 22:30:14] - 자동노출 종료상품 수동 전환(endOfAutoDisplay)
[2022-03-18 22:30:14] - 시간대별 이벤트가 추가(set_goods_event_price)
[2022-03-18 22:30:14] - 옵션 임시 데이터 삭제(delete_tmp_option_data)
[2022-03-18 22:30:14] - 티켓상품의 모든옵션의 유효기간이 만기시 판매중지(social_goods_validate)
[2022-03-19 22:30:14] - 카테고리 상품 정렬 맞춤(sort_category_goods) - Already Category Sort
[2022-03-19 22:30:14] - 브랜드 상품 정렬 맞춤(sort_brand_goods) - Already Brand Sort
[2022-03-19 22:30:14] - 지역 상품 정렬 맞춤(sort_location_goods) - Already Location Sort
[2022-03-19 22:30:14] - 지역 상품 정렬 맞춤(sort_location_goods)
[2022-03-19 22:30:14] - 브랜드 상품 정렬 맞춤(sort_brand_goods)
[2022-03-19 22:30:14] - 카테고리 상품 정렬 맞춤(sort_category_goods)
[2022-03-19 22:30:14] - 브랜드 연결 수 저장(all_brand_count)
[2022-03-19 22:30:14] - 카테고리 연결 수 저장(all_category_count)
[2022-03-19 22:30:14] - 빠른상품등록 임시 데이터 삭제(truncate_tmp_goods_data)
[2022-03-19 22:30:14] - 수불부 월별 집계(save_scm_ledger_month)
[2022-03-19 22:30:14] - 자동노출 종료상품 수동 전환(endOfAutoDisplay)
[2022-03-19 22:30:14] - 시간대별 이벤트가 추가(set_goods_event_price)
[2022-03-19 22:30:14] - 옵션 임시 데이터 삭제(delete_tmp_option_data)
[2022-03-19 22:30:14] - 티켓상품의 모든옵션의 유효기간이 만기시 판매중지(social_goods_validate)
[2022-03-20 22:30:08] - 카테고리 상품 정렬 맞춤(sort_category_goods) - Already Category Sort
[2022-03-20 22:30:08] - 브랜드 상품 정렬 맞춤(sort_brand_goods) - Already Brand Sort
[2022-03-20 22:30:08] - 지역 상품 정렬 맞춤(sort_location_goods) - Already Location Sort
[2022-03-20 22:30:08] - 지역 상품 정렬 맞춤(sort_location_goods)
[2022-03-20 22:30:08] - 브랜드 상품 정렬 맞춤(sort_brand_goods)
[2022-03-20 22:30:08] - 카테고리 상품 정렬 맞춤(sort_category_goods)
[2022-03-20 22:30:08] - 브랜드 연결 수 저장(all_brand_count)
[2022-03-20 22:30:08] - 카테고리 연결 수 저장(all_category_count)
[2022-03-20 22:30:08] - 빠른상품등록 임시 데이터 삭제(truncate_tmp_goods_data)
[2022-03-20 22:30:08] - 수불부 월별 집계(save_scm_ledger_month)
[2022-03-20 22:30:08] - 자동노출 종료상품 수동 전환(endOfAutoDisplay)
[2022-03-20 22:30:08] - 시간대별 이벤트가 추가(set_goods_event_price)
[2022-03-20 22:30:08] - 옵션 임시 데이터 삭제(delete_tmp_option_data)
[2022-03-20 22:30:08] - 티켓상품의 모든옵션의 유효기간이 만기시 판매중지(social_goods_validate)
[2022-03-21 22:30:13] - 카테고리 상품 정렬 맞춤(sort_category_goods) - Already Category Sort
[2022-03-21 22:30:13] - 브랜드 상품 정렬 맞춤(sort_brand_goods) - Already Brand Sort
[2022-03-21 22:30:13] - 지역 상품 정렬 맞춤(sort_location_goods) - Already Location Sort
[2022-03-21 22:30:13] - 지역 상품 정렬 맞춤(sort_location_goods)
[2022-03-21 22:30:13] - 브랜드 상품 정렬 맞춤(sort_brand_goods)
[2022-03-21 22:30:13] - 카테고리 상품 정렬 맞춤(sort_category_goods)
[2022-03-21 22:30:13] - 브랜드 연결 수 저장(all_brand_count)
[2022-03-21 22:30:13] - 카테고리 연결 수 저장(all_category_count)
[2022-03-21 22:30:13] - 빠른상품등록 임시 데이터 삭제(truncate_tmp_goods_data)
[2022-03-21 22:30:13] - 수불부 월별 집계(save_scm_ledger_month)
[2022-03-21 22:30:13] - 자동노출 종료상품 수동 전환(endOfAutoDisplay)
[2022-03-21 22:30:13] - 시간대별 이벤트가 추가(set_goods_event_price)
[2022-03-21 22:30:13] - 옵션 임시 데이터 삭제(delete_tmp_option_data)
[2022-03-21 22:30:13] - 티켓상품의 모든옵션의 유효기간이 만기시 판매중지(social_goods_validate)
[2022-03-22 22:30:10] - 카테고리 상품 정렬 맞춤(sort_category_goods) - Already Category Sort
[2022-03-22 22:30:10] - 브랜드 상품 정렬 맞춤(sort_brand_goods) - Already Brand Sort
[2022-03-22 22:30:10] - 지역 상품 정렬 맞춤(sort_location_goods) - Already Location Sort
[2022-03-22 22:30:10] - 지역 상품 정렬 맞춤(sort_location_goods)
[2022-03-22 22:30:10] - 브랜드 상품 정렬 맞춤(sort_brand_goods)
[2022-03-22 22:30:10] - 카테고리 상품 정렬 맞춤(sort_category_goods)
[2022-03-22 22:30:10] - 브랜드 연결 수 저장(all_brand_count)
[2022-03-22 22:30:10] - 카테고리 연결 수 저장(all_category_count)
[2022-03-22 22:30:10] - 빠른상품등록 임시 데이터 삭제(truncate_tmp_goods_data)
[2022-03-22 22:30:10] - 수불부 월별 집계(save_scm_ledger_month)
[2022-03-22 22:30:10] - 자동노출 종료상품 수동 전환(endOfAutoDisplay)
[2022-03-22 22:30:10] - 시간대별 이벤트가 추가(set_goods_event_price)
[2022-03-22 22:30:10] - 옵션 임시 데이터 삭제(delete_tmp_option_data)
[2022-03-22 22:30:10] - 티켓상품의 모든옵션의 유효기간이 만기시 판매중지(social_goods_validate)
[2022-03-23 22:30:14] - 카테고리 상품 정렬 맞춤(sort_category_goods) - Already Category Sort
[2022-03-23 22:30:14] - 브랜드 상품 정렬 맞춤(sort_brand_goods) - Already Brand Sort
[2022-03-23 22:30:14] - 지역 상품 정렬 맞춤(sort_location_goods) - Already Location Sort
[2022-03-23 22:30:14] - 지역 상품 정렬 맞춤(sort_location_goods)
[2022-03-23 22:30:14] - 브랜드 상품 정렬 맞춤(sort_brand_goods)
[2022-03-23 22:30:14] - 카테고리 상품 정렬 맞춤(sort_category_goods)
[2022-03-23 22:30:14] - 브랜드 연결 수 저장(all_brand_count)
[2022-03-23 22:30:14] - 카테고리 연결 수 저장(all_category_count)
[2022-03-23 22:30:14] - 빠른상품등록 임시 데이터 삭제(truncate_tmp_goods_data)
[2022-03-23 22:30:14] - 수불부 월별 집계(save_scm_ledger_month)
[2022-03-23 22:30:14] - 자동노출 종료상품 수동 전환(endOfAutoDisplay)
[2022-03-23 22:30:14] - 시간대별 이벤트가 추가(set_goods_event_price)
[2022-03-23 22:30:14] - 옵션 임시 데이터 삭제(delete_tmp_option_data)
[2022-03-23 22:30:14] - 티켓상품의 모든옵션의 유효기간이 만기시 판매중지(social_goods_validate)
[2022-03-24 22:30:10] - 카테고리 상품 정렬 맞춤(sort_category_goods) - Already Category Sort
[2022-03-24 22:30:10] - 브랜드 상품 정렬 맞춤(sort_brand_goods) - Already Brand Sort
[2022-03-24 22:30:10] - 지역 상품 정렬 맞춤(sort_location_goods) - Already Location Sort
[2022-03-24 22:30:10] - 지역 상품 정렬 맞춤(sort_location_goods)
[2022-03-24 22:30:10] - 브랜드 상품 정렬 맞춤(sort_brand_goods)
[2022-03-24 22:30:10] - 카테고리 상품 정렬 맞춤(sort_category_goods)
[2022-03-24 22:30:10] - 브랜드 연결 수 저장(all_brand_count)
[2022-03-24 22:30:10] - 카테고리 연결 수 저장(all_category_count)
[2022-03-24 22:30:10] - 빠른상품등록 임시 데이터 삭제(truncate_tmp_goods_data)
[2022-03-24 22:30:10] - 수불부 월별 집계(save_scm_ledger_month)
[2022-03-24 22:30:10] - 자동노출 종료상품 수동 전환(endOfAutoDisplay)
[2022-03-24 22:30:10] - 시간대별 이벤트가 추가(set_goods_event_price)
[2022-03-24 22:30:10] - 옵션 임시 데이터 삭제(delete_tmp_option_data)
[2022-03-24 22:30:10] - 티켓상품의 모든옵션의 유효기간이 만기시 판매중지(social_goods_validate)
[2022-03-25 22:30:14] - 카테고리 상품 정렬 맞춤(sort_category_goods) - Already Category Sort
[2022-03-25 22:30:14] - 브랜드 상품 정렬 맞춤(sort_brand_goods) - Already Brand Sort
[2022-03-25 22:30:14] - 지역 상품 정렬 맞춤(sort_location_goods) - Already Location Sort
[2022-03-25 22:30:14] - 지역 상품 정렬 맞춤(sort_location_goods)
[2022-03-25 22:30:14] - 브랜드 상품 정렬 맞춤(sort_brand_goods)
[2022-03-25 22:30:14] - 카테고리 상품 정렬 맞춤(sort_category_goods)
[2022-03-25 22:30:14] - 브랜드 연결 수 저장(all_brand_count)
[2022-03-25 22:30:14] - 카테고리 연결 수 저장(all_category_count)
[2022-03-25 22:30:14] - 빠른상품등록 임시 데이터 삭제(truncate_tmp_goods_data)
[2022-03-25 22:30:14] - 수불부 월별 집계(save_scm_ledger_month)
[2022-03-25 22:30:14] - 자동노출 종료상품 수동 전환(endOfAutoDisplay)
[2022-03-25 22:30:14] - 시간대별 이벤트가 추가(set_goods_event_price)
[2022-03-25 22:30:14] - 옵션 임시 데이터 삭제(delete_tmp_option_data)
[2022-03-25 22:30:14] - 티켓상품의 모든옵션의 유효기간이 만기시 판매중지(social_goods_validate)
[2022-03-26 22:30:15] - 카테고리 상품 정렬 맞춤(sort_category_goods) - Already Category Sort
[2022-03-26 22:30:15] - 브랜드 상품 정렬 맞춤(sort_brand_goods) - Already Brand Sort
[2022-03-26 22:30:15] - 지역 상품 정렬 맞춤(sort_location_goods) - Already Location Sort
[2022-03-26 22:30:15] - 지역 상품 정렬 맞춤(sort_location_goods)
[2022-03-26 22:30:15] - 브랜드 상품 정렬 맞춤(sort_brand_goods)
[2022-03-26 22:30:15] - 카테고리 상품 정렬 맞춤(sort_category_goods)
[2022-03-26 22:30:15] - 브랜드 연결 수 저장(all_brand_count)
[2022-03-26 22:30:15] - 카테고리 연결 수 저장(all_category_count)
[2022-03-26 22:30:15] - 빠른상품등록 임시 데이터 삭제(truncate_tmp_goods_data)
[2022-03-26 22:30:15] - 수불부 월별 집계(save_scm_ledger_month)
[2022-03-26 22:30:15] - 자동노출 종료상품 수동 전환(endOfAutoDisplay)
[2022-03-26 22:30:15] - 시간대별 이벤트가 추가(set_goods_event_price)
[2022-03-26 22:30:15] - 옵션 임시 데이터 삭제(delete_tmp_option_data)
[2022-03-26 22:30:15] - 티켓상품의 모든옵션의 유효기간이 만기시 판매중지(social_goods_validate)
[2022-03-27 22:30:11] - 카테고리 상품 정렬 맞춤(sort_category_goods) - Already Category Sort
[2022-03-27 22:30:11] - 브랜드 상품 정렬 맞춤(sort_brand_goods) - Already Brand Sort
[2022-03-27 22:30:11] - 지역 상품 정렬 맞춤(sort_location_goods) - Already Location Sort
[2022-03-27 22:30:11] - 지역 상품 정렬 맞춤(sort_location_goods)
[2022-03-27 22:30:11] - 브랜드 상품 정렬 맞춤(sort_brand_goods)
[2022-03-27 22:30:11] - 카테고리 상품 정렬 맞춤(sort_category_goods)
[2022-03-27 22:30:11] - 브랜드 연결 수 저장(all_brand_count)
[2022-03-27 22:30:11] - 카테고리 연결 수 저장(all_category_count)
[2022-03-27 22:30:11] - 빠른상품등록 임시 데이터 삭제(truncate_tmp_goods_data)
[2022-03-27 22:30:11] - 수불부 월별 집계(save_scm_ledger_month)
[2022-03-27 22:30:11] - 자동노출 종료상품 수동 전환(endOfAutoDisplay)
[2022-03-27 22:30:11] - 시간대별 이벤트가 추가(set_goods_event_price)
[2022-03-27 22:30:11] - 옵션 임시 데이터 삭제(delete_tmp_option_data)
[2022-03-27 22:30:11] - 티켓상품의 모든옵션의 유효기간이 만기시 판매중지(social_goods_validate)
[2022-03-28 22:30:12] - 카테고리 상품 정렬 맞춤(sort_category_goods) - Already Category Sort
[2022-03-28 22:30:12] - 브랜드 상품 정렬 맞춤(sort_brand_goods) - Already Brand Sort
[2022-03-28 22:30:12] - 지역 상품 정렬 맞춤(sort_location_goods) - Already Location Sort
[2022-03-28 22:30:12] - 지역 상품 정렬 맞춤(sort_location_goods)
[2022-03-28 22:30:12] - 브랜드 상품 정렬 맞춤(sort_brand_goods)
[2022-03-28 22:30:12] - 카테고리 상품 정렬 맞춤(sort_category_goods)
[2022-03-28 22:30:12] - 브랜드 연결 수 저장(all_brand_count)
[2022-03-28 22:30:12] - 카테고리 연결 수 저장(all_category_count)
[2022-03-28 22:30:12] - 빠른상품등록 임시 데이터 삭제(truncate_tmp_goods_data)
[2022-03-28 22:30:12] - 수불부 월별 집계(save_scm_ledger_month)
[2022-03-28 22:30:12] - 자동노출 종료상품 수동 전환(endOfAutoDisplay)
[2022-03-28 22:30:12] - 시간대별 이벤트가 추가(set_goods_event_price)
[2022-03-28 22:30:12] - 옵션 임시 데이터 삭제(delete_tmp_option_data)
[2022-03-28 22:30:12] - 티켓상품의 모든옵션의 유효기간이 만기시 판매중지(social_goods_validate)
[2022-03-29 22:30:13] - 카테고리 상품 정렬 맞춤(sort_category_goods) - Already Category Sort
[2022-03-29 22:30:13] - 브랜드 상품 정렬 맞춤(sort_brand_goods) - Already Brand Sort
[2022-03-29 22:30:13] - 지역 상품 정렬 맞춤(sort_location_goods) - Already Location Sort
[2022-03-29 22:30:13] - 지역 상품 정렬 맞춤(sort_location_goods)
[2022-03-29 22:30:13] - 브랜드 상품 정렬 맞춤(sort_brand_goods)
[2022-03-29 22:30:13] - 카테고리 상품 정렬 맞춤(sort_category_goods)
[2022-03-29 22:30:13] - 브랜드 연결 수 저장(all_brand_count)
[2022-03-29 22:30:13] - 카테고리 연결 수 저장(all_category_count)
[2022-03-29 22:30:13] - 빠른상품등록 임시 데이터 삭제(truncate_tmp_goods_data)
[2022-03-29 22:30:13] - 수불부 월별 집계(save_scm_ledger_month)
[2022-03-29 22:30:13] - 자동노출 종료상품 수동 전환(endOfAutoDisplay)
[2022-03-29 22:30:13] - 시간대별 이벤트가 추가(set_goods_event_price)
[2022-03-29 22:30:13] - 옵션 임시 데이터 삭제(delete_tmp_option_data)
[2022-03-29 22:30:13] - 티켓상품의 모든옵션의 유효기간이 만기시 판매중지(social_goods_validate)
[2022-03-30 22:30:14] - 카테고리 상품 정렬 맞춤(sort_category_goods) - Already Category Sort
[2022-03-30 22:30:14] - 브랜드 상품 정렬 맞춤(sort_brand_goods) - Already Brand Sort
[2022-03-30 22:30:14] - 지역 상품 정렬 맞춤(sort_location_goods) - Already Location Sort
[2022-03-30 22:30:14] - 지역 상품 정렬 맞춤(sort_location_goods)
[2022-03-30 22:30:14] - 브랜드 상품 정렬 맞춤(sort_brand_goods)
[2022-03-30 22:30:14] - 카테고리 상품 정렬 맞춤(sort_category_goods)
[2022-03-30 22:30:14] - 브랜드 연결 수 저장(all_brand_count)
[2022-03-30 22:30:14] - 카테고리 연결 수 저장(all_category_count)
[2022-03-30 22:30:14] - 빠른상품등록 임시 데이터 삭제(truncate_tmp_goods_data)
[2022-03-30 22:30:14] - 수불부 월별 집계(save_scm_ledger_month)
[2022-03-30 22:30:14] - 자동노출 종료상품 수동 전환(endOfAutoDisplay)
[2022-03-30 22:30:14] - 시간대별 이벤트가 추가(set_goods_event_price)
[2022-03-30 22:30:14] - 옵션 임시 데이터 삭제(delete_tmp_option_data)
[2022-03-30 22:30:14] - 티켓상품의 모든옵션의 유효기간이 만기시 판매중지(social_goods_validate)
[2022-03-31 22:30:14] - 카테고리 상품 정렬 맞춤(sort_category_goods) - Already Category Sort
[2022-03-31 22:30:14] - 브랜드 상품 정렬 맞춤(sort_brand_goods) - Already Brand Sort
[2022-03-31 22:30:14] - 지역 상품 정렬 맞춤(sort_location_goods) - Already Location Sort
[2022-03-31 22:30:14] - 지역 상품 정렬 맞춤(sort_location_goods)
[2022-03-31 22:30:14] - 브랜드 상품 정렬 맞춤(sort_brand_goods)
[2022-03-31 22:30:14] - 카테고리 상품 정렬 맞춤(sort_category_goods)
[2022-03-31 22:30:14] - 브랜드 연결 수 저장(all_brand_count)
[2022-03-31 22:30:14] - 카테고리 연결 수 저장(all_category_count)
[2022-03-31 22:30:14] - 빠른상품등록 임시 데이터 삭제(truncate_tmp_goods_data)
[2022-03-31 22:30:14] - 수불부 월별 집계(save_scm_ledger_month)
[2022-03-31 22:30:14] - 자동노출 종료상품 수동 전환(endOfAutoDisplay)
[2022-03-31 22:30:14] - 시간대별 이벤트가 추가(set_goods_event_price)
[2022-03-31 22:30:14] - 옵션 임시 데이터 삭제(delete_tmp_option_data)
[2022-03-31 22:30:14] - 티켓상품의 모든옵션의 유효기간이 만기시 판매중지(social_goods_validate)
