[2022-05-01 21:40:02] - 구글 피드 생성(createGoogleFile)
[2022-05-01 21:40:02] - 페이스북 피드 생성(createFacebookFile)
[2022-05-01 21:40:02] - 입점마켓팅 네이버 판매지수EP 생성(createNaverSalesEpFile)
[2022-05-01 21:40:02] - 입점마켓팅 리뷰EP 생성(createReviewFile)
[2022-05-01 21:40:02] - 입점마켓팅 네이버EP 3.0 생성(createNaverThirdFile)
[2022-05-01 21:40:02] - 입점마켓팅 네이버EP 2.0 생성(createNaverFile)
[2022-05-01 21:40:02] - 입점마켓팅 다음EP 생성(createDaumFile)
[2022-05-02 21:40:02] - 구글 피드 생성(createGoogleFile)
[2022-05-02 21:40:02] - 페이스북 피드 생성(createFacebookFile)
[2022-05-02 21:40:02] - 입점마켓팅 네이버 판매지수EP 생성(createNaverSalesEpFile)
[2022-05-02 21:40:02] - 입점마켓팅 리뷰EP 생성(createReviewFile)
[2022-05-02 21:40:02] - 입점마켓팅 네이버EP 3.0 생성(createNaverThirdFile)
[2022-05-02 21:40:02] - 입점마켓팅 네이버EP 2.0 생성(createNaverFile)
[2022-05-02 21:40:02] - 입점마켓팅 다음EP 생성(createDaumFile)
[2022-05-03 21:40:02] - 구글 피드 생성(createGoogleFile)
[2022-05-03 21:40:02] - 페이스북 피드 생성(createFacebookFile)
[2022-05-03 21:40:02] - 입점마켓팅 네이버 판매지수EP 생성(createNaverSalesEpFile)
[2022-05-03 21:40:02] - 입점마켓팅 리뷰EP 생성(createReviewFile)
[2022-05-03 21:40:02] - 입점마켓팅 네이버EP 3.0 생성(createNaverThirdFile)
[2022-05-03 21:40:02] - 입점마켓팅 네이버EP 2.0 생성(createNaverFile)
[2022-05-03 21:40:02] - 입점마켓팅 다음EP 생성(createDaumFile)
[2022-05-04 21:40:02] - 구글 피드 생성(createGoogleFile)
[2022-05-04 21:40:02] - 페이스북 피드 생성(createFacebookFile)
[2022-05-04 21:40:02] - 입점마켓팅 네이버 판매지수EP 생성(createNaverSalesEpFile)
[2022-05-04 21:40:02] - 입점마켓팅 리뷰EP 생성(createReviewFile)
[2022-05-04 21:40:02] - 입점마켓팅 네이버EP 3.0 생성(createNaverThirdFile)
[2022-05-04 21:40:02] - 입점마켓팅 네이버EP 2.0 생성(createNaverFile)
[2022-05-04 21:40:02] - 입점마켓팅 다음EP 생성(createDaumFile)
[2022-05-05 21:40:02] - 구글 피드 생성(createGoogleFile)
[2022-05-05 21:40:02] - 페이스북 피드 생성(createFacebookFile)
[2022-05-05 21:40:02] - 입점마켓팅 네이버 판매지수EP 생성(createNaverSalesEpFile)
[2022-05-05 21:40:02] - 입점마켓팅 리뷰EP 생성(createReviewFile)
[2022-05-05 21:40:02] - 입점마켓팅 네이버EP 3.0 생성(createNaverThirdFile)
[2022-05-05 21:40:02] - 입점마켓팅 네이버EP 2.0 생성(createNaverFile)
[2022-05-05 21:40:02] - 입점마켓팅 다음EP 생성(createDaumFile)
[2022-05-06 21:40:02] - 구글 피드 생성(createGoogleFile)
[2022-05-06 21:40:02] - 페이스북 피드 생성(createFacebookFile)
[2022-05-06 21:40:02] - 입점마켓팅 네이버 판매지수EP 생성(createNaverSalesEpFile)
[2022-05-06 21:40:02] - 입점마켓팅 리뷰EP 생성(createReviewFile)
[2022-05-06 21:40:02] - 입점마켓팅 네이버EP 3.0 생성(createNaverThirdFile)
[2022-05-06 21:40:02] - 입점마켓팅 네이버EP 2.0 생성(createNaverFile)
[2022-05-06 21:40:02] - 입점마켓팅 다음EP 생성(createDaumFile)
[2022-05-07 21:40:02] - 구글 피드 생성(createGoogleFile)
[2022-05-07 21:40:02] - 페이스북 피드 생성(createFacebookFile)
[2022-05-07 21:40:02] - 입점마켓팅 네이버 판매지수EP 생성(createNaverSalesEpFile)
[2022-05-07 21:40:02] - 입점마켓팅 리뷰EP 생성(createReviewFile)
[2022-05-07 21:40:02] - 입점마켓팅 네이버EP 3.0 생성(createNaverThirdFile)
[2022-05-07 21:40:02] - 입점마켓팅 네이버EP 2.0 생성(createNaverFile)
[2022-05-07 21:40:02] - 입점마켓팅 다음EP 생성(createDaumFile)
[2022-05-08 21:40:01] - 구글 피드 생성(createGoogleFile)
[2022-05-08 21:40:01] - 페이스북 피드 생성(createFacebookFile)
[2022-05-08 21:40:01] - 입점마켓팅 네이버 판매지수EP 생성(createNaverSalesEpFile)
[2022-05-08 21:40:01] - 입점마켓팅 리뷰EP 생성(createReviewFile)
[2022-05-08 21:40:01] - 입점마켓팅 네이버EP 3.0 생성(createNaverThirdFile)
[2022-05-08 21:40:01] - 입점마켓팅 네이버EP 2.0 생성(createNaverFile)
[2022-05-08 21:40:01] - 입점마켓팅 다음EP 생성(createDaumFile)
[2022-05-09 21:40:02] - 구글 피드 생성(createGoogleFile)
[2022-05-09 21:40:02] - 페이스북 피드 생성(createFacebookFile)
[2022-05-09 21:40:02] - 입점마켓팅 네이버 판매지수EP 생성(createNaverSalesEpFile)
[2022-05-09 21:40:02] - 입점마켓팅 리뷰EP 생성(createReviewFile)
[2022-05-09 21:40:02] - 입점마켓팅 네이버EP 3.0 생성(createNaverThirdFile)
[2022-05-09 21:40:02] - 입점마켓팅 네이버EP 2.0 생성(createNaverFile)
[2022-05-09 21:40:02] - 입점마켓팅 다음EP 생성(createDaumFile)
[2022-05-10 21:40:02] - 구글 피드 생성(createGoogleFile)
[2022-05-10 21:40:02] - 페이스북 피드 생성(createFacebookFile)
[2022-05-10 21:40:02] - 입점마켓팅 네이버 판매지수EP 생성(createNaverSalesEpFile)
[2022-05-10 21:40:02] - 입점마켓팅 리뷰EP 생성(createReviewFile)
[2022-05-10 21:40:02] - 입점마켓팅 네이버EP 3.0 생성(createNaverThirdFile)
[2022-05-10 21:40:02] - 입점마켓팅 네이버EP 2.0 생성(createNaverFile)
[2022-05-10 21:40:02] - 입점마켓팅 다음EP 생성(createDaumFile)
[2022-05-11 21:40:02] - 구글 피드 생성(createGoogleFile)
[2022-05-11 21:40:02] - 페이스북 피드 생성(createFacebookFile)
[2022-05-11 21:40:02] - 입점마켓팅 네이버 판매지수EP 생성(createNaverSalesEpFile)
[2022-05-11 21:40:02] - 입점마켓팅 리뷰EP 생성(createReviewFile)
[2022-05-11 21:40:02] - 입점마켓팅 네이버EP 3.0 생성(createNaverThirdFile)
[2022-05-11 21:40:02] - 입점마켓팅 네이버EP 2.0 생성(createNaverFile)
[2022-05-11 21:40:02] - 입점마켓팅 다음EP 생성(createDaumFile)
[2022-05-12 21:40:01] - 구글 피드 생성(createGoogleFile)
[2022-05-12 21:40:01] - 페이스북 피드 생성(createFacebookFile)
[2022-05-12 21:40:01] - 입점마켓팅 네이버 판매지수EP 생성(createNaverSalesEpFile)
[2022-05-12 21:40:01] - 입점마켓팅 리뷰EP 생성(createReviewFile)
[2022-05-12 21:40:01] - 입점마켓팅 네이버EP 3.0 생성(createNaverThirdFile)
[2022-05-12 21:40:01] - 입점마켓팅 네이버EP 2.0 생성(createNaverFile)
[2022-05-12 21:40:01] - 입점마켓팅 다음EP 생성(createDaumFile)
[2022-05-13 21:40:01] - 구글 피드 생성(createGoogleFile)
[2022-05-13 21:40:01] - 페이스북 피드 생성(createFacebookFile)
[2022-05-13 21:40:01] - 입점마켓팅 네이버 판매지수EP 생성(createNaverSalesEpFile)
[2022-05-13 21:40:01] - 입점마켓팅 리뷰EP 생성(createReviewFile)
[2022-05-13 21:40:01] - 입점마켓팅 네이버EP 3.0 생성(createNaverThirdFile)
[2022-05-13 21:40:01] - 입점마켓팅 네이버EP 2.0 생성(createNaverFile)
[2022-05-13 21:40:01] - 입점마켓팅 다음EP 생성(createDaumFile)
[2022-05-14 21:40:01] - 구글 피드 생성(createGoogleFile)
[2022-05-14 21:40:01] - 페이스북 피드 생성(createFacebookFile)
[2022-05-14 21:40:01] - 입점마켓팅 네이버 판매지수EP 생성(createNaverSalesEpFile)
[2022-05-14 21:40:01] - 입점마켓팅 리뷰EP 생성(createReviewFile)
[2022-05-14 21:40:01] - 입점마켓팅 네이버EP 3.0 생성(createNaverThirdFile)
[2022-05-14 21:40:01] - 입점마켓팅 네이버EP 2.0 생성(createNaverFile)
[2022-05-14 21:40:01] - 입점마켓팅 다음EP 생성(createDaumFile)
[2022-05-15 21:40:01] - 구글 피드 생성(createGoogleFile)
[2022-05-15 21:40:01] - 페이스북 피드 생성(createFacebookFile)
[2022-05-15 21:40:01] - 입점마켓팅 네이버 판매지수EP 생성(createNaverSalesEpFile)
[2022-05-15 21:40:01] - 입점마켓팅 리뷰EP 생성(createReviewFile)
[2022-05-15 21:40:01] - 입점마켓팅 네이버EP 3.0 생성(createNaverThirdFile)
[2022-05-15 21:40:01] - 입점마켓팅 네이버EP 2.0 생성(createNaverFile)
[2022-05-15 21:40:01] - 입점마켓팅 다음EP 생성(createDaumFile)
[2022-05-16 21:40:01] - 구글 피드 생성(createGoogleFile)
[2022-05-16 21:40:01] - 페이스북 피드 생성(createFacebookFile)
[2022-05-16 21:40:01] - 입점마켓팅 네이버 판매지수EP 생성(createNaverSalesEpFile)
[2022-05-16 21:40:01] - 입점마켓팅 리뷰EP 생성(createReviewFile)
[2022-05-16 21:40:01] - 입점마켓팅 네이버EP 3.0 생성(createNaverThirdFile)
[2022-05-16 21:40:01] - 입점마켓팅 네이버EP 2.0 생성(createNaverFile)
[2022-05-16 21:40:01] - 입점마켓팅 다음EP 생성(createDaumFile)
[2022-05-17 21:40:01] - 구글 피드 생성(createGoogleFile)
[2022-05-17 21:40:01] - 페이스북 피드 생성(createFacebookFile)
[2022-05-17 21:40:01] - 입점마켓팅 네이버 판매지수EP 생성(createNaverSalesEpFile)
[2022-05-17 21:40:01] - 입점마켓팅 리뷰EP 생성(createReviewFile)
[2022-05-17 21:40:01] - 입점마켓팅 네이버EP 3.0 생성(createNaverThirdFile)
[2022-05-17 21:40:01] - 입점마켓팅 네이버EP 2.0 생성(createNaverFile)
[2022-05-17 21:40:01] - 입점마켓팅 다음EP 생성(createDaumFile)
[2022-05-18 21:40:01] - 구글 피드 생성(createGoogleFile)
[2022-05-18 21:40:01] - 페이스북 피드 생성(createFacebookFile)
[2022-05-18 21:40:01] - 입점마켓팅 네이버 판매지수EP 생성(createNaverSalesEpFile)
[2022-05-18 21:40:01] - 입점마켓팅 리뷰EP 생성(createReviewFile)
[2022-05-18 21:40:01] - 입점마켓팅 네이버EP 3.0 생성(createNaverThirdFile)
[2022-05-18 21:40:01] - 입점마켓팅 네이버EP 2.0 생성(createNaverFile)
[2022-05-18 21:40:01] - 입점마켓팅 다음EP 생성(createDaumFile)
[2022-05-19 21:40:01] - 구글 피드 생성(createGoogleFile)
[2022-05-19 21:40:01] - 페이스북 피드 생성(createFacebookFile)
[2022-05-19 21:40:01] - 입점마켓팅 네이버 판매지수EP 생성(createNaverSalesEpFile)
[2022-05-19 21:40:01] - 입점마켓팅 리뷰EP 생성(createReviewFile)
[2022-05-19 21:40:01] - 입점마켓팅 네이버EP 3.0 생성(createNaverThirdFile)
[2022-05-19 21:40:01] - 입점마켓팅 네이버EP 2.0 생성(createNaverFile)
[2022-05-19 21:40:01] - 입점마켓팅 다음EP 생성(createDaumFile)
[2022-05-20 21:40:01] - 구글 피드 생성(createGoogleFile)
[2022-05-20 21:40:01] - 페이스북 피드 생성(createFacebookFile)
[2022-05-20 21:40:01] - 입점마켓팅 네이버 판매지수EP 생성(createNaverSalesEpFile)
[2022-05-20 21:40:01] - 입점마켓팅 리뷰EP 생성(createReviewFile)
[2022-05-20 21:40:01] - 입점마켓팅 네이버EP 3.0 생성(createNaverThirdFile)
[2022-05-20 21:40:01] - 입점마켓팅 네이버EP 2.0 생성(createNaverFile)
[2022-05-20 21:40:01] - 입점마켓팅 다음EP 생성(createDaumFile)
[2022-05-21 21:40:01] - 구글 피드 생성(createGoogleFile)
[2022-05-21 21:40:01] - 페이스북 피드 생성(createFacebookFile)
[2022-05-21 21:40:01] - 입점마켓팅 네이버 판매지수EP 생성(createNaverSalesEpFile)
[2022-05-21 21:40:01] - 입점마켓팅 리뷰EP 생성(createReviewFile)
[2022-05-21 21:40:01] - 입점마켓팅 네이버EP 3.0 생성(createNaverThirdFile)
[2022-05-21 21:40:01] - 입점마켓팅 네이버EP 2.0 생성(createNaverFile)
[2022-05-21 21:40:01] - 입점마켓팅 다음EP 생성(createDaumFile)
[2022-05-22 21:40:02] - 구글 피드 생성(createGoogleFile)
[2022-05-22 21:40:02] - 페이스북 피드 생성(createFacebookFile)
[2022-05-22 21:40:02] - 입점마켓팅 네이버 판매지수EP 생성(createNaverSalesEpFile)
[2022-05-22 21:40:02] - 입점마켓팅 리뷰EP 생성(createReviewFile)
[2022-05-22 21:40:02] - 입점마켓팅 네이버EP 3.0 생성(createNaverThirdFile)
[2022-05-22 21:40:02] - 입점마켓팅 네이버EP 2.0 생성(createNaverFile)
[2022-05-22 21:40:02] - 입점마켓팅 다음EP 생성(createDaumFile)
[2022-05-23 21:40:02] - 구글 피드 생성(createGoogleFile)
[2022-05-23 21:40:02] - 페이스북 피드 생성(createFacebookFile)
[2022-05-23 21:40:02] - 입점마켓팅 네이버 판매지수EP 생성(createNaverSalesEpFile)
[2022-05-23 21:40:02] - 입점마켓팅 리뷰EP 생성(createReviewFile)
[2022-05-23 21:40:02] - 입점마켓팅 네이버EP 3.0 생성(createNaverThirdFile)
[2022-05-23 21:40:02] - 입점마켓팅 네이버EP 2.0 생성(createNaverFile)
[2022-05-23 21:40:02] - 입점마켓팅 다음EP 생성(createDaumFile)
[2022-05-24 21:40:02] - 구글 피드 생성(createGoogleFile)
[2022-05-24 21:40:02] - 페이스북 피드 생성(createFacebookFile)
[2022-05-24 21:40:02] - 입점마켓팅 네이버 판매지수EP 생성(createNaverSalesEpFile)
[2022-05-24 21:40:02] - 입점마켓팅 리뷰EP 생성(createReviewFile)
[2022-05-24 21:40:02] - 입점마켓팅 네이버EP 3.0 생성(createNaverThirdFile)
[2022-05-24 21:40:02] - 입점마켓팅 네이버EP 2.0 생성(createNaverFile)
[2022-05-24 21:40:02] - 입점마켓팅 다음EP 생성(createDaumFile)
[2022-05-25 21:40:02] - 구글 피드 생성(createGoogleFile)
[2022-05-25 21:40:02] - 페이스북 피드 생성(createFacebookFile)
[2022-05-25 21:40:02] - 입점마켓팅 네이버 판매지수EP 생성(createNaverSalesEpFile)
[2022-05-25 21:40:02] - 입점마켓팅 리뷰EP 생성(createReviewFile)
[2022-05-25 21:40:02] - 입점마켓팅 네이버EP 3.0 생성(createNaverThirdFile)
[2022-05-25 21:40:02] - 입점마켓팅 네이버EP 2.0 생성(createNaverFile)
[2022-05-25 21:40:02] - 입점마켓팅 다음EP 생성(createDaumFile)
[2022-05-26 21:40:02] - 구글 피드 생성(createGoogleFile)
[2022-05-26 21:40:02] - 페이스북 피드 생성(createFacebookFile)
[2022-05-26 21:40:02] - 입점마켓팅 네이버 판매지수EP 생성(createNaverSalesEpFile)
[2022-05-26 21:40:02] - 입점마켓팅 리뷰EP 생성(createReviewFile)
[2022-05-26 21:40:02] - 입점마켓팅 네이버EP 3.0 생성(createNaverThirdFile)
[2022-05-26 21:40:02] - 입점마켓팅 네이버EP 2.0 생성(createNaverFile)
[2022-05-26 21:40:02] - 입점마켓팅 다음EP 생성(createDaumFile)
[2022-05-27 21:40:02] - 구글 피드 생성(createGoogleFile)
[2022-05-27 21:40:02] - 페이스북 피드 생성(createFacebookFile)
[2022-05-27 21:40:02] - 입점마켓팅 네이버 판매지수EP 생성(createNaverSalesEpFile)
[2022-05-27 21:40:02] - 입점마켓팅 리뷰EP 생성(createReviewFile)
[2022-05-27 21:40:02] - 입점마켓팅 네이버EP 3.0 생성(createNaverThirdFile)
[2022-05-27 21:40:02] - 입점마켓팅 네이버EP 2.0 생성(createNaverFile)
[2022-05-27 21:40:02] - 입점마켓팅 다음EP 생성(createDaumFile)
[2022-05-28 21:40:01] - 구글 피드 생성(createGoogleFile)
[2022-05-28 21:40:01] - 페이스북 피드 생성(createFacebookFile)
[2022-05-28 21:40:01] - 입점마켓팅 네이버 판매지수EP 생성(createNaverSalesEpFile)
[2022-05-28 21:40:01] - 입점마켓팅 리뷰EP 생성(createReviewFile)
[2022-05-28 21:40:01] - 입점마켓팅 네이버EP 3.0 생성(createNaverThirdFile)
[2022-05-28 21:40:01] - 입점마켓팅 네이버EP 2.0 생성(createNaverFile)
[2022-05-28 21:40:01] - 입점마켓팅 다음EP 생성(createDaumFile)
[2022-05-29 21:40:02] - 구글 피드 생성(createGoogleFile)
[2022-05-29 21:40:02] - 페이스북 피드 생성(createFacebookFile)
[2022-05-29 21:40:02] - 입점마켓팅 네이버 판매지수EP 생성(createNaverSalesEpFile)
[2022-05-29 21:40:02] - 입점마켓팅 리뷰EP 생성(createReviewFile)
[2022-05-29 21:40:02] - 입점마켓팅 네이버EP 3.0 생성(createNaverThirdFile)
[2022-05-29 21:40:02] - 입점마켓팅 네이버EP 2.0 생성(createNaverFile)
[2022-05-29 21:40:02] - 입점마켓팅 다음EP 생성(createDaumFile)
[2022-05-30 21:40:02] - 구글 피드 생성(createGoogleFile)
[2022-05-30 21:40:02] - 페이스북 피드 생성(createFacebookFile)
[2022-05-30 21:40:02] - 입점마켓팅 네이버 판매지수EP 생성(createNaverSalesEpFile)
[2022-05-30 21:40:02] - 입점마켓팅 리뷰EP 생성(createReviewFile)
[2022-05-30 21:40:02] - 입점마켓팅 네이버EP 3.0 생성(createNaverThirdFile)
[2022-05-30 21:40:02] - 입점마켓팅 네이버EP 2.0 생성(createNaverFile)
[2022-05-30 21:40:02] - 입점마켓팅 다음EP 생성(createDaumFile)
[2022-05-31 21:40:01] - 구글 피드 생성(createGoogleFile)
[2022-05-31 21:40:01] - 페이스북 피드 생성(createFacebookFile)
[2022-05-31 21:40:01] - 입점마켓팅 네이버 판매지수EP 생성(createNaverSalesEpFile)
[2022-05-31 21:40:01] - 입점마켓팅 리뷰EP 생성(createReviewFile)
[2022-05-31 21:40:01] - 입점마켓팅 네이버EP 3.0 생성(createNaverThirdFile)
[2022-05-31 21:40:01] - 입점마켓팅 네이버EP 2.0 생성(createNaverFile)
[2022-05-31 21:40:01] - 입점마켓팅 다음EP 생성(createDaumFile)
